{"uid":"7331d4ed2f2a3501","name":"test_exporter_endpoint_with_tls","fullName":"tests.integration.test_exporter#test_exporter_endpoint_with_tls","historyId":"f606b20e23f9624d312739f189214496","time":{"start":1722478842924,"stop":1722478892091,"duration":49167},"description":"Test that the exporter endpoint works when related with TLS","descriptionHtml":"<p>Test that the exporter endpoint works when related with TLS</p>\n","status":"failed","statusMessage":"AssertionError: Expected mysqlrouter certificate from self-signed-certificates\nassert 'CN = Test CA' in '        Issuer: CN = MySQL_Router_Auto_Generated_CA_Certificate\\n'","statusTrace":"Traceback (most recent call last):\n  File \"/home/runner/work/mysql-router-k8s-operator/mysql-router-k8s-operator/.tox/integration/lib/python3.10/site-packages/_pytest/runner.py\", line 341, in from_call\n    result: Optional[TResult] = func()\n  File \"/home/runner/work/mysql-router-k8s-operator/mysql-router-k8s-operator/.tox/integration/lib/python3.10/site-packages/_pytest/runner.py\", line 262, in <lambda>\n    lambda: ihook(item=item, **kwds), when=when, reraise=reraise\n  File \"/home/runner/work/mysql-router-k8s-operator/mysql-router-k8s-operator/.tox/integration/lib/python3.10/site-packages/pluggy/_hooks.py\", line 493, in __call__\n    return self._hookexec(self.name, self._hookimpls, kwargs, firstresult)\n  File \"/home/runner/work/mysql-router-k8s-operator/mysql-router-k8s-operator/.tox/integration/lib/python3.10/site-packages/pluggy/_manager.py\", line 115, in _hookexec\n    return self._inner_hookexec(hook_name, methods, kwargs, firstresult)\n  File \"/home/runner/work/mysql-router-k8s-operator/mysql-router-k8s-operator/.tox/integration/lib/python3.10/site-packages/pluggy/_callers.py\", line 152, in _multicall\n    return outcome.get_result()\n  File \"/home/runner/work/mysql-router-k8s-operator/mysql-router-k8s-operator/.tox/integration/lib/python3.10/site-packages/pluggy/_result.py\", line 114, in get_result\n    raise exc.with_traceback(exc.__traceback__)\n  File \"/home/runner/work/mysql-router-k8s-operator/mysql-router-k8s-operator/.tox/integration/lib/python3.10/site-packages/pluggy/_callers.py\", line 77, in _multicall\n    res = hook_impl.function(*args)\n  File \"/home/runner/work/mysql-router-k8s-operator/mysql-router-k8s-operator/.tox/integration/lib/python3.10/site-packages/_pytest/runner.py\", line 177, in pytest_runtest_call\n    raise e\n  File \"/home/runner/work/mysql-router-k8s-operator/mysql-router-k8s-operator/.tox/integration/lib/python3.10/site-packages/_pytest/runner.py\", line 169, in pytest_runtest_call\n    item.runtest()\n  File \"/home/runner/work/mysql-router-k8s-operator/mysql-router-k8s-operator/.tox/integration/lib/python3.10/site-packages/_pytest/python.py\", line 1788, in runtest\n    self.ihook.pytest_pyfunc_call(pyfuncitem=self)\n  File \"/home/runner/work/mysql-router-k8s-operator/mysql-router-k8s-operator/.tox/integration/lib/python3.10/site-packages/pluggy/_hooks.py\", line 493, in __call__\n    return self._hookexec(self.name, self._hookimpls, kwargs, firstresult)\n  File \"/home/runner/work/mysql-router-k8s-operator/mysql-router-k8s-operator/.tox/integration/lib/python3.10/site-packages/pluggy/_manager.py\", line 115, in _hookexec\n    return self._inner_hookexec(hook_name, methods, kwargs, firstresult)\n  File \"/home/runner/work/mysql-router-k8s-operator/mysql-router-k8s-operator/.tox/integration/lib/python3.10/site-packages/pluggy/_callers.py\", line 152, in _multicall\n    return outcome.get_result()\n  File \"/home/runner/work/mysql-router-k8s-operator/mysql-router-k8s-operator/.tox/integration/lib/python3.10/site-packages/pluggy/_result.py\", line 114, in get_result\n    raise exc.with_traceback(exc.__traceback__)\n  File \"/home/runner/work/mysql-router-k8s-operator/mysql-router-k8s-operator/.tox/integration/lib/python3.10/site-packages/pluggy/_callers.py\", line 77, in _multicall\n    res = hook_impl.function(*args)\n  File \"/home/runner/work/mysql-router-k8s-operator/mysql-router-k8s-operator/.tox/integration/lib/python3.10/site-packages/_pytest/python.py\", line 194, in pytest_pyfunc_call\n    result = testfunction(**testargs)\n  File \"/home/runner/work/mysql-router-k8s-operator/mysql-router-k8s-operator/.tox/integration/lib/python3.10/site-packages/pytest_asyncio/plugin.py\", line 532, in inner\n    _loop.run_until_complete(task)\n  File \"/usr/lib/python3.10/asyncio/base_events.py\", line 649, in run_until_complete\n    return future.result()\n  File \"/home/runner/work/mysql-router-k8s-operator/mysql-router-k8s-operator/tests/integration/test_exporter.py\", line 264, in test_exporter_endpoint_with_tls\n    assert \"CN = Test CA\" in issuer, f\"Expected mysqlrouter certificate from {TLS_APP_NAME}\"\nAssertionError: Expected mysqlrouter certificate from self-signed-certificates\nassert 'CN = Test CA' in '        Issuer: CN = MySQL_Router_Auto_Generated_CA_Certificate\\n'","flaky":true,"newFailed":true,"newBroken":false,"newPassed":false,"retriesCount":1,"retriesStatusChange":true,"beforeStages":[{"name":"event_loop","time":{"start":1722478686063,"stop":1722478686064,"duration":1},"status":"passed","steps":[],"attachments":[],"parameters":[],"stepsCount":0,"shouldDisplayMessage":false,"attachmentsCount":0,"hasContent":false,"attachmentStep":false},{"name":"tmp_path_factory","time":{"start":1722478686064,"stop":1722478686064,"duration":0},"status":"passed","steps":[],"attachments":[],"parameters":[],"stepsCount":0,"shouldDisplayMessage":false,"attachmentsCount":0,"hasContent":false,"attachmentStep":false},{"name":"ops_test","time":{"start":1722478686064,"stop":1722478686342,"duration":278},"status":"passed","steps":[],"attachments":[],"parameters":[],"stepsCount":0,"shouldDisplayMessage":false,"attachmentsCount":0,"hasContent":false,"attachmentStep":false},{"name":"abort_on_fail","time":{"start":1722478842923,"stop":1722478842923,"duration":0},"status":"passed","steps":[],"attachments":[],"parameters":[],"stepsCount":0,"shouldDisplayMessage":false,"attachmentsCount":0,"hasContent":false,"attachmentStep":false}],"testStage":{"description":"Test that the exporter endpoint works when related with TLS","status":"failed","statusMessage":"AssertionError: Expected mysqlrouter certificate from self-signed-certificates\nassert 'CN = Test CA' in '        Issuer: CN = MySQL_Router_Auto_Generated_CA_Certificate\\n'","statusTrace":"Traceback (most recent call last):\n  File \"/home/runner/work/mysql-router-k8s-operator/mysql-router-k8s-operator/.tox/integration/lib/python3.10/site-packages/_pytest/runner.py\", line 341, in from_call\n    result: Optional[TResult] = func()\n  File \"/home/runner/work/mysql-router-k8s-operator/mysql-router-k8s-operator/.tox/integration/lib/python3.10/site-packages/_pytest/runner.py\", line 262, in <lambda>\n    lambda: ihook(item=item, **kwds), when=when, reraise=reraise\n  File \"/home/runner/work/mysql-router-k8s-operator/mysql-router-k8s-operator/.tox/integration/lib/python3.10/site-packages/pluggy/_hooks.py\", line 493, in __call__\n    return self._hookexec(self.name, self._hookimpls, kwargs, firstresult)\n  File \"/home/runner/work/mysql-router-k8s-operator/mysql-router-k8s-operator/.tox/integration/lib/python3.10/site-packages/pluggy/_manager.py\", line 115, in _hookexec\n    return self._inner_hookexec(hook_name, methods, kwargs, firstresult)\n  File \"/home/runner/work/mysql-router-k8s-operator/mysql-router-k8s-operator/.tox/integration/lib/python3.10/site-packages/pluggy/_callers.py\", line 152, in _multicall\n    return outcome.get_result()\n  File \"/home/runner/work/mysql-router-k8s-operator/mysql-router-k8s-operator/.tox/integration/lib/python3.10/site-packages/pluggy/_result.py\", line 114, in get_result\n    raise exc.with_traceback(exc.__traceback__)\n  File \"/home/runner/work/mysql-router-k8s-operator/mysql-router-k8s-operator/.tox/integration/lib/python3.10/site-packages/pluggy/_callers.py\", line 77, in _multicall\n    res = hook_impl.function(*args)\n  File \"/home/runner/work/mysql-router-k8s-operator/mysql-router-k8s-operator/.tox/integration/lib/python3.10/site-packages/_pytest/runner.py\", line 177, in pytest_runtest_call\n    raise e\n  File \"/home/runner/work/mysql-router-k8s-operator/mysql-router-k8s-operator/.tox/integration/lib/python3.10/site-packages/_pytest/runner.py\", line 169, in pytest_runtest_call\n    item.runtest()\n  File \"/home/runner/work/mysql-router-k8s-operator/mysql-router-k8s-operator/.tox/integration/lib/python3.10/site-packages/_pytest/python.py\", line 1788, in runtest\n    self.ihook.pytest_pyfunc_call(pyfuncitem=self)\n  File \"/home/runner/work/mysql-router-k8s-operator/mysql-router-k8s-operator/.tox/integration/lib/python3.10/site-packages/pluggy/_hooks.py\", line 493, in __call__\n    return self._hookexec(self.name, self._hookimpls, kwargs, firstresult)\n  File \"/home/runner/work/mysql-router-k8s-operator/mysql-router-k8s-operator/.tox/integration/lib/python3.10/site-packages/pluggy/_manager.py\", line 115, in _hookexec\n    return self._inner_hookexec(hook_name, methods, kwargs, firstresult)\n  File \"/home/runner/work/mysql-router-k8s-operator/mysql-router-k8s-operator/.tox/integration/lib/python3.10/site-packages/pluggy/_callers.py\", line 152, in _multicall\n    return outcome.get_result()\n  File \"/home/runner/work/mysql-router-k8s-operator/mysql-router-k8s-operator/.tox/integration/lib/python3.10/site-packages/pluggy/_result.py\", line 114, in get_result\n    raise exc.with_traceback(exc.__traceback__)\n  File \"/home/runner/work/mysql-router-k8s-operator/mysql-router-k8s-operator/.tox/integration/lib/python3.10/site-packages/pluggy/_callers.py\", line 77, in _multicall\n    res = hook_impl.function(*args)\n  File \"/home/runner/work/mysql-router-k8s-operator/mysql-router-k8s-operator/.tox/integration/lib/python3.10/site-packages/_pytest/python.py\", line 194, in pytest_pyfunc_call\n    result = testfunction(**testargs)\n  File \"/home/runner/work/mysql-router-k8s-operator/mysql-router-k8s-operator/.tox/integration/lib/python3.10/site-packages/pytest_asyncio/plugin.py\", line 532, in inner\n    _loop.run_until_complete(task)\n  File \"/usr/lib/python3.10/asyncio/base_events.py\", line 649, in run_until_complete\n    return future.result()\n  File \"/home/runner/work/mysql-router-k8s-operator/mysql-router-k8s-operator/tests/integration/test_exporter.py\", line 264, in test_exporter_endpoint_with_tls\n    assert \"CN = Test CA\" in issuer, f\"Expected mysqlrouter certificate from {TLS_APP_NAME}\"\nAssertionError: Expected mysqlrouter certificate from self-signed-certificates\nassert 'CN = Test CA' in '        Issuer: CN = MySQL_Router_Auto_Generated_CA_Certificate\\n'","steps":[],"attachments":[{"uid":"7c9e783ee6a9595c","name":"log","source":"7c9e783ee6a9595c.txt","type":"text/plain","size":9296}],"parameters":[],"stepsCount":0,"shouldDisplayMessage":true,"attachmentsCount":1,"hasContent":true,"attachmentStep":false},"afterStages":[{"name":"abort_on_fail::0","time":{"start":1722478892111,"stop":1722478892111,"duration":0},"status":"passed","steps":[],"attachments":[],"parameters":[],"stepsCount":0,"shouldDisplayMessage":false,"attachmentsCount":0,"hasContent":false,"attachmentStep":false},{"name":"ops_test::finalizer","time":{"start":1722478892112,"stop":1722478911729,"duration":19617},"status":"passed","steps":[],"attachments":[],"parameters":[],"stepsCount":0,"shouldDisplayMessage":false,"attachmentsCount":0,"hasContent":false,"attachmentStep":false},{"name":"event_loop::2","time":{"start":1722478911729,"stop":1722478911730,"duration":1},"status":"passed","steps":[],"attachments":[],"parameters":[],"stepsCount":0,"shouldDisplayMessage":false,"attachmentsCount":0,"hasContent":false,"attachmentStep":false},{"name":"event_loop::_close_event_loop","time":{"start":1722478911730,"stop":1722478911730,"duration":0},"status":"passed","steps":[],"attachments":[],"parameters":[],"stepsCount":0,"shouldDisplayMessage":false,"attachmentsCount":0,"hasContent":false,"attachmentStep":false},{"name":"event_loop::_provide_clean_event_loop","time":{"start":1722478911730,"stop":1722478911730,"duration":0},"status":"passed","steps":[],"attachments":[],"parameters":[],"stepsCount":0,"shouldDisplayMessage":false,"attachmentsCount":0,"hasContent":false,"attachmentStep":false}],"labels":[{"name":"tag","value":"abort_on_fail"},{"name":"tag","value":"group(1)"},{"name":"tag","value":"asyncio"},{"name":"parentSuite","value":"tests.integration"},{"name":"suite","value":"test_exporter"},{"name":"host","value":"fv-az1429-165"},{"name":"thread","value":"12531-MainThread"},{"name":"framework","value":"pytest"},{"name":"language","value":"cpython3"},{"name":"package","value":"tests.integration.test_exporter"},{"name":"resultFormat","value":"allure2"}],"parameters":[],"links":[],"hidden":false,"retry":false,"extra":{"severity":"normal","retries":[{"uid":"273d98a0f3a67226","status":"unknown","time":{}}],"categories":[{"name":"Product defects","matchedStatuses":[],"flaky":false}],"history":{"statistic":{"failed":16,"broken":0,"skipped":14,"passed":29,"unknown":4,"total":63},"items":[{"uid":"812abb495c6874df","reportUrl":"../184//#testresult/812abb495c6874df","status":"skipped","statusDetails":"XFAIL reason: aborted\n\n_pytest.outcomes.XFailed: aborted","time":{"start":1722390898298,"stop":1722390898298,"duration":0}},{"uid":"e5a9a8338baf8abd","reportUrl":"../181//#testresult/e5a9a8338baf8abd","status":"passed","time":{"start":1722305797359,"stop":1722305864954,"duration":67595}},{"uid":"23c8226538f633f4","reportUrl":"../177//#testresult/23c8226538f633f4","status":"failed","statusDetails":"AssertionError: Expected mysqlrouter certificate from self-signed-certificates\nassert 'CN = Test CA' in '        Issuer: CN = MySQL_Router_Auto_Generated_CA_Certificate\\n'","time":{"start":1722219337397,"stop":1722219379125,"duration":41728}},{"uid":"32a7a95035ef2da9","reportUrl":"../176//#testresult/32a7a95035ef2da9","status":"failed","statusDetails":"AssertionError: Expected mysqlrouter certificate from self-signed-certificates\nassert 'CN = Test CA' in '        Issuer: CN = MySQL_Router_Auto_Generated_CA_Certificate\\n'","time":{"start":1722133074952,"stop":1722133121126,"duration":46174}},{"uid":"d2f8eadaccde45f6","reportUrl":"../175//#testresult/d2f8eadaccde45f6","status":"passed","time":{"start":1722046298999,"stop":1722046439455,"duration":140456}},{"uid":"8ebaad733426da43","reportUrl":"../174//#testresult/8ebaad733426da43","status":"passed","time":{"start":1721959986843,"stop":1721960055014,"duration":68171}},{"uid":"a1e385075eeeb998","reportUrl":"../172//#testresult/a1e385075eeeb998","status":"passed","time":{"start":1721787550931,"stop":1721787618068,"duration":67137}},{"uid":"d07b592fb827ac8b","reportUrl":"../169//#testresult/d07b592fb827ac8b","status":"passed","time":{"start":1721700817719,"stop":1721700887251,"duration":69532}},{"uid":"72b6c8dbd86c9fdc","reportUrl":"../166//#testresult/72b6c8dbd86c9fdc","status":"skipped","statusDetails":"XFAIL reason: aborted\n\n_pytest.outcomes.XFailed: aborted","time":{"start":1721614788646,"stop":1721614788646,"duration":0}},{"uid":"778103b83312814e","reportUrl":"../165//#testresult/778103b83312814e","status":"passed","time":{"start":1721528224466,"stop":1721528293026,"duration":68560}},{"uid":"72b3e7ce7932871f","reportUrl":"../164//#testresult/72b3e7ce7932871f","status":"skipped","statusDetails":"XFAIL reason: aborted\n\n_pytest.outcomes.XFailed: aborted","time":{"start":1721441542874,"stop":1721441542874,"duration":0}},{"uid":"e3fcfd028c7b3255","reportUrl":"../163//#testresult/e3fcfd028c7b3255","status":"passed","time":{"start":1721355277639,"stop":1721355345253,"duration":67614}},{"uid":"31b1957af5a3fc1b","reportUrl":"../161//#testresult/31b1957af5a3fc1b","status":"skipped","statusDetails":"XFAIL reason: aborted\n\n_pytest.outcomes.XFailed: aborted","time":{"start":1721269180627,"stop":1721269180627,"duration":0}},{"uid":"157e1ba742a2787e","reportUrl":"../158//#testresult/157e1ba742a2787e","status":"failed","statusDetails":"AssertionError: Expected mysqlrouter certificate from self-signed-certificates\nassert 'CN = Test CA' in '        Issuer: CN = MySQL_Router_Auto_Generated_CA_Certificate\\n'","time":{"start":1721182418071,"stop":1721182464635,"duration":46564}},{"uid":"84520c073493504e","reportUrl":"../157//#testresult/84520c073493504e","status":"skipped","statusDetails":"XFAIL reason: aborted\n\n_pytest.outcomes.XFailed: aborted","time":{"start":1721096190960,"stop":1721096190960,"duration":0}},{"uid":"a3c8fb594216bfce","reportUrl":"../156//#testresult/a3c8fb594216bfce","status":"failed","statusDetails":"AssertionError: Expected mysqlrouter certificate from self-signed-certificates\nassert 'CN = Test CA' in '        Issuer: CN = MySQL_Router_Auto_Generated_CA_Certificate\\n'","time":{"start":1721009818560,"stop":1721009865300,"duration":46740}},{"uid":"f5d1e77d729e1729","reportUrl":"../155//#testresult/f5d1e77d729e1729","status":"failed","statusDetails":"AssertionError: Expected mysqlrouter certificate from self-signed-certificates\nassert 'CN = Test CA' in '        Issuer: CN = MySQL_Router_Auto_Generated_CA_Certificate\\n'","time":{"start":1720923587833,"stop":1720923634355,"duration":46522}},{"uid":"51885faa033a77a0","reportUrl":"../154//#testresult/51885faa033a77a0","status":"passed","time":{"start":1720836697444,"stop":1720836763307,"duration":65863}},{"uid":"f9398cd3d450f58f","reportUrl":"../152//#testresult/f9398cd3d450f58f","status":"skipped","statusDetails":"XFAIL reason: aborted\n\n_pytest.outcomes.XFailed: aborted","time":{"start":1720750413671,"stop":1720750413671,"duration":0}},{"uid":"11b69a3936425f1d","reportUrl":"../151//#testresult/11b69a3936425f1d","status":"passed","time":{"start":1720663994780,"stop":1720664056780,"duration":62000}}]},"tags":["asyncio","abort_on_fail","group(1)"]},"source":"7331d4ed2f2a3501.json","parameterValues":[]}