{"uid":"afefa3193cf76e4f","name":"test_upgrade_from_edge","fullName":"tests.integration.test_upgrade#test_upgrade_from_edge","historyId":"59e96b2cf75bb30d0a5cbde0e5234d56","time":{"start":1722478797795,"stop":1722479123724,"duration":325929},"description":"Upgrade mysqlrouter while ensuring continuous writes incrementing.","descriptionHtml":"<p>Upgrade mysqlrouter while ensuring continuous writes incrementing.</p>\n","status":"failed","statusMessage":"AssertionError: None of the units are upgraded\nassert '+testupgrade' in 'Model  Controller          Cloud/Region        Version  SLA          Timestamp\\ntest   microk8s-localhost  microk8s/localhost  3.4.3    unsupported  02:25:23Z\\n\\nApp               Version                  Status   Scale  Charm             Channel      Rev  Address         Exposed  Message\\nmysql-k8s         8.0.37-0ubuntu0.22.04.3  active       1  mysql-k8s         8.0/edge     169  10.152.183.176  no       \\nmysql-router-k8s  8.0.37-0ubuntu0.22.04.3  waiting      3  mysql-router-k8s  8.0/edge       0  10.152.183.108  no       installing agent\\nmysql-test-app    0.0.2                    active       1  mysql-test-app    latest/edge   46  10.152.183.158  no       Last written value=21644\\n\\nUnit                 Workload  Agent  Address      Ports  Message\\nmysql-k8s/0*         active    idle   10.1.97.205         Primary\\nmysql-router-k8s/0*  active    idle   10.1.97.202         Router 8.0.37 running (restart pending); Charmed operator 1.2+266066c\\nmysql-router-k8s/1   active    idle   10.1.97.203         Router 8.0.37 running (restart pending); Charmed operator 1.2+266066c\\nmysql-router-k8s/2   blocked   idle   10.1.97.206         Upgrade incompatible. Rollback to previous revision with `juju refresh`\\nmysql-test-app/0*    active    idle   10.1.97.200         Last written value=21644\\n'\n +  where 'Model  Controller          Cloud/Region        Version  SLA          Timestamp\\ntest   microk8s-localhost  microk8s/localhost  3.4.3    unsupported  02:25:23Z\\n\\nApp               Version                  Status   Scale  Charm             Channel      Rev  Address         Exposed  Message\\nmysql-k8s         8.0.37-0ubuntu0.22.04.3  active       1  mysql-k8s         8.0/edge     169  10.152.183.176  no       \\nmysql-router-k8s  8.0.37-0ubuntu0.22.04.3  waiting      3  mysql-router-k8s  8.0/edge       0  10.152.183.108  no       installing agent\\nmysql-test-app    0.0.2                    active       1  mysql-test-app    latest/edge   46  10.152.183.158  no       Last written value=21644\\n\\nUnit                 Workload  Agent  Address      Ports  Message\\nmysql-k8s/0*         active    idle   10.1.97.205         Primary\\nmysql-router-k8s/0*  active    idle   10.1.97.202         Router 8.0.37 running (restart pending); Charmed operator 1.2+266066c\\nmysql-router-k8s/1   active    idle   10.1.97.203         Router 8.0.37 running (restart pending); Charmed operator 1.2+266066c\\nmysql-router-k8s/2   blocked   idle   10.1.97.206         Upgrade incompatible. Rollback to previous revision with `juju refresh`\\nmysql-test-app/0*    active    idle   10.1.97.200         Last written value=21644\\n' = get_juju_status('test')\n +    where 'test' = <juju.model.Model object at 0x7f2fc187c1f0>.name\n +      where <juju.model.Model object at 0x7f2fc187c1f0> = <pytest_operator.plugin.OpsTest object at 0x7f2fc1c2c310>.model","statusTrace":"Traceback (most recent call last):\n  File \"/home/runner/work/mysql-router-k8s-operator/mysql-router-k8s-operator/.tox/integration/lib/python3.10/site-packages/_pytest/runner.py\", line 341, in from_call\n    result: Optional[TResult] = func()\n  File \"/home/runner/work/mysql-router-k8s-operator/mysql-router-k8s-operator/.tox/integration/lib/python3.10/site-packages/_pytest/runner.py\", line 262, in <lambda>\n    lambda: ihook(item=item, **kwds), when=when, reraise=reraise\n  File \"/home/runner/work/mysql-router-k8s-operator/mysql-router-k8s-operator/.tox/integration/lib/python3.10/site-packages/pluggy/_hooks.py\", line 493, in __call__\n    return self._hookexec(self.name, self._hookimpls, kwargs, firstresult)\n  File \"/home/runner/work/mysql-router-k8s-operator/mysql-router-k8s-operator/.tox/integration/lib/python3.10/site-packages/pluggy/_manager.py\", line 115, in _hookexec\n    return self._inner_hookexec(hook_name, methods, kwargs, firstresult)\n  File \"/home/runner/work/mysql-router-k8s-operator/mysql-router-k8s-operator/.tox/integration/lib/python3.10/site-packages/pluggy/_callers.py\", line 152, in _multicall\n    return outcome.get_result()\n  File \"/home/runner/work/mysql-router-k8s-operator/mysql-router-k8s-operator/.tox/integration/lib/python3.10/site-packages/pluggy/_result.py\", line 114, in get_result\n    raise exc.with_traceback(exc.__traceback__)\n  File \"/home/runner/work/mysql-router-k8s-operator/mysql-router-k8s-operator/.tox/integration/lib/python3.10/site-packages/pluggy/_callers.py\", line 77, in _multicall\n    res = hook_impl.function(*args)\n  File \"/home/runner/work/mysql-router-k8s-operator/mysql-router-k8s-operator/.tox/integration/lib/python3.10/site-packages/_pytest/runner.py\", line 177, in pytest_runtest_call\n    raise e\n  File \"/home/runner/work/mysql-router-k8s-operator/mysql-router-k8s-operator/.tox/integration/lib/python3.10/site-packages/_pytest/runner.py\", line 169, in pytest_runtest_call\n    item.runtest()\n  File \"/home/runner/work/mysql-router-k8s-operator/mysql-router-k8s-operator/.tox/integration/lib/python3.10/site-packages/_pytest/python.py\", line 1788, in runtest\n    self.ihook.pytest_pyfunc_call(pyfuncitem=self)\n  File \"/home/runner/work/mysql-router-k8s-operator/mysql-router-k8s-operator/.tox/integration/lib/python3.10/site-packages/pluggy/_hooks.py\", line 493, in __call__\n    return self._hookexec(self.name, self._hookimpls, kwargs, firstresult)\n  File \"/home/runner/work/mysql-router-k8s-operator/mysql-router-k8s-operator/.tox/integration/lib/python3.10/site-packages/pluggy/_manager.py\", line 115, in _hookexec\n    return self._inner_hookexec(hook_name, methods, kwargs, firstresult)\n  File \"/home/runner/work/mysql-router-k8s-operator/mysql-router-k8s-operator/.tox/integration/lib/python3.10/site-packages/pluggy/_callers.py\", line 152, in _multicall\n    return outcome.get_result()\n  File \"/home/runner/work/mysql-router-k8s-operator/mysql-router-k8s-operator/.tox/integration/lib/python3.10/site-packages/pluggy/_result.py\", line 114, in get_result\n    raise exc.with_traceback(exc.__traceback__)\n  File \"/home/runner/work/mysql-router-k8s-operator/mysql-router-k8s-operator/.tox/integration/lib/python3.10/site-packages/pluggy/_callers.py\", line 77, in _multicall\n    res = hook_impl.function(*args)\n  File \"/home/runner/work/mysql-router-k8s-operator/mysql-router-k8s-operator/.tox/integration/lib/python3.10/site-packages/_pytest/python.py\", line 194, in pytest_pyfunc_call\n    result = testfunction(**testargs)\n  File \"/home/runner/work/mysql-router-k8s-operator/mysql-router-k8s-operator/.tox/integration/lib/python3.10/site-packages/pytest_asyncio/plugin.py\", line 532, in inner\n    _loop.run_until_complete(task)\n  File \"/usr/lib/python3.10/asyncio/base_events.py\", line 649, in run_until_complete\n    return future.result()\n  File \"/home/runner/work/mysql-router-k8s-operator/mysql-router-k8s-operator/tests/integration/test_upgrade.py\", line 125, in test_upgrade_from_edge\n    for attempt in tenacity.Retrying(\n  File \"/home/runner/work/mysql-router-k8s-operator/mysql-router-k8s-operator/.tox/integration/lib/python3.10/site-packages/tenacity/__init__.py\", line 347, in __iter__\n    do = self.iter(retry_state=retry_state)\n  File \"/home/runner/work/mysql-router-k8s-operator/mysql-router-k8s-operator/.tox/integration/lib/python3.10/site-packages/tenacity/__init__.py\", line 325, in iter\n    raise retry_exc.reraise()\n  File \"/home/runner/work/mysql-router-k8s-operator/mysql-router-k8s-operator/.tox/integration/lib/python3.10/site-packages/tenacity/__init__.py\", line 158, in reraise\n    raise self.last_attempt.result()\n  File \"/usr/lib/python3.10/concurrent/futures/_base.py\", line 451, in result\n    return self.__get_result()\n  File \"/usr/lib/python3.10/concurrent/futures/_base.py\", line 403, in __get_result\n    raise self._exception\n  File \"/home/runner/work/mysql-router-k8s-operator/mysql-router-k8s-operator/tests/integration/test_upgrade.py\", line 131, in test_upgrade_from_edge\n    assert \"+testupgrade\" in get_juju_status(\nAssertionError: None of the units are upgraded\nassert '+testupgrade' in 'Model  Controller          Cloud/Region        Version  SLA          Timestamp\\ntest   microk8s-localhost  microk8s/localhost  3.4.3    unsupported  02:25:23Z\\n\\nApp               Version                  Status   Scale  Charm             Channel      Rev  Address         Exposed  Message\\nmysql-k8s         8.0.37-0ubuntu0.22.04.3  active       1  mysql-k8s         8.0/edge     169  10.152.183.176  no       \\nmysql-router-k8s  8.0.37-0ubuntu0.22.04.3  waiting      3  mysql-router-k8s  8.0/edge       0  10.152.183.108  no       installing agent\\nmysql-test-app    0.0.2                    active       1  mysql-test-app    latest/edge   46  10.152.183.158  no       Last written value=21644\\n\\nUnit                 Workload  Agent  Address      Ports  Message\\nmysql-k8s/0*         active    idle   10.1.97.205         Primary\\nmysql-router-k8s/0*  active    idle   10.1.97.202         Router 8.0.37 running (restart pending); Charmed operator 1.2+266066c\\nmysql-router-k8s/1   active    idle   10.1.97.203         Router 8.0.37 running (restart pending); Charmed operator 1.2+266066c\\nmysql-router-k8s/2   blocked   idle   10.1.97.206         Upgrade incompatible. Rollback to previous revision with `juju refresh`\\nmysql-test-app/0*    active    idle   10.1.97.200         Last written value=21644\\n'\n +  where 'Model  Controller          Cloud/Region        Version  SLA          Timestamp\\ntest   microk8s-localhost  microk8s/localhost  3.4.3    unsupported  02:25:23Z\\n\\nApp               Version                  Status   Scale  Charm             Channel      Rev  Address         Exposed  Message\\nmysql-k8s         8.0.37-0ubuntu0.22.04.3  active       1  mysql-k8s         8.0/edge     169  10.152.183.176  no       \\nmysql-router-k8s  8.0.37-0ubuntu0.22.04.3  waiting      3  mysql-router-k8s  8.0/edge       0  10.152.183.108  no       installing agent\\nmysql-test-app    0.0.2                    active       1  mysql-test-app    latest/edge   46  10.152.183.158  no       Last written value=21644\\n\\nUnit                 Workload  Agent  Address      Ports  Message\\nmysql-k8s/0*         active    idle   10.1.97.205         Primary\\nmysql-router-k8s/0*  active    idle   10.1.97.202         Router 8.0.37 running (restart pending); Charmed operator 1.2+266066c\\nmysql-router-k8s/1   active    idle   10.1.97.203         Router 8.0.37 running (restart pending); Charmed operator 1.2+266066c\\nmysql-router-k8s/2   blocked   idle   10.1.97.206         Upgrade incompatible. Rollback to previous revision with `juju refresh`\\nmysql-test-app/0*    active    idle   10.1.97.200         Last written value=21644\\n' = get_juju_status('test')\n +    where 'test' = <juju.model.Model object at 0x7f2fc187c1f0>.name\n +      where <juju.model.Model object at 0x7f2fc187c1f0> = <pytest_operator.plugin.OpsTest object at 0x7f2fc1c2c310>.model","flaky":false,"newFailed":false,"newBroken":false,"newPassed":false,"retriesCount":1,"retriesStatusChange":true,"beforeStages":[{"name":"event_loop","time":{"start":1722478675227,"stop":1722478675228,"duration":1},"status":"passed","steps":[],"attachments":[],"parameters":[],"stepsCount":0,"shouldDisplayMessage":false,"attachmentsCount":0,"hasContent":false,"attachmentStep":false},{"name":"tmp_path_factory","time":{"start":1722478675228,"stop":1722478675228,"duration":0},"status":"passed","steps":[],"attachments":[],"parameters":[],"stepsCount":0,"shouldDisplayMessage":false,"attachmentsCount":0,"hasContent":false,"attachmentStep":false},{"name":"ops_test","time":{"start":1722478675228,"stop":1722478675484,"duration":256},"status":"passed","steps":[],"attachments":[],"parameters":[],"stepsCount":0,"shouldDisplayMessage":false,"attachmentsCount":0,"hasContent":false,"attachmentStep":false},{"name":"abort_on_fail","time":{"start":1722478797794,"stop":1722478797794,"duration":0},"status":"passed","steps":[],"attachments":[],"parameters":[],"stepsCount":0,"shouldDisplayMessage":false,"attachmentsCount":0,"hasContent":false,"attachmentStep":false}],"testStage":{"description":"Upgrade mysqlrouter while ensuring continuous writes incrementing.","status":"failed","statusMessage":"AssertionError: None of the units are upgraded\nassert '+testupgrade' in 'Model  Controller          Cloud/Region        Version  SLA          Timestamp\\ntest   microk8s-localhost  microk8s/localhost  3.4.3    unsupported  02:25:23Z\\n\\nApp               Version                  Status   Scale  Charm             Channel      Rev  Address         Exposed  Message\\nmysql-k8s         8.0.37-0ubuntu0.22.04.3  active       1  mysql-k8s         8.0/edge     169  10.152.183.176  no       \\nmysql-router-k8s  8.0.37-0ubuntu0.22.04.3  waiting      3  mysql-router-k8s  8.0/edge       0  10.152.183.108  no       installing agent\\nmysql-test-app    0.0.2                    active       1  mysql-test-app    latest/edge   46  10.152.183.158  no       Last written value=21644\\n\\nUnit                 Workload  Agent  Address      Ports  Message\\nmysql-k8s/0*         active    idle   10.1.97.205         Primary\\nmysql-router-k8s/0*  active    idle   10.1.97.202         Router 8.0.37 running (restart pending); Charmed operator 1.2+266066c\\nmysql-router-k8s/1   active    idle   10.1.97.203         Router 8.0.37 running (restart pending); Charmed operator 1.2+266066c\\nmysql-router-k8s/2   blocked   idle   10.1.97.206         Upgrade incompatible. Rollback to previous revision with `juju refresh`\\nmysql-test-app/0*    active    idle   10.1.97.200         Last written value=21644\\n'\n +  where 'Model  Controller          Cloud/Region        Version  SLA          Timestamp\\ntest   microk8s-localhost  microk8s/localhost  3.4.3    unsupported  02:25:23Z\\n\\nApp               Version                  Status   Scale  Charm             Channel      Rev  Address         Exposed  Message\\nmysql-k8s         8.0.37-0ubuntu0.22.04.3  active       1  mysql-k8s         8.0/edge     169  10.152.183.176  no       \\nmysql-router-k8s  8.0.37-0ubuntu0.22.04.3  waiting      3  mysql-router-k8s  8.0/edge       0  10.152.183.108  no       installing agent\\nmysql-test-app    0.0.2                    active       1  mysql-test-app    latest/edge   46  10.152.183.158  no       Last written value=21644\\n\\nUnit                 Workload  Agent  Address      Ports  Message\\nmysql-k8s/0*         active    idle   10.1.97.205         Primary\\nmysql-router-k8s/0*  active    idle   10.1.97.202         Router 8.0.37 running (restart pending); Charmed operator 1.2+266066c\\nmysql-router-k8s/1   active    idle   10.1.97.203         Router 8.0.37 running (restart pending); Charmed operator 1.2+266066c\\nmysql-router-k8s/2   blocked   idle   10.1.97.206         Upgrade incompatible. Rollback to previous revision with `juju refresh`\\nmysql-test-app/0*    active    idle   10.1.97.200         Last written value=21644\\n' = get_juju_status('test')\n +    where 'test' = <juju.model.Model object at 0x7f2fc187c1f0>.name\n +      where <juju.model.Model object at 0x7f2fc187c1f0> = <pytest_operator.plugin.OpsTest object at 0x7f2fc1c2c310>.model","statusTrace":"Traceback (most recent call last):\n  File \"/home/runner/work/mysql-router-k8s-operator/mysql-router-k8s-operator/.tox/integration/lib/python3.10/site-packages/_pytest/runner.py\", line 341, in from_call\n    result: Optional[TResult] = func()\n  File \"/home/runner/work/mysql-router-k8s-operator/mysql-router-k8s-operator/.tox/integration/lib/python3.10/site-packages/_pytest/runner.py\", line 262, in <lambda>\n    lambda: ihook(item=item, **kwds), when=when, reraise=reraise\n  File \"/home/runner/work/mysql-router-k8s-operator/mysql-router-k8s-operator/.tox/integration/lib/python3.10/site-packages/pluggy/_hooks.py\", line 493, in __call__\n    return self._hookexec(self.name, self._hookimpls, kwargs, firstresult)\n  File \"/home/runner/work/mysql-router-k8s-operator/mysql-router-k8s-operator/.tox/integration/lib/python3.10/site-packages/pluggy/_manager.py\", line 115, in _hookexec\n    return self._inner_hookexec(hook_name, methods, kwargs, firstresult)\n  File \"/home/runner/work/mysql-router-k8s-operator/mysql-router-k8s-operator/.tox/integration/lib/python3.10/site-packages/pluggy/_callers.py\", line 152, in _multicall\n    return outcome.get_result()\n  File \"/home/runner/work/mysql-router-k8s-operator/mysql-router-k8s-operator/.tox/integration/lib/python3.10/site-packages/pluggy/_result.py\", line 114, in get_result\n    raise exc.with_traceback(exc.__traceback__)\n  File \"/home/runner/work/mysql-router-k8s-operator/mysql-router-k8s-operator/.tox/integration/lib/python3.10/site-packages/pluggy/_callers.py\", line 77, in _multicall\n    res = hook_impl.function(*args)\n  File \"/home/runner/work/mysql-router-k8s-operator/mysql-router-k8s-operator/.tox/integration/lib/python3.10/site-packages/_pytest/runner.py\", line 177, in pytest_runtest_call\n    raise e\n  File \"/home/runner/work/mysql-router-k8s-operator/mysql-router-k8s-operator/.tox/integration/lib/python3.10/site-packages/_pytest/runner.py\", line 169, in pytest_runtest_call\n    item.runtest()\n  File \"/home/runner/work/mysql-router-k8s-operator/mysql-router-k8s-operator/.tox/integration/lib/python3.10/site-packages/_pytest/python.py\", line 1788, in runtest\n    self.ihook.pytest_pyfunc_call(pyfuncitem=self)\n  File \"/home/runner/work/mysql-router-k8s-operator/mysql-router-k8s-operator/.tox/integration/lib/python3.10/site-packages/pluggy/_hooks.py\", line 493, in __call__\n    return self._hookexec(self.name, self._hookimpls, kwargs, firstresult)\n  File \"/home/runner/work/mysql-router-k8s-operator/mysql-router-k8s-operator/.tox/integration/lib/python3.10/site-packages/pluggy/_manager.py\", line 115, in _hookexec\n    return self._inner_hookexec(hook_name, methods, kwargs, firstresult)\n  File \"/home/runner/work/mysql-router-k8s-operator/mysql-router-k8s-operator/.tox/integration/lib/python3.10/site-packages/pluggy/_callers.py\", line 152, in _multicall\n    return outcome.get_result()\n  File \"/home/runner/work/mysql-router-k8s-operator/mysql-router-k8s-operator/.tox/integration/lib/python3.10/site-packages/pluggy/_result.py\", line 114, in get_result\n    raise exc.with_traceback(exc.__traceback__)\n  File \"/home/runner/work/mysql-router-k8s-operator/mysql-router-k8s-operator/.tox/integration/lib/python3.10/site-packages/pluggy/_callers.py\", line 77, in _multicall\n    res = hook_impl.function(*args)\n  File \"/home/runner/work/mysql-router-k8s-operator/mysql-router-k8s-operator/.tox/integration/lib/python3.10/site-packages/_pytest/python.py\", line 194, in pytest_pyfunc_call\n    result = testfunction(**testargs)\n  File \"/home/runner/work/mysql-router-k8s-operator/mysql-router-k8s-operator/.tox/integration/lib/python3.10/site-packages/pytest_asyncio/plugin.py\", line 532, in inner\n    _loop.run_until_complete(task)\n  File \"/usr/lib/python3.10/asyncio/base_events.py\", line 649, in run_until_complete\n    return future.result()\n  File \"/home/runner/work/mysql-router-k8s-operator/mysql-router-k8s-operator/tests/integration/test_upgrade.py\", line 125, in test_upgrade_from_edge\n    for attempt in tenacity.Retrying(\n  File \"/home/runner/work/mysql-router-k8s-operator/mysql-router-k8s-operator/.tox/integration/lib/python3.10/site-packages/tenacity/__init__.py\", line 347, in __iter__\n    do = self.iter(retry_state=retry_state)\n  File \"/home/runner/work/mysql-router-k8s-operator/mysql-router-k8s-operator/.tox/integration/lib/python3.10/site-packages/tenacity/__init__.py\", line 325, in iter\n    raise retry_exc.reraise()\n  File \"/home/runner/work/mysql-router-k8s-operator/mysql-router-k8s-operator/.tox/integration/lib/python3.10/site-packages/tenacity/__init__.py\", line 158, in reraise\n    raise self.last_attempt.result()\n  File \"/usr/lib/python3.10/concurrent/futures/_base.py\", line 451, in result\n    return self.__get_result()\n  File \"/usr/lib/python3.10/concurrent/futures/_base.py\", line 403, in __get_result\n    raise self._exception\n  File \"/home/runner/work/mysql-router-k8s-operator/mysql-router-k8s-operator/tests/integration/test_upgrade.py\", line 131, in test_upgrade_from_edge\n    assert \"+testupgrade\" in get_juju_status(\nAssertionError: None of the units are upgraded\nassert '+testupgrade' in 'Model  Controller          Cloud/Region        Version  SLA          Timestamp\\ntest   microk8s-localhost  microk8s/localhost  3.4.3    unsupported  02:25:23Z\\n\\nApp               Version                  Status   Scale  Charm             Channel      Rev  Address         Exposed  Message\\nmysql-k8s         8.0.37-0ubuntu0.22.04.3  active       1  mysql-k8s         8.0/edge     169  10.152.183.176  no       \\nmysql-router-k8s  8.0.37-0ubuntu0.22.04.3  waiting      3  mysql-router-k8s  8.0/edge       0  10.152.183.108  no       installing agent\\nmysql-test-app    0.0.2                    active       1  mysql-test-app    latest/edge   46  10.152.183.158  no       Last written value=21644\\n\\nUnit                 Workload  Agent  Address      Ports  Message\\nmysql-k8s/0*         active    idle   10.1.97.205         Primary\\nmysql-router-k8s/0*  active    idle   10.1.97.202         Router 8.0.37 running (restart pending); Charmed operator 1.2+266066c\\nmysql-router-k8s/1   active    idle   10.1.97.203         Router 8.0.37 running (restart pending); Charmed operator 1.2+266066c\\nmysql-router-k8s/2   blocked   idle   10.1.97.206         Upgrade incompatible. Rollback to previous revision with `juju refresh`\\nmysql-test-app/0*    active    idle   10.1.97.200         Last written value=21644\\n'\n +  where 'Model  Controller          Cloud/Region        Version  SLA          Timestamp\\ntest   microk8s-localhost  microk8s/localhost  3.4.3    unsupported  02:25:23Z\\n\\nApp               Version                  Status   Scale  Charm             Channel      Rev  Address         Exposed  Message\\nmysql-k8s         8.0.37-0ubuntu0.22.04.3  active       1  mysql-k8s         8.0/edge     169  10.152.183.176  no       \\nmysql-router-k8s  8.0.37-0ubuntu0.22.04.3  waiting      3  mysql-router-k8s  8.0/edge       0  10.152.183.108  no       installing agent\\nmysql-test-app    0.0.2                    active       1  mysql-test-app    latest/edge   46  10.152.183.158  no       Last written value=21644\\n\\nUnit                 Workload  Agent  Address      Ports  Message\\nmysql-k8s/0*         active    idle   10.1.97.205         Primary\\nmysql-router-k8s/0*  active    idle   10.1.97.202         Router 8.0.37 running (restart pending); Charmed operator 1.2+266066c\\nmysql-router-k8s/1   active    idle   10.1.97.203         Router 8.0.37 running (restart pending); Charmed operator 1.2+266066c\\nmysql-router-k8s/2   blocked   idle   10.1.97.206         Upgrade incompatible. Rollback to previous revision with `juju refresh`\\nmysql-test-app/0*    active    idle   10.1.97.200         Last written value=21644\\n' = get_juju_status('test')\n +    where 'test' = <juju.model.Model object at 0x7f2fc187c1f0>.name\n +      where <juju.model.Model object at 0x7f2fc187c1f0> = <pytest_operator.plugin.OpsTest object at 0x7f2fc1c2c310>.model","steps":[],"attachments":[{"uid":"2989868aa84f883a","name":"log","source":"2989868aa84f883a.txt","type":"text/plain","size":594}],"parameters":[],"stepsCount":0,"shouldDisplayMessage":true,"attachmentsCount":1,"hasContent":true,"attachmentStep":false},"afterStages":[{"name":"abort_on_fail::0","time":{"start":1722479123748,"stop":1722479123748,"duration":0},"status":"passed","steps":[],"attachments":[],"parameters":[],"stepsCount":0,"shouldDisplayMessage":false,"attachmentsCount":0,"hasContent":false,"attachmentStep":false},{"name":"ops_test::finalizer","time":{"start":1722479123752,"stop":1722479143773,"duration":20021},"status":"passed","steps":[],"attachments":[],"parameters":[],"stepsCount":0,"shouldDisplayMessage":false,"attachmentsCount":0,"hasContent":false,"attachmentStep":false},{"name":"event_loop::2","time":{"start":1722479143774,"stop":1722479143774,"duration":0},"status":"passed","steps":[],"attachments":[],"parameters":[],"stepsCount":0,"shouldDisplayMessage":false,"attachmentsCount":0,"hasContent":false,"attachmentStep":false},{"name":"event_loop::_close_event_loop","time":{"start":1722479143774,"stop":1722479143774,"duration":0},"status":"passed","steps":[],"attachments":[],"parameters":[],"stepsCount":0,"shouldDisplayMessage":false,"attachmentsCount":0,"hasContent":false,"attachmentStep":false},{"name":"event_loop::_provide_clean_event_loop","time":{"start":1722479143774,"stop":1722479143774,"duration":0},"status":"passed","steps":[],"attachments":[],"parameters":[],"stepsCount":0,"shouldDisplayMessage":false,"attachmentsCount":0,"hasContent":false,"attachmentStep":false}],"labels":[{"name":"tag","value":"abort_on_fail"},{"name":"tag","value":"group(1)"},{"name":"tag","value":"asyncio"},{"name":"parentSuite","value":"tests.integration"},{"name":"suite","value":"test_upgrade"},{"name":"host","value":"fv-az1427-249"},{"name":"thread","value":"12375-MainThread"},{"name":"framework","value":"pytest"},{"name":"language","value":"cpython3"},{"name":"package","value":"tests.integration.test_upgrade"},{"name":"resultFormat","value":"allure2"}],"parameters":[],"links":[],"hidden":false,"retry":false,"extra":{"severity":"normal","retries":[{"uid":"2d8735a12cb3f3ca","status":"unknown","time":{}}],"categories":[{"name":"Product defects","matchedStatuses":[],"flaky":false}],"history":{"statistic":{"failed":29,"broken":0,"skipped":1,"passed":29,"unknown":5,"total":64},"items":[{"uid":"ddfed238cfd47834","reportUrl":"../184//#testresult/ddfed238cfd47834","status":"failed","statusDetails":"AssertionError: None of the units are upgraded\nassert '+testupgrade' in 'Model  Controller          Cloud/Region        Version  SLA          Timestamp\\ntest   microk8s-localhost  microk8s/localhost  3.4.3    unsupported  01:56:55Z\\n\\nApp               Version                  Status   Scale  Charm             Channel      Rev  Address         Exposed  Message\\nmysql-k8s         8.0.37-0ubuntu0.22.04.3  active       1  mysql-k8s         8.0/edge     167  10.152.183.99   no       \\nmysql-router-k8s  8.0.37-0ubuntu0.22.04.3  waiting      3  mysql-router-k8s  8.0/edge       0  10.152.183.84   no       installing agent\\nmysql-test-app    0.0.2                    active       1  mysql-test-app    latest/edge   46  10.152.183.217  no       \\n\\nUnit                 Workload  Agent  Address       Ports  Message\\nmysql-k8s/0*         active    idle   10.1.113.141         Primary\\nmysql-router-k8s/0   active    idle   10.1.113.137         Router 8.0.37 running (restart pending); Charmed operator 1.2+266066c\\nmysql-router-k8s/1*  active    idle   10.1.113.139         Router 8.0.37 running (restart pending); Charmed operator 1.2+266066c\\nmysql-router-k8s/2   blocked   idle   10.1.113.142         Upgrade incompatible. Rollback to previous revision with `juju refresh`\\nmysql-test-app/0*    active    idle   10.1.113.136         \\n'\n +  where 'Model  Controller          Cloud/Region        Version  SLA          Timestamp\\ntest   microk8s-localhost  microk8s/localhost  3.4.3    unsupported  01:56:55Z\\n\\nApp               Version                  Status   Scale  Charm             Channel      Rev  Address         Exposed  Message\\nmysql-k8s         8.0.37-0ubuntu0.22.04.3  active       1  mysql-k8s         8.0/edge     167  10.152.183.99   no       \\nmysql-router-k8s  8.0.37-0ubuntu0.22.04.3  waiting      3  mysql-router-k8s  8.0/edge       0  10.152.183.84   no       installing agent\\nmysql-test-app    0.0.2                    active       1  mysql-test-app    latest/edge   46  10.152.183.217  no       \\n\\nUnit                 Workload  Agent  Address       Ports  Message\\nmysql-k8s/0*         active    idle   10.1.113.141         Primary\\nmysql-router-k8s/0   active    idle   10.1.113.137         Router 8.0.37 running (restart pending); Charmed operator 1.2+266066c\\nmysql-router-k8s/1*  active    idle   10.1.113.139         Router 8.0.37 running (restart pending); Charmed operator 1.2+266066c\\nmysql-router-k8s/2   blocked   idle   10.1.113.142         Upgrade incompatible. Rollback to previous revision with `juju refresh`\\nmysql-test-app/0*    active    idle   10.1.113.136         \\n' = get_juju_status('test')\n +    where 'test' = <juju.model.Model object at 0x7f0478e16020>.name\n +      where <juju.model.Model object at 0x7f0478e16020> = <pytest_operator.plugin.OpsTest object at 0x7f0478e95330>.model","time":{"start":1722390688856,"stop":1722391015724,"duration":326868}},{"uid":"5ae4864a5653c84","reportUrl":"../181//#testresult/5ae4864a5653c84","status":"failed","statusDetails":"AssertionError: None of the units are upgraded\nassert '+testupgrade' in 'Model  Controller          Cloud/Region        Version  SLA          Timestamp\\ntest   microk8s-localhost  microk8s/localhost  3.4.3    unsupported  02:21:34Z\\n\\nApp               Version                  Status   Scale  Charm             Channel      Rev  Address         Exposed  Message\\nmysql-k8s         8.0.37-0ubuntu0.22.04.3  active       1  mysql-k8s         8.0/edge     164  10.152.183.96   no       \\nmysql-router-k8s  8.0.37-0ubuntu0.22.04.3  waiting      3  mysql-router-k8s  8.0/edge       0  10.152.183.170  no       waiting for units to settle down\\nmysql-test-app    0.0.2                    active       1  mysql-test-app    latest/edge   46  10.152.183.218  no       Last written value=26558\\n\\nUnit                 Workload  Agent  Address      Ports  Message\\nmysql-k8s/0*         active    idle   10.1.122.77         Primary\\nmysql-router-k8s/0   active    idle   10.1.122.72         Router 8.0.37 running (restart pending); Charmed operator 1.2+266066c\\nmysql-router-k8s/1   active    idle   10.1.122.73         Router 8.0.37 running (restart pending); Charmed operator 1.2+266066c\\nmysql-router-k8s/2*  blocked   idle   10.1.122.78         Upgrade incompatible. Rollback to previous revision with `juju refresh`\\nmysql-test-app/0*    active    idle   10.1.122.76         Last written value=26558\\n'\n +  where 'Model  Controller          Cloud/Region        Version  SLA          Timestamp\\ntest   microk8s-localhost  microk8s/localhost  3.4.3    unsupported  02:21:34Z\\n\\nApp               Version                  Status   Scale  Charm             Channel      Rev  Address         Exposed  Message\\nmysql-k8s         8.0.37-0ubuntu0.22.04.3  active       1  mysql-k8s         8.0/edge     164  10.152.183.96   no       \\nmysql-router-k8s  8.0.37-0ubuntu0.22.04.3  waiting      3  mysql-router-k8s  8.0/edge       0  10.152.183.170  no       waiting for units to settle down\\nmysql-test-app    0.0.2                    active       1  mysql-test-app    latest/edge   46  10.152.183.218  no       Last written value=26558\\n\\nUnit                 Workload  Agent  Address      Ports  Message\\nmysql-k8s/0*         active    idle   10.1.122.77         Primary\\nmysql-router-k8s/0   active    idle   10.1.122.72         Router 8.0.37 running (restart pending); Charmed operator 1.2+266066c\\nmysql-router-k8s/1   active    idle   10.1.122.73         Router 8.0.37 running (restart pending); Charmed operator 1.2+266066c\\nmysql-router-k8s/2*  blocked   idle   10.1.122.78         Upgrade incompatible. Rollback to previous revision with `juju refresh`\\nmysql-test-app/0*    active    idle   10.1.122.76         Last written value=26558\\n' = get_juju_status('test')\n +    where 'test' = <juju.model.Model object at 0x7fa5e843dfc0>.name\n +      where <juju.model.Model object at 0x7fa5e843dfc0> = <pytest_operator.plugin.OpsTest object at 0x7fa5e843d4e0>.model","time":{"start":1722305757500,"stop":1722306094836,"duration":337336}},{"uid":"b4862ea76969fefd","reportUrl":"../177//#testresult/b4862ea76969fefd","status":"failed","statusDetails":"AssertionError: None of the units are upgraded\nassert '+testupgrade' in 'Model  Controller          Cloud/Region        Version  SLA          Timestamp\\ntest   microk8s-localhost  microk8s/localhost  3.4.3    unsupported  02:20:44Z\\n\\nApp               Version                  Status   Scale  Charm             Channel      Rev  Address         Exposed  Message\\nmysql-k8s         8.0.37-0ubuntu0.22.04.3  active       1  mysql-k8s         8.0/edge     164  10.152.183.215  no       \\nmysql-router-k8s  8.0.37-0ubuntu0.22.04.3  waiting      3  mysql-router-k8s  8.0/edge       0  10.152.183.234  no       installing agent\\nmysql-test-app    0.0.2                    active       1  mysql-test-app    latest/edge   46  10.152.183.83   no       \\n\\nUnit                 Workload  Agent  Address      Ports  Message\\nmysql-k8s/0*         active    idle   10.1.184.13         Primary\\nmysql-router-k8s/0   active    idle   10.1.184.10         Router 8.0.37 running (restart pending); Charmed operator 1.2+266066c\\nmysql-router-k8s/1*  active    idle   10.1.184.11         Router 8.0.37 running (restart pending); Charmed operator 1.2+266066c\\nmysql-router-k8s/2   blocked   idle   10.1.184.14         Upgrade incompatible. Rollback to previous revision with `juju refresh`\\nmysql-test-app/0*    active    idle   10.1.184.8          \\n'\n +  where 'Model  Controller          Cloud/Region        Version  SLA          Timestamp\\ntest   microk8s-localhost  microk8s/localhost  3.4.3    unsupported  02:20:44Z\\n\\nApp               Version                  Status   Scale  Charm             Channel      Rev  Address         Exposed  Message\\nmysql-k8s         8.0.37-0ubuntu0.22.04.3  active       1  mysql-k8s         8.0/edge     164  10.152.183.215  no       \\nmysql-router-k8s  8.0.37-0ubuntu0.22.04.3  waiting      3  mysql-router-k8s  8.0/edge       0  10.152.183.234  no       installing agent\\nmysql-test-app    0.0.2                    active       1  mysql-test-app    latest/edge   46  10.152.183.83   no       \\n\\nUnit                 Workload  Agent  Address      Ports  Message\\nmysql-k8s/0*         active    idle   10.1.184.13         Primary\\nmysql-router-k8s/0   active    idle   10.1.184.10         Router 8.0.37 running (restart pending); Charmed operator 1.2+266066c\\nmysql-router-k8s/1*  active    idle   10.1.184.11         Router 8.0.37 running (restart pending); Charmed operator 1.2+266066c\\nmysql-router-k8s/2   blocked   idle   10.1.184.14         Upgrade incompatible. Rollback to previous revision with `juju refresh`\\nmysql-test-app/0*    active    idle   10.1.184.8          \\n' = get_juju_status('test')\n +    where 'test' = <juju.model.Model object at 0x7f70125377c0>.name\n +      where <juju.model.Model object at 0x7f70125377c0> = <pytest_operator.plugin.OpsTest object at 0x7f70123f7130>.model","time":{"start":1722219317728,"stop":1722219644576,"duration":326848}},{"uid":"58c0cdcb9cbcc4b6","reportUrl":"../176//#testresult/58c0cdcb9cbcc4b6","status":"failed","statusDetails":"AssertionError: None of the units are upgraded\nassert '+testupgrade' in 'Model  Controller          Cloud/Region        Version  SLA          Timestamp\\ntest   microk8s-localhost  microk8s/localhost  3.4.3    unsupported  02:23:06Z\\n\\nApp               Version                  Status   Scale  Charm             Channel      Rev  Address         Exposed  Message\\nmysql-k8s         8.0.37-0ubuntu0.22.04.3  active       1  mysql-k8s         8.0/edge     164  10.152.183.21   no       \\nmysql-router-k8s  8.0.37-0ubuntu0.22.04.3  waiting      3  mysql-router-k8s  8.0/edge       0  10.152.183.221  no       waiting for units to settle down\\nmysql-test-app    0.0.2                    active       1  mysql-test-app    latest/edge   46  10.152.183.210  no       Last written value=27178\\n\\nUnit                 Workload  Agent  Address      Ports  Message\\nmysql-k8s/0*         active    idle   10.1.33.205         Primary\\nmysql-router-k8s/0   active    idle   10.1.33.200         Router 8.0.37 running (restart pending); Charmed operator 1.2+266066c\\nmysql-router-k8s/1   active    idle   10.1.33.201         Router 8.0.37 running (restart pending); Charmed operator 1.2+266066c\\nmysql-router-k8s/2*  blocked   idle   10.1.33.206         Upgrade incompatible. Rollback to previous revision with `juju refresh`\\nmysql-test-app/0*    active    idle   10.1.33.203         Last written value=27178\\n'\n +  where 'Model  Controller          Cloud/Region        Version  SLA          Timestamp\\ntest   microk8s-localhost  microk8s/localhost  3.4.3    unsupported  02:23:06Z\\n\\nApp               Version                  Status   Scale  Charm             Channel      Rev  Address         Exposed  Message\\nmysql-k8s         8.0.37-0ubuntu0.22.04.3  active       1  mysql-k8s         8.0/edge     164  10.152.183.21   no       \\nmysql-router-k8s  8.0.37-0ubuntu0.22.04.3  waiting      3  mysql-router-k8s  8.0/edge       0  10.152.183.221  no       waiting for units to settle down\\nmysql-test-app    0.0.2                    active       1  mysql-test-app    latest/edge   46  10.152.183.210  no       Last written value=27178\\n\\nUnit                 Workload  Agent  Address      Ports  Message\\nmysql-k8s/0*         active    idle   10.1.33.205         Primary\\nmysql-router-k8s/0   active    idle   10.1.33.200         Router 8.0.37 running (restart pending); Charmed operator 1.2+266066c\\nmysql-router-k8s/1   active    idle   10.1.33.201         Router 8.0.37 running (restart pending); Charmed operator 1.2+266066c\\nmysql-router-k8s/2*  blocked   idle   10.1.33.206         Upgrade incompatible. Rollback to previous revision with `juju refresh`\\nmysql-test-app/0*    active    idle   10.1.33.203         Last written value=27178\\n' = get_juju_status('test')\n +    where 'test' = <juju.model.Model object at 0x7fcfe7848f40>.name\n +      where <juju.model.Model object at 0x7fcfe7848f40> = <pytest_operator.plugin.OpsTest object at 0x7fcfe3087460>.model","time":{"start":1722133049221,"stop":1722133386975,"duration":337754}},{"uid":"ea7bde0389c44f41","reportUrl":"../175//#testresult/ea7bde0389c44f41","status":"failed","statusDetails":"AssertionError: None of the units are upgraded\nassert '+testupgrade' in 'Model  Controller          Cloud/Region        Version  SLA          Timestamp\\ntest   microk8s-localhost  microk8s/localhost  3.4.3    unsupported  02:16:00Z\\n\\nApp               Version                  Status   Scale  Charm             Channel      Rev  Address         Exposed  Message\\nmysql-k8s         8.0.37-0ubuntu0.22.04.3  active       1  mysql-k8s         8.0/edge     164  10.152.183.74   no       \\nmysql-router-k8s  8.0.37-0ubuntu0.22.04.3  waiting      3  mysql-router-k8s  8.0/edge       0  10.152.183.122  no       installing agent\\nmysql-test-app    0.0.2                    active       1  mysql-test-app    latest/edge   46  10.152.183.130  no       \\n\\nUnit                 Workload  Agent      Address       Ports  Message\\nmysql-k8s/0*         active    executing  10.1.203.205         Primary\\nmysql-router-k8s/0   active    idle       10.1.203.201         Router 8.0.37 running (restart pending); Charmed operator 1.2+266066c\\nmysql-router-k8s/1*  active    idle       10.1.203.203         Router 8.0.37 running (restart pending); Charmed operator 1.2+266066c\\nmysql-router-k8s/2   blocked   idle       10.1.203.206         Upgrade incompatible. Rollback to previous revision with `juju refresh`\\nmysql-test-app/0*    active    idle       10.1.203.200         \\n'\n +  where 'Model  Controller          Cloud/Region        Version  SLA          Timestamp\\ntest   microk8s-localhost  microk8s/localhost  3.4.3    unsupported  02:16:00Z\\n\\nApp               Version                  Status   Scale  Charm             Channel      Rev  Address         Exposed  Message\\nmysql-k8s         8.0.37-0ubuntu0.22.04.3  active       1  mysql-k8s         8.0/edge     164  10.152.183.74   no       \\nmysql-router-k8s  8.0.37-0ubuntu0.22.04.3  waiting      3  mysql-router-k8s  8.0/edge       0  10.152.183.122  no       installing agent\\nmysql-test-app    0.0.2                    active       1  mysql-test-app    latest/edge   46  10.152.183.130  no       \\n\\nUnit                 Workload  Agent      Address       Ports  Message\\nmysql-k8s/0*         active    executing  10.1.203.205         Primary\\nmysql-router-k8s/0   active    idle       10.1.203.201         Router 8.0.37 running (restart pending); Charmed operator 1.2+266066c\\nmysql-router-k8s/1*  active    idle       10.1.203.203         Router 8.0.37 running (restart pending); Charmed operator 1.2+266066c\\nmysql-router-k8s/2   blocked   idle       10.1.203.206         Upgrade incompatible. Rollback to previous revision with `juju refresh`\\nmysql-test-app/0*    active    idle       10.1.203.200         \\n' = get_juju_status('test')\n +    where 'test' = <juju.model.Model object at 0x7fbc9c14b730>.name\n +      where <juju.model.Model object at 0x7fbc9c14b730> = <pytest_operator.plugin.OpsTest object at 0x7fbca0457670>.model","time":{"start":1722046234173,"stop":1722046560335,"duration":326162}},{"uid":"44e99098c48bd83c","reportUrl":"../174//#testresult/44e99098c48bd83c","status":"failed","statusDetails":"AssertionError: None of the units are upgraded\nassert '+testupgrade' in 'Model  Controller          Cloud/Region        Version  SLA          Timestamp\\ntest   microk8s-localhost  microk8s/localhost  3.4.3    unsupported  02:18:12Z\\n\\nApp               Version                  Status   Scale  Charm             Channel      Rev  Address         Exposed  Message\\nmysql-k8s         8.0.37-0ubuntu0.22.04.3  active       1  mysql-k8s         8.0/edge     164  10.152.183.158  no       \\nmysql-router-k8s  8.0.37-0ubuntu0.22.04.3  waiting      3  mysql-router-k8s  8.0/edge       0  10.152.183.50   no       waiting for units to settle down\\nmysql-test-app    0.0.2                    active       1  mysql-test-app    latest/edge   46  10.152.183.96   no       \\n\\nUnit                 Workload  Agent  Address      Ports  Message\\nmysql-k8s/0*         active    idle   10.1.195.77         Primary\\nmysql-router-k8s/0   active    idle   10.1.195.73         Router 8.0.37 running (restart pending); Charmed operator 1.2+266066c\\nmysql-router-k8s/1   active    idle   10.1.195.75         Router 8.0.37 running (restart pending); Charmed operator 1.2+266066c\\nmysql-router-k8s/2*  blocked   idle   10.1.195.78         Upgrade incompatible. Rollback to previous revision with `juju refresh`\\nmysql-test-app/0*    active    idle   10.1.195.72         \\n'\n +  where 'Model  Controller          Cloud/Region        Version  SLA          Timestamp\\ntest   microk8s-localhost  microk8s/localhost  3.4.3    unsupported  02:18:12Z\\n\\nApp               Version                  Status   Scale  Charm             Channel      Rev  Address         Exposed  Message\\nmysql-k8s         8.0.37-0ubuntu0.22.04.3  active       1  mysql-k8s         8.0/edge     164  10.152.183.158  no       \\nmysql-router-k8s  8.0.37-0ubuntu0.22.04.3  waiting      3  mysql-router-k8s  8.0/edge       0  10.152.183.50   no       waiting for units to settle down\\nmysql-test-app    0.0.2                    active       1  mysql-test-app    latest/edge   46  10.152.183.96   no       \\n\\nUnit                 Workload  Agent  Address      Ports  Message\\nmysql-k8s/0*         active    idle   10.1.195.77         Primary\\nmysql-router-k8s/0   active    idle   10.1.195.73         Router 8.0.37 running (restart pending); Charmed operator 1.2+266066c\\nmysql-router-k8s/1   active    idle   10.1.195.75         Router 8.0.37 running (restart pending); Charmed operator 1.2+266066c\\nmysql-router-k8s/2*  blocked   idle   10.1.195.78         Upgrade incompatible. Rollback to previous revision with `juju refresh`\\nmysql-test-app/0*    active    idle   10.1.195.72         \\n' = get_juju_status('test')\n +    where 'test' = <juju.model.Model object at 0x7f1a92c3b7c0>.name\n +      where <juju.model.Model object at 0x7f1a92c3b7c0> = <pytest_operator.plugin.OpsTest object at 0x7f1a92a50ee0>.model","time":{"start":1721959955175,"stop":1721960292354,"duration":337179}},{"uid":"46e3a5798f7ac403","reportUrl":"../172//#testresult/46e3a5798f7ac403","status":"skipped","statusDetails":"XFAIL reason: aborted\n\n_pytest.outcomes.XFailed: aborted","time":{"start":1721787471623,"stop":1721787471623,"duration":0}},{"uid":"91d4fe65644bed02","reportUrl":"../169//#testresult/91d4fe65644bed02","status":"failed","statusDetails":"AssertionError: None of the units are upgraded\nassert '+testupgrade' in 'Model  Controller          Cloud/Region        Version  SLA          Timestamp\\ntest   microk8s-localhost  microk8s/localhost  3.4.3    unsupported  02:18:07Z\\n\\nApp               Version                  Status   Scale  Charm             Channel      Rev  Address        Exposed  Message\\nmysql-k8s         8.0.37-0ubuntu0.22.04.3  active       1  mysql-k8s         8.0/edge     162  10.152.183.60  no       \\nmysql-router-k8s  8.0.37-0ubuntu0.22.04.3  waiting      3  mysql-router-k8s  8.0/edge       0  10.152.183.59  no       waiting for units to settle down\\nmysql-test-app    0.0.2                    active       1  mysql-test-app    latest/edge   46  10.152.183.45  no       Last written value=22923\\n\\nUnit                 Workload  Agent  Address      Ports  Message\\nmysql-k8s/0*         active    idle   10.1.204.13         Primary\\nmysql-router-k8s/0   active    idle   10.1.204.8          Router 8.0.37 running (restart pending); Charmed operator 1.2+266066c\\nmysql-router-k8s/1   active    idle   10.1.204.9          Router 8.0.37 running (restart pending); Charmed operator 1.2+266066c\\nmysql-router-k8s/2*  blocked   idle   10.1.204.14         Upgrade incompatible. Rollback to previous revision with `juju refresh`\\nmysql-test-app/0*    active    idle   10.1.204.12         Last written value=22923\\n'\n +  where 'Model  Controller          Cloud/Region        Version  SLA          Timestamp\\ntest   microk8s-localhost  microk8s/localhost  3.4.3    unsupported  02:18:07Z\\n\\nApp               Version                  Status   Scale  Charm             Channel      Rev  Address        Exposed  Message\\nmysql-k8s         8.0.37-0ubuntu0.22.04.3  active       1  mysql-k8s         8.0/edge     162  10.152.183.60  no       \\nmysql-router-k8s  8.0.37-0ubuntu0.22.04.3  waiting      3  mysql-router-k8s  8.0/edge       0  10.152.183.59  no       waiting for units to settle down\\nmysql-test-app    0.0.2                    active       1  mysql-test-app    latest/edge   46  10.152.183.45  no       Last written value=22923\\n\\nUnit                 Workload  Agent  Address      Ports  Message\\nmysql-k8s/0*         active    idle   10.1.204.13         Primary\\nmysql-router-k8s/0   active    idle   10.1.204.8          Router 8.0.37 running (restart pending); Charmed operator 1.2+266066c\\nmysql-router-k8s/1   active    idle   10.1.204.9          Router 8.0.37 running (restart pending); Charmed operator 1.2+266066c\\nmysql-router-k8s/2*  blocked   idle   10.1.204.14         Upgrade incompatible. Rollback to previous revision with `juju refresh`\\nmysql-test-app/0*    active    idle   10.1.204.12         Last written value=22923\\n' = get_juju_status('test')\n +    where 'test' = <juju.model.Model object at 0x7fa91daa9930>.name\n +      where <juju.model.Model object at 0x7fa91daa9930> = <pytest_operator.plugin.OpsTest object at 0x7fa91e3fdcc0>.model","time":{"start":1721700751479,"stop":1721701087349,"duration":335870}},{"uid":"1326405dd4514cf4","reportUrl":"../166//#testresult/1326405dd4514cf4","status":"failed","statusDetails":"AssertionError: None of the units are upgraded\nassert '+testupgrade' in 'Model  Controller          Cloud/Region        Version  SLA          Timestamp\\ntest   microk8s-localhost  microk8s/localhost  3.4.3    unsupported  02:22:11Z\\n\\nApp               Version                  Status   Scale  Charm             Channel      Rev  Address         Exposed  Message\\nmysql-k8s         8.0.37-0ubuntu0.22.04.3  active       1  mysql-k8s         8.0/edge     162  10.152.183.72   no       \\nmysql-router-k8s  8.0.37-0ubuntu0.22.04.3  waiting      3  mysql-router-k8s  8.0/edge       0  10.152.183.62   no       waiting for units to settle down\\nmysql-test-app    0.0.2                    active       1  mysql-test-app    latest/edge   46  10.152.183.247  no       \\n\\nUnit                 Workload  Agent  Address    Ports  Message\\nmysql-k8s/0*         active    idle   10.1.5.77         Primary\\nmysql-router-k8s/0   active    idle   10.1.5.73         Router 8.0.37 running (restart pending); Charmed operator 1.2+266066c\\nmysql-router-k8s/1   active    idle   10.1.5.74         Router 8.0.37 running (restart pending); Charmed operator 1.2+266066c\\nmysql-router-k8s/2*  blocked   idle   10.1.5.78         Upgrade incompatible. Rollback to previous revision with `juju refresh`\\nmysql-test-app/0*    active    idle   10.1.5.72         \\n'\n +  where 'Model  Controller          Cloud/Region        Version  SLA          Timestamp\\ntest   microk8s-localhost  microk8s/localhost  3.4.3    unsupported  02:22:11Z\\n\\nApp               Version                  Status   Scale  Charm             Channel      Rev  Address         Exposed  Message\\nmysql-k8s         8.0.37-0ubuntu0.22.04.3  active       1  mysql-k8s         8.0/edge     162  10.152.183.72   no       \\nmysql-router-k8s  8.0.37-0ubuntu0.22.04.3  waiting      3  mysql-router-k8s  8.0/edge       0  10.152.183.62   no       waiting for units to settle down\\nmysql-test-app    0.0.2                    active       1  mysql-test-app    latest/edge   46  10.152.183.247  no       \\n\\nUnit                 Workload  Agent  Address    Ports  Message\\nmysql-k8s/0*         active    idle   10.1.5.77         Primary\\nmysql-router-k8s/0   active    idle   10.1.5.73         Router 8.0.37 running (restart pending); Charmed operator 1.2+266066c\\nmysql-router-k8s/1   active    idle   10.1.5.74         Router 8.0.37 running (restart pending); Charmed operator 1.2+266066c\\nmysql-router-k8s/2*  blocked   idle   10.1.5.78         Upgrade incompatible. Rollback to previous revision with `juju refresh`\\nmysql-test-app/0*    active    idle   10.1.5.72         \\n' = get_juju_status('test')\n +    where 'test' = <juju.model.Model object at 0x7fa2aef97730>.name\n +      where <juju.model.Model object at 0x7fa2aef97730> = <pytest_operator.plugin.OpsTest object at 0x7fa2aec8db40>.model","time":{"start":1721614592387,"stop":1721614931989,"duration":339602}},{"uid":"e5946944b1b4cd47","reportUrl":"../165//#testresult/e5946944b1b4cd47","status":"failed","statusDetails":"AssertionError: None of the units are upgraded\nassert '+testupgrade' in 'Model  Controller          Cloud/Region        Version  SLA          Timestamp\\ntest   microk8s-localhost  microk8s/localhost  3.4.3    unsupported  02:22:10Z\\n\\nApp               Version                  Status   Scale  Charm             Channel      Rev  Address         Exposed  Message\\nmysql-k8s         8.0.37-0ubuntu0.22.04.3  active       1  mysql-k8s         8.0/edge     162  10.152.183.191  no       \\nmysql-router-k8s  8.0.37-0ubuntu0.22.04.3  waiting      3  mysql-router-k8s  8.0/edge       0  10.152.183.141  no       installing agent\\nmysql-test-app    0.0.2                    active       1  mysql-test-app    latest/edge   46  10.152.183.128  no       Last written value=26474\\n\\nUnit                 Workload  Agent  Address      Ports  Message\\nmysql-k8s/0*         active    idle   10.1.85.141         Primary\\nmysql-router-k8s/0*  active    idle   10.1.85.136         Router 8.0.37 running (restart pending); Charmed operator 1.2+266066c\\nmysql-router-k8s/1   active    idle   10.1.85.137         Router 8.0.37 running (restart pending); Charmed operator 1.2+266066c\\nmysql-router-k8s/2   blocked   idle   10.1.85.142         Upgrade incompatible. Rollback to previous revision with `juju refresh`\\nmysql-test-app/0*    active    idle   10.1.85.139         Last written value=26474\\n'\n +  where 'Model  Controller          Cloud/Region        Version  SLA          Timestamp\\ntest   microk8s-localhost  microk8s/localhost  3.4.3    unsupported  02:22:10Z\\n\\nApp               Version                  Status   Scale  Charm             Channel      Rev  Address         Exposed  Message\\nmysql-k8s         8.0.37-0ubuntu0.22.04.3  active       1  mysql-k8s         8.0/edge     162  10.152.183.191  no       \\nmysql-router-k8s  8.0.37-0ubuntu0.22.04.3  waiting      3  mysql-router-k8s  8.0/edge       0  10.152.183.141  no       installing agent\\nmysql-test-app    0.0.2                    active       1  mysql-test-app    latest/edge   46  10.152.183.128  no       Last written value=26474\\n\\nUnit                 Workload  Agent  Address      Ports  Message\\nmysql-k8s/0*         active    idle   10.1.85.141         Primary\\nmysql-router-k8s/0*  active    idle   10.1.85.136         Router 8.0.37 running (restart pending); Charmed operator 1.2+266066c\\nmysql-router-k8s/1   active    idle   10.1.85.137         Router 8.0.37 running (restart pending); Charmed operator 1.2+266066c\\nmysql-router-k8s/2   blocked   idle   10.1.85.142         Upgrade incompatible. Rollback to previous revision with `juju refresh`\\nmysql-test-app/0*    active    idle   10.1.85.139         Last written value=26474\\n' = get_juju_status('test')\n +    where 'test' = <juju.model.Model object at 0x7fcdfc359750>.name\n +      where <juju.model.Model object at 0x7fcdfc359750> = <pytest_operator.plugin.OpsTest object at 0x7fce007baef0>.model","time":{"start":1721528203626,"stop":1721528530850,"duration":327224}},{"uid":"b55cc5a776d05764","reportUrl":"../164//#testresult/b55cc5a776d05764","status":"failed","statusDetails":"AssertionError: None of the units are upgraded\nassert '+testupgrade' in 'Model  Controller          Cloud/Region        Version  SLA          Timestamp\\ntest   microk8s-localhost  microk8s/localhost  3.4.3    unsupported  02:15:02Z\\n\\nApp               Version                  Status   Scale  Charm             Channel      Rev  Address         Exposed  Message\\nmysql-k8s         8.0.37-0ubuntu0.22.04.3  active       1  mysql-k8s         8.0/edge     162  10.152.183.31   no       \\nmysql-router-k8s  8.0.37-0ubuntu0.22.04.3  waiting      3  mysql-router-k8s  8.0/edge       0  10.152.183.160  no       waiting for units to settle down\\nmysql-test-app    0.0.2                    active       1  mysql-test-app    latest/edge   46  10.152.183.125  no       \\n\\nUnit                 Workload  Agent  Address       Ports  Message\\nmysql-k8s/0*         active    idle   10.1.191.205         Primary\\nmysql-router-k8s/0   active    idle   10.1.191.200         Router 8.0.37 running (restart pending); Charmed operator 1.2+266066c\\nmysql-router-k8s/1   active    idle   10.1.191.202         Router 8.0.37 running (restart pending); Charmed operator 1.2+266066c\\nmysql-router-k8s/2*  blocked   idle   10.1.191.206         Upgrade incompatible. Rollback to previous revision with `juju refresh`\\nmysql-test-app/0*    active    idle   10.1.191.204         \\n'\n +  where 'Model  Controller          Cloud/Region        Version  SLA          Timestamp\\ntest   microk8s-localhost  microk8s/localhost  3.4.3    unsupported  02:15:02Z\\n\\nApp               Version                  Status   Scale  Charm             Channel      Rev  Address         Exposed  Message\\nmysql-k8s         8.0.37-0ubuntu0.22.04.3  active       1  mysql-k8s         8.0/edge     162  10.152.183.31   no       \\nmysql-router-k8s  8.0.37-0ubuntu0.22.04.3  waiting      3  mysql-router-k8s  8.0/edge       0  10.152.183.160  no       waiting for units to settle down\\nmysql-test-app    0.0.2                    active       1  mysql-test-app    latest/edge   46  10.152.183.125  no       \\n\\nUnit                 Workload  Agent  Address       Ports  Message\\nmysql-k8s/0*         active    idle   10.1.191.205         Primary\\nmysql-router-k8s/0   active    idle   10.1.191.200         Router 8.0.37 running (restart pending); Charmed operator 1.2+266066c\\nmysql-router-k8s/1   active    idle   10.1.191.202         Router 8.0.37 running (restart pending); Charmed operator 1.2+266066c\\nmysql-router-k8s/2*  blocked   idle   10.1.191.206         Upgrade incompatible. Rollback to previous revision with `juju refresh`\\nmysql-test-app/0*    active    idle   10.1.191.204         \\n' = get_juju_status('test')\n +    where 'test' = <juju.model.Model object at 0x7f43a2b64100>.name\n +      where <juju.model.Model object at 0x7f43a2b64100> = <pytest_operator.plugin.OpsTest object at 0x7f43a2b83910>.model","time":{"start":1721441365679,"stop":1721441702904,"duration":337225}},{"uid":"c2e481a0e40bfaea","reportUrl":"../163//#testresult/c2e481a0e40bfaea","status":"failed","statusDetails":"AssertionError: None of the units are upgraded\nassert '+testupgrade' in 'Model  Controller          Cloud/Region        Version  SLA          Timestamp\\ntest   microk8s-localhost  microk8s/localhost  3.4.3    unsupported  02:17:24Z\\n\\nApp               Version                  Status   Scale  Charm             Channel      Rev  Address         Exposed  Message\\nmysql-k8s         8.0.37-0ubuntu0.22.04.3  active       1  mysql-k8s         8.0/edge     162  10.152.183.201  no       \\nmysql-router-k8s  8.0.37-0ubuntu0.22.04.3  waiting      3  mysql-router-k8s  8.0/edge       0  10.152.183.96   no       installing agent\\nmysql-test-app    0.0.2                    active       1  mysql-test-app    latest/edge   46  10.152.183.119  no       \\n\\nUnit                 Workload  Agent  Address      Ports  Message\\nmysql-k8s/0*         active    idle   10.1.124.74         Primary\\nmysql-router-k8s/0   active    idle   10.1.124.73         Router 8.0.37 running (restart pending); Charmed operator 1.2+92ba15a\\nmysql-router-k8s/1*  active    idle   10.1.124.76         Router 8.0.37 running (restart pending); Charmed operator 1.2+92ba15a\\nmysql-router-k8s/2   blocked   idle   10.1.124.78         Upgrade incompatible. Rollback to previous revision with `juju refresh`\\nmysql-test-app/0*    active    idle   10.1.124.77         \\n'\n +  where 'Model  Controller          Cloud/Region        Version  SLA          Timestamp\\ntest   microk8s-localhost  microk8s/localhost  3.4.3    unsupported  02:17:24Z\\n\\nApp               Version                  Status   Scale  Charm             Channel      Rev  Address         Exposed  Message\\nmysql-k8s         8.0.37-0ubuntu0.22.04.3  active       1  mysql-k8s         8.0/edge     162  10.152.183.201  no       \\nmysql-router-k8s  8.0.37-0ubuntu0.22.04.3  waiting      3  mysql-router-k8s  8.0/edge       0  10.152.183.96   no       installing agent\\nmysql-test-app    0.0.2                    active       1  mysql-test-app    latest/edge   46  10.152.183.119  no       \\n\\nUnit                 Workload  Agent  Address      Ports  Message\\nmysql-k8s/0*         active    idle   10.1.124.74         Primary\\nmysql-router-k8s/0   active    idle   10.1.124.73         Router 8.0.37 running (restart pending); Charmed operator 1.2+92ba15a\\nmysql-router-k8s/1*  active    idle   10.1.124.76         Router 8.0.37 running (restart pending); Charmed operator 1.2+92ba15a\\nmysql-router-k8s/2   blocked   idle   10.1.124.78         Upgrade incompatible. Rollback to previous revision with `juju refresh`\\nmysql-test-app/0*    active    idle   10.1.124.77         \\n' = get_juju_status('test')\n +    where 'test' = <juju.model.Model object at 0x7f5d4a175720>.name\n +      where <juju.model.Model object at 0x7f5d4a175720> = <pytest_operator.plugin.OpsTest object at 0x7f5d4a191240>.model","time":{"start":1721355117135,"stop":1721355444139,"duration":327004}},{"uid":"ae28a4355a2e2bca","reportUrl":"../161//#testresult/ae28a4355a2e2bca","status":"failed","statusDetails":"AssertionError: None of the units are upgraded\nassert '+testupgrade' in 'Model  Controller          Cloud/Region        Version  SLA          Timestamp\\ntest   microk8s-localhost  microk8s/localhost  3.4.3    unsupported  02:22:18Z\\n\\nApp               Version                  Status   Scale  Charm             Channel      Rev  Address         Exposed  Message\\nmysql-k8s         8.0.37-0ubuntu0.22.04.3  active       1  mysql-k8s         8.0/edge     160  10.152.183.154  no       \\nmysql-router-k8s  8.0.37-0ubuntu0.22.04.3  waiting      3  mysql-router-k8s  8.0/edge       0  10.152.183.60   no       installing agent\\nmysql-test-app    0.0.2                    active       1  mysql-test-app    latest/edge   46  10.152.183.227  no       \\n\\nUnit                 Workload  Agent  Address     Ports  Message\\nmysql-k8s/0*         active    idle   10.1.39.10         Primary\\nmysql-router-k8s/0   active    idle   10.1.39.11         Router 8.0.37 running (restart pending); Charmed operator 1.2+92ba15a\\nmysql-router-k8s/1*  active    idle   10.1.39.13         Router 8.0.37 running (restart pending); Charmed operator 1.2+92ba15a\\nmysql-router-k8s/2   blocked   idle   10.1.39.14         Upgrade incompatible. Rollback to previous revision with `juju refresh`\\nmysql-test-app/0*    active    idle   10.1.39.9          \\n'\n +  where 'Model  Controller          Cloud/Region        Version  SLA          Timestamp\\ntest   microk8s-localhost  microk8s/localhost  3.4.3    unsupported  02:22:18Z\\n\\nApp               Version                  Status   Scale  Charm             Channel      Rev  Address         Exposed  Message\\nmysql-k8s         8.0.37-0ubuntu0.22.04.3  active       1  mysql-k8s         8.0/edge     160  10.152.183.154  no       \\nmysql-router-k8s  8.0.37-0ubuntu0.22.04.3  waiting      3  mysql-router-k8s  8.0/edge       0  10.152.183.60   no       installing agent\\nmysql-test-app    0.0.2                    active       1  mysql-test-app    latest/edge   46  10.152.183.227  no       \\n\\nUnit                 Workload  Agent  Address     Ports  Message\\nmysql-k8s/0*         active    idle   10.1.39.10         Primary\\nmysql-router-k8s/0   active    idle   10.1.39.11         Router 8.0.37 running (restart pending); Charmed operator 1.2+92ba15a\\nmysql-router-k8s/1*  active    idle   10.1.39.13         Router 8.0.37 running (restart pending); Charmed operator 1.2+92ba15a\\nmysql-router-k8s/2   blocked   idle   10.1.39.14         Upgrade incompatible. Rollback to previous revision with `juju refresh`\\nmysql-test-app/0*    active    idle   10.1.39.9          \\n' = get_juju_status('test')\n +    where 'test' = <juju.model.Model object at 0x7fa9659670a0>.name\n +      where <juju.model.Model object at 0x7fa9659670a0> = <pytest_operator.plugin.OpsTest object at 0x7fa964d76ec0>.model","time":{"start":1721269011906,"stop":1721269338594,"duration":326688}},{"uid":"8098e134610e49f1","reportUrl":"../158//#testresult/8098e134610e49f1","status":"failed","statusDetails":"AssertionError: None of the units are upgraded\nassert '+testupgrade' in 'Model  Controller          Cloud/Region        Version  SLA          Timestamp\\ntest   microk8s-localhost  microk8s/localhost  3.4.3    unsupported  02:19:01Z\\n\\nApp               Version                  Status   Scale  Charm             Channel      Rev  Address         Exposed  Message\\nmysql-k8s         8.0.37-0ubuntu0.22.04.3  active       1  mysql-k8s         8.0/edge     160  10.152.183.196  no       \\nmysql-router-k8s  8.0.37-0ubuntu0.22.04.3  waiting      3  mysql-router-k8s  8.0/edge       0  10.152.183.186  no       waiting for units to settle down\\nmysql-test-app    0.0.2                    active       1  mysql-test-app    latest/edge   46  10.152.183.161  no       \\n\\nUnit                 Workload  Agent      Address     Ports  Message\\nmysql-k8s/0*         active    executing  10.1.66.13         Primary\\nmysql-router-k8s/0   active    idle       10.1.66.8          Router 8.0.37 running (restart pending); Charmed operator 1.2+cb87104\\nmysql-router-k8s/1   active    idle       10.1.66.9          Router 8.0.37 running (restart pending); Charmed operator 1.2+cb87104\\nmysql-router-k8s/2*  blocked   idle       10.1.66.14         Upgrade incompatible. Rollback to previous revision with `juju refresh`\\nmysql-test-app/0*    active    idle       10.1.66.11         \\n'\n +  where 'Model  Controller          Cloud/Region        Version  SLA          Timestamp\\ntest   microk8s-localhost  microk8s/localhost  3.4.3    unsupported  02:19:01Z\\n\\nApp               Version                  Status   Scale  Charm             Channel      Rev  Address         Exposed  Message\\nmysql-k8s         8.0.37-0ubuntu0.22.04.3  active       1  mysql-k8s         8.0/edge     160  10.152.183.196  no       \\nmysql-router-k8s  8.0.37-0ubuntu0.22.04.3  waiting      3  mysql-router-k8s  8.0/edge       0  10.152.183.186  no       waiting for units to settle down\\nmysql-test-app    0.0.2                    active       1  mysql-test-app    latest/edge   46  10.152.183.161  no       \\n\\nUnit                 Workload  Agent      Address     Ports  Message\\nmysql-k8s/0*         active    executing  10.1.66.13         Primary\\nmysql-router-k8s/0   active    idle       10.1.66.8          Router 8.0.37 running (restart pending); Charmed operator 1.2+cb87104\\nmysql-router-k8s/1   active    idle       10.1.66.9          Router 8.0.37 running (restart pending); Charmed operator 1.2+cb87104\\nmysql-router-k8s/2*  blocked   idle       10.1.66.14         Upgrade incompatible. Rollback to previous revision with `juju refresh`\\nmysql-test-app/0*    active    idle       10.1.66.11         \\n' = get_juju_status('test')\n +    where 'test' = <juju.model.Model object at 0x7fd97316aec0>.name\n +      where <juju.model.Model object at 0x7fd97316aec0> = <pytest_operator.plugin.OpsTest object at 0x7fd972c1c940>.model","time":{"start":1721182403270,"stop":1721182741091,"duration":337821}},{"uid":"1dc58e0d8cb696e2","reportUrl":"../157//#testresult/1dc58e0d8cb696e2","status":"failed","statusDetails":"AssertionError: None of the units are upgraded\nassert '+testupgrade' in 'Model  Controller          Cloud/Region        Version  SLA          Timestamp\\ntest   microk8s-localhost  microk8s/localhost  3.4.3    unsupported  02:20:40Z\\n\\nApp               Version                  Status   Scale  Charm             Channel      Rev  Address         Exposed  Message\\nmysql-k8s         8.0.37-0ubuntu0.22.04.3  active       1  mysql-k8s         8.0/edge     160  10.152.183.24   no       \\nmysql-router-k8s  8.0.37-0ubuntu0.22.04.3  waiting      3  mysql-router-k8s  8.0/edge       0  10.152.183.234  no       waiting for units to settle down\\nmysql-test-app    0.0.2                    active       1  mysql-test-app    latest/edge   46  10.152.183.83   no       Last written value=25171\\n\\nUnit                 Workload  Agent  Address       Ports  Message\\nmysql-k8s/0*         active    idle   10.1.210.141         Primary\\nmysql-router-k8s/0   active    idle   10.1.210.136         Router 8.0.37 running (restart pending); Charmed operator 1.2+c5db3af\\nmysql-router-k8s/1   active    idle   10.1.210.138         Router 8.0.37 running (restart pending); Charmed operator 1.2+c5db3af\\nmysql-router-k8s/2*  blocked   idle   10.1.210.142         Upgrade incompatible. Rollback to previous revision with `juju refresh`\\nmysql-test-app/0*    active    idle   10.1.210.139         Last written value=25171\\n'\n +  where 'Model  Controller          Cloud/Region        Version  SLA          Timestamp\\ntest   microk8s-localhost  microk8s/localhost  3.4.3    unsupported  02:20:40Z\\n\\nApp               Version                  Status   Scale  Charm             Channel      Rev  Address         Exposed  Message\\nmysql-k8s         8.0.37-0ubuntu0.22.04.3  active       1  mysql-k8s         8.0/edge     160  10.152.183.24   no       \\nmysql-router-k8s  8.0.37-0ubuntu0.22.04.3  waiting      3  mysql-router-k8s  8.0/edge       0  10.152.183.234  no       waiting for units to settle down\\nmysql-test-app    0.0.2                    active       1  mysql-test-app    latest/edge   46  10.152.183.83   no       Last written value=25171\\n\\nUnit                 Workload  Agent  Address       Ports  Message\\nmysql-k8s/0*         active    idle   10.1.210.141         Primary\\nmysql-router-k8s/0   active    idle   10.1.210.136         Router 8.0.37 running (restart pending); Charmed operator 1.2+c5db3af\\nmysql-router-k8s/1   active    idle   10.1.210.138         Router 8.0.37 running (restart pending); Charmed operator 1.2+c5db3af\\nmysql-router-k8s/2*  blocked   idle   10.1.210.142         Upgrade incompatible. Rollback to previous revision with `juju refresh`\\nmysql-test-app/0*    active    idle   10.1.210.139         Last written value=25171\\n' = get_juju_status('test')\n +    where 'test' = <juju.model.Model object at 0x7f523a547490>.name\n +      where <juju.model.Model object at 0x7f523a547490> = <pytest_operator.plugin.OpsTest object at 0x7f5239c1dd20>.model","time":{"start":1721096098467,"stop":1721096440430,"duration":341963}},{"uid":"758f8ffca2c1dbed","reportUrl":"../156//#testresult/758f8ffca2c1dbed","status":"failed","statusDetails":"AssertionError: None of the units are upgraded\nassert '+testupgrade' in 'Model  Controller          Cloud/Region        Version  SLA          Timestamp\\ntest   microk8s-localhost  microk8s/localhost  3.4.3    unsupported  02:22:07Z\\n\\nApp               Version                  Status   Scale  Charm             Channel      Rev  Address         Exposed  Message\\nmysql-k8s         8.0.37-0ubuntu0.22.04.3  active       1  mysql-k8s         8.0/edge     160  10.152.183.124  no       \\nmysql-router-k8s  8.0.37-0ubuntu0.22.04.3  waiting      3  mysql-router-k8s  8.0/edge       0  10.152.183.154  no       waiting for units to settle down\\nmysql-test-app    0.0.2                    active       1  mysql-test-app    latest/edge   46  10.152.183.116  no       Last written value=28342\\n\\nUnit                 Workload  Agent  Address     Ports  Message\\nmysql-k8s/0*         active    idle   10.1.33.13         Primary\\nmysql-router-k8s/0   active    idle   10.1.33.9          Router 8.0.37 running (restart pending); Charmed operator 1.2+c5db3af\\nmysql-router-k8s/1   active    idle   10.1.33.11         Router 8.0.37 running (restart pending); Charmed operator 1.2+c5db3af\\nmysql-router-k8s/2*  blocked   idle   10.1.33.14         Upgrade incompatible. Rollback to previous revision with `juju refresh`\\nmysql-test-app/0*    active    idle   10.1.33.8          Last written value=28342\\n'\n +  where 'Model  Controller          Cloud/Region        Version  SLA          Timestamp\\ntest   microk8s-localhost  microk8s/localhost  3.4.3    unsupported  02:22:07Z\\n\\nApp               Version                  Status   Scale  Charm             Channel      Rev  Address         Exposed  Message\\nmysql-k8s         8.0.37-0ubuntu0.22.04.3  active       1  mysql-k8s         8.0/edge     160  10.152.183.124  no       \\nmysql-router-k8s  8.0.37-0ubuntu0.22.04.3  waiting      3  mysql-router-k8s  8.0/edge       0  10.152.183.154  no       waiting for units to settle down\\nmysql-test-app    0.0.2                    active       1  mysql-test-app    latest/edge   46  10.152.183.116  no       Last written value=28342\\n\\nUnit                 Workload  Agent  Address     Ports  Message\\nmysql-k8s/0*         active    idle   10.1.33.13         Primary\\nmysql-router-k8s/0   active    idle   10.1.33.9          Router 8.0.37 running (restart pending); Charmed operator 1.2+c5db3af\\nmysql-router-k8s/1   active    idle   10.1.33.11         Router 8.0.37 running (restart pending); Charmed operator 1.2+c5db3af\\nmysql-router-k8s/2*  blocked   idle   10.1.33.14         Upgrade incompatible. Rollback to previous revision with `juju refresh`\\nmysql-test-app/0*    active    idle   10.1.33.8          Last written value=28342\\n' = get_juju_status('test')\n +    where 'test' = <juju.model.Model object at 0x7f6686542860>.name\n +      where <juju.model.Model object at 0x7f6686542860> = <pytest_operator.plugin.OpsTest object at 0x7f6685c1b880>.model","time":{"start":1721009791256,"stop":1721010127865,"duration":336609}},{"uid":"9c0a81f449f397d3","reportUrl":"../155//#testresult/9c0a81f449f397d3","status":"failed","statusDetails":"AssertionError: None of the units are upgraded\nassert '+testupgrade' in 'Model  Controller          Cloud/Region        Version  SLA          Timestamp\\ntest   microk8s-localhost  microk8s/localhost  3.4.3    unsupported  02:24:50Z\\n\\nApp               Version                  Status   Scale  Charm             Channel      Rev  Address         Exposed  Message\\nmysql-k8s         8.0.37-0ubuntu0.22.04.3  active       1  mysql-k8s         8.0/edge     160  10.152.183.19   no       \\nmysql-router-k8s  8.0.37-0ubuntu0.22.04.3  waiting      3  mysql-router-k8s  8.0/edge       0  10.152.183.179  no       installing agent\\nmysql-test-app    0.0.2                    active       1  mysql-test-app    latest/edge   46  10.152.183.236  no       Last written value=20468\\n\\nUnit                 Workload  Agent  Address      Ports  Message\\nmysql-k8s/0*         active    idle   10.1.67.205         Primary\\nmysql-router-k8s/0*  active    idle   10.1.67.201         Router 8.0.37 running (restart pending); Charmed operator 1.2+c5db3af\\nmysql-router-k8s/1   active    idle   10.1.67.202         Router 8.0.37 running (restart pending); Charmed operator 1.2+c5db3af\\nmysql-router-k8s/2   blocked   idle   10.1.67.206         Upgrade incompatible. Rollback to previous revision with `juju refresh`\\nmysql-test-app/0*    active    idle   10.1.67.200         Last written value=20468\\n'\n +  where 'Model  Controller          Cloud/Region        Version  SLA          Timestamp\\ntest   microk8s-localhost  microk8s/localhost  3.4.3    unsupported  02:24:50Z\\n\\nApp               Version                  Status   Scale  Charm             Channel      Rev  Address         Exposed  Message\\nmysql-k8s         8.0.37-0ubuntu0.22.04.3  active       1  mysql-k8s         8.0/edge     160  10.152.183.19   no       \\nmysql-router-k8s  8.0.37-0ubuntu0.22.04.3  waiting      3  mysql-router-k8s  8.0/edge       0  10.152.183.179  no       installing agent\\nmysql-test-app    0.0.2                    active       1  mysql-test-app    latest/edge   46  10.152.183.236  no       Last written value=20468\\n\\nUnit                 Workload  Agent  Address      Ports  Message\\nmysql-k8s/0*         active    idle   10.1.67.205         Primary\\nmysql-router-k8s/0*  active    idle   10.1.67.201         Router 8.0.37 running (restart pending); Charmed operator 1.2+c5db3af\\nmysql-router-k8s/1   active    idle   10.1.67.202         Router 8.0.37 running (restart pending); Charmed operator 1.2+c5db3af\\nmysql-router-k8s/2   blocked   idle   10.1.67.206         Upgrade incompatible. Rollback to previous revision with `juju refresh`\\nmysql-test-app/0*    active    idle   10.1.67.200         Last written value=20468\\n' = get_juju_status('test')\n +    where 'test' = <juju.model.Model object at 0x7f25c76c8b20>.name\n +      where <juju.model.Model object at 0x7f25c76c8b20> = <pytest_operator.plugin.OpsTest object at 0x7f25c77e2950>.model","time":{"start":1720923563409,"stop":1720923890075,"duration":326666}},{"uid":"bb79682ead803cbf","reportUrl":"../154//#testresult/bb79682ead803cbf","status":"failed","statusDetails":"AssertionError: None of the units are upgraded\nassert '+testupgrade' in 'Model  Controller          Cloud/Region        Version  SLA          Timestamp\\ntest   microk8s-localhost  microk8s/localhost  3.4.3    unsupported  02:16:28Z\\n\\nApp               Version                  Status   Scale  Charm             Channel      Rev  Address        Exposed  Message\\nmysql-k8s         8.0.37-0ubuntu0.22.04.3  active       1  mysql-k8s         8.0/edge     160  10.152.183.80  no       \\nmysql-router-k8s  8.0.37-0ubuntu0.22.04.3  waiting      3  mysql-router-k8s  8.0/edge       0  10.152.183.45  no       waiting for units to settle down\\nmysql-test-app    0.0.2                    active       1  mysql-test-app    latest/edge   46  10.152.183.93  no       \\n\\nUnit                 Workload  Agent  Address     Ports  Message\\nmysql-k8s/0*         active    idle   10.1.39.77         Primary\\nmysql-router-k8s/0   active    idle   10.1.39.72         Router 8.0.37 running (restart pending); Charmed operator 1.2+c5db3af\\nmysql-router-k8s/1   active    idle   10.1.39.74         Router 8.0.37 running (restart pending); Charmed operator 1.2+c5db3af\\nmysql-router-k8s/2*  blocked   idle   10.1.39.78         Upgrade incompatible. Rollback to previous revision with `juju refresh`\\nmysql-test-app/0*    active    idle   10.1.39.75         \\n'\n +  where 'Model  Controller          Cloud/Region        Version  SLA          Timestamp\\ntest   microk8s-localhost  microk8s/localhost  3.4.3    unsupported  02:16:28Z\\n\\nApp               Version                  Status   Scale  Charm             Channel      Rev  Address        Exposed  Message\\nmysql-k8s         8.0.37-0ubuntu0.22.04.3  active       1  mysql-k8s         8.0/edge     160  10.152.183.80  no       \\nmysql-router-k8s  8.0.37-0ubuntu0.22.04.3  waiting      3  mysql-router-k8s  8.0/edge       0  10.152.183.45  no       waiting for units to settle down\\nmysql-test-app    0.0.2                    active       1  mysql-test-app    latest/edge   46  10.152.183.93  no       \\n\\nUnit                 Workload  Agent  Address     Ports  Message\\nmysql-k8s/0*         active    idle   10.1.39.77         Primary\\nmysql-router-k8s/0   active    idle   10.1.39.72         Router 8.0.37 running (restart pending); Charmed operator 1.2+c5db3af\\nmysql-router-k8s/1   active    idle   10.1.39.74         Router 8.0.37 running (restart pending); Charmed operator 1.2+c5db3af\\nmysql-router-k8s/2*  blocked   idle   10.1.39.78         Upgrade incompatible. Rollback to previous revision with `juju refresh`\\nmysql-test-app/0*    active    idle   10.1.39.75         \\n' = get_juju_status('test')\n +    where 'test' = <juju.model.Model object at 0x7f39850fe1a0>.name\n +      where <juju.model.Model object at 0x7f39850fe1a0> = <pytest_operator.plugin.OpsTest object at 0x7f3984d1dc00>.model","time":{"start":1720836651549,"stop":1720836988518,"duration":336969}},{"uid":"fcfa96406ff9633a","reportUrl":"../152//#testresult/fcfa96406ff9633a","status":"failed","statusDetails":"AssertionError: None of the units are upgraded\nassert '+testupgrade' in 'Model  Controller          Cloud/Region        Version  SLA          Timestamp\\ntest   microk8s-localhost  microk8s/localhost  3.4.3    unsupported  02:16:31Z\\n\\nApp               Version                  Status   Scale  Charm             Channel      Rev  Address         Exposed  Message\\nmysql-k8s         8.0.37-0ubuntu0.22.04.3  active       1  mysql-k8s         8.0/edge     160  10.152.183.132  no       \\nmysql-router-k8s  8.0.37-0ubuntu0.22.04.3  waiting      3  mysql-router-k8s  8.0/edge       0  10.152.183.147  no       waiting for units to settle down\\nmysql-test-app    0.0.2                    active       1  mysql-test-app    latest/edge   46  10.152.183.68   no       \\n\\nUnit                 Workload  Agent  Address      Ports  Message\\nmysql-k8s/0*         active    idle   10.1.142.77         Primary\\nmysql-router-k8s/0   active    idle   10.1.142.72         Router 8.0.37 running (restart pending); Charmed operator 1.2+c5db3af\\nmysql-router-k8s/1   active    idle   10.1.142.74         Router 8.0.37 running (restart pending); Charmed operator 1.2+c5db3af\\nmysql-router-k8s/2*  blocked   idle   10.1.142.78         Upgrade incompatible. Rollback to previous revision with `juju refresh`\\nmysql-test-app/0*    active    idle   10.1.142.75         \\n'\n +  where 'Model  Controller          Cloud/Region        Version  SLA          Timestamp\\ntest   microk8s-localhost  microk8s/localhost  3.4.3    unsupported  02:16:31Z\\n\\nApp               Version                  Status   Scale  Charm             Channel      Rev  Address         Exposed  Message\\nmysql-k8s         8.0.37-0ubuntu0.22.04.3  active       1  mysql-k8s         8.0/edge     160  10.152.183.132  no       \\nmysql-router-k8s  8.0.37-0ubuntu0.22.04.3  waiting      3  mysql-router-k8s  8.0/edge       0  10.152.183.147  no       waiting for units to settle down\\nmysql-test-app    0.0.2                    active       1  mysql-test-app    latest/edge   46  10.152.183.68   no       \\n\\nUnit                 Workload  Agent  Address      Ports  Message\\nmysql-k8s/0*         active    idle   10.1.142.77         Primary\\nmysql-router-k8s/0   active    idle   10.1.142.72         Router 8.0.37 running (restart pending); Charmed operator 1.2+c5db3af\\nmysql-router-k8s/1   active    idle   10.1.142.74         Router 8.0.37 running (restart pending); Charmed operator 1.2+c5db3af\\nmysql-router-k8s/2*  blocked   idle   10.1.142.78         Upgrade incompatible. Rollback to previous revision with `juju refresh`\\nmysql-test-app/0*    active    idle   10.1.142.75         \\n' = get_juju_status('test')\n +    where 'test' = <juju.model.Model object at 0x7f34d60e8160>.name\n +      where <juju.model.Model object at 0x7f34d60e8160> = <pytest_operator.plugin.OpsTest object at 0x7f34d5da3c70>.model","time":{"start":1720750252844,"stop":1720750591055,"duration":338211}},{"uid":"3eefc33584dbfc94","reportUrl":"../151//#testresult/3eefc33584dbfc94","status":"failed","statusDetails":"AssertionError: None of the units are upgraded\nassert '+testupgrade' in 'Model  Controller          Cloud/Region        Version  SLA          Timestamp\\ntest   microk8s-localhost  microk8s/localhost  3.4.3    unsupported  02:17:56Z\\n\\nApp               Version                  Status   Scale  Charm             Channel      Rev  Address         Exposed  Message\\nmysql-k8s         8.0.37-0ubuntu0.22.04.3  active       1  mysql-k8s         8.0/edge     160  10.152.183.121  no       \\nmysql-router-k8s  8.0.37-0ubuntu0.22.04.3  waiting      3  mysql-router-k8s  8.0/edge       0  10.152.183.40   no       installing agent\\nmysql-test-app    0.0.2                    active       1  mysql-test-app    latest/edge   46  10.152.183.46   no       \\n\\nUnit                 Workload  Agent  Address      Ports  Message\\nmysql-k8s/0*         active    idle   10.1.81.205         Primary\\nmysql-router-k8s/0*  active    idle   10.1.81.201         Router 8.0.37 running (restart pending); Charmed operator 1.2+11080d8\\nmysql-router-k8s/1   active    idle   10.1.81.203         Router 8.0.37 running (restart pending); Charmed operator 1.2+11080d8\\nmysql-router-k8s/2   blocked   idle   10.1.81.206         Upgrade incompatible. Rollback to previous revision with `juju refresh`\\nmysql-test-app/0*    active    idle   10.1.81.200         \\n'\n +  where 'Model  Controller          Cloud/Region        Version  SLA          Timestamp\\ntest   microk8s-localhost  microk8s/localhost  3.4.3    unsupported  02:17:56Z\\n\\nApp               Version                  Status   Scale  Charm             Channel      Rev  Address         Exposed  Message\\nmysql-k8s         8.0.37-0ubuntu0.22.04.3  active       1  mysql-k8s         8.0/edge     160  10.152.183.121  no       \\nmysql-router-k8s  8.0.37-0ubuntu0.22.04.3  waiting      3  mysql-router-k8s  8.0/edge       0  10.152.183.40   no       installing agent\\nmysql-test-app    0.0.2                    active       1  mysql-test-app    latest/edge   46  10.152.183.46   no       \\n\\nUnit                 Workload  Agent  Address      Ports  Message\\nmysql-k8s/0*         active    idle   10.1.81.205         Primary\\nmysql-router-k8s/0*  active    idle   10.1.81.201         Router 8.0.37 running (restart pending); Charmed operator 1.2+11080d8\\nmysql-router-k8s/1   active    idle   10.1.81.203         Router 8.0.37 running (restart pending); Charmed operator 1.2+11080d8\\nmysql-router-k8s/2   blocked   idle   10.1.81.206         Upgrade incompatible. Rollback to previous revision with `juju refresh`\\nmysql-test-app/0*    active    idle   10.1.81.200         \\n' = get_juju_status('test')\n +    where 'test' = <juju.model.Model object at 0x7fb030ae4160>.name\n +      where <juju.model.Model object at 0x7fb030ae4160> = <pytest_operator.plugin.OpsTest object at 0x7fb03077fc70>.model","time":{"start":1720663950152,"stop":1720664276270,"duration":326118}}]},"tags":["asyncio","abort_on_fail","group(1)"]},"source":"afefa3193cf76e4f.json","parameterValues":[]}