{"uid":"eec325bd20551fe0","name":"test_upgrade_from_edge","fullName":"tests.integration.test_upgrade#test_upgrade_from_edge","historyId":"59e96b2cf75bb30d0a5cbde0e5234d56","time":{"start":1723774666472,"stop":1723775871706,"duration":1205234},"description":"Upgrade mysqlrouter while ensuring continuous writes incrementing.","descriptionHtml":"<p>Upgrade mysqlrouter while ensuring continuous writes incrementing.</p>\n","status":"broken","statusMessage":"asyncio.exceptions.TimeoutError","statusTrace":"Traceback (most recent call last):\n  File \"/home/runner/work/mysql-router-k8s-operator/mysql-router-k8s-operator/.tox/integration/lib/python3.10/site-packages/juju/utils.py\", line 130, in _block\n    await jasyncio.sleep(wait_period)\n  File \"/usr/lib/python3.10/asyncio/tasks.py\", line 605, in sleep\n    return await future\nasyncio.exceptions.CancelledError\n\nDuring handling of the above exception, another exception occurred:\n\nTraceback (most recent call last):\n  File \"/usr/lib/python3.10/asyncio/tasks.py\", line 456, in wait_for\n    return fut.result()\nasyncio.exceptions.CancelledError\n\nThe above exception was the direct cause of the following exception:\n\nTraceback (most recent call last):\n  File \"/home/runner/work/mysql-router-k8s-operator/mysql-router-k8s-operator/.tox/integration/lib/python3.10/site-packages/_pytest/runner.py\", line 341, in from_call\n    result: Optional[TResult] = func()\n  File \"/home/runner/work/mysql-router-k8s-operator/mysql-router-k8s-operator/.tox/integration/lib/python3.10/site-packages/_pytest/runner.py\", line 262, in <lambda>\n    lambda: ihook(item=item, **kwds), when=when, reraise=reraise\n  File \"/home/runner/work/mysql-router-k8s-operator/mysql-router-k8s-operator/.tox/integration/lib/python3.10/site-packages/pluggy/_hooks.py\", line 493, in __call__\n    return self._hookexec(self.name, self._hookimpls, kwargs, firstresult)\n  File \"/home/runner/work/mysql-router-k8s-operator/mysql-router-k8s-operator/.tox/integration/lib/python3.10/site-packages/pluggy/_manager.py\", line 115, in _hookexec\n    return self._inner_hookexec(hook_name, methods, kwargs, firstresult)\n  File \"/home/runner/work/mysql-router-k8s-operator/mysql-router-k8s-operator/.tox/integration/lib/python3.10/site-packages/pluggy/_callers.py\", line 152, in _multicall\n    return outcome.get_result()\n  File \"/home/runner/work/mysql-router-k8s-operator/mysql-router-k8s-operator/.tox/integration/lib/python3.10/site-packages/pluggy/_result.py\", line 114, in get_result\n    raise exc.with_traceback(exc.__traceback__)\n  File \"/home/runner/work/mysql-router-k8s-operator/mysql-router-k8s-operator/.tox/integration/lib/python3.10/site-packages/pluggy/_callers.py\", line 77, in _multicall\n    res = hook_impl.function(*args)\n  File \"/home/runner/work/mysql-router-k8s-operator/mysql-router-k8s-operator/.tox/integration/lib/python3.10/site-packages/_pytest/runner.py\", line 177, in pytest_runtest_call\n    raise e\n  File \"/home/runner/work/mysql-router-k8s-operator/mysql-router-k8s-operator/.tox/integration/lib/python3.10/site-packages/_pytest/runner.py\", line 169, in pytest_runtest_call\n    item.runtest()\n  File \"/home/runner/work/mysql-router-k8s-operator/mysql-router-k8s-operator/.tox/integration/lib/python3.10/site-packages/_pytest/python.py\", line 1788, in runtest\n    self.ihook.pytest_pyfunc_call(pyfuncitem=self)\n  File \"/home/runner/work/mysql-router-k8s-operator/mysql-router-k8s-operator/.tox/integration/lib/python3.10/site-packages/pluggy/_hooks.py\", line 493, in __call__\n    return self._hookexec(self.name, self._hookimpls, kwargs, firstresult)\n  File \"/home/runner/work/mysql-router-k8s-operator/mysql-router-k8s-operator/.tox/integration/lib/python3.10/site-packages/pluggy/_manager.py\", line 115, in _hookexec\n    return self._inner_hookexec(hook_name, methods, kwargs, firstresult)\n  File \"/home/runner/work/mysql-router-k8s-operator/mysql-router-k8s-operator/.tox/integration/lib/python3.10/site-packages/pluggy/_callers.py\", line 152, in _multicall\n    return outcome.get_result()\n  File \"/home/runner/work/mysql-router-k8s-operator/mysql-router-k8s-operator/.tox/integration/lib/python3.10/site-packages/pluggy/_result.py\", line 114, in get_result\n    raise exc.with_traceback(exc.__traceback__)\n  File \"/home/runner/work/mysql-router-k8s-operator/mysql-router-k8s-operator/.tox/integration/lib/python3.10/site-packages/pluggy/_callers.py\", line 77, in _multicall\n    res = hook_impl.function(*args)\n  File \"/home/runner/work/mysql-router-k8s-operator/mysql-router-k8s-operator/.tox/integration/lib/python3.10/site-packages/_pytest/python.py\", line 194, in pytest_pyfunc_call\n    result = testfunction(**testargs)\n  File \"/home/runner/work/mysql-router-k8s-operator/mysql-router-k8s-operator/.tox/integration/lib/python3.10/site-packages/pytest_asyncio/plugin.py\", line 532, in inner\n    _loop.run_until_complete(task)\n  File \"/usr/lib/python3.10/asyncio/base_events.py\", line 649, in run_until_complete\n    return future.result()\n  File \"/home/runner/work/mysql-router-k8s-operator/mysql-router-k8s-operator/tests/integration/test_upgrade.py\", line 118, in test_upgrade_from_edge\n    await ops_test.model.block_until(\n  File \"/home/runner/work/mysql-router-k8s-operator/mysql-router-k8s-operator/.tox/integration/lib/python3.10/site-packages/juju/model.py\", line 1040, in block_until\n    await utils.block_until(done,\n  File \"/home/runner/work/mysql-router-k8s-operator/mysql-router-k8s-operator/.tox/integration/lib/python3.10/site-packages/juju/utils.py\", line 131, in block_until\n    await jasyncio.shield(jasyncio.wait_for(_block(), timeout))\n  File \"/usr/lib/python3.10/asyncio/tasks.py\", line 458, in wait_for\n    raise exceptions.TimeoutError() from exc\nasyncio.exceptions.TimeoutError","flaky":false,"newFailed":false,"newBroken":true,"newPassed":false,"retriesCount":1,"retriesStatusChange":true,"beforeStages":[{"name":"event_loop","time":{"start":1723774539339,"stop":1723774539340,"duration":1},"status":"passed","steps":[],"attachments":[],"parameters":[],"stepsCount":0,"shouldDisplayMessage":false,"attachmentsCount":0,"hasContent":false,"attachmentStep":false},{"name":"tmp_path_factory","time":{"start":1723774539340,"stop":1723774539340,"duration":0},"status":"passed","steps":[],"attachments":[],"parameters":[],"stepsCount":0,"shouldDisplayMessage":false,"attachmentsCount":0,"hasContent":false,"attachmentStep":false},{"name":"ops_test","time":{"start":1723774539340,"stop":1723774539610,"duration":270},"status":"passed","steps":[],"attachments":[],"parameters":[],"stepsCount":0,"shouldDisplayMessage":false,"attachmentsCount":0,"hasContent":false,"attachmentStep":false},{"name":"abort_on_fail","time":{"start":1723774666472,"stop":1723774666472,"duration":0},"status":"passed","steps":[],"attachments":[],"parameters":[],"stepsCount":0,"shouldDisplayMessage":false,"attachmentsCount":0,"hasContent":false,"attachmentStep":false}],"testStage":{"description":"Upgrade mysqlrouter while ensuring continuous writes incrementing.","status":"broken","statusMessage":"asyncio.exceptions.TimeoutError","statusTrace":"Traceback (most recent call last):\n  File \"/home/runner/work/mysql-router-k8s-operator/mysql-router-k8s-operator/.tox/integration/lib/python3.10/site-packages/juju/utils.py\", line 130, in _block\n    await jasyncio.sleep(wait_period)\n  File \"/usr/lib/python3.10/asyncio/tasks.py\", line 605, in sleep\n    return await future\nasyncio.exceptions.CancelledError\n\nDuring handling of the above exception, another exception occurred:\n\nTraceback (most recent call last):\n  File \"/usr/lib/python3.10/asyncio/tasks.py\", line 456, in wait_for\n    return fut.result()\nasyncio.exceptions.CancelledError\n\nThe above exception was the direct cause of the following exception:\n\nTraceback (most recent call last):\n  File \"/home/runner/work/mysql-router-k8s-operator/mysql-router-k8s-operator/.tox/integration/lib/python3.10/site-packages/_pytest/runner.py\", line 341, in from_call\n    result: Optional[TResult] = func()\n  File \"/home/runner/work/mysql-router-k8s-operator/mysql-router-k8s-operator/.tox/integration/lib/python3.10/site-packages/_pytest/runner.py\", line 262, in <lambda>\n    lambda: ihook(item=item, **kwds), when=when, reraise=reraise\n  File \"/home/runner/work/mysql-router-k8s-operator/mysql-router-k8s-operator/.tox/integration/lib/python3.10/site-packages/pluggy/_hooks.py\", line 493, in __call__\n    return self._hookexec(self.name, self._hookimpls, kwargs, firstresult)\n  File \"/home/runner/work/mysql-router-k8s-operator/mysql-router-k8s-operator/.tox/integration/lib/python3.10/site-packages/pluggy/_manager.py\", line 115, in _hookexec\n    return self._inner_hookexec(hook_name, methods, kwargs, firstresult)\n  File \"/home/runner/work/mysql-router-k8s-operator/mysql-router-k8s-operator/.tox/integration/lib/python3.10/site-packages/pluggy/_callers.py\", line 152, in _multicall\n    return outcome.get_result()\n  File \"/home/runner/work/mysql-router-k8s-operator/mysql-router-k8s-operator/.tox/integration/lib/python3.10/site-packages/pluggy/_result.py\", line 114, in get_result\n    raise exc.with_traceback(exc.__traceback__)\n  File \"/home/runner/work/mysql-router-k8s-operator/mysql-router-k8s-operator/.tox/integration/lib/python3.10/site-packages/pluggy/_callers.py\", line 77, in _multicall\n    res = hook_impl.function(*args)\n  File \"/home/runner/work/mysql-router-k8s-operator/mysql-router-k8s-operator/.tox/integration/lib/python3.10/site-packages/_pytest/runner.py\", line 177, in pytest_runtest_call\n    raise e\n  File \"/home/runner/work/mysql-router-k8s-operator/mysql-router-k8s-operator/.tox/integration/lib/python3.10/site-packages/_pytest/runner.py\", line 169, in pytest_runtest_call\n    item.runtest()\n  File \"/home/runner/work/mysql-router-k8s-operator/mysql-router-k8s-operator/.tox/integration/lib/python3.10/site-packages/_pytest/python.py\", line 1788, in runtest\n    self.ihook.pytest_pyfunc_call(pyfuncitem=self)\n  File \"/home/runner/work/mysql-router-k8s-operator/mysql-router-k8s-operator/.tox/integration/lib/python3.10/site-packages/pluggy/_hooks.py\", line 493, in __call__\n    return self._hookexec(self.name, self._hookimpls, kwargs, firstresult)\n  File \"/home/runner/work/mysql-router-k8s-operator/mysql-router-k8s-operator/.tox/integration/lib/python3.10/site-packages/pluggy/_manager.py\", line 115, in _hookexec\n    return self._inner_hookexec(hook_name, methods, kwargs, firstresult)\n  File \"/home/runner/work/mysql-router-k8s-operator/mysql-router-k8s-operator/.tox/integration/lib/python3.10/site-packages/pluggy/_callers.py\", line 152, in _multicall\n    return outcome.get_result()\n  File \"/home/runner/work/mysql-router-k8s-operator/mysql-router-k8s-operator/.tox/integration/lib/python3.10/site-packages/pluggy/_result.py\", line 114, in get_result\n    raise exc.with_traceback(exc.__traceback__)\n  File \"/home/runner/work/mysql-router-k8s-operator/mysql-router-k8s-operator/.tox/integration/lib/python3.10/site-packages/pluggy/_callers.py\", line 77, in _multicall\n    res = hook_impl.function(*args)\n  File \"/home/runner/work/mysql-router-k8s-operator/mysql-router-k8s-operator/.tox/integration/lib/python3.10/site-packages/_pytest/python.py\", line 194, in pytest_pyfunc_call\n    result = testfunction(**testargs)\n  File \"/home/runner/work/mysql-router-k8s-operator/mysql-router-k8s-operator/.tox/integration/lib/python3.10/site-packages/pytest_asyncio/plugin.py\", line 532, in inner\n    _loop.run_until_complete(task)\n  File \"/usr/lib/python3.10/asyncio/base_events.py\", line 649, in run_until_complete\n    return future.result()\n  File \"/home/runner/work/mysql-router-k8s-operator/mysql-router-k8s-operator/tests/integration/test_upgrade.py\", line 118, in test_upgrade_from_edge\n    await ops_test.model.block_until(\n  File \"/home/runner/work/mysql-router-k8s-operator/mysql-router-k8s-operator/.tox/integration/lib/python3.10/site-packages/juju/model.py\", line 1040, in block_until\n    await utils.block_until(done,\n  File \"/home/runner/work/mysql-router-k8s-operator/mysql-router-k8s-operator/.tox/integration/lib/python3.10/site-packages/juju/utils.py\", line 131, in block_until\n    await jasyncio.shield(jasyncio.wait_for(_block(), timeout))\n  File \"/usr/lib/python3.10/asyncio/tasks.py\", line 458, in wait_for\n    raise exceptions.TimeoutError() from exc\nasyncio.exceptions.TimeoutError","steps":[],"attachments":[{"uid":"cbc9bcc4cb91e4c4","name":"log","source":"cbc9bcc4cb91e4c4.txt","type":"text/plain","size":594}],"parameters":[],"stepsCount":0,"shouldDisplayMessage":true,"attachmentsCount":1,"hasContent":true,"attachmentStep":false},"afterStages":[{"name":"abort_on_fail::0","time":{"start":1723775871731,"stop":1723775871731,"duration":0},"status":"passed","steps":[],"attachments":[],"parameters":[],"stepsCount":0,"shouldDisplayMessage":false,"attachmentsCount":0,"hasContent":false,"attachmentStep":false},{"name":"ops_test::finalizer","time":{"start":1723775871735,"stop":1723775879791,"duration":8056},"status":"passed","steps":[],"attachments":[],"parameters":[],"stepsCount":0,"shouldDisplayMessage":false,"attachmentsCount":0,"hasContent":false,"attachmentStep":false},{"name":"event_loop::2","time":{"start":1723775879792,"stop":1723775879793,"duration":1},"status":"passed","steps":[],"attachments":[],"parameters":[],"stepsCount":0,"shouldDisplayMessage":false,"attachmentsCount":0,"hasContent":false,"attachmentStep":false},{"name":"event_loop::_close_event_loop","time":{"start":1723775879793,"stop":1723775879793,"duration":0},"status":"passed","steps":[],"attachments":[],"parameters":[],"stepsCount":0,"shouldDisplayMessage":false,"attachmentsCount":0,"hasContent":false,"attachmentStep":false},{"name":"event_loop::_provide_clean_event_loop","time":{"start":1723775879793,"stop":1723775879793,"duration":0},"status":"passed","steps":[],"attachments":[],"parameters":[],"stepsCount":0,"shouldDisplayMessage":false,"attachmentsCount":0,"hasContent":false,"attachmentStep":false}],"labels":[{"name":"tag","value":"abort_on_fail"},{"name":"tag","value":"group(1)"},{"name":"tag","value":"asyncio"},{"name":"parentSuite","value":"tests.integration"},{"name":"suite","value":"test_upgrade"},{"name":"host","value":"fv-az1205-711"},{"name":"thread","value":"12498-MainThread"},{"name":"framework","value":"pytest"},{"name":"language","value":"cpython3"},{"name":"package","value":"tests.integration.test_upgrade"},{"name":"resultFormat","value":"allure2"}],"parameters":[],"links":[],"hidden":false,"retry":false,"extra":{"severity":"normal","retries":[{"uid":"9b73e56077de3170","status":"unknown","time":{}}],"categories":[{"name":"Test defects","matchedStatuses":[],"flaky":false}],"history":{"statistic":{"failed":40,"broken":2,"skipped":2,"passed":29,"unknown":6,"total":79},"items":[{"uid":"562a9a5203c4725d","reportUrl":"../209//#testresult/562a9a5203c4725d","status":"unknown","time":{}},{"uid":"497ba2d2b85f393a","reportUrl":"../207//#testresult/497ba2d2b85f393a","status":"failed","statusDetails":"AssertionError: None of the units are upgraded\nassert '+testupgrade' in 'Model  Controller          Cloud/Region        Version  SLA          Timestamp\\ntest   microk8s-localhost  microk8s/localhost  3.4.3    unsupported  02:26:57Z\\n\\nApp               Version                  Status   Scale  Charm             Channel      Rev  Address         Exposed  Message\\nmysql-k8s         8.0.37-0ubuntu0.22.04.3  active       1  mysql-k8s         8.0/edge     172  10.152.183.89   no       \\nmysql-router-k8s  8.0.37-0ubuntu0.22.04.3  waiting      3  mysql-router-k8s  8.0/edge       0  10.152.183.133  no       installing agent\\nmysql-test-app    0.0.2                    active       1  mysql-test-app    latest/edge   46  10.152.183.55   no       Last written value=19941\\n\\nUnit                 Workload     Agent  Address      Ports  Message\\nmysql-k8s/0*         active       idle   10.1.159.13         Primary\\nmysql-router-k8s/0   active       idle   10.1.159.8          Router 8.0.37 running (restart pending); Charmed operator 1.2+cd85a84\\nmysql-router-k8s/1*  active       idle   10.1.159.10         Router 8.0.37 running (restart pending); Charmed operator 1.2+cd85a84\\nmysql-router-k8s/2   maintenance  idle   10.1.159.14         \\nmysql-test-app/0*    active       idle   10.1.159.11         Last written value=19941\\n'\n +  where 'Model  Controller          Cloud/Region        Version  SLA          Timestamp\\ntest   microk8s-localhost  microk8s/localhost  3.4.3    unsupported  02:26:57Z\\n\\nApp               Version                  Status   Scale  Charm             Channel      Rev  Address         Exposed  Message\\nmysql-k8s         8.0.37-0ubuntu0.22.04.3  active       1  mysql-k8s         8.0/edge     172  10.152.183.89   no       \\nmysql-router-k8s  8.0.37-0ubuntu0.22.04.3  waiting      3  mysql-router-k8s  8.0/edge       0  10.152.183.133  no       installing agent\\nmysql-test-app    0.0.2                    active       1  mysql-test-app    latest/edge   46  10.152.183.55   no       Last written value=19941\\n\\nUnit                 Workload     Agent  Address      Ports  Message\\nmysql-k8s/0*         active       idle   10.1.159.13         Primary\\nmysql-router-k8s/0   active       idle   10.1.159.8          Router 8.0.37 running (restart pending); Charmed operator 1.2+cd85a84\\nmysql-router-k8s/1*  active       idle   10.1.159.10         Router 8.0.37 running (restart pending); Charmed operator 1.2+cd85a84\\nmysql-router-k8s/2   maintenance  idle   10.1.159.14         \\nmysql-test-app/0*    active       idle   10.1.159.11         Last written value=19941\\n' = get_juju_status('test')\n +    where 'test' = <juju.model.Model object at 0x7f4c4d1a4760>.name\n +      where <juju.model.Model object at 0x7f4c4d1a4760> = <pytest_operator.plugin.OpsTest object at 0x7f4c4ce7d6c0>.model","time":{"start":1723602094374,"stop":1723602417284,"duration":322910}},{"uid":"e92f0fe7aee277ee","reportUrl":"../205//#testresult/e92f0fe7aee277ee","status":"failed","statusDetails":"AssertionError: None of the units are upgraded\nassert '+testupgrade' in 'Model  Controller          Cloud/Region        Version  SLA          Timestamp\\ntest   microk8s-localhost  microk8s/localhost  3.4.3    unsupported  02:29:24Z\\n\\nApp               Version                  Status   Scale  Charm             Channel      Rev  Address         Exposed  Message\\nmysql-k8s         8.0.37-0ubuntu0.22.04.3  active       1  mysql-k8s         8.0/edge     171  10.152.183.155  no       \\nmysql-router-k8s  8.0.37-0ubuntu0.22.04.3  waiting      3  mysql-router-k8s  8.0/edge       0  10.152.183.138  no       installing agent\\nmysql-test-app    0.0.2                    active       1  mysql-test-app    latest/edge   46  10.152.183.161  no       Last written value=24321\\n\\nUnit                 Workload     Agent  Address       Ports  Message\\nmysql-k8s/0*         active       idle   10.1.106.141         Primary\\nmysql-router-k8s/0   active       idle   10.1.106.137         Router 8.0.37 running (restart pending); Charmed operator 1.2+266066c\\nmysql-router-k8s/1*  active       idle   10.1.106.138         Router 8.0.37 running (restart pending); Charmed operator 1.2+266066c\\nmysql-router-k8s/2   maintenance  idle   10.1.106.142         \\nmysql-test-app/0*    active       idle   10.1.106.136         Last written value=24321\\n'\n +  where 'Model  Controller          Cloud/Region        Version  SLA          Timestamp\\ntest   microk8s-localhost  microk8s/localhost  3.4.3    unsupported  02:29:24Z\\n\\nApp               Version                  Status   Scale  Charm             Channel      Rev  Address         Exposed  Message\\nmysql-k8s         8.0.37-0ubuntu0.22.04.3  active       1  mysql-k8s         8.0/edge     171  10.152.183.155  no       \\nmysql-router-k8s  8.0.37-0ubuntu0.22.04.3  waiting      3  mysql-router-k8s  8.0/edge       0  10.152.183.138  no       installing agent\\nmysql-test-app    0.0.2                    active       1  mysql-test-app    latest/edge   46  10.152.183.161  no       Last written value=24321\\n\\nUnit                 Workload     Agent  Address       Ports  Message\\nmysql-k8s/0*         active       idle   10.1.106.141         Primary\\nmysql-router-k8s/0   active       idle   10.1.106.137         Router 8.0.37 running (restart pending); Charmed operator 1.2+266066c\\nmysql-router-k8s/1*  active       idle   10.1.106.138         Router 8.0.37 running (restart pending); Charmed operator 1.2+266066c\\nmysql-router-k8s/2   maintenance  idle   10.1.106.142         \\nmysql-test-app/0*    active       idle   10.1.106.136         Last written value=24321\\n' = get_juju_status('test')\n +    where 'test' = <juju.model.Model object at 0x7f57b8294d90>.name\n +      where <juju.model.Model object at 0x7f57b8294d90> = <pytest_operator.plugin.OpsTest object at 0x7f57b7d44100>.model","time":{"start":1723515839661,"stop":1723516164555,"duration":324894}},{"uid":"c8c79427a0603596","reportUrl":"../204//#testresult/c8c79427a0603596","status":"broken","statusDetails":"asyncio.exceptions.TimeoutError","time":{"start":1723429438733,"stop":1723430646036,"duration":1207303}},{"uid":"b5d5fa8f0fe78658","reportUrl":"../203//#testresult/b5d5fa8f0fe78658","status":"failed","statusDetails":"AssertionError: None of the units are upgraded\nassert '+testupgrade' in 'Model  Controller          Cloud/Region        Version  SLA          Timestamp\\ntest   microk8s-localhost  microk8s/localhost  3.4.3    unsupported  02:32:40Z\\n\\nApp               Version                  Status   Scale  Charm             Channel      Rev  Address         Exposed  Message\\nmysql-k8s         8.0.37-0ubuntu0.22.04.3  active       1  mysql-k8s         8.0/edge     171  10.152.183.146  no       \\nmysql-router-k8s  8.0.37-0ubuntu0.22.04.3  waiting      3  mysql-router-k8s  8.0/edge       0  10.152.183.198  no       installing agent\\nmysql-test-app    0.0.2                    active       1  mysql-test-app    latest/edge   46  10.152.183.109  no       Last written value=24937\\n\\nUnit                 Workload     Agent  Address      Ports  Message\\nmysql-k8s/0*         active       idle   10.1.28.141         Primary\\nmysql-router-k8s/0*  active       idle   10.1.28.136         Router 8.0.37 running (restart pending); Charmed operator 1.2+266066c\\nmysql-router-k8s/1   active       idle   10.1.28.138         Router 8.0.37 running (restart pending); Charmed operator 1.2+266066c\\nmysql-router-k8s/2   maintenance  idle   10.1.28.142         \\nmysql-test-app/0*    active       idle   10.1.28.140         Last written value=24937\\n'\n +  where 'Model  Controller          Cloud/Region        Version  SLA          Timestamp\\ntest   microk8s-localhost  microk8s/localhost  3.4.3    unsupported  02:32:40Z\\n\\nApp               Version                  Status   Scale  Charm             Channel      Rev  Address         Exposed  Message\\nmysql-k8s         8.0.37-0ubuntu0.22.04.3  active       1  mysql-k8s         8.0/edge     171  10.152.183.146  no       \\nmysql-router-k8s  8.0.37-0ubuntu0.22.04.3  waiting      3  mysql-router-k8s  8.0/edge       0  10.152.183.198  no       installing agent\\nmysql-test-app    0.0.2                    active       1  mysql-test-app    latest/edge   46  10.152.183.109  no       Last written value=24937\\n\\nUnit                 Workload     Agent  Address      Ports  Message\\nmysql-k8s/0*         active       idle   10.1.28.141         Primary\\nmysql-router-k8s/0*  active       idle   10.1.28.136         Router 8.0.37 running (restart pending); Charmed operator 1.2+266066c\\nmysql-router-k8s/1   active       idle   10.1.28.138         Router 8.0.37 running (restart pending); Charmed operator 1.2+266066c\\nmysql-router-k8s/2   maintenance  idle   10.1.28.142         \\nmysql-test-app/0*    active       idle   10.1.28.140         Last written value=24937\\n' = get_juju_status('test')\n +    where 'test' = <juju.model.Model object at 0x7febd6dfb9a0>.name\n +      where <juju.model.Model object at 0x7febd6dfb9a0> = <pytest_operator.plugin.OpsTest object at 0x7febd7259570>.model","time":{"start":1723343237798,"stop":1723343560063,"duration":322265}},{"uid":"5079394c431db9f5","reportUrl":"../202//#testresult/5079394c431db9f5","status":"failed","statusDetails":"AssertionError: None of the units are upgraded\nassert '+testupgrade' in 'Model  Controller          Cloud/Region        Version  SLA          Timestamp\\ntest   microk8s-localhost  microk8s/localhost  3.4.3    unsupported  02:26:10Z\\n\\nApp               Version                  Status   Scale  Charm             Channel      Rev  Address         Exposed  Message\\nmysql-k8s         8.0.37-0ubuntu0.22.04.3  active       1  mysql-k8s         8.0/edge     171  10.152.183.227  no       \\nmysql-router-k8s  8.0.37-0ubuntu0.22.04.3  waiting      3  mysql-router-k8s  8.0/edge       0  10.152.183.222  no       installing agent\\nmysql-test-app    0.0.2                    active       1  mysql-test-app    latest/edge   46  10.152.183.141  no       Last written value=22909\\n\\nUnit                 Workload     Agent  Address       Ports  Message\\nmysql-k8s/0*         active       idle   10.1.242.205         Primary\\nmysql-router-k8s/0   active       idle   10.1.242.202         Router 8.0.37 running (restart pending); Charmed operator 1.2+266066c\\nmysql-router-k8s/1*  active       idle   10.1.242.203         Router 8.0.37 running (restart pending); Charmed operator 1.2+266066c\\nmysql-router-k8s/2   maintenance  idle   10.1.242.206         \\nmysql-test-app/0*    active       idle   10.1.242.200         Last written value=22909\\n'\n +  where 'Model  Controller          Cloud/Region        Version  SLA          Timestamp\\ntest   microk8s-localhost  microk8s/localhost  3.4.3    unsupported  02:26:10Z\\n\\nApp               Version                  Status   Scale  Charm             Channel      Rev  Address         Exposed  Message\\nmysql-k8s         8.0.37-0ubuntu0.22.04.3  active       1  mysql-k8s         8.0/edge     171  10.152.183.227  no       \\nmysql-router-k8s  8.0.37-0ubuntu0.22.04.3  waiting      3  mysql-router-k8s  8.0/edge       0  10.152.183.222  no       installing agent\\nmysql-test-app    0.0.2                    active       1  mysql-test-app    latest/edge   46  10.152.183.141  no       Last written value=22909\\n\\nUnit                 Workload     Agent  Address       Ports  Message\\nmysql-k8s/0*         active       idle   10.1.242.205         Primary\\nmysql-router-k8s/0   active       idle   10.1.242.202         Router 8.0.37 running (restart pending); Charmed operator 1.2+266066c\\nmysql-router-k8s/1*  active       idle   10.1.242.203         Router 8.0.37 running (restart pending); Charmed operator 1.2+266066c\\nmysql-router-k8s/2   maintenance  idle   10.1.242.206         \\nmysql-test-app/0*    active       idle   10.1.242.200         Last written value=22909\\n' = get_juju_status('test')\n +    where 'test' = <juju.model.Model object at 0x7fa2d6303190>.name\n +      where <juju.model.Model object at 0x7fa2d6303190> = <pytest_operator.plugin.OpsTest object at 0x7fa2d6341ae0>.model","time":{"start":1723256447462,"stop":1723256770186,"duration":322724}},{"uid":"9eac5cdea5e9f03d","reportUrl":"../200//#testresult/9eac5cdea5e9f03d","status":"failed","statusDetails":"AssertionError: None of the units are upgraded\nassert '+testupgrade' in 'Model  Controller          Cloud/Region        Version  SLA          Timestamp\\ntest   microk8s-localhost  microk8s/localhost  3.4.3    unsupported  02:24:40Z\\n\\nApp               Version                  Status   Scale  Charm             Channel      Rev  Address         Exposed  Message\\nmysql-k8s         8.0.37-0ubuntu0.22.04.3  active       1  mysql-k8s         8.0/edge     171  10.152.183.134  no       \\nmysql-router-k8s  8.0.37-0ubuntu0.22.04.3  waiting      3  mysql-router-k8s  8.0/edge       0  10.152.183.127  no       installing agent\\nmysql-test-app    0.0.2                    active       1  mysql-test-app    latest/edge   46  10.152.183.155  no       \\n\\nUnit                 Workload     Agent  Address       Ports  Message\\nmysql-k8s/0*         active       idle   10.1.253.205         Primary\\nmysql-router-k8s/0   active       idle   10.1.253.200         Router 8.0.37 running (restart pending); Charmed operator 1.2+266066c\\nmysql-router-k8s/1*  active       idle   10.1.253.201         Router 8.0.37 running (restart pending); Charmed operator 1.2+266066c\\nmysql-router-k8s/2   maintenance  idle   10.1.253.206         \\nmysql-test-app/0*    active       idle   10.1.253.203         \\n'\n +  where 'Model  Controller          Cloud/Region        Version  SLA          Timestamp\\ntest   microk8s-localhost  microk8s/localhost  3.4.3    unsupported  02:24:40Z\\n\\nApp               Version                  Status   Scale  Charm             Channel      Rev  Address         Exposed  Message\\nmysql-k8s         8.0.37-0ubuntu0.22.04.3  active       1  mysql-k8s         8.0/edge     171  10.152.183.134  no       \\nmysql-router-k8s  8.0.37-0ubuntu0.22.04.3  waiting      3  mysql-router-k8s  8.0/edge       0  10.152.183.127  no       installing agent\\nmysql-test-app    0.0.2                    active       1  mysql-test-app    latest/edge   46  10.152.183.155  no       \\n\\nUnit                 Workload     Agent  Address       Ports  Message\\nmysql-k8s/0*         active       idle   10.1.253.205         Primary\\nmysql-router-k8s/0   active       idle   10.1.253.200         Router 8.0.37 running (restart pending); Charmed operator 1.2+266066c\\nmysql-router-k8s/1*  active       idle   10.1.253.201         Router 8.0.37 running (restart pending); Charmed operator 1.2+266066c\\nmysql-router-k8s/2   maintenance  idle   10.1.253.206         \\nmysql-test-app/0*    active       idle   10.1.253.203         \\n' = get_juju_status('test')\n +    where 'test' = <juju.model.Model object at 0x7f7e15c9c7f0>.name\n +      where <juju.model.Model object at 0x7f7e15c9c7f0> = <pytest_operator.plugin.OpsTest object at 0x7f7e161cb340>.model","time":{"start":1723169958024,"stop":1723170280896,"duration":322872}},{"uid":"21d3117dccdb40b7","reportUrl":"../198//#testresult/21d3117dccdb40b7","status":"failed","statusDetails":"AssertionError: None of the units are upgraded\nassert '+testupgrade' in 'Model  Controller          Cloud/Region        Version  SLA          Timestamp\\ntest   microk8s-localhost  microk8s/localhost  3.4.3    unsupported  02:23:40Z\\n\\nApp               Version                  Status   Scale  Charm             Channel      Rev  Address         Exposed  Message\\nmysql-k8s         8.0.37-0ubuntu0.22.04.3  active       1  mysql-k8s         8.0/edge     171  10.152.183.129  no       \\nmysql-router-k8s  8.0.37-0ubuntu0.22.04.3  waiting      3  mysql-router-k8s  8.0/edge       0  10.152.183.164  no       installing agent\\nmysql-test-app    0.0.2                    active       1  mysql-test-app    latest/edge   46  10.152.183.148  no       \\n\\nUnit                 Workload     Agent  Address      Ports  Message\\nmysql-k8s/0*         active       idle   10.1.110.74         Primary\\nmysql-router-k8s/0*  active       idle   10.1.110.75         Router 8.0.37 running (restart pending); Charmed operator 1.2+266066c\\nmysql-router-k8s/1   active       idle   10.1.110.76         Router 8.0.37 running (restart pending); Charmed operator 1.2+266066c\\nmysql-router-k8s/2   maintenance  idle   10.1.110.78         \\nmysql-test-app/0*    active       idle   10.1.110.72         \\n'\n +  where 'Model  Controller          Cloud/Region        Version  SLA          Timestamp\\ntest   microk8s-localhost  microk8s/localhost  3.4.3    unsupported  02:23:40Z\\n\\nApp               Version                  Status   Scale  Charm             Channel      Rev  Address         Exposed  Message\\nmysql-k8s         8.0.37-0ubuntu0.22.04.3  active       1  mysql-k8s         8.0/edge     171  10.152.183.129  no       \\nmysql-router-k8s  8.0.37-0ubuntu0.22.04.3  waiting      3  mysql-router-k8s  8.0/edge       0  10.152.183.164  no       installing agent\\nmysql-test-app    0.0.2                    active       1  mysql-test-app    latest/edge   46  10.152.183.148  no       \\n\\nUnit                 Workload     Agent  Address      Ports  Message\\nmysql-k8s/0*         active       idle   10.1.110.74         Primary\\nmysql-router-k8s/0*  active       idle   10.1.110.75         Router 8.0.37 running (restart pending); Charmed operator 1.2+266066c\\nmysql-router-k8s/1   active       idle   10.1.110.76         Router 8.0.37 running (restart pending); Charmed operator 1.2+266066c\\nmysql-router-k8s/2   maintenance  idle   10.1.110.78         \\nmysql-test-app/0*    active       idle   10.1.110.72         \\n' = get_juju_status('test')\n +    where 'test' = <juju.model.Model object at 0x7f9519f5a170>.name\n +      where <juju.model.Model object at 0x7f9519f5a170> = <pytest_operator.plugin.OpsTest object at 0x7f9519f89180>.model","time":{"start":1723083497780,"stop":1723083820178,"duration":322398}},{"uid":"b517c34d9c0858c0","reportUrl":"../194//#testresult/b517c34d9c0858c0","status":"failed","statusDetails":"AssertionError: None of the units are upgraded\nassert '+testupgrade' in 'Model  Controller          Cloud/Region        Version  SLA          Timestamp\\ntest   microk8s-localhost  microk8s/localhost  3.4.3    unsupported  02:30:11Z\\n\\nApp               Version                  Status   Scale  Charm             Channel      Rev  Address         Exposed  Message\\nmysql-k8s         8.0.37-0ubuntu0.22.04.3  active       1  mysql-k8s         8.0/edge     171  10.152.183.142  no       \\nmysql-router-k8s  8.0.37-0ubuntu0.22.04.3  waiting      3  mysql-router-k8s  8.0/edge       0  10.152.183.189  no       installing agent\\nmysql-test-app    0.0.2                    active       1  mysql-test-app    latest/edge   46  10.152.183.82   no       Last written value=26011\\n\\nUnit                 Workload     Agent  Address       Ports  Message\\nmysql-k8s/0*         active       idle   10.1.196.141         Primary\\nmysql-router-k8s/0   active       idle   10.1.196.137         Router 8.0.37 running (restart pending); Charmed operator 1.2+266066c\\nmysql-router-k8s/1*  active       idle   10.1.196.139         Router 8.0.37 running (restart pending); Charmed operator 1.2+266066c\\nmysql-router-k8s/2   maintenance  idle   10.1.196.142         \\nmysql-test-app/0*    active       idle   10.1.196.136         Last written value=26011\\n'\n +  where 'Model  Controller          Cloud/Region        Version  SLA          Timestamp\\ntest   microk8s-localhost  microk8s/localhost  3.4.3    unsupported  02:30:11Z\\n\\nApp               Version                  Status   Scale  Charm             Channel      Rev  Address         Exposed  Message\\nmysql-k8s         8.0.37-0ubuntu0.22.04.3  active       1  mysql-k8s         8.0/edge     171  10.152.183.142  no       \\nmysql-router-k8s  8.0.37-0ubuntu0.22.04.3  waiting      3  mysql-router-k8s  8.0/edge       0  10.152.183.189  no       installing agent\\nmysql-test-app    0.0.2                    active       1  mysql-test-app    latest/edge   46  10.152.183.82   no       Last written value=26011\\n\\nUnit                 Workload     Agent  Address       Ports  Message\\nmysql-k8s/0*         active       idle   10.1.196.141         Primary\\nmysql-router-k8s/0   active       idle   10.1.196.137         Router 8.0.37 running (restart pending); Charmed operator 1.2+266066c\\nmysql-router-k8s/1*  active       idle   10.1.196.139         Router 8.0.37 running (restart pending); Charmed operator 1.2+266066c\\nmysql-router-k8s/2   maintenance  idle   10.1.196.142         \\nmysql-test-app/0*    active       idle   10.1.196.136         Last written value=26011\\n' = get_juju_status('test')\n +    where 'test' = <juju.model.Model object at 0x7f1dd0d30e80>.name\n +      where <juju.model.Model object at 0x7f1dd0d30e80> = <pytest_operator.plugin.OpsTest object at 0x7f1dd0c96140>.model","time":{"start":1722997488110,"stop":1722997811062,"duration":322952}},{"uid":"88fcb5a0384013ef","reportUrl":"../193//#testresult/88fcb5a0384013ef","status":"failed","statusDetails":"AssertionError: None of the units are upgraded\nassert '+testupgrade' in 'Model  Controller          Cloud/Region        Version  SLA          Timestamp\\ntest   microk8s-localhost  microk8s/localhost  3.4.3    unsupported  02:26:16Z\\n\\nApp               Version                  Status   Scale  Charm             Channel      Rev  Address         Exposed  Message\\nmysql-k8s         8.0.37-0ubuntu0.22.04.3  active       1  mysql-k8s         8.0/edge     171  10.152.183.65   no       \\nmysql-router-k8s  8.0.37-0ubuntu0.22.04.3  waiting      3  mysql-router-k8s  8.0/edge       0  10.152.183.183  no       installing agent\\nmysql-test-app    0.0.2                    active       1  mysql-test-app    latest/edge   46  10.152.183.39   no       \\n\\nUnit                 Workload     Agent  Address      Ports  Message\\nmysql-k8s/0*         active       idle   10.1.219.13         Primary\\nmysql-router-k8s/0*  active       idle   10.1.219.9          Router 8.0.37 running (restart pending); Charmed operator 1.2+266066c\\nmysql-router-k8s/1   active       idle   10.1.219.10         Router 8.0.37 running (restart pending); Charmed operator 1.2+266066c\\nmysql-router-k8s/2   maintenance  idle   10.1.219.14         \\nmysql-test-app/0*    active       idle   10.1.219.8          \\n'\n +  where 'Model  Controller          Cloud/Region        Version  SLA          Timestamp\\ntest   microk8s-localhost  microk8s/localhost  3.4.3    unsupported  02:26:16Z\\n\\nApp               Version                  Status   Scale  Charm             Channel      Rev  Address         Exposed  Message\\nmysql-k8s         8.0.37-0ubuntu0.22.04.3  active       1  mysql-k8s         8.0/edge     171  10.152.183.65   no       \\nmysql-router-k8s  8.0.37-0ubuntu0.22.04.3  waiting      3  mysql-router-k8s  8.0/edge       0  10.152.183.183  no       installing agent\\nmysql-test-app    0.0.2                    active       1  mysql-test-app    latest/edge   46  10.152.183.39   no       \\n\\nUnit                 Workload     Agent  Address      Ports  Message\\nmysql-k8s/0*         active       idle   10.1.219.13         Primary\\nmysql-router-k8s/0*  active       idle   10.1.219.9          Router 8.0.37 running (restart pending); Charmed operator 1.2+266066c\\nmysql-router-k8s/1   active       idle   10.1.219.10         Router 8.0.37 running (restart pending); Charmed operator 1.2+266066c\\nmysql-router-k8s/2   maintenance  idle   10.1.219.14         \\nmysql-test-app/0*    active       idle   10.1.219.8          \\n' = get_juju_status('test')\n +    where 'test' = <juju.model.Model object at 0x7f9e51d1b820>.name\n +      where <juju.model.Model object at 0x7f9e51d1b820> = <pytest_operator.plugin.OpsTest object at 0x7f9e51bb23e0>.model","time":{"start":1722910854052,"stop":1722911176403,"duration":322351}},{"uid":"eaa9f657b51c1de2","reportUrl":"../192//#testresult/eaa9f657b51c1de2","status":"failed","statusDetails":"AssertionError: None of the units are upgraded\nassert '+testupgrade' in 'Model  Controller          Cloud/Region        Version  SLA          Timestamp\\ntest   microk8s-localhost  microk8s/localhost  3.4.3    unsupported  02:25:40Z\\n\\nApp               Version                  Status   Scale  Charm             Channel      Rev  Address         Exposed  Message\\nmysql-k8s         8.0.37-0ubuntu0.22.04.3  active       1  mysql-k8s         8.0/edge     169  10.152.183.101  no       \\nmysql-router-k8s  8.0.37-0ubuntu0.22.04.3  waiting      3  mysql-router-k8s  8.0/edge       0  10.152.183.81   no       installing agent\\nmysql-test-app    0.0.2                    active       1  mysql-test-app    latest/edge   46  10.152.183.240  no       Last written value=25804\\n\\nUnit                 Workload     Agent  Address     Ports  Message\\nmysql-k8s/0*         active       idle   10.1.4.141         Primary\\nmysql-router-k8s/0   active       idle   10.1.4.136         Router 8.0.37 running (restart pending); Charmed operator 1.2+266066c\\nmysql-router-k8s/1*  active       idle   10.1.4.137         Router 8.0.37 running (restart pending); Charmed operator 1.2+266066c\\nmysql-router-k8s/2   maintenance  idle   10.1.4.142         \\nmysql-test-app/0*    active       idle   10.1.4.140         Last written value=25804\\n'\n +  where 'Model  Controller          Cloud/Region        Version  SLA          Timestamp\\ntest   microk8s-localhost  microk8s/localhost  3.4.3    unsupported  02:25:40Z\\n\\nApp               Version                  Status   Scale  Charm             Channel      Rev  Address         Exposed  Message\\nmysql-k8s         8.0.37-0ubuntu0.22.04.3  active       1  mysql-k8s         8.0/edge     169  10.152.183.101  no       \\nmysql-router-k8s  8.0.37-0ubuntu0.22.04.3  waiting      3  mysql-router-k8s  8.0/edge       0  10.152.183.81   no       installing agent\\nmysql-test-app    0.0.2                    active       1  mysql-test-app    latest/edge   46  10.152.183.240  no       Last written value=25804\\n\\nUnit                 Workload     Agent  Address     Ports  Message\\nmysql-k8s/0*         active       idle   10.1.4.141         Primary\\nmysql-router-k8s/0   active       idle   10.1.4.136         Router 8.0.37 running (restart pending); Charmed operator 1.2+266066c\\nmysql-router-k8s/1*  active       idle   10.1.4.137         Router 8.0.37 running (restart pending); Charmed operator 1.2+266066c\\nmysql-router-k8s/2   maintenance  idle   10.1.4.142         \\nmysql-test-app/0*    active       idle   10.1.4.140         Last written value=25804\\n' = get_juju_status('test')\n +    where 'test' = <juju.model.Model object at 0x7f73061ef4f0>.name\n +      where <juju.model.Model object at 0x7f73061ef4f0> = <pytest_operator.plugin.OpsTest object at 0x7f73065aefb0>.model","time":{"start":1722824417736,"stop":1722824740436,"duration":322700}},{"uid":"5a6115ac7c5c2ce4","reportUrl":"../191//#testresult/5a6115ac7c5c2ce4","status":"skipped","statusDetails":"XFAIL reason: aborted\n\n_pytest.outcomes.XFailed: aborted","time":{"start":1722737909458,"stop":1722737909458,"duration":0}},{"uid":"54b6d7007202a7e2","reportUrl":"../190//#testresult/54b6d7007202a7e2","status":"failed","statusDetails":"AssertionError: None of the units are upgraded\nassert '+testupgrade' in 'Model  Controller          Cloud/Region        Version  SLA          Timestamp\\ntest   microk8s-localhost  microk8s/localhost  3.4.3    unsupported  02:18:53Z\\n\\nApp               Version                  Status   Scale  Charm             Channel      Rev  Address         Exposed  Message\\nmysql-k8s         8.0.37-0ubuntu0.22.04.3  active       1  mysql-k8s         8.0/edge     169  10.152.183.162  no       \\nmysql-router-k8s  8.0.37-0ubuntu0.22.04.3  waiting      3  mysql-router-k8s  8.0/edge       0  10.152.183.134  no       installing agent\\nmysql-test-app    0.0.2                    active       1  mysql-test-app    latest/edge   46  10.152.183.50   no       \\n\\nUnit                 Workload     Agent  Address      Ports  Message\\nmysql-k8s/0*         active       idle   10.1.82.139         Primary\\nmysql-router-k8s/0   active       idle   10.1.82.137         Router 8.0.37 running (restart pending); Charmed operator 1.2+266066c\\nmysql-router-k8s/1*  active       idle   10.1.82.140         Router 8.0.37 running (restart pending); Charmed operator 1.2+266066c\\nmysql-router-k8s/2   maintenance  idle   10.1.82.142         \\nmysql-test-app/0*    active       idle   10.1.82.141         \\n'\n +  where 'Model  Controller          Cloud/Region        Version  SLA          Timestamp\\ntest   microk8s-localhost  microk8s/localhost  3.4.3    unsupported  02:18:53Z\\n\\nApp               Version                  Status   Scale  Charm             Channel      Rev  Address         Exposed  Message\\nmysql-k8s         8.0.37-0ubuntu0.22.04.3  active       1  mysql-k8s         8.0/edge     169  10.152.183.162  no       \\nmysql-router-k8s  8.0.37-0ubuntu0.22.04.3  waiting      3  mysql-router-k8s  8.0/edge       0  10.152.183.134  no       installing agent\\nmysql-test-app    0.0.2                    active       1  mysql-test-app    latest/edge   46  10.152.183.50   no       \\n\\nUnit                 Workload     Agent  Address      Ports  Message\\nmysql-k8s/0*         active       idle   10.1.82.139         Primary\\nmysql-router-k8s/0   active       idle   10.1.82.137         Router 8.0.37 running (restart pending); Charmed operator 1.2+266066c\\nmysql-router-k8s/1*  active       idle   10.1.82.140         Router 8.0.37 running (restart pending); Charmed operator 1.2+266066c\\nmysql-router-k8s/2   maintenance  idle   10.1.82.142         \\nmysql-test-app/0*    active       idle   10.1.82.141         \\n' = get_juju_status('test')\n +    where 'test' = <juju.model.Model object at 0x7fda10765d20>.name\n +      where <juju.model.Model object at 0x7fda10765d20> = <pytest_operator.plugin.OpsTest object at 0x7fda0ff708b0>.model","time":{"start":1722651210322,"stop":1722651533102,"duration":322780}},{"uid":"1f7a41820b14087b","reportUrl":"../188//#testresult/1f7a41820b14087b","status":"failed","statusDetails":"AssertionError: None of the units are upgraded\nassert '+testupgrade' in 'Model  Controller          Cloud/Region        Version  SLA          Timestamp\\ntest   microk8s-localhost  microk8s/localhost  3.4.3    unsupported  02:19:53Z\\n\\nApp               Version                  Status   Scale  Charm             Channel      Rev  Address         Exposed  Message\\nmysql-k8s         8.0.37-0ubuntu0.22.04.3  active       1  mysql-k8s         8.0/edge     169  10.152.183.180  no       \\nmysql-router-k8s  8.0.37-0ubuntu0.22.04.3  waiting      3  mysql-router-k8s  8.0/edge       0  10.152.183.184  no       installing agent\\nmysql-test-app    0.0.2                    active       1  mysql-test-app    latest/edge   46  10.152.183.86   no       Last written value=25369\\n\\nUnit                 Workload     Agent  Address     Ports  Message\\nmysql-k8s/0*         active       idle   10.1.89.77         Primary\\nmysql-router-k8s/0*  active       idle   10.1.89.72         Router 8.0.37 running (restart pending); Charmed operator 1.2+266066c\\nmysql-router-k8s/1   active       idle   10.1.89.73         Router 8.0.37 running (restart pending); Charmed operator 1.2+266066c\\nmysql-router-k8s/2   maintenance  idle   10.1.89.78         \\nmysql-test-app/0*    active       idle   10.1.89.76         Last written value=25369\\n'\n +  where 'Model  Controller          Cloud/Region        Version  SLA          Timestamp\\ntest   microk8s-localhost  microk8s/localhost  3.4.3    unsupported  02:19:53Z\\n\\nApp               Version                  Status   Scale  Charm             Channel      Rev  Address         Exposed  Message\\nmysql-k8s         8.0.37-0ubuntu0.22.04.3  active       1  mysql-k8s         8.0/edge     169  10.152.183.180  no       \\nmysql-router-k8s  8.0.37-0ubuntu0.22.04.3  waiting      3  mysql-router-k8s  8.0/edge       0  10.152.183.184  no       installing agent\\nmysql-test-app    0.0.2                    active       1  mysql-test-app    latest/edge   46  10.152.183.86   no       Last written value=25369\\n\\nUnit                 Workload     Agent  Address     Ports  Message\\nmysql-k8s/0*         active       idle   10.1.89.77         Primary\\nmysql-router-k8s/0*  active       idle   10.1.89.72         Router 8.0.37 running (restart pending); Charmed operator 1.2+266066c\\nmysql-router-k8s/1   active       idle   10.1.89.73         Router 8.0.37 running (restart pending); Charmed operator 1.2+266066c\\nmysql-router-k8s/2   maintenance  idle   10.1.89.78         \\nmysql-test-app/0*    active       idle   10.1.89.76         Last written value=25369\\n' = get_juju_status('test')\n +    where 'test' = <juju.model.Model object at 0x7f4a547b6740>.name\n +      where <juju.model.Model object at 0x7f4a547b6740> = <pytest_operator.plugin.OpsTest object at 0x7f4a54727520>.model","time":{"start":1722564870823,"stop":1722565193281,"duration":322458}},{"uid":"afefa3193cf76e4f","reportUrl":"../186//#testresult/afefa3193cf76e4f","status":"failed","statusDetails":"AssertionError: None of the units are upgraded\nassert '+testupgrade' in 'Model  Controller          Cloud/Region        Version  SLA          Timestamp\\ntest   microk8s-localhost  microk8s/localhost  3.4.3    unsupported  02:25:23Z\\n\\nApp               Version                  Status   Scale  Charm             Channel      Rev  Address         Exposed  Message\\nmysql-k8s         8.0.37-0ubuntu0.22.04.3  active       1  mysql-k8s         8.0/edge     169  10.152.183.176  no       \\nmysql-router-k8s  8.0.37-0ubuntu0.22.04.3  waiting      3  mysql-router-k8s  8.0/edge       0  10.152.183.108  no       installing agent\\nmysql-test-app    0.0.2                    active       1  mysql-test-app    latest/edge   46  10.152.183.158  no       Last written value=21644\\n\\nUnit                 Workload  Agent  Address      Ports  Message\\nmysql-k8s/0*         active    idle   10.1.97.205         Primary\\nmysql-router-k8s/0*  active    idle   10.1.97.202         Router 8.0.37 running (restart pending); Charmed operator 1.2+266066c\\nmysql-router-k8s/1   active    idle   10.1.97.203         Router 8.0.37 running (restart pending); Charmed operator 1.2+266066c\\nmysql-router-k8s/2   blocked   idle   10.1.97.206         Upgrade incompatible. Rollback to previous revision with `juju refresh`\\nmysql-test-app/0*    active    idle   10.1.97.200         Last written value=21644\\n'\n +  where 'Model  Controller          Cloud/Region        Version  SLA          Timestamp\\ntest   microk8s-localhost  microk8s/localhost  3.4.3    unsupported  02:25:23Z\\n\\nApp               Version                  Status   Scale  Charm             Channel      Rev  Address         Exposed  Message\\nmysql-k8s         8.0.37-0ubuntu0.22.04.3  active       1  mysql-k8s         8.0/edge     169  10.152.183.176  no       \\nmysql-router-k8s  8.0.37-0ubuntu0.22.04.3  waiting      3  mysql-router-k8s  8.0/edge       0  10.152.183.108  no       installing agent\\nmysql-test-app    0.0.2                    active       1  mysql-test-app    latest/edge   46  10.152.183.158  no       Last written value=21644\\n\\nUnit                 Workload  Agent  Address      Ports  Message\\nmysql-k8s/0*         active    idle   10.1.97.205         Primary\\nmysql-router-k8s/0*  active    idle   10.1.97.202         Router 8.0.37 running (restart pending); Charmed operator 1.2+266066c\\nmysql-router-k8s/1   active    idle   10.1.97.203         Router 8.0.37 running (restart pending); Charmed operator 1.2+266066c\\nmysql-router-k8s/2   blocked   idle   10.1.97.206         Upgrade incompatible. Rollback to previous revision with `juju refresh`\\nmysql-test-app/0*    active    idle   10.1.97.200         Last written value=21644\\n' = get_juju_status('test')\n +    where 'test' = <juju.model.Model object at 0x7f2fc187c1f0>.name\n +      where <juju.model.Model object at 0x7f2fc187c1f0> = <pytest_operator.plugin.OpsTest object at 0x7f2fc1c2c310>.model","time":{"start":1722478797795,"stop":1722479123724,"duration":325929}},{"uid":"ddfed238cfd47834","reportUrl":"../184//#testresult/ddfed238cfd47834","status":"failed","statusDetails":"AssertionError: None of the units are upgraded\nassert '+testupgrade' in 'Model  Controller          Cloud/Region        Version  SLA          Timestamp\\ntest   microk8s-localhost  microk8s/localhost  3.4.3    unsupported  01:56:55Z\\n\\nApp               Version                  Status   Scale  Charm             Channel      Rev  Address         Exposed  Message\\nmysql-k8s         8.0.37-0ubuntu0.22.04.3  active       1  mysql-k8s         8.0/edge     167  10.152.183.99   no       \\nmysql-router-k8s  8.0.37-0ubuntu0.22.04.3  waiting      3  mysql-router-k8s  8.0/edge       0  10.152.183.84   no       installing agent\\nmysql-test-app    0.0.2                    active       1  mysql-test-app    latest/edge   46  10.152.183.217  no       \\n\\nUnit                 Workload  Agent  Address       Ports  Message\\nmysql-k8s/0*         active    idle   10.1.113.141         Primary\\nmysql-router-k8s/0   active    idle   10.1.113.137         Router 8.0.37 running (restart pending); Charmed operator 1.2+266066c\\nmysql-router-k8s/1*  active    idle   10.1.113.139         Router 8.0.37 running (restart pending); Charmed operator 1.2+266066c\\nmysql-router-k8s/2   blocked   idle   10.1.113.142         Upgrade incompatible. Rollback to previous revision with `juju refresh`\\nmysql-test-app/0*    active    idle   10.1.113.136         \\n'\n +  where 'Model  Controller          Cloud/Region        Version  SLA          Timestamp\\ntest   microk8s-localhost  microk8s/localhost  3.4.3    unsupported  01:56:55Z\\n\\nApp               Version                  Status   Scale  Charm             Channel      Rev  Address         Exposed  Message\\nmysql-k8s         8.0.37-0ubuntu0.22.04.3  active       1  mysql-k8s         8.0/edge     167  10.152.183.99   no       \\nmysql-router-k8s  8.0.37-0ubuntu0.22.04.3  waiting      3  mysql-router-k8s  8.0/edge       0  10.152.183.84   no       installing agent\\nmysql-test-app    0.0.2                    active       1  mysql-test-app    latest/edge   46  10.152.183.217  no       \\n\\nUnit                 Workload  Agent  Address       Ports  Message\\nmysql-k8s/0*         active    idle   10.1.113.141         Primary\\nmysql-router-k8s/0   active    idle   10.1.113.137         Router 8.0.37 running (restart pending); Charmed operator 1.2+266066c\\nmysql-router-k8s/1*  active    idle   10.1.113.139         Router 8.0.37 running (restart pending); Charmed operator 1.2+266066c\\nmysql-router-k8s/2   blocked   idle   10.1.113.142         Upgrade incompatible. Rollback to previous revision with `juju refresh`\\nmysql-test-app/0*    active    idle   10.1.113.136         \\n' = get_juju_status('test')\n +    where 'test' = <juju.model.Model object at 0x7f0478e16020>.name\n +      where <juju.model.Model object at 0x7f0478e16020> = <pytest_operator.plugin.OpsTest object at 0x7f0478e95330>.model","time":{"start":1722390688856,"stop":1722391015724,"duration":326868}},{"uid":"5ae4864a5653c84","reportUrl":"../181//#testresult/5ae4864a5653c84","status":"failed","statusDetails":"AssertionError: None of the units are upgraded\nassert '+testupgrade' in 'Model  Controller          Cloud/Region        Version  SLA          Timestamp\\ntest   microk8s-localhost  microk8s/localhost  3.4.3    unsupported  02:21:34Z\\n\\nApp               Version                  Status   Scale  Charm             Channel      Rev  Address         Exposed  Message\\nmysql-k8s         8.0.37-0ubuntu0.22.04.3  active       1  mysql-k8s         8.0/edge     164  10.152.183.96   no       \\nmysql-router-k8s  8.0.37-0ubuntu0.22.04.3  waiting      3  mysql-router-k8s  8.0/edge       0  10.152.183.170  no       waiting for units to settle down\\nmysql-test-app    0.0.2                    active       1  mysql-test-app    latest/edge   46  10.152.183.218  no       Last written value=26558\\n\\nUnit                 Workload  Agent  Address      Ports  Message\\nmysql-k8s/0*         active    idle   10.1.122.77         Primary\\nmysql-router-k8s/0   active    idle   10.1.122.72         Router 8.0.37 running (restart pending); Charmed operator 1.2+266066c\\nmysql-router-k8s/1   active    idle   10.1.122.73         Router 8.0.37 running (restart pending); Charmed operator 1.2+266066c\\nmysql-router-k8s/2*  blocked   idle   10.1.122.78         Upgrade incompatible. Rollback to previous revision with `juju refresh`\\nmysql-test-app/0*    active    idle   10.1.122.76         Last written value=26558\\n'\n +  where 'Model  Controller          Cloud/Region        Version  SLA          Timestamp\\ntest   microk8s-localhost  microk8s/localhost  3.4.3    unsupported  02:21:34Z\\n\\nApp               Version                  Status   Scale  Charm             Channel      Rev  Address         Exposed  Message\\nmysql-k8s         8.0.37-0ubuntu0.22.04.3  active       1  mysql-k8s         8.0/edge     164  10.152.183.96   no       \\nmysql-router-k8s  8.0.37-0ubuntu0.22.04.3  waiting      3  mysql-router-k8s  8.0/edge       0  10.152.183.170  no       waiting for units to settle down\\nmysql-test-app    0.0.2                    active       1  mysql-test-app    latest/edge   46  10.152.183.218  no       Last written value=26558\\n\\nUnit                 Workload  Agent  Address      Ports  Message\\nmysql-k8s/0*         active    idle   10.1.122.77         Primary\\nmysql-router-k8s/0   active    idle   10.1.122.72         Router 8.0.37 running (restart pending); Charmed operator 1.2+266066c\\nmysql-router-k8s/1   active    idle   10.1.122.73         Router 8.0.37 running (restart pending); Charmed operator 1.2+266066c\\nmysql-router-k8s/2*  blocked   idle   10.1.122.78         Upgrade incompatible. Rollback to previous revision with `juju refresh`\\nmysql-test-app/0*    active    idle   10.1.122.76         Last written value=26558\\n' = get_juju_status('test')\n +    where 'test' = <juju.model.Model object at 0x7fa5e843dfc0>.name\n +      where <juju.model.Model object at 0x7fa5e843dfc0> = <pytest_operator.plugin.OpsTest object at 0x7fa5e843d4e0>.model","time":{"start":1722305757500,"stop":1722306094836,"duration":337336}},{"uid":"b4862ea76969fefd","reportUrl":"../177//#testresult/b4862ea76969fefd","status":"failed","statusDetails":"AssertionError: None of the units are upgraded\nassert '+testupgrade' in 'Model  Controller          Cloud/Region        Version  SLA          Timestamp\\ntest   microk8s-localhost  microk8s/localhost  3.4.3    unsupported  02:20:44Z\\n\\nApp               Version                  Status   Scale  Charm             Channel      Rev  Address         Exposed  Message\\nmysql-k8s         8.0.37-0ubuntu0.22.04.3  active       1  mysql-k8s         8.0/edge     164  10.152.183.215  no       \\nmysql-router-k8s  8.0.37-0ubuntu0.22.04.3  waiting      3  mysql-router-k8s  8.0/edge       0  10.152.183.234  no       installing agent\\nmysql-test-app    0.0.2                    active       1  mysql-test-app    latest/edge   46  10.152.183.83   no       \\n\\nUnit                 Workload  Agent  Address      Ports  Message\\nmysql-k8s/0*         active    idle   10.1.184.13         Primary\\nmysql-router-k8s/0   active    idle   10.1.184.10         Router 8.0.37 running (restart pending); Charmed operator 1.2+266066c\\nmysql-router-k8s/1*  active    idle   10.1.184.11         Router 8.0.37 running (restart pending); Charmed operator 1.2+266066c\\nmysql-router-k8s/2   blocked   idle   10.1.184.14         Upgrade incompatible. Rollback to previous revision with `juju refresh`\\nmysql-test-app/0*    active    idle   10.1.184.8          \\n'\n +  where 'Model  Controller          Cloud/Region        Version  SLA          Timestamp\\ntest   microk8s-localhost  microk8s/localhost  3.4.3    unsupported  02:20:44Z\\n\\nApp               Version                  Status   Scale  Charm             Channel      Rev  Address         Exposed  Message\\nmysql-k8s         8.0.37-0ubuntu0.22.04.3  active       1  mysql-k8s         8.0/edge     164  10.152.183.215  no       \\nmysql-router-k8s  8.0.37-0ubuntu0.22.04.3  waiting      3  mysql-router-k8s  8.0/edge       0  10.152.183.234  no       installing agent\\nmysql-test-app    0.0.2                    active       1  mysql-test-app    latest/edge   46  10.152.183.83   no       \\n\\nUnit                 Workload  Agent  Address      Ports  Message\\nmysql-k8s/0*         active    idle   10.1.184.13         Primary\\nmysql-router-k8s/0   active    idle   10.1.184.10         Router 8.0.37 running (restart pending); Charmed operator 1.2+266066c\\nmysql-router-k8s/1*  active    idle   10.1.184.11         Router 8.0.37 running (restart pending); Charmed operator 1.2+266066c\\nmysql-router-k8s/2   blocked   idle   10.1.184.14         Upgrade incompatible. Rollback to previous revision with `juju refresh`\\nmysql-test-app/0*    active    idle   10.1.184.8          \\n' = get_juju_status('test')\n +    where 'test' = <juju.model.Model object at 0x7f70125377c0>.name\n +      where <juju.model.Model object at 0x7f70125377c0> = <pytest_operator.plugin.OpsTest object at 0x7f70123f7130>.model","time":{"start":1722219317728,"stop":1722219644576,"duration":326848}},{"uid":"58c0cdcb9cbcc4b6","reportUrl":"../176//#testresult/58c0cdcb9cbcc4b6","status":"failed","statusDetails":"AssertionError: None of the units are upgraded\nassert '+testupgrade' in 'Model  Controller          Cloud/Region        Version  SLA          Timestamp\\ntest   microk8s-localhost  microk8s/localhost  3.4.3    unsupported  02:23:06Z\\n\\nApp               Version                  Status   Scale  Charm             Channel      Rev  Address         Exposed  Message\\nmysql-k8s         8.0.37-0ubuntu0.22.04.3  active       1  mysql-k8s         8.0/edge     164  10.152.183.21   no       \\nmysql-router-k8s  8.0.37-0ubuntu0.22.04.3  waiting      3  mysql-router-k8s  8.0/edge       0  10.152.183.221  no       waiting for units to settle down\\nmysql-test-app    0.0.2                    active       1  mysql-test-app    latest/edge   46  10.152.183.210  no       Last written value=27178\\n\\nUnit                 Workload  Agent  Address      Ports  Message\\nmysql-k8s/0*         active    idle   10.1.33.205         Primary\\nmysql-router-k8s/0   active    idle   10.1.33.200         Router 8.0.37 running (restart pending); Charmed operator 1.2+266066c\\nmysql-router-k8s/1   active    idle   10.1.33.201         Router 8.0.37 running (restart pending); Charmed operator 1.2+266066c\\nmysql-router-k8s/2*  blocked   idle   10.1.33.206         Upgrade incompatible. Rollback to previous revision with `juju refresh`\\nmysql-test-app/0*    active    idle   10.1.33.203         Last written value=27178\\n'\n +  where 'Model  Controller          Cloud/Region        Version  SLA          Timestamp\\ntest   microk8s-localhost  microk8s/localhost  3.4.3    unsupported  02:23:06Z\\n\\nApp               Version                  Status   Scale  Charm             Channel      Rev  Address         Exposed  Message\\nmysql-k8s         8.0.37-0ubuntu0.22.04.3  active       1  mysql-k8s         8.0/edge     164  10.152.183.21   no       \\nmysql-router-k8s  8.0.37-0ubuntu0.22.04.3  waiting      3  mysql-router-k8s  8.0/edge       0  10.152.183.221  no       waiting for units to settle down\\nmysql-test-app    0.0.2                    active       1  mysql-test-app    latest/edge   46  10.152.183.210  no       Last written value=27178\\n\\nUnit                 Workload  Agent  Address      Ports  Message\\nmysql-k8s/0*         active    idle   10.1.33.205         Primary\\nmysql-router-k8s/0   active    idle   10.1.33.200         Router 8.0.37 running (restart pending); Charmed operator 1.2+266066c\\nmysql-router-k8s/1   active    idle   10.1.33.201         Router 8.0.37 running (restart pending); Charmed operator 1.2+266066c\\nmysql-router-k8s/2*  blocked   idle   10.1.33.206         Upgrade incompatible. Rollback to previous revision with `juju refresh`\\nmysql-test-app/0*    active    idle   10.1.33.203         Last written value=27178\\n' = get_juju_status('test')\n +    where 'test' = <juju.model.Model object at 0x7fcfe7848f40>.name\n +      where <juju.model.Model object at 0x7fcfe7848f40> = <pytest_operator.plugin.OpsTest object at 0x7fcfe3087460>.model","time":{"start":1722133049221,"stop":1722133386975,"duration":337754}},{"uid":"ea7bde0389c44f41","reportUrl":"../175//#testresult/ea7bde0389c44f41","status":"failed","statusDetails":"AssertionError: None of the units are upgraded\nassert '+testupgrade' in 'Model  Controller          Cloud/Region        Version  SLA          Timestamp\\ntest   microk8s-localhost  microk8s/localhost  3.4.3    unsupported  02:16:00Z\\n\\nApp               Version                  Status   Scale  Charm             Channel      Rev  Address         Exposed  Message\\nmysql-k8s         8.0.37-0ubuntu0.22.04.3  active       1  mysql-k8s         8.0/edge     164  10.152.183.74   no       \\nmysql-router-k8s  8.0.37-0ubuntu0.22.04.3  waiting      3  mysql-router-k8s  8.0/edge       0  10.152.183.122  no       installing agent\\nmysql-test-app    0.0.2                    active       1  mysql-test-app    latest/edge   46  10.152.183.130  no       \\n\\nUnit                 Workload  Agent      Address       Ports  Message\\nmysql-k8s/0*         active    executing  10.1.203.205         Primary\\nmysql-router-k8s/0   active    idle       10.1.203.201         Router 8.0.37 running (restart pending); Charmed operator 1.2+266066c\\nmysql-router-k8s/1*  active    idle       10.1.203.203         Router 8.0.37 running (restart pending); Charmed operator 1.2+266066c\\nmysql-router-k8s/2   blocked   idle       10.1.203.206         Upgrade incompatible. Rollback to previous revision with `juju refresh`\\nmysql-test-app/0*    active    idle       10.1.203.200         \\n'\n +  where 'Model  Controller          Cloud/Region        Version  SLA          Timestamp\\ntest   microk8s-localhost  microk8s/localhost  3.4.3    unsupported  02:16:00Z\\n\\nApp               Version                  Status   Scale  Charm             Channel      Rev  Address         Exposed  Message\\nmysql-k8s         8.0.37-0ubuntu0.22.04.3  active       1  mysql-k8s         8.0/edge     164  10.152.183.74   no       \\nmysql-router-k8s  8.0.37-0ubuntu0.22.04.3  waiting      3  mysql-router-k8s  8.0/edge       0  10.152.183.122  no       installing agent\\nmysql-test-app    0.0.2                    active       1  mysql-test-app    latest/edge   46  10.152.183.130  no       \\n\\nUnit                 Workload  Agent      Address       Ports  Message\\nmysql-k8s/0*         active    executing  10.1.203.205         Primary\\nmysql-router-k8s/0   active    idle       10.1.203.201         Router 8.0.37 running (restart pending); Charmed operator 1.2+266066c\\nmysql-router-k8s/1*  active    idle       10.1.203.203         Router 8.0.37 running (restart pending); Charmed operator 1.2+266066c\\nmysql-router-k8s/2   blocked   idle       10.1.203.206         Upgrade incompatible. Rollback to previous revision with `juju refresh`\\nmysql-test-app/0*    active    idle       10.1.203.200         \\n' = get_juju_status('test')\n +    where 'test' = <juju.model.Model object at 0x7fbc9c14b730>.name\n +      where <juju.model.Model object at 0x7fbc9c14b730> = <pytest_operator.plugin.OpsTest object at 0x7fbca0457670>.model","time":{"start":1722046234173,"stop":1722046560335,"duration":326162}}]},"tags":["asyncio","abort_on_fail","group(1)"]},"source":"eec325bd20551fe0.json","parameterValues":[]}