{"uid":"6f62c852a2d00d81","name":"test_upgrade_from_edge","fullName":"tests.integration.test_upgrade#test_upgrade_from_edge","historyId":"59e96b2cf75bb30d0a5cbde0e5234d56","time":{"start":1731119275036,"stop":1731120480250,"duration":1205214},"description":"Upgrade mysqlrouter while ensuring continuous writes incrementing.","descriptionHtml":"<p>Upgrade mysqlrouter while ensuring continuous writes incrementing.</p>\n","status":"broken","statusMessage":"asyncio.exceptions.TimeoutError","statusTrace":"Traceback (most recent call last):\n  File \"/home/runner/work/mysql-router-k8s-operator/mysql-router-k8s-operator/.tox/integration/lib/python3.10/site-packages/juju/utils.py\", line 130, in _block\n    await jasyncio.sleep(wait_period)\n  File \"/usr/lib/python3.10/asyncio/tasks.py\", line 605, in sleep\n    return await future\nasyncio.exceptions.CancelledError\n\nDuring handling of the above exception, another exception occurred:\n\nTraceback (most recent call last):\n  File \"/usr/lib/python3.10/asyncio/tasks.py\", line 456, in wait_for\n    return fut.result()\nasyncio.exceptions.CancelledError\n\nThe above exception was the direct cause of the following exception:\n\nTraceback (most recent call last):\n  File \"/home/runner/work/mysql-router-k8s-operator/mysql-router-k8s-operator/.tox/integration/lib/python3.10/site-packages/_pytest/runner.py\", line 341, in from_call\n    result: Optional[TResult] = func()\n  File \"/home/runner/work/mysql-router-k8s-operator/mysql-router-k8s-operator/.tox/integration/lib/python3.10/site-packages/_pytest/runner.py\", line 262, in <lambda>\n    lambda: ihook(item=item, **kwds), when=when, reraise=reraise\n  File \"/home/runner/work/mysql-router-k8s-operator/mysql-router-k8s-operator/.tox/integration/lib/python3.10/site-packages/pluggy/_hooks.py\", line 493, in __call__\n    return self._hookexec(self.name, self._hookimpls, kwargs, firstresult)\n  File \"/home/runner/work/mysql-router-k8s-operator/mysql-router-k8s-operator/.tox/integration/lib/python3.10/site-packages/pluggy/_manager.py\", line 115, in _hookexec\n    return self._inner_hookexec(hook_name, methods, kwargs, firstresult)\n  File \"/home/runner/work/mysql-router-k8s-operator/mysql-router-k8s-operator/.tox/integration/lib/python3.10/site-packages/pluggy/_callers.py\", line 152, in _multicall\n    return outcome.get_result()\n  File \"/home/runner/work/mysql-router-k8s-operator/mysql-router-k8s-operator/.tox/integration/lib/python3.10/site-packages/pluggy/_result.py\", line 114, in get_result\n    raise exc.with_traceback(exc.__traceback__)\n  File \"/home/runner/work/mysql-router-k8s-operator/mysql-router-k8s-operator/.tox/integration/lib/python3.10/site-packages/pluggy/_callers.py\", line 77, in _multicall\n    res = hook_impl.function(*args)\n  File \"/home/runner/work/mysql-router-k8s-operator/mysql-router-k8s-operator/.tox/integration/lib/python3.10/site-packages/_pytest/runner.py\", line 177, in pytest_runtest_call\n    raise e\n  File \"/home/runner/work/mysql-router-k8s-operator/mysql-router-k8s-operator/.tox/integration/lib/python3.10/site-packages/_pytest/runner.py\", line 169, in pytest_runtest_call\n    item.runtest()\n  File \"/home/runner/work/mysql-router-k8s-operator/mysql-router-k8s-operator/.tox/integration/lib/python3.10/site-packages/_pytest/python.py\", line 1788, in runtest\n    self.ihook.pytest_pyfunc_call(pyfuncitem=self)\n  File \"/home/runner/work/mysql-router-k8s-operator/mysql-router-k8s-operator/.tox/integration/lib/python3.10/site-packages/pluggy/_hooks.py\", line 493, in __call__\n    return self._hookexec(self.name, self._hookimpls, kwargs, firstresult)\n  File \"/home/runner/work/mysql-router-k8s-operator/mysql-router-k8s-operator/.tox/integration/lib/python3.10/site-packages/pluggy/_manager.py\", line 115, in _hookexec\n    return self._inner_hookexec(hook_name, methods, kwargs, firstresult)\n  File \"/home/runner/work/mysql-router-k8s-operator/mysql-router-k8s-operator/.tox/integration/lib/python3.10/site-packages/pluggy/_callers.py\", line 152, in _multicall\n    return outcome.get_result()\n  File \"/home/runner/work/mysql-router-k8s-operator/mysql-router-k8s-operator/.tox/integration/lib/python3.10/site-packages/pluggy/_result.py\", line 114, in get_result\n    raise exc.with_traceback(exc.__traceback__)\n  File \"/home/runner/work/mysql-router-k8s-operator/mysql-router-k8s-operator/.tox/integration/lib/python3.10/site-packages/pluggy/_callers.py\", line 77, in _multicall\n    res = hook_impl.function(*args)\n  File \"/home/runner/work/mysql-router-k8s-operator/mysql-router-k8s-operator/.tox/integration/lib/python3.10/site-packages/_pytest/python.py\", line 194, in pytest_pyfunc_call\n    result = testfunction(**testargs)\n  File \"/home/runner/work/mysql-router-k8s-operator/mysql-router-k8s-operator/.tox/integration/lib/python3.10/site-packages/pytest_asyncio/plugin.py\", line 532, in inner\n    _loop.run_until_complete(task)\n  File \"/usr/lib/python3.10/asyncio/base_events.py\", line 649, in run_until_complete\n    return future.result()\n  File \"/home/runner/work/mysql-router-k8s-operator/mysql-router-k8s-operator/tests/integration/test_upgrade.py\", line 118, in test_upgrade_from_edge\n    await ops_test.model.block_until(\n  File \"/home/runner/work/mysql-router-k8s-operator/mysql-router-k8s-operator/.tox/integration/lib/python3.10/site-packages/juju/model.py\", line 1040, in block_until\n    await utils.block_until(done,\n  File \"/home/runner/work/mysql-router-k8s-operator/mysql-router-k8s-operator/.tox/integration/lib/python3.10/site-packages/juju/utils.py\", line 131, in block_until\n    await jasyncio.shield(jasyncio.wait_for(_block(), timeout))\n  File \"/usr/lib/python3.10/asyncio/tasks.py\", line 458, in wait_for\n    raise exceptions.TimeoutError() from exc\nasyncio.exceptions.TimeoutError","flaky":false,"newFailed":false,"newBroken":false,"newPassed":false,"retriesCount":1,"retriesStatusChange":true,"beforeStages":[{"name":"ops_test","time":{"start":1731119150075,"stop":1731119150363,"duration":288},"status":"passed","steps":[],"attachments":[],"parameters":[],"stepsCount":0,"shouldDisplayMessage":false,"attachmentsCount":0,"hasContent":false,"attachmentStep":false},{"name":"event_loop","time":{"start":1731119150075,"stop":1731119150075,"duration":0},"status":"passed","steps":[],"attachments":[],"parameters":[],"stepsCount":0,"shouldDisplayMessage":false,"attachmentsCount":0,"hasContent":false,"attachmentStep":false},{"name":"tmp_path_factory","time":{"start":1731119150075,"stop":1731119150075,"duration":0},"status":"passed","steps":[],"attachments":[],"parameters":[],"stepsCount":0,"shouldDisplayMessage":false,"attachmentsCount":0,"hasContent":false,"attachmentStep":false},{"name":"abort_on_fail","time":{"start":1731119275035,"stop":1731119275036,"duration":1},"status":"passed","steps":[],"attachments":[],"parameters":[],"stepsCount":0,"shouldDisplayMessage":false,"attachmentsCount":0,"hasContent":false,"attachmentStep":false}],"testStage":{"description":"Upgrade mysqlrouter while ensuring continuous writes incrementing.","status":"broken","statusMessage":"asyncio.exceptions.TimeoutError","statusTrace":"Traceback (most recent call last):\n  File \"/home/runner/work/mysql-router-k8s-operator/mysql-router-k8s-operator/.tox/integration/lib/python3.10/site-packages/juju/utils.py\", line 130, in _block\n    await jasyncio.sleep(wait_period)\n  File \"/usr/lib/python3.10/asyncio/tasks.py\", line 605, in sleep\n    return await future\nasyncio.exceptions.CancelledError\n\nDuring handling of the above exception, another exception occurred:\n\nTraceback (most recent call last):\n  File \"/usr/lib/python3.10/asyncio/tasks.py\", line 456, in wait_for\n    return fut.result()\nasyncio.exceptions.CancelledError\n\nThe above exception was the direct cause of the following exception:\n\nTraceback (most recent call last):\n  File \"/home/runner/work/mysql-router-k8s-operator/mysql-router-k8s-operator/.tox/integration/lib/python3.10/site-packages/_pytest/runner.py\", line 341, in from_call\n    result: Optional[TResult] = func()\n  File \"/home/runner/work/mysql-router-k8s-operator/mysql-router-k8s-operator/.tox/integration/lib/python3.10/site-packages/_pytest/runner.py\", line 262, in <lambda>\n    lambda: ihook(item=item, **kwds), when=when, reraise=reraise\n  File \"/home/runner/work/mysql-router-k8s-operator/mysql-router-k8s-operator/.tox/integration/lib/python3.10/site-packages/pluggy/_hooks.py\", line 493, in __call__\n    return self._hookexec(self.name, self._hookimpls, kwargs, firstresult)\n  File \"/home/runner/work/mysql-router-k8s-operator/mysql-router-k8s-operator/.tox/integration/lib/python3.10/site-packages/pluggy/_manager.py\", line 115, in _hookexec\n    return self._inner_hookexec(hook_name, methods, kwargs, firstresult)\n  File \"/home/runner/work/mysql-router-k8s-operator/mysql-router-k8s-operator/.tox/integration/lib/python3.10/site-packages/pluggy/_callers.py\", line 152, in _multicall\n    return outcome.get_result()\n  File \"/home/runner/work/mysql-router-k8s-operator/mysql-router-k8s-operator/.tox/integration/lib/python3.10/site-packages/pluggy/_result.py\", line 114, in get_result\n    raise exc.with_traceback(exc.__traceback__)\n  File \"/home/runner/work/mysql-router-k8s-operator/mysql-router-k8s-operator/.tox/integration/lib/python3.10/site-packages/pluggy/_callers.py\", line 77, in _multicall\n    res = hook_impl.function(*args)\n  File \"/home/runner/work/mysql-router-k8s-operator/mysql-router-k8s-operator/.tox/integration/lib/python3.10/site-packages/_pytest/runner.py\", line 177, in pytest_runtest_call\n    raise e\n  File \"/home/runner/work/mysql-router-k8s-operator/mysql-router-k8s-operator/.tox/integration/lib/python3.10/site-packages/_pytest/runner.py\", line 169, in pytest_runtest_call\n    item.runtest()\n  File \"/home/runner/work/mysql-router-k8s-operator/mysql-router-k8s-operator/.tox/integration/lib/python3.10/site-packages/_pytest/python.py\", line 1788, in runtest\n    self.ihook.pytest_pyfunc_call(pyfuncitem=self)\n  File \"/home/runner/work/mysql-router-k8s-operator/mysql-router-k8s-operator/.tox/integration/lib/python3.10/site-packages/pluggy/_hooks.py\", line 493, in __call__\n    return self._hookexec(self.name, self._hookimpls, kwargs, firstresult)\n  File \"/home/runner/work/mysql-router-k8s-operator/mysql-router-k8s-operator/.tox/integration/lib/python3.10/site-packages/pluggy/_manager.py\", line 115, in _hookexec\n    return self._inner_hookexec(hook_name, methods, kwargs, firstresult)\n  File \"/home/runner/work/mysql-router-k8s-operator/mysql-router-k8s-operator/.tox/integration/lib/python3.10/site-packages/pluggy/_callers.py\", line 152, in _multicall\n    return outcome.get_result()\n  File \"/home/runner/work/mysql-router-k8s-operator/mysql-router-k8s-operator/.tox/integration/lib/python3.10/site-packages/pluggy/_result.py\", line 114, in get_result\n    raise exc.with_traceback(exc.__traceback__)\n  File \"/home/runner/work/mysql-router-k8s-operator/mysql-router-k8s-operator/.tox/integration/lib/python3.10/site-packages/pluggy/_callers.py\", line 77, in _multicall\n    res = hook_impl.function(*args)\n  File \"/home/runner/work/mysql-router-k8s-operator/mysql-router-k8s-operator/.tox/integration/lib/python3.10/site-packages/_pytest/python.py\", line 194, in pytest_pyfunc_call\n    result = testfunction(**testargs)\n  File \"/home/runner/work/mysql-router-k8s-operator/mysql-router-k8s-operator/.tox/integration/lib/python3.10/site-packages/pytest_asyncio/plugin.py\", line 532, in inner\n    _loop.run_until_complete(task)\n  File \"/usr/lib/python3.10/asyncio/base_events.py\", line 649, in run_until_complete\n    return future.result()\n  File \"/home/runner/work/mysql-router-k8s-operator/mysql-router-k8s-operator/tests/integration/test_upgrade.py\", line 118, in test_upgrade_from_edge\n    await ops_test.model.block_until(\n  File \"/home/runner/work/mysql-router-k8s-operator/mysql-router-k8s-operator/.tox/integration/lib/python3.10/site-packages/juju/model.py\", line 1040, in block_until\n    await utils.block_until(done,\n  File \"/home/runner/work/mysql-router-k8s-operator/mysql-router-k8s-operator/.tox/integration/lib/python3.10/site-packages/juju/utils.py\", line 131, in block_until\n    await jasyncio.shield(jasyncio.wait_for(_block(), timeout))\n  File \"/usr/lib/python3.10/asyncio/tasks.py\", line 458, in wait_for\n    raise exceptions.TimeoutError() from exc\nasyncio.exceptions.TimeoutError","steps":[],"attachments":[{"uid":"bd378aa27dfd7615","name":"log","source":"bd378aa27dfd7615.txt","type":"text/plain","size":594}],"parameters":[],"stepsCount":0,"shouldDisplayMessage":true,"attachmentsCount":1,"hasContent":true,"attachmentStep":false},"afterStages":[{"name":"abort_on_fail::0","time":{"start":1731120480380,"stop":1731120480380,"duration":0},"status":"passed","steps":[],"attachments":[],"parameters":[],"stepsCount":0,"shouldDisplayMessage":false,"attachmentsCount":0,"hasContent":false,"attachmentStep":false},{"name":"ops_test::finalizer","time":{"start":1731120480386,"stop":1731120490745,"duration":10359},"status":"passed","steps":[],"attachments":[],"parameters":[],"stepsCount":0,"shouldDisplayMessage":false,"attachmentsCount":0,"hasContent":false,"attachmentStep":false},{"name":"event_loop::2","time":{"start":1731120490746,"stop":1731120490746,"duration":0},"status":"passed","steps":[],"attachments":[],"parameters":[],"stepsCount":0,"shouldDisplayMessage":false,"attachmentsCount":0,"hasContent":false,"attachmentStep":false},{"name":"event_loop::_close_event_loop","time":{"start":1731120490746,"stop":1731120490746,"duration":0},"status":"passed","steps":[],"attachments":[],"parameters":[],"stepsCount":0,"shouldDisplayMessage":false,"attachmentsCount":0,"hasContent":false,"attachmentStep":false},{"name":"event_loop::_provide_clean_event_loop","time":{"start":1731120490746,"stop":1731120490746,"duration":0},"status":"passed","steps":[],"attachments":[],"parameters":[],"stepsCount":0,"shouldDisplayMessage":false,"attachmentsCount":0,"hasContent":false,"attachmentStep":false}],"labels":[{"name":"tag","value":"abort_on_fail"},{"name":"tag","value":"group(1)"},{"name":"tag","value":"asyncio"},{"name":"parentSuite","value":"tests.integration"},{"name":"suite","value":"test_upgrade"},{"name":"host","value":"fv-az1536-742"},{"name":"thread","value":"12033-MainThread"},{"name":"framework","value":"pytest"},{"name":"language","value":"cpython3"},{"name":"package","value":"tests.integration.test_upgrade"},{"name":"resultFormat","value":"allure2"}],"parameters":[],"links":[],"hidden":false,"retry":false,"extra":{"severity":"normal","retries":[{"uid":"e2b9f8b6ca01ce1a","status":"unknown","time":{}}],"categories":[{"name":"Test defects","matchedStatuses":[],"flaky":false}],"history":{"statistic":{"failed":86,"broken":36,"skipped":3,"passed":29,"unknown":9,"total":163},"items":[{"uid":"1006e8c678ccca25","reportUrl":"../340//#testresult/1006e8c678ccca25","status":"unknown","time":{}},{"uid":"5ff06691a91013cf","reportUrl":"../338//#testresult/5ff06691a91013cf","status":"broken","statusDetails":"asyncio.exceptions.TimeoutError","time":{"start":1730946419309,"stop":1730947626509,"duration":1207200}},{"uid":"8526add096bdb225","reportUrl":"../337//#testresult/8526add096bdb225","status":"failed","statusDetails":"AssertionError: None of the units are upgraded\nassert '+testupgrade' in 'Model  Controller          Cloud/Region        Version  SLA          Timestamp\\ntest   microk8s-localhost  microk8s/localhost  3.4.3    unsupported  02:32:03Z\\n\\nApp               Version                  Status   Scale  Charm             Channel      Rev  Address         Exposed  Message\\nmysql-k8s         8.0.37-0ubuntu0.22.04.3  active       1  mysql-k8s         8.0/edge     206  10.152.183.60   no       \\nmysql-router-k8s  8.0.37-0ubuntu0.22.04.3  waiting      3  mysql-router-k8s  8.0/edge       0  10.152.183.227  no       installing agent\\nmysql-test-app    0.0.2                    active       1  mysql-test-app    latest/edge   63  10.152.183.251  no       Last written value=20141\\n\\nUnit                 Workload     Agent  Address      Ports  Message\\nmysql-k8s/0*         active       idle   10.1.147.77         Primary\\nmysql-router-k8s/0   active       idle   10.1.147.72         Router 8.0.37 running (restart pending); Charmed operator 1.2+31518a0\\nmysql-router-k8s/1*  active       idle   10.1.147.73         Router 8.0.37 running (restart pending); Charmed operator 1.2+31518a0\\nmysql-router-k8s/2   maintenance  idle   10.1.147.78         \\nmysql-test-app/0*    active       idle   10.1.147.75         Last written value=20141\\n'\n +  where 'Model  Controller          Cloud/Region        Version  SLA          Timestamp\\ntest   microk8s-localhost  microk8s/localhost  3.4.3    unsupported  02:32:03Z\\n\\nApp               Version                  Status   Scale  Charm             Channel      Rev  Address         Exposed  Message\\nmysql-k8s         8.0.37-0ubuntu0.22.04.3  active       1  mysql-k8s         8.0/edge     206  10.152.183.60   no       \\nmysql-router-k8s  8.0.37-0ubuntu0.22.04.3  waiting      3  mysql-router-k8s  8.0/edge       0  10.152.183.227  no       installing agent\\nmysql-test-app    0.0.2                    active       1  mysql-test-app    latest/edge   63  10.152.183.251  no       Last written value=20141\\n\\nUnit                 Workload     Agent  Address      Ports  Message\\nmysql-k8s/0*         active       idle   10.1.147.77         Primary\\nmysql-router-k8s/0   active       idle   10.1.147.72         Router 8.0.37 running (restart pending); Charmed operator 1.2+31518a0\\nmysql-router-k8s/1*  active       idle   10.1.147.73         Router 8.0.37 running (restart pending); Charmed operator 1.2+31518a0\\nmysql-router-k8s/2   maintenance  idle   10.1.147.78         \\nmysql-test-app/0*    active       idle   10.1.147.75         Last written value=20141\\n' = get_juju_status('test')\n +    where 'test' = <juju.model.Model object at 0x7f440fbe46d0>.name\n +      where <juju.model.Model object at 0x7f440fbe46d0> = <pytest_operator.plugin.OpsTest object at 0x7f44103f1840>.model","time":{"start":1730859998884,"stop":1730860323165,"duration":324281}},{"uid":"99f48e95006a693f","reportUrl":"../336//#testresult/99f48e95006a693f","status":"unknown","time":{}},{"uid":"f603fa4d692e41fd","reportUrl":"../334//#testresult/f603fa4d692e41fd","status":"broken","statusDetails":"asyncio.exceptions.TimeoutError","time":{"start":1730687537944,"stop":1730688743188,"duration":1205244}},{"uid":"2309c8d1d48cb420","reportUrl":"../333//#testresult/2309c8d1d48cb420","status":"failed","statusDetails":"AssertionError: None of the units are upgraded\nassert '+testupgrade' in 'Model  Controller          Cloud/Region        Version  SLA          Timestamp\\ntest   microk8s-localhost  microk8s/localhost  3.4.3    unsupported  02:40:15Z\\n\\nApp               Version                  Status   Scale  Charm             Channel      Rev  Address         Exposed  Message\\nmysql-k8s         8.0.37-0ubuntu0.22.04.3  active       1  mysql-k8s         8.0/edge     206  10.152.183.41   no       \\nmysql-router-k8s  8.0.37-0ubuntu0.22.04.3  waiting      3  mysql-router-k8s  8.0/edge       0  10.152.183.170  no       installing agent\\nmysql-test-app    0.0.2                    active       1  mysql-test-app    latest/edge   63  10.152.183.179  no       \\n\\nUnit                 Workload     Agent  Address    Ports  Message\\nmysql-k8s/0*         active       idle   10.1.0.13         Primary\\nmysql-router-k8s/0   active       idle   10.1.0.10         Router 8.0.37 running (restart pending); Charmed operator 1.2+31518a0\\nmysql-router-k8s/1*  active       idle   10.1.0.12         Router 8.0.37 running (restart pending); Charmed operator 1.2+31518a0\\nmysql-router-k8s/2   maintenance  idle   10.1.0.14         \\nmysql-test-app/0*    active       idle   10.1.0.8          \\n'\n +  where 'Model  Controller          Cloud/Region        Version  SLA          Timestamp\\ntest   microk8s-localhost  microk8s/localhost  3.4.3    unsupported  02:40:15Z\\n\\nApp               Version                  Status   Scale  Charm             Channel      Rev  Address         Exposed  Message\\nmysql-k8s         8.0.37-0ubuntu0.22.04.3  active       1  mysql-k8s         8.0/edge     206  10.152.183.41   no       \\nmysql-router-k8s  8.0.37-0ubuntu0.22.04.3  waiting      3  mysql-router-k8s  8.0/edge       0  10.152.183.170  no       installing agent\\nmysql-test-app    0.0.2                    active       1  mysql-test-app    latest/edge   63  10.152.183.179  no       \\n\\nUnit                 Workload     Agent  Address    Ports  Message\\nmysql-k8s/0*         active       idle   10.1.0.13         Primary\\nmysql-router-k8s/0   active       idle   10.1.0.10         Router 8.0.37 running (restart pending); Charmed operator 1.2+31518a0\\nmysql-router-k8s/1*  active       idle   10.1.0.12         Router 8.0.37 running (restart pending); Charmed operator 1.2+31518a0\\nmysql-router-k8s/2   maintenance  idle   10.1.0.14         \\nmysql-test-app/0*    active       idle   10.1.0.8          \\n' = get_juju_status('test')\n +    where 'test' = <juju.model.Model object at 0x7f38f9b042e0>.name\n +      where <juju.model.Model object at 0x7f38f9b042e0> = <pytest_operator.plugin.OpsTest object at 0x7f38f54b1030>.model","time":{"start":1730601292892,"stop":1730601615128,"duration":322236}},{"uid":"d3ef9f63fc9b670d","reportUrl":"../332//#testresult/d3ef9f63fc9b670d","status":"failed","statusDetails":"AssertionError: None of the units are upgraded\nassert '+testupgrade' in 'Model  Controller          Cloud/Region        Version  SLA          Timestamp\\ntest   microk8s-localhost  microk8s/localhost  3.4.3    unsupported  02:32:39Z\\n\\nApp               Version                  Status   Scale  Charm             Channel      Rev  Address         Exposed  Message\\nmysql-k8s         8.0.37-0ubuntu0.22.04.3  active       1  mysql-k8s         8.0/edge     206  10.152.183.198  no       \\nmysql-router-k8s  8.0.37-0ubuntu0.22.04.3  waiting      3  mysql-router-k8s  8.0/edge       0  10.152.183.125  no       installing agent\\nmysql-test-app    0.0.2                    active       1  mysql-test-app    latest/edge   63  10.152.183.179  no       Last written value=22144\\n\\nUnit                 Workload     Agent  Address      Ports  Message\\nmysql-k8s/0*         active       idle   10.1.106.10         Primary\\nmysql-router-k8s/0   active       idle   10.1.106.11         Router 8.0.37 running (restart pending); Charmed operator 1.2+31518a0\\nmysql-router-k8s/1*  active       idle   10.1.106.13         Router 8.0.37 running (restart pending); Charmed operator 1.2+31518a0\\nmysql-router-k8s/2   maintenance  idle   10.1.106.14         \\nmysql-test-app/0*    active       idle   10.1.106.9          Last written value=22144\\n'\n +  where 'Model  Controller          Cloud/Region        Version  SLA          Timestamp\\ntest   microk8s-localhost  microk8s/localhost  3.4.3    unsupported  02:32:39Z\\n\\nApp               Version                  Status   Scale  Charm             Channel      Rev  Address         Exposed  Message\\nmysql-k8s         8.0.37-0ubuntu0.22.04.3  active       1  mysql-k8s         8.0/edge     206  10.152.183.198  no       \\nmysql-router-k8s  8.0.37-0ubuntu0.22.04.3  waiting      3  mysql-router-k8s  8.0/edge       0  10.152.183.125  no       installing agent\\nmysql-test-app    0.0.2                    active       1  mysql-test-app    latest/edge   63  10.152.183.179  no       Last written value=22144\\n\\nUnit                 Workload     Agent  Address      Ports  Message\\nmysql-k8s/0*         active       idle   10.1.106.10         Primary\\nmysql-router-k8s/0   active       idle   10.1.106.11         Router 8.0.37 running (restart pending); Charmed operator 1.2+31518a0\\nmysql-router-k8s/1*  active       idle   10.1.106.13         Router 8.0.37 running (restart pending); Charmed operator 1.2+31518a0\\nmysql-router-k8s/2   maintenance  idle   10.1.106.14         \\nmysql-test-app/0*    active       idle   10.1.106.9          Last written value=22144\\n' = get_juju_status('test')\n +    where 'test' = <juju.model.Model object at 0x7f8d534d5e70>.name\n +      where <juju.model.Model object at 0x7f8d534d5e70> = <pytest_operator.plugin.OpsTest object at 0x7f8d537644f0>.model","time":{"start":1730514437716,"stop":1730514759861,"duration":322145}},{"uid":"c337cb8438723753","reportUrl":"../331//#testresult/c337cb8438723753","status":"broken","statusDetails":"mysql.connector.errors.ProgrammingError: 1146 (42S02): Table 'continuous_writes_database.data' doesn't exist","time":{"start":1730428697674,"stop":1730428701778,"duration":4104}},{"uid":"48b9eb427cce2864","reportUrl":"../329//#testresult/48b9eb427cce2864","status":"broken","statusDetails":"asyncio.exceptions.TimeoutError","time":{"start":1730341858515,"stop":1730343065704,"duration":1207189}},{"uid":"5656b5ee14099420","reportUrl":"../326//#testresult/5656b5ee14099420","status":"broken","statusDetails":"asyncio.exceptions.TimeoutError","time":{"start":1730169078100,"stop":1730170283297,"duration":1205197}},{"uid":"6c642f972120aac3","reportUrl":"../325//#testresult/6c642f972120aac3","status":"broken","statusDetails":"asyncio.exceptions.TimeoutError","time":{"start":1730082919359,"stop":1730084124545,"duration":1205186}},{"uid":"f56c1321cf879471","reportUrl":"../324//#testresult/f56c1321cf879471","status":"failed","statusDetails":"AssertionError: None of the units are upgraded\nassert '+testupgrade' in 'Model  Controller          Cloud/Region        Version  SLA          Timestamp\\ntest   microk8s-localhost  microk8s/localhost  3.4.3    unsupported  02:39:42Z\\n\\nApp               Version                  Status   Scale  Charm             Channel      Rev  Address         Exposed  Message\\nmysql-k8s         8.0.37-0ubuntu0.22.04.3  active       1  mysql-k8s         8.0/edge     206  10.152.183.31   no       \\nmysql-router-k8s  8.0.37-0ubuntu0.22.04.3  waiting      3  mysql-router-k8s  8.0/edge       0  10.152.183.188  no       installing agent\\nmysql-test-app    0.0.2                    active       1  mysql-test-app    latest/edge   63  10.152.183.225  no       Last written value=25734\\n\\nUnit                 Workload     Agent  Address      Ports  Message\\nmysql-k8s/0*         active       idle   10.1.239.13         Primary\\nmysql-router-k8s/0*  active       idle   10.1.239.10         Router 8.0.37 running (restart pending); Charmed operator 1.2+31518a0\\nmysql-router-k8s/1   active       idle   10.1.239.12         Router 8.0.37 running (restart pending); Charmed operator 1.2+31518a0\\nmysql-router-k8s/2   maintenance  idle   10.1.239.14         \\nmysql-test-app/0*    active       idle   10.1.239.8          Last written value=25734\\n'\n +  where 'Model  Controller          Cloud/Region        Version  SLA          Timestamp\\ntest   microk8s-localhost  microk8s/localhost  3.4.3    unsupported  02:39:42Z\\n\\nApp               Version                  Status   Scale  Charm             Channel      Rev  Address         Exposed  Message\\nmysql-k8s         8.0.37-0ubuntu0.22.04.3  active       1  mysql-k8s         8.0/edge     206  10.152.183.31   no       \\nmysql-router-k8s  8.0.37-0ubuntu0.22.04.3  waiting      3  mysql-router-k8s  8.0/edge       0  10.152.183.188  no       installing agent\\nmysql-test-app    0.0.2                    active       1  mysql-test-app    latest/edge   63  10.152.183.225  no       Last written value=25734\\n\\nUnit                 Workload     Agent  Address      Ports  Message\\nmysql-k8s/0*         active       idle   10.1.239.13         Primary\\nmysql-router-k8s/0*  active       idle   10.1.239.10         Router 8.0.37 running (restart pending); Charmed operator 1.2+31518a0\\nmysql-router-k8s/1   active       idle   10.1.239.12         Router 8.0.37 running (restart pending); Charmed operator 1.2+31518a0\\nmysql-router-k8s/2   maintenance  idle   10.1.239.14         \\nmysql-test-app/0*    active       idle   10.1.239.8          Last written value=25734\\n' = get_juju_status('test')\n +    where 'test' = <juju.model.Model object at 0x7f5082bbe980>.name\n +      where <juju.model.Model object at 0x7f5082bbe980> = <pytest_operator.plugin.OpsTest object at 0x7f50827b11e0>.model","time":{"start":1729996459990,"stop":1729996782144,"duration":322154}},{"uid":"eeea8ee25c280b81","reportUrl":"../323//#testresult/eeea8ee25c280b81","status":"failed","statusDetails":"AssertionError: None of the units are upgraded\nassert '+testupgrade' in 'Model  Controller          Cloud/Region        Version  SLA          Timestamp\\ntest   microk8s-localhost  microk8s/localhost  3.4.3    unsupported  02:30:57Z\\n\\nApp               Version                  Status   Scale  Charm             Channel      Rev  Address         Exposed  Message\\nmysql-k8s         8.0.37-0ubuntu0.22.04.3  active       1  mysql-k8s         8.0/edge     206  10.152.183.40   no       \\nmysql-router-k8s  8.0.37-0ubuntu0.22.04.3  waiting      3  mysql-router-k8s  8.0/edge       0  10.152.183.140  no       installing agent\\nmysql-test-app    0.0.2                    active       1  mysql-test-app    latest/edge   63  10.152.183.170  no       Last written value=23406\\n\\nUnit                 Workload     Agent  Address      Ports  Message\\nmysql-k8s/0*         active       idle   10.1.89.141         Primary\\nmysql-router-k8s/0*  active       idle   10.1.89.137         Router 8.0.37 running (restart pending); Charmed operator 1.2+31518a0\\nmysql-router-k8s/1   active       idle   10.1.89.139         Router 8.0.37 running (restart pending); Charmed operator 1.2+31518a0\\nmysql-router-k8s/2   maintenance  idle   10.1.89.142         \\nmysql-test-app/0*    active       idle   10.1.89.136         Last written value=23406\\n'\n +  where 'Model  Controller          Cloud/Region        Version  SLA          Timestamp\\ntest   microk8s-localhost  microk8s/localhost  3.4.3    unsupported  02:30:57Z\\n\\nApp               Version                  Status   Scale  Charm             Channel      Rev  Address         Exposed  Message\\nmysql-k8s         8.0.37-0ubuntu0.22.04.3  active       1  mysql-k8s         8.0/edge     206  10.152.183.40   no       \\nmysql-router-k8s  8.0.37-0ubuntu0.22.04.3  waiting      3  mysql-router-k8s  8.0/edge       0  10.152.183.140  no       installing agent\\nmysql-test-app    0.0.2                    active       1  mysql-test-app    latest/edge   63  10.152.183.170  no       Last written value=23406\\n\\nUnit                 Workload     Agent  Address      Ports  Message\\nmysql-k8s/0*         active       idle   10.1.89.141         Primary\\nmysql-router-k8s/0*  active       idle   10.1.89.137         Router 8.0.37 running (restart pending); Charmed operator 1.2+31518a0\\nmysql-router-k8s/1   active       idle   10.1.89.139         Router 8.0.37 running (restart pending); Charmed operator 1.2+31518a0\\nmysql-router-k8s/2   maintenance  idle   10.1.89.142         \\nmysql-test-app/0*    active       idle   10.1.89.136         Last written value=23406\\n' = get_juju_status('test')\n +    where 'test' = <juju.model.Model object at 0x7fbdffa5c190>.name\n +      where <juju.model.Model object at 0x7fbdffa5c190> = <pytest_operator.plugin.OpsTest object at 0x7fbdff7f2ec0>.model","time":{"start":1729909535532,"stop":1729909857728,"duration":322196}},{"uid":"fffb2f7c0911261c","reportUrl":"../322//#testresult/fffb2f7c0911261c","status":"failed","statusDetails":"AssertionError: None of the units are upgraded\nassert '+testupgrade' in 'Model  Controller          Cloud/Region        Version  SLA          Timestamp\\ntest   microk8s-localhost  microk8s/localhost  3.4.3    unsupported  02:35:59Z\\n\\nApp               Version                  Status   Scale  Charm             Channel      Rev  Address         Exposed  Message\\nmysql-k8s         8.0.37-0ubuntu0.22.04.3  active       1  mysql-k8s         8.0/edge     206  10.152.183.55   no       \\nmysql-router-k8s  8.0.37-0ubuntu0.22.04.3  waiting      3  mysql-router-k8s  8.0/edge       0  10.152.183.215  no       installing agent\\nmysql-test-app    0.0.2                    active       1  mysql-test-app    latest/edge   63  10.152.183.247  no       \\n\\nUnit                 Workload     Agent  Address       Ports  Message\\nmysql-k8s/0*         active       idle   10.1.198.205         Primary\\nmysql-router-k8s/0   active       idle   10.1.198.203         Router 8.0.37 running (restart pending); Charmed operator 1.2+31518a0\\nmysql-router-k8s/1*  active       idle   10.1.198.204         Router 8.0.37 running (restart pending); Charmed operator 1.2+31518a0\\nmysql-router-k8s/2   maintenance  idle   10.1.198.206         \\nmysql-test-app/0*    active       idle   10.1.198.200         \\n'\n +  where 'Model  Controller          Cloud/Region        Version  SLA          Timestamp\\ntest   microk8s-localhost  microk8s/localhost  3.4.3    unsupported  02:35:59Z\\n\\nApp               Version                  Status   Scale  Charm             Channel      Rev  Address         Exposed  Message\\nmysql-k8s         8.0.37-0ubuntu0.22.04.3  active       1  mysql-k8s         8.0/edge     206  10.152.183.55   no       \\nmysql-router-k8s  8.0.37-0ubuntu0.22.04.3  waiting      3  mysql-router-k8s  8.0/edge       0  10.152.183.215  no       installing agent\\nmysql-test-app    0.0.2                    active       1  mysql-test-app    latest/edge   63  10.152.183.247  no       \\n\\nUnit                 Workload     Agent  Address       Ports  Message\\nmysql-k8s/0*         active       idle   10.1.198.205         Primary\\nmysql-router-k8s/0   active       idle   10.1.198.203         Router 8.0.37 running (restart pending); Charmed operator 1.2+31518a0\\nmysql-router-k8s/1*  active       idle   10.1.198.204         Router 8.0.37 running (restart pending); Charmed operator 1.2+31518a0\\nmysql-router-k8s/2   maintenance  idle   10.1.198.206         \\nmysql-test-app/0*    active       idle   10.1.198.200         \\n' = get_juju_status('test')\n +    where 'test' = <juju.model.Model object at 0x7fd4f2256500>.name\n +      where <juju.model.Model object at 0x7fd4f2256500> = <pytest_operator.plugin.OpsTest object at 0x7fd4f1900e80>.model","time":{"start":1729823437708,"stop":1729823759797,"duration":322089}},{"uid":"f906af5fd5f257ff","reportUrl":"../321//#testresult/f906af5fd5f257ff","status":"failed","statusDetails":"AssertionError: None of the units are upgraded\nassert '+testupgrade' in 'Model  Controller          Cloud/Region        Version  SLA          Timestamp\\ntest   microk8s-localhost  microk8s/localhost  3.4.3    unsupported  02:33:55Z\\n\\nApp               Version                  Status   Scale  Charm             Channel      Rev  Address         Exposed  Message\\nmysql-k8s         8.0.37-0ubuntu0.22.04.3  active       1  mysql-k8s         8.0/edge     206  10.152.183.177  no       \\nmysql-router-k8s  8.0.37-0ubuntu0.22.04.3  waiting      3  mysql-router-k8s  8.0/edge       0  10.152.183.200  no       installing agent\\nmysql-test-app    0.0.2                    active       1  mysql-test-app    latest/edge   63  10.152.183.239  no       \\n\\nUnit                 Workload     Agent  Address      Ports  Message\\nmysql-k8s/0*         active       idle   10.1.231.77         Primary\\nmysql-router-k8s/0   active       idle   10.1.231.72         Router 8.0.37 running (restart pending); Charmed operator 1.2+31518a0\\nmysql-router-k8s/1*  active       idle   10.1.231.74         Router 8.0.37 running (restart pending); Charmed operator 1.2+31518a0\\nmysql-router-k8s/2   maintenance  idle   10.1.231.78         \\nmysql-test-app/0*    active       idle   10.1.231.75         \\n'\n +  where 'Model  Controller          Cloud/Region        Version  SLA          Timestamp\\ntest   microk8s-localhost  microk8s/localhost  3.4.3    unsupported  02:33:55Z\\n\\nApp               Version                  Status   Scale  Charm             Channel      Rev  Address         Exposed  Message\\nmysql-k8s         8.0.37-0ubuntu0.22.04.3  active       1  mysql-k8s         8.0/edge     206  10.152.183.177  no       \\nmysql-router-k8s  8.0.37-0ubuntu0.22.04.3  waiting      3  mysql-router-k8s  8.0/edge       0  10.152.183.200  no       installing agent\\nmysql-test-app    0.0.2                    active       1  mysql-test-app    latest/edge   63  10.152.183.239  no       \\n\\nUnit                 Workload     Agent  Address      Ports  Message\\nmysql-k8s/0*         active       idle   10.1.231.77         Primary\\nmysql-router-k8s/0   active       idle   10.1.231.72         Router 8.0.37 running (restart pending); Charmed operator 1.2+31518a0\\nmysql-router-k8s/1*  active       idle   10.1.231.74         Router 8.0.37 running (restart pending); Charmed operator 1.2+31518a0\\nmysql-router-k8s/2   maintenance  idle   10.1.231.78         \\nmysql-test-app/0*    active       idle   10.1.231.75         \\n' = get_juju_status('test')\n +    where 'test' = <juju.model.Model object at 0x7f7c7c25f7f0>.name\n +      where <juju.model.Model object at 0x7f7c7c25f7f0> = <pytest_operator.plugin.OpsTest object at 0x7f7c7c324f40>.model","time":{"start":1729736911854,"stop":1729737235248,"duration":323394}},{"uid":"560ad4aaed5f0f8b","reportUrl":"../320//#testresult/560ad4aaed5f0f8b","status":"broken","statusDetails":"asyncio.exceptions.TimeoutError","time":{"start":1729650521092,"stop":1729651726292,"duration":1205200}},{"uid":"21d3e3b4bf391f87","reportUrl":"../319//#testresult/21d3e3b4bf391f87","status":"failed","statusDetails":"AssertionError: None of the units are upgraded\nassert '+testupgrade' in 'Model  Controller          Cloud/Region        Version  SLA          Timestamp\\ntest   microk8s-localhost  microk8s/localhost  3.4.3    unsupported  02:41:42Z\\n\\nApp               Version                  Status   Scale  Charm             Channel      Rev  Address         Exposed  Message\\nmysql-k8s         8.0.37-0ubuntu0.22.04.3  active       1  mysql-k8s         8.0/edge     206  10.152.183.20   no       \\nmysql-router-k8s  8.0.37-0ubuntu0.22.04.3  waiting      3  mysql-router-k8s  8.0/edge       0  10.152.183.89   no       installing agent\\nmysql-test-app    0.0.2                    active       1  mysql-test-app    latest/edge   63  10.152.183.249  no       Last written value=21384\\n\\nUnit                 Workload     Agent  Address      Ports  Message\\nmysql-k8s/0*         active       idle   10.1.101.77         Primary\\nmysql-router-k8s/0   active       idle   10.1.101.72         Router 8.0.37 running (restart pending); Charmed operator 1.2+31518a0\\nmysql-router-k8s/1*  active       idle   10.1.101.73         Router 8.0.37 running (restart pending); Charmed operator 1.2+31518a0\\nmysql-router-k8s/2   maintenance  idle   10.1.101.78         \\nmysql-test-app/0*    active       idle   10.1.101.75         Last written value=21384\\n'\n +  where 'Model  Controller          Cloud/Region        Version  SLA          Timestamp\\ntest   microk8s-localhost  microk8s/localhost  3.4.3    unsupported  02:41:42Z\\n\\nApp               Version                  Status   Scale  Charm             Channel      Rev  Address         Exposed  Message\\nmysql-k8s         8.0.37-0ubuntu0.22.04.3  active       1  mysql-k8s         8.0/edge     206  10.152.183.20   no       \\nmysql-router-k8s  8.0.37-0ubuntu0.22.04.3  waiting      3  mysql-router-k8s  8.0/edge       0  10.152.183.89   no       installing agent\\nmysql-test-app    0.0.2                    active       1  mysql-test-app    latest/edge   63  10.152.183.249  no       Last written value=21384\\n\\nUnit                 Workload     Agent  Address      Ports  Message\\nmysql-k8s/0*         active       idle   10.1.101.77         Primary\\nmysql-router-k8s/0   active       idle   10.1.101.72         Router 8.0.37 running (restart pending); Charmed operator 1.2+31518a0\\nmysql-router-k8s/1*  active       idle   10.1.101.73         Router 8.0.37 running (restart pending); Charmed operator 1.2+31518a0\\nmysql-router-k8s/2   maintenance  idle   10.1.101.78         \\nmysql-test-app/0*    active       idle   10.1.101.75         Last written value=21384\\n' = get_juju_status('test')\n +    where 'test' = <juju.model.Model object at 0x7fbfec3e96f0>.name\n +      where <juju.model.Model object at 0x7fbfec3e96f0> = <pytest_operator.plugin.OpsTest object at 0x7fbfeb970df0>.model","time":{"start":1729564580331,"stop":1729564902514,"duration":322183}},{"uid":"c39200693e21f061","reportUrl":"../318//#testresult/c39200693e21f061","status":"broken","statusDetails":"asyncio.exceptions.TimeoutError","time":{"start":1729477913427,"stop":1729479118617,"duration":1205190}},{"uid":"5106b2ebd78e49a","reportUrl":"../317//#testresult/5106b2ebd78e49a","status":"failed","statusDetails":"AssertionError: None of the units are upgraded\nassert '+testupgrade' in 'Model  Controller          Cloud/Region        Version  SLA          Timestamp\\ntest   microk8s-localhost  microk8s/localhost  3.4.3    unsupported  02:41:17Z\\n\\nApp               Version                  Status   Scale  Charm             Channel      Rev  Address         Exposed  Message\\nmysql-k8s         8.0.37-0ubuntu0.22.04.3  active       1  mysql-k8s         8.0/edge     206  10.152.183.113  no       \\nmysql-router-k8s  8.0.37-0ubuntu0.22.04.3  waiting      3  mysql-router-k8s  8.0/edge       0  10.152.183.29   no       installing agent\\nmysql-test-app    0.0.2                    active       1  mysql-test-app    latest/edge   63  10.152.183.160  no       Last written value=27897\\n\\nUnit                 Workload     Agent  Address       Ports  Message\\nmysql-k8s/0*         active       idle   10.1.167.205         Primary\\nmysql-router-k8s/0   active       idle   10.1.167.202         Router 8.0.37 running (restart pending); Charmed operator 1.2+31518a0\\nmysql-router-k8s/1*  active       idle   10.1.167.203         Router 8.0.37 running (restart pending); Charmed operator 1.2+31518a0\\nmysql-router-k8s/2   maintenance  idle   10.1.167.206         \\nmysql-test-app/0*    active       idle   10.1.167.200         Last written value=27897\\n'\n +  where 'Model  Controller          Cloud/Region        Version  SLA          Timestamp\\ntest   microk8s-localhost  microk8s/localhost  3.4.3    unsupported  02:41:17Z\\n\\nApp               Version                  Status   Scale  Charm             Channel      Rev  Address         Exposed  Message\\nmysql-k8s         8.0.37-0ubuntu0.22.04.3  active       1  mysql-k8s         8.0/edge     206  10.152.183.113  no       \\nmysql-router-k8s  8.0.37-0ubuntu0.22.04.3  waiting      3  mysql-router-k8s  8.0/edge       0  10.152.183.29   no       installing agent\\nmysql-test-app    0.0.2                    active       1  mysql-test-app    latest/edge   63  10.152.183.160  no       Last written value=27897\\n\\nUnit                 Workload     Agent  Address       Ports  Message\\nmysql-k8s/0*         active       idle   10.1.167.205         Primary\\nmysql-router-k8s/0   active       idle   10.1.167.202         Router 8.0.37 running (restart pending); Charmed operator 1.2+31518a0\\nmysql-router-k8s/1*  active       idle   10.1.167.203         Router 8.0.37 running (restart pending); Charmed operator 1.2+31518a0\\nmysql-router-k8s/2   maintenance  idle   10.1.167.206         \\nmysql-test-app/0*    active       idle   10.1.167.200         Last written value=27897\\n' = get_juju_status('test')\n +    where 'test' = <juju.model.Model object at 0x7f43de860f10>.name\n +      where <juju.model.Model object at 0x7f43de860f10> = <pytest_operator.plugin.OpsTest object at 0x7f43de72d360>.model","time":{"start":1729391755234,"stop":1729392077274,"duration":322040}},{"uid":"2ca9980b511b4ac8","reportUrl":"../316//#testresult/2ca9980b511b4ac8","status":"failed","statusDetails":"AssertionError: None of the units are upgraded\nassert '+testupgrade' in 'Model  Controller          Cloud/Region        Version  SLA          Timestamp\\ntest   microk8s-localhost  microk8s/localhost  3.4.3    unsupported  02:32:39Z\\n\\nApp               Version                  Status   Scale  Charm             Channel      Rev  Address         Exposed  Message\\nmysql-k8s         8.0.37-0ubuntu0.22.04.3  active       1  mysql-k8s         8.0/edge     206  10.152.183.201  no       \\nmysql-router-k8s  8.0.37-0ubuntu0.22.04.3  waiting      3  mysql-router-k8s  8.0/edge       0  10.152.183.244  no       installing agent\\nmysql-test-app    0.0.2                    active       1  mysql-test-app    latest/edge   63  10.152.183.217  no       Last written value=28395\\n\\nUnit                 Workload     Agent  Address     Ports  Message\\nmysql-k8s/0*         active       idle   10.1.64.77         Primary\\nmysql-router-k8s/0   active       idle   10.1.64.73         Router 8.0.37 running (restart pending); Charmed operator 1.2+31518a0\\nmysql-router-k8s/1*  active       idle   10.1.64.75         Router 8.0.37 running (restart pending); Charmed operator 1.2+31518a0\\nmysql-router-k8s/2   maintenance  idle   10.1.64.78         \\nmysql-test-app/0*    active       idle   10.1.64.72         Last written value=28395\\n'\n +  where 'Model  Controller          Cloud/Region        Version  SLA          Timestamp\\ntest   microk8s-localhost  microk8s/localhost  3.4.3    unsupported  02:32:39Z\\n\\nApp               Version                  Status   Scale  Charm             Channel      Rev  Address         Exposed  Message\\nmysql-k8s         8.0.37-0ubuntu0.22.04.3  active       1  mysql-k8s         8.0/edge     206  10.152.183.201  no       \\nmysql-router-k8s  8.0.37-0ubuntu0.22.04.3  waiting      3  mysql-router-k8s  8.0/edge       0  10.152.183.244  no       installing agent\\nmysql-test-app    0.0.2                    active       1  mysql-test-app    latest/edge   63  10.152.183.217  no       Last written value=28395\\n\\nUnit                 Workload     Agent  Address     Ports  Message\\nmysql-k8s/0*         active       idle   10.1.64.77         Primary\\nmysql-router-k8s/0   active       idle   10.1.64.73         Router 8.0.37 running (restart pending); Charmed operator 1.2+31518a0\\nmysql-router-k8s/1*  active       idle   10.1.64.75         Router 8.0.37 running (restart pending); Charmed operator 1.2+31518a0\\nmysql-router-k8s/2   maintenance  idle   10.1.64.78         \\nmysql-test-app/0*    active       idle   10.1.64.72         Last written value=28395\\n' = get_juju_status('test')\n +    where 'test' = <juju.model.Model object at 0x7f60782a4910>.name\n +      where <juju.model.Model object at 0x7f60782a4910> = <pytest_operator.plugin.OpsTest object at 0x7f60752e9fc0>.model","time":{"start":1729304837569,"stop":1729305159513,"duration":321944}}]},"tags":["asyncio","abort_on_fail","group(1)"]},"source":"6f62c852a2d00d81.json","parameterValues":[]}