{"uid":"bc87614e92fb8263","name":"test_upgrade_from_edge","fullName":"tests.integration.test_upgrade#test_upgrade_from_edge","historyId":"59e96b2cf75bb30d0a5cbde0e5234d56","time":{"start":1726021489800,"stop":1726021493896,"duration":4096},"description":"Upgrade mysqlrouter while ensuring continuous writes incrementing.","descriptionHtml":"<p>Upgrade mysqlrouter while ensuring continuous writes incrementing.</p>\n","status":"broken","statusMessage":"mysql.connector.errors.ProgrammingError: 1146 (42S02): Table 'continuous_writes_database.data' doesn't exist","statusTrace":"Traceback (most recent call last):\n  File \"/home/runner/work/mysql-router-k8s-operator/mysql-router-k8s-operator/.tox/integration/lib/python3.10/site-packages/mysql/connector/connection_cext.py\", line 611, in cmd_query\n    self._cmysql.query(\n_mysql_connector.MySQLInterfaceError: Table 'continuous_writes_database.data' doesn't exist\n\nThe above exception was the direct cause of the following exception:\n\nTraceback (most recent call last):\n  File \"/home/runner/work/mysql-router-k8s-operator/mysql-router-k8s-operator/.tox/integration/lib/python3.10/site-packages/_pytest/runner.py\", line 341, in from_call\n    result: Optional[TResult] = func()\n  File \"/home/runner/work/mysql-router-k8s-operator/mysql-router-k8s-operator/.tox/integration/lib/python3.10/site-packages/_pytest/runner.py\", line 262, in <lambda>\n    lambda: ihook(item=item, **kwds), when=when, reraise=reraise\n  File \"/home/runner/work/mysql-router-k8s-operator/mysql-router-k8s-operator/.tox/integration/lib/python3.10/site-packages/pluggy/_hooks.py\", line 493, in __call__\n    return self._hookexec(self.name, self._hookimpls, kwargs, firstresult)\n  File \"/home/runner/work/mysql-router-k8s-operator/mysql-router-k8s-operator/.tox/integration/lib/python3.10/site-packages/pluggy/_manager.py\", line 115, in _hookexec\n    return self._inner_hookexec(hook_name, methods, kwargs, firstresult)\n  File \"/home/runner/work/mysql-router-k8s-operator/mysql-router-k8s-operator/.tox/integration/lib/python3.10/site-packages/pluggy/_callers.py\", line 152, in _multicall\n    return outcome.get_result()\n  File \"/home/runner/work/mysql-router-k8s-operator/mysql-router-k8s-operator/.tox/integration/lib/python3.10/site-packages/pluggy/_result.py\", line 114, in get_result\n    raise exc.with_traceback(exc.__traceback__)\n  File \"/home/runner/work/mysql-router-k8s-operator/mysql-router-k8s-operator/.tox/integration/lib/python3.10/site-packages/pluggy/_callers.py\", line 77, in _multicall\n    res = hook_impl.function(*args)\n  File \"/home/runner/work/mysql-router-k8s-operator/mysql-router-k8s-operator/.tox/integration/lib/python3.10/site-packages/_pytest/runner.py\", line 177, in pytest_runtest_call\n    raise e\n  File \"/home/runner/work/mysql-router-k8s-operator/mysql-router-k8s-operator/.tox/integration/lib/python3.10/site-packages/_pytest/runner.py\", line 169, in pytest_runtest_call\n    item.runtest()\n  File \"/home/runner/work/mysql-router-k8s-operator/mysql-router-k8s-operator/.tox/integration/lib/python3.10/site-packages/_pytest/python.py\", line 1788, in runtest\n    self.ihook.pytest_pyfunc_call(pyfuncitem=self)\n  File \"/home/runner/work/mysql-router-k8s-operator/mysql-router-k8s-operator/.tox/integration/lib/python3.10/site-packages/pluggy/_hooks.py\", line 493, in __call__\n    return self._hookexec(self.name, self._hookimpls, kwargs, firstresult)\n  File \"/home/runner/work/mysql-router-k8s-operator/mysql-router-k8s-operator/.tox/integration/lib/python3.10/site-packages/pluggy/_manager.py\", line 115, in _hookexec\n    return self._inner_hookexec(hook_name, methods, kwargs, firstresult)\n  File \"/home/runner/work/mysql-router-k8s-operator/mysql-router-k8s-operator/.tox/integration/lib/python3.10/site-packages/pluggy/_callers.py\", line 152, in _multicall\n    return outcome.get_result()\n  File \"/home/runner/work/mysql-router-k8s-operator/mysql-router-k8s-operator/.tox/integration/lib/python3.10/site-packages/pluggy/_result.py\", line 114, in get_result\n    raise exc.with_traceback(exc.__traceback__)\n  File \"/home/runner/work/mysql-router-k8s-operator/mysql-router-k8s-operator/.tox/integration/lib/python3.10/site-packages/pluggy/_callers.py\", line 77, in _multicall\n    res = hook_impl.function(*args)\n  File \"/home/runner/work/mysql-router-k8s-operator/mysql-router-k8s-operator/.tox/integration/lib/python3.10/site-packages/_pytest/python.py\", line 194, in pytest_pyfunc_call\n    result = testfunction(**testargs)\n  File \"/home/runner/work/mysql-router-k8s-operator/mysql-router-k8s-operator/.tox/integration/lib/python3.10/site-packages/pytest_asyncio/plugin.py\", line 532, in inner\n    _loop.run_until_complete(task)\n  File \"/usr/lib/python3.10/asyncio/base_events.py\", line 649, in run_until_complete\n    return future.result()\n  File \"/home/runner/work/mysql-router-k8s-operator/mysql-router-k8s-operator/tests/integration/test_upgrade.py\", line 97, in test_upgrade_from_edge\n    await ensure_all_units_continuous_writes_incrementing(ops_test)\n  File \"/home/runner/work/mysql-router-k8s-operator/mysql-router-k8s-operator/tests/integration/helpers.py\", line 560, in ensure_all_units_continuous_writes_incrementing\n    last_max_written_value = await get_max_written_value_in_database(\n  File \"/home/runner/work/mysql-router-k8s-operator/mysql-router-k8s-operator/tests/integration/helpers.py\", line 531, in get_max_written_value_in_database\n    output = await execute_queries_against_unit(\n  File \"/home/runner/work/mysql-router-k8s-operator/mysql-router-k8s-operator/tests/integration/helpers.py\", line 68, in execute_queries_against_unit\n    cursor.execute(query)\n  File \"/home/runner/work/mysql-router-k8s-operator/mysql-router-k8s-operator/.tox/integration/lib/python3.10/site-packages/mysql/connector/cursor_cext.py\", line 330, in execute\n    result = self._cnx.cmd_query(\n  File \"/home/runner/work/mysql-router-k8s-operator/mysql-router-k8s-operator/.tox/integration/lib/python3.10/site-packages/mysql/connector/connection_cext.py\", line 619, in cmd_query\n    raise get_mysql_exception(\nmysql.connector.errors.ProgrammingError: 1146 (42S02): Table 'continuous_writes_database.data' doesn't exist","flaky":false,"newFailed":false,"newBroken":false,"newPassed":false,"retriesCount":1,"retriesStatusChange":true,"beforeStages":[{"name":"event_loop","time":{"start":1726021318009,"stop":1726021318009,"duration":0},"status":"passed","steps":[],"attachments":[],"parameters":[],"stepsCount":0,"shouldDisplayMessage":false,"attachmentsCount":0,"hasContent":false,"attachmentStep":false},{"name":"tmp_path_factory","time":{"start":1726021318009,"stop":1726021318010,"duration":1},"status":"passed","steps":[],"attachments":[],"parameters":[],"stepsCount":0,"shouldDisplayMessage":false,"attachmentsCount":0,"hasContent":false,"attachmentStep":false},{"name":"ops_test","time":{"start":1726021318010,"stop":1726021318272,"duration":262},"status":"passed","steps":[],"attachments":[],"parameters":[],"stepsCount":0,"shouldDisplayMessage":false,"attachmentsCount":0,"hasContent":false,"attachmentStep":false},{"name":"abort_on_fail","time":{"start":1726021489799,"stop":1726021489799,"duration":0},"status":"passed","steps":[],"attachments":[],"parameters":[],"stepsCount":0,"shouldDisplayMessage":false,"attachmentsCount":0,"hasContent":false,"attachmentStep":false}],"testStage":{"description":"Upgrade mysqlrouter while ensuring continuous writes incrementing.","status":"broken","statusMessage":"mysql.connector.errors.ProgrammingError: 1146 (42S02): Table 'continuous_writes_database.data' doesn't exist","statusTrace":"Traceback (most recent call last):\n  File \"/home/runner/work/mysql-router-k8s-operator/mysql-router-k8s-operator/.tox/integration/lib/python3.10/site-packages/mysql/connector/connection_cext.py\", line 611, in cmd_query\n    self._cmysql.query(\n_mysql_connector.MySQLInterfaceError: Table 'continuous_writes_database.data' doesn't exist\n\nThe above exception was the direct cause of the following exception:\n\nTraceback (most recent call last):\n  File \"/home/runner/work/mysql-router-k8s-operator/mysql-router-k8s-operator/.tox/integration/lib/python3.10/site-packages/_pytest/runner.py\", line 341, in from_call\n    result: Optional[TResult] = func()\n  File \"/home/runner/work/mysql-router-k8s-operator/mysql-router-k8s-operator/.tox/integration/lib/python3.10/site-packages/_pytest/runner.py\", line 262, in <lambda>\n    lambda: ihook(item=item, **kwds), when=when, reraise=reraise\n  File \"/home/runner/work/mysql-router-k8s-operator/mysql-router-k8s-operator/.tox/integration/lib/python3.10/site-packages/pluggy/_hooks.py\", line 493, in __call__\n    return self._hookexec(self.name, self._hookimpls, kwargs, firstresult)\n  File \"/home/runner/work/mysql-router-k8s-operator/mysql-router-k8s-operator/.tox/integration/lib/python3.10/site-packages/pluggy/_manager.py\", line 115, in _hookexec\n    return self._inner_hookexec(hook_name, methods, kwargs, firstresult)\n  File \"/home/runner/work/mysql-router-k8s-operator/mysql-router-k8s-operator/.tox/integration/lib/python3.10/site-packages/pluggy/_callers.py\", line 152, in _multicall\n    return outcome.get_result()\n  File \"/home/runner/work/mysql-router-k8s-operator/mysql-router-k8s-operator/.tox/integration/lib/python3.10/site-packages/pluggy/_result.py\", line 114, in get_result\n    raise exc.with_traceback(exc.__traceback__)\n  File \"/home/runner/work/mysql-router-k8s-operator/mysql-router-k8s-operator/.tox/integration/lib/python3.10/site-packages/pluggy/_callers.py\", line 77, in _multicall\n    res = hook_impl.function(*args)\n  File \"/home/runner/work/mysql-router-k8s-operator/mysql-router-k8s-operator/.tox/integration/lib/python3.10/site-packages/_pytest/runner.py\", line 177, in pytest_runtest_call\n    raise e\n  File \"/home/runner/work/mysql-router-k8s-operator/mysql-router-k8s-operator/.tox/integration/lib/python3.10/site-packages/_pytest/runner.py\", line 169, in pytest_runtest_call\n    item.runtest()\n  File \"/home/runner/work/mysql-router-k8s-operator/mysql-router-k8s-operator/.tox/integration/lib/python3.10/site-packages/_pytest/python.py\", line 1788, in runtest\n    self.ihook.pytest_pyfunc_call(pyfuncitem=self)\n  File \"/home/runner/work/mysql-router-k8s-operator/mysql-router-k8s-operator/.tox/integration/lib/python3.10/site-packages/pluggy/_hooks.py\", line 493, in __call__\n    return self._hookexec(self.name, self._hookimpls, kwargs, firstresult)\n  File \"/home/runner/work/mysql-router-k8s-operator/mysql-router-k8s-operator/.tox/integration/lib/python3.10/site-packages/pluggy/_manager.py\", line 115, in _hookexec\n    return self._inner_hookexec(hook_name, methods, kwargs, firstresult)\n  File \"/home/runner/work/mysql-router-k8s-operator/mysql-router-k8s-operator/.tox/integration/lib/python3.10/site-packages/pluggy/_callers.py\", line 152, in _multicall\n    return outcome.get_result()\n  File \"/home/runner/work/mysql-router-k8s-operator/mysql-router-k8s-operator/.tox/integration/lib/python3.10/site-packages/pluggy/_result.py\", line 114, in get_result\n    raise exc.with_traceback(exc.__traceback__)\n  File \"/home/runner/work/mysql-router-k8s-operator/mysql-router-k8s-operator/.tox/integration/lib/python3.10/site-packages/pluggy/_callers.py\", line 77, in _multicall\n    res = hook_impl.function(*args)\n  File \"/home/runner/work/mysql-router-k8s-operator/mysql-router-k8s-operator/.tox/integration/lib/python3.10/site-packages/_pytest/python.py\", line 194, in pytest_pyfunc_call\n    result = testfunction(**testargs)\n  File \"/home/runner/work/mysql-router-k8s-operator/mysql-router-k8s-operator/.tox/integration/lib/python3.10/site-packages/pytest_asyncio/plugin.py\", line 532, in inner\n    _loop.run_until_complete(task)\n  File \"/usr/lib/python3.10/asyncio/base_events.py\", line 649, in run_until_complete\n    return future.result()\n  File \"/home/runner/work/mysql-router-k8s-operator/mysql-router-k8s-operator/tests/integration/test_upgrade.py\", line 97, in test_upgrade_from_edge\n    await ensure_all_units_continuous_writes_incrementing(ops_test)\n  File \"/home/runner/work/mysql-router-k8s-operator/mysql-router-k8s-operator/tests/integration/helpers.py\", line 560, in ensure_all_units_continuous_writes_incrementing\n    last_max_written_value = await get_max_written_value_in_database(\n  File \"/home/runner/work/mysql-router-k8s-operator/mysql-router-k8s-operator/tests/integration/helpers.py\", line 531, in get_max_written_value_in_database\n    output = await execute_queries_against_unit(\n  File \"/home/runner/work/mysql-router-k8s-operator/mysql-router-k8s-operator/tests/integration/helpers.py\", line 68, in execute_queries_against_unit\n    cursor.execute(query)\n  File \"/home/runner/work/mysql-router-k8s-operator/mysql-router-k8s-operator/.tox/integration/lib/python3.10/site-packages/mysql/connector/cursor_cext.py\", line 330, in execute\n    result = self._cnx.cmd_query(\n  File \"/home/runner/work/mysql-router-k8s-operator/mysql-router-k8s-operator/.tox/integration/lib/python3.10/site-packages/mysql/connector/connection_cext.py\", line 619, in cmd_query\n    raise get_mysql_exception(\nmysql.connector.errors.ProgrammingError: 1146 (42S02): Table 'continuous_writes_database.data' doesn't exist","steps":[],"attachments":[{"uid":"bba72afd6f119bd1","name":"log","source":"bba72afd6f119bd1.txt","type":"text/plain","size":171}],"parameters":[],"stepsCount":0,"shouldDisplayMessage":true,"attachmentsCount":1,"hasContent":true,"attachmentStep":false},"afterStages":[{"name":"abort_on_fail::0","time":{"start":1726021493901,"stop":1726021493901,"duration":0},"status":"passed","steps":[],"attachments":[],"parameters":[],"stepsCount":0,"shouldDisplayMessage":false,"attachmentsCount":0,"hasContent":false,"attachmentStep":false},{"name":"ops_test::finalizer","time":{"start":1726021493905,"stop":1726021498265,"duration":4360},"status":"passed","steps":[],"attachments":[],"parameters":[],"stepsCount":0,"shouldDisplayMessage":false,"attachmentsCount":0,"hasContent":false,"attachmentStep":false},{"name":"event_loop::2","time":{"start":1726021498265,"stop":1726021498265,"duration":0},"status":"passed","steps":[],"attachments":[],"parameters":[],"stepsCount":0,"shouldDisplayMessage":false,"attachmentsCount":0,"hasContent":false,"attachmentStep":false},{"name":"event_loop::_close_event_loop","time":{"start":1726021498265,"stop":1726021498265,"duration":0},"status":"passed","steps":[],"attachments":[],"parameters":[],"stepsCount":0,"shouldDisplayMessage":false,"attachmentsCount":0,"hasContent":false,"attachmentStep":false},{"name":"event_loop::_provide_clean_event_loop","time":{"start":1726021498265,"stop":1726021498266,"duration":1},"status":"passed","steps":[],"attachments":[],"parameters":[],"stepsCount":0,"shouldDisplayMessage":false,"attachmentsCount":0,"hasContent":false,"attachmentStep":false}],"labels":[{"name":"tag","value":"abort_on_fail"},{"name":"tag","value":"group(1)"},{"name":"tag","value":"asyncio"},{"name":"parentSuite","value":"tests.integration"},{"name":"suite","value":"test_upgrade"},{"name":"host","value":"fv-az1391-309"},{"name":"thread","value":"12262-MainThread"},{"name":"framework","value":"pytest"},{"name":"language","value":"cpython3"},{"name":"package","value":"tests.integration.test_upgrade"},{"name":"resultFormat","value":"allure2"}],"parameters":[],"links":[],"hidden":false,"retry":false,"extra":{"severity":"normal","retries":[{"uid":"ed481af739ce9eb5","status":"unknown","time":{}}],"categories":[{"name":"Test defects","matchedStatuses":[],"flaky":false}],"history":{"statistic":{"failed":55,"broken":12,"skipped":2,"passed":29,"unknown":7,"total":105},"items":[{"uid":"4113f1a5e8d83a81","reportUrl":"../253//#testresult/4113f1a5e8d83a81","status":"broken","statusDetails":"asyncio.exceptions.TimeoutError","time":{"start":1725935117525,"stop":1725936322738,"duration":1205213}},{"uid":"d0c092f2f5218a92","reportUrl":"../251//#testresult/d0c092f2f5218a92","status":"failed","statusDetails":"AssertionError: None of the units are upgraded\nassert '+testupgrade' in 'Model  Controller          Cloud/Region        Version  SLA          Timestamp\\ntest   microk8s-localhost  microk8s/localhost  3.4.3    unsupported  02:33:02Z\\n\\nApp               Version                  Status   Scale  Charm             Channel      Rev  Address         Exposed  Message\\nmysql-k8s         8.0.37-0ubuntu0.22.04.3  active       1  mysql-k8s         8.0/edge     189  10.152.183.86   no       \\nmysql-router-k8s  8.0.37-0ubuntu0.22.04.3  waiting      3  mysql-router-k8s  8.0/edge       0  10.152.183.80   no       installing agent\\nmysql-test-app    0.0.2                    active       1  mysql-test-app    latest/edge   58  10.152.183.216  no       \\n\\nUnit                 Workload     Agent  Address     Ports  Message\\nmysql-k8s/0*         active       idle   10.1.99.77         Primary\\nmysql-router-k8s/0*  active       idle   10.1.99.72         Router 8.0.37 running (restart pending); Charmed operator 1.2+2f8472b\\nmysql-router-k8s/1   active       idle   10.1.99.73         Router 8.0.37 running (restart pending); Charmed operator 1.2+2f8472b\\nmysql-router-k8s/2   maintenance  idle   10.1.99.78         \\nmysql-test-app/0*    active       idle   10.1.99.76         \\n'\n +  where 'Model  Controller          Cloud/Region        Version  SLA          Timestamp\\ntest   microk8s-localhost  microk8s/localhost  3.4.3    unsupported  02:33:02Z\\n\\nApp               Version                  Status   Scale  Charm             Channel      Rev  Address         Exposed  Message\\nmysql-k8s         8.0.37-0ubuntu0.22.04.3  active       1  mysql-k8s         8.0/edge     189  10.152.183.86   no       \\nmysql-router-k8s  8.0.37-0ubuntu0.22.04.3  waiting      3  mysql-router-k8s  8.0/edge       0  10.152.183.80   no       installing agent\\nmysql-test-app    0.0.2                    active       1  mysql-test-app    latest/edge   58  10.152.183.216  no       \\n\\nUnit                 Workload     Agent  Address     Ports  Message\\nmysql-k8s/0*         active       idle   10.1.99.77         Primary\\nmysql-router-k8s/0*  active       idle   10.1.99.72         Router 8.0.37 running (restart pending); Charmed operator 1.2+2f8472b\\nmysql-router-k8s/1   active       idle   10.1.99.73         Router 8.0.37 running (restart pending); Charmed operator 1.2+2f8472b\\nmysql-router-k8s/2   maintenance  idle   10.1.99.78         \\nmysql-test-app/0*    active       idle   10.1.99.76         \\n' = get_juju_status('test')\n +    where 'test' = <juju.model.Model object at 0x7f4e80c0c460>.name\n +      where <juju.model.Model object at 0x7f4e80c0c460> = <pytest_operator.plugin.OpsTest object at 0x7f4e80844a30>.model","time":{"start":1725848860265,"stop":1725849182550,"duration":322285}},{"uid":"deec4fafa3b44032","reportUrl":"../250//#testresult/deec4fafa3b44032","status":"failed","statusDetails":"AssertionError: None of the units are upgraded\nassert '+testupgrade' in 'Model  Controller          Cloud/Region        Version  SLA          Timestamp\\ntest   microk8s-localhost  microk8s/localhost  3.4.3    unsupported  02:34:55Z\\n\\nApp               Version                  Status   Scale  Charm             Channel      Rev  Address         Exposed  Message\\nmysql-k8s         8.0.37-0ubuntu0.22.04.3  active       1  mysql-k8s         8.0/edge     189  10.152.183.130  no       \\nmysql-router-k8s  8.0.37-0ubuntu0.22.04.3  waiting      3  mysql-router-k8s  8.0/edge       0  10.152.183.84   no       installing agent\\nmysql-test-app    0.0.2                    active       1  mysql-test-app    latest/edge   58  10.152.183.52   no       Last written value=23748\\n\\nUnit                 Workload     Agent  Address       Ports  Message\\nmysql-k8s/0*         active       idle   10.1.169.138         Primary\\nmysql-router-k8s/0*  active       idle   10.1.169.139         Router 8.0.37 running (restart pending); Charmed operator 1.2+2f8472b\\nmysql-router-k8s/1   active       idle   10.1.169.140         Router 8.0.37 running (restart pending); Charmed operator 1.2+2f8472b\\nmysql-router-k8s/2   maintenance  idle   10.1.169.142         \\nmysql-test-app/0*    active       idle   10.1.169.136         Last written value=23748\\n'\n +  where 'Model  Controller          Cloud/Region        Version  SLA          Timestamp\\ntest   microk8s-localhost  microk8s/localhost  3.4.3    unsupported  02:34:55Z\\n\\nApp               Version                  Status   Scale  Charm             Channel      Rev  Address         Exposed  Message\\nmysql-k8s         8.0.37-0ubuntu0.22.04.3  active       1  mysql-k8s         8.0/edge     189  10.152.183.130  no       \\nmysql-router-k8s  8.0.37-0ubuntu0.22.04.3  waiting      3  mysql-router-k8s  8.0/edge       0  10.152.183.84   no       installing agent\\nmysql-test-app    0.0.2                    active       1  mysql-test-app    latest/edge   58  10.152.183.52   no       Last written value=23748\\n\\nUnit                 Workload     Agent  Address       Ports  Message\\nmysql-k8s/0*         active       idle   10.1.169.138         Primary\\nmysql-router-k8s/0*  active       idle   10.1.169.139         Router 8.0.37 running (restart pending); Charmed operator 1.2+2f8472b\\nmysql-router-k8s/1   active       idle   10.1.169.140         Router 8.0.37 running (restart pending); Charmed operator 1.2+2f8472b\\nmysql-router-k8s/2   maintenance  idle   10.1.169.142         \\nmysql-test-app/0*    active       idle   10.1.169.136         Last written value=23748\\n' = get_juju_status('test')\n +    where 'test' = <juju.model.Model object at 0x7fd90203e080>.name\n +      where <juju.model.Model object at 0x7fd90203e080> = <pytest_operator.plugin.OpsTest object at 0x7fd8fd5ebca0>.model","time":{"start":1725762573777,"stop":1725762895954,"duration":322177}},{"uid":"35cc99c2e7656222","reportUrl":"../249//#testresult/35cc99c2e7656222","status":"broken","statusDetails":"asyncio.exceptions.TimeoutError","time":{"start":1725675705462,"stop":1725676910655,"duration":1205193}},{"uid":"78e8a8b6cd5113f9","reportUrl":"../247//#testresult/78e8a8b6cd5113f9","status":"failed","statusDetails":"AssertionError: None of the units are upgraded\nassert '+testupgrade' in 'Model  Controller          Cloud/Region        Version  SLA          Timestamp\\ntest   microk8s-localhost  microk8s/localhost  3.4.3    unsupported  02:30:03Z\\n\\nApp               Version                  Status   Scale  Charm             Channel      Rev  Address         Exposed  Message\\nmysql-k8s         8.0.37-0ubuntu0.22.04.3  active       1  mysql-k8s         8.0/edge     189  10.152.183.176  no       \\nmysql-router-k8s  8.0.37-0ubuntu0.22.04.3  waiting      3  mysql-router-k8s  8.0/edge       0  10.152.183.221  no       installing agent\\nmysql-test-app    0.0.2                    active       1  mysql-test-app    latest/edge   58  10.152.183.156  no       \\n\\nUnit                 Workload     Agent  Address      Ports  Message\\nmysql-k8s/0*         active       idle   10.1.44.141         Primary\\nmysql-router-k8s/0*  active       idle   10.1.44.138         Router 8.0.37 running (restart pending); Charmed operator 1.2+2f8472b\\nmysql-router-k8s/1   active       idle   10.1.44.139         Router 8.0.37 running (restart pending); Charmed operator 1.2+2f8472b\\nmysql-router-k8s/2   maintenance  idle   10.1.44.142         \\nmysql-test-app/0*    active       idle   10.1.44.136         \\n'\n +  where 'Model  Controller          Cloud/Region        Version  SLA          Timestamp\\ntest   microk8s-localhost  microk8s/localhost  3.4.3    unsupported  02:30:03Z\\n\\nApp               Version                  Status   Scale  Charm             Channel      Rev  Address         Exposed  Message\\nmysql-k8s         8.0.37-0ubuntu0.22.04.3  active       1  mysql-k8s         8.0/edge     189  10.152.183.176  no       \\nmysql-router-k8s  8.0.37-0ubuntu0.22.04.3  waiting      3  mysql-router-k8s  8.0/edge       0  10.152.183.221  no       installing agent\\nmysql-test-app    0.0.2                    active       1  mysql-test-app    latest/edge   58  10.152.183.156  no       \\n\\nUnit                 Workload     Agent  Address      Ports  Message\\nmysql-k8s/0*         active       idle   10.1.44.141         Primary\\nmysql-router-k8s/0*  active       idle   10.1.44.138         Router 8.0.37 running (restart pending); Charmed operator 1.2+2f8472b\\nmysql-router-k8s/1   active       idle   10.1.44.139         Router 8.0.37 running (restart pending); Charmed operator 1.2+2f8472b\\nmysql-router-k8s/2   maintenance  idle   10.1.44.142         \\nmysql-test-app/0*    active       idle   10.1.44.136         \\n' = get_juju_status('test')\n +    where 'test' = <juju.model.Model object at 0x7f264ac64b50>.name\n +      where <juju.model.Model object at 0x7f264ac64b50> = <pytest_operator.plugin.OpsTest object at 0x7f264a43b220>.model","time":{"start":1725589481038,"stop":1725589803336,"duration":322298}},{"uid":"eb5b819cfdad708f","reportUrl":"../245//#testresult/eb5b819cfdad708f","status":"broken","statusDetails":"asyncio.exceptions.TimeoutError","time":{"start":1725503117763,"stop":1725504323017,"duration":1205254}},{"uid":"6049668b66c3e369","reportUrl":"../244//#testresult/6049668b66c3e369","status":"failed","statusDetails":"AssertionError: None of the units are upgraded\nassert '+testupgrade' in 'Model  Controller          Cloud/Region        Version  SLA          Timestamp\\ntest   microk8s-localhost  microk8s/localhost  3.4.3    unsupported  02:29:00Z\\n\\nApp               Version                  Status   Scale  Charm             Channel      Rev  Address         Exposed  Message\\nmysql-k8s         8.0.37-0ubuntu0.22.04.3  active       1  mysql-k8s         8.0/edge     184  10.152.183.200  no       \\nmysql-router-k8s  8.0.37-0ubuntu0.22.04.3  waiting      3  mysql-router-k8s  8.0/edge       0  10.152.183.89   no       installing agent\\nmysql-test-app    0.0.2                    active       1  mysql-test-app    latest/edge   51  10.152.183.98   no       \\n\\nUnit                 Workload     Agent      Address       Ports  Message\\nmysql-k8s/0*         active       executing  10.1.217.205         Primary\\nmysql-router-k8s/0   active       idle       10.1.217.200         Router 8.0.37 running (restart pending); Charmed operator 1.2+2f8472b\\nmysql-router-k8s/1*  active       idle       10.1.217.202         Router 8.0.37 running (restart pending); Charmed operator 1.2+2f8472b\\nmysql-router-k8s/2   maintenance  idle       10.1.217.206         \\nmysql-test-app/0*    active       idle       10.1.217.204         \\n'\n +  where 'Model  Controller          Cloud/Region        Version  SLA          Timestamp\\ntest   microk8s-localhost  microk8s/localhost  3.4.3    unsupported  02:29:00Z\\n\\nApp               Version                  Status   Scale  Charm             Channel      Rev  Address         Exposed  Message\\nmysql-k8s         8.0.37-0ubuntu0.22.04.3  active       1  mysql-k8s         8.0/edge     184  10.152.183.200  no       \\nmysql-router-k8s  8.0.37-0ubuntu0.22.04.3  waiting      3  mysql-router-k8s  8.0/edge       0  10.152.183.89   no       installing agent\\nmysql-test-app    0.0.2                    active       1  mysql-test-app    latest/edge   51  10.152.183.98   no       \\n\\nUnit                 Workload     Agent      Address       Ports  Message\\nmysql-k8s/0*         active       executing  10.1.217.205         Primary\\nmysql-router-k8s/0   active       idle       10.1.217.200         Router 8.0.37 running (restart pending); Charmed operator 1.2+2f8472b\\nmysql-router-k8s/1*  active       idle       10.1.217.202         Router 8.0.37 running (restart pending); Charmed operator 1.2+2f8472b\\nmysql-router-k8s/2   maintenance  idle       10.1.217.206         \\nmysql-test-app/0*    active       idle       10.1.217.204         \\n' = get_juju_status('test')\n +    where 'test' = <juju.model.Model object at 0x7f01f6b16170>.name\n +      where <juju.model.Model object at 0x7f01f6b16170> = <pytest_operator.plugin.OpsTest object at 0x7f01f6b76e90>.model","time":{"start":1725416617871,"stop":1725416940973,"duration":323102}},{"uid":"78b08548e2de7e0d","reportUrl":"../243//#testresult/78b08548e2de7e0d","status":"failed","statusDetails":"AssertionError: None of the units are upgraded\nassert '+testupgrade' in 'Model  Controller          Cloud/Region        Version  SLA          Timestamp\\ntest   microk8s-localhost  microk8s/localhost  3.4.3    unsupported  02:27:39Z\\n\\nApp               Version                  Status   Scale  Charm             Channel      Rev  Address         Exposed  Message\\nmysql-k8s         8.0.37-0ubuntu0.22.04.3  active       1  mysql-k8s         8.0/edge     184  10.152.183.58   no       \\nmysql-router-k8s  8.0.37-0ubuntu0.22.04.3  waiting      3  mysql-router-k8s  8.0/edge       0  10.152.183.136  no       installing agent\\nmysql-test-app    0.0.2                    active       1  mysql-test-app    latest/edge   51  10.152.183.61   no       Last written value=23065\\n\\nUnit                 Workload     Agent  Address      Ports  Message\\nmysql-k8s/0*         active       idle   10.1.162.77         Primary\\nmysql-router-k8s/0   active       idle   10.1.162.73         Router 8.0.37 running (restart pending); Charmed operator 1.2+2f8472b\\nmysql-router-k8s/1*  active       idle   10.1.162.75         Router 8.0.37 running (restart pending); Charmed operator 1.2+2f8472b\\nmysql-router-k8s/2   maintenance  idle   10.1.162.78         \\nmysql-test-app/0*    active       idle   10.1.162.72         Last written value=23065\\n'\n +  where 'Model  Controller          Cloud/Region        Version  SLA          Timestamp\\ntest   microk8s-localhost  microk8s/localhost  3.4.3    unsupported  02:27:39Z\\n\\nApp               Version                  Status   Scale  Charm             Channel      Rev  Address         Exposed  Message\\nmysql-k8s         8.0.37-0ubuntu0.22.04.3  active       1  mysql-k8s         8.0/edge     184  10.152.183.58   no       \\nmysql-router-k8s  8.0.37-0ubuntu0.22.04.3  waiting      3  mysql-router-k8s  8.0/edge       0  10.152.183.136  no       installing agent\\nmysql-test-app    0.0.2                    active       1  mysql-test-app    latest/edge   51  10.152.183.61   no       Last written value=23065\\n\\nUnit                 Workload     Agent  Address      Ports  Message\\nmysql-k8s/0*         active       idle   10.1.162.77         Primary\\nmysql-router-k8s/0   active       idle   10.1.162.73         Router 8.0.37 running (restart pending); Charmed operator 1.2+2f8472b\\nmysql-router-k8s/1*  active       idle   10.1.162.75         Router 8.0.37 running (restart pending); Charmed operator 1.2+2f8472b\\nmysql-router-k8s/2   maintenance  idle   10.1.162.78         \\nmysql-test-app/0*    active       idle   10.1.162.72         Last written value=23065\\n' = get_juju_status('test')\n +    where 'test' = <juju.model.Model object at 0x7f513d7a27a0>.name\n +      where <juju.model.Model object at 0x7f513d7a27a0> = <pytest_operator.plugin.OpsTest object at 0x7f513d788970>.model","time":{"start":1725330137705,"stop":1725330460011,"duration":322306}},{"uid":"fed8adafa2c1116c","reportUrl":"../240//#testresult/fed8adafa2c1116c","status":"failed","statusDetails":"AssertionError: None of the units are upgraded\nassert '+testupgrade' in 'Model  Controller          Cloud/Region        Version  SLA          Timestamp\\ntest   microk8s-localhost  microk8s/localhost  3.4.3    unsupported  02:30:00Z\\n\\nApp               Version                  Status   Scale  Charm             Channel      Rev  Address         Exposed  Message\\nmysql-k8s         8.0.37-0ubuntu0.22.04.3  active       1  mysql-k8s         8.0/edge     184  10.152.183.234  no       \\nmysql-router-k8s  8.0.37-0ubuntu0.22.04.3  waiting      3  mysql-router-k8s  8.0/edge       0  10.152.183.134  no       installing agent\\nmysql-test-app    0.0.2                    active       1  mysql-test-app    latest/edge   51  10.152.183.212  no       Last written value=23829\\n\\nUnit                 Workload     Agent      Address      Ports  Message\\nmysql-k8s/0*         active       executing  10.1.249.77         Primary\\nmysql-router-k8s/0*  active       idle       10.1.249.72         Router 8.0.37 running (restart pending); Charmed operator 1.2+2f8472b\\nmysql-router-k8s/1   active       idle       10.1.249.73         Router 8.0.37 running (restart pending); Charmed operator 1.2+2f8472b\\nmysql-router-k8s/2   maintenance  idle       10.1.249.78         \\nmysql-test-app/0*    active       idle       10.1.249.75         Last written value=23829\\n'\n +  where 'Model  Controller          Cloud/Region        Version  SLA          Timestamp\\ntest   microk8s-localhost  microk8s/localhost  3.4.3    unsupported  02:30:00Z\\n\\nApp               Version                  Status   Scale  Charm             Channel      Rev  Address         Exposed  Message\\nmysql-k8s         8.0.37-0ubuntu0.22.04.3  active       1  mysql-k8s         8.0/edge     184  10.152.183.234  no       \\nmysql-router-k8s  8.0.37-0ubuntu0.22.04.3  waiting      3  mysql-router-k8s  8.0/edge       0  10.152.183.134  no       installing agent\\nmysql-test-app    0.0.2                    active       1  mysql-test-app    latest/edge   51  10.152.183.212  no       Last written value=23829\\n\\nUnit                 Workload     Agent      Address      Ports  Message\\nmysql-k8s/0*         active       executing  10.1.249.77         Primary\\nmysql-router-k8s/0*  active       idle       10.1.249.72         Router 8.0.37 running (restart pending); Charmed operator 1.2+2f8472b\\nmysql-router-k8s/1   active       idle       10.1.249.73         Router 8.0.37 running (restart pending); Charmed operator 1.2+2f8472b\\nmysql-router-k8s/2   maintenance  idle       10.1.249.78         \\nmysql-test-app/0*    active       idle       10.1.249.75         Last written value=23829\\n' = get_juju_status('test')\n +    where 'test' = <juju.model.Model object at 0x7f04a59678b0>.name\n +      where <juju.model.Model object at 0x7f04a59678b0> = <pytest_operator.plugin.OpsTest object at 0x7f04a594fcd0>.model","time":{"start":1725243877655,"stop":1725244200215,"duration":322560}},{"uid":"3a51ebd4371efa3e","reportUrl":"../239//#testresult/3a51ebd4371efa3e","status":"failed","statusDetails":"AssertionError: None of the units are upgraded\nassert '+testupgrade' in 'Model  Controller          Cloud/Region        Version  SLA          Timestamp\\ntest   microk8s-localhost  microk8s/localhost  3.4.3    unsupported  02:46:42Z\\n\\nApp               Version                  Status   Scale  Charm             Channel      Rev  Address         Exposed  Message\\nmysql-k8s         8.0.37-0ubuntu0.22.04.3  active       1  mysql-k8s         8.0/edge     184  10.152.183.22   no       \\nmysql-router-k8s  8.0.37-0ubuntu0.22.04.3  waiting      3  mysql-router-k8s  8.0/edge       0  10.152.183.80   no       installing agent\\nmysql-test-app    0.0.2                    active       1  mysql-test-app    latest/edge   51  10.152.183.223  no       \\n\\nUnit                 Workload     Agent  Address      Ports  Message\\nmysql-k8s/0*         active       idle   10.1.211.77         Primary\\nmysql-router-k8s/0*  active       idle   10.1.211.74         Router 8.0.37 running (restart pending); Charmed operator 1.2+2f8472b\\nmysql-router-k8s/1   active       idle   10.1.211.76         Router 8.0.37 running (restart pending); Charmed operator 1.2+2f8472b\\nmysql-router-k8s/2   maintenance  idle   10.1.211.78         \\nmysql-test-app/0*    active       idle   10.1.211.72         \\n'\n +  where 'Model  Controller          Cloud/Region        Version  SLA          Timestamp\\ntest   microk8s-localhost  microk8s/localhost  3.4.3    unsupported  02:46:42Z\\n\\nApp               Version                  Status   Scale  Charm             Channel      Rev  Address         Exposed  Message\\nmysql-k8s         8.0.37-0ubuntu0.22.04.3  active       1  mysql-k8s         8.0/edge     184  10.152.183.22   no       \\nmysql-router-k8s  8.0.37-0ubuntu0.22.04.3  waiting      3  mysql-router-k8s  8.0/edge       0  10.152.183.80   no       installing agent\\nmysql-test-app    0.0.2                    active       1  mysql-test-app    latest/edge   51  10.152.183.223  no       \\n\\nUnit                 Workload     Agent  Address      Ports  Message\\nmysql-k8s/0*         active       idle   10.1.211.77         Primary\\nmysql-router-k8s/0*  active       idle   10.1.211.74         Router 8.0.37 running (restart pending); Charmed operator 1.2+2f8472b\\nmysql-router-k8s/1   active       idle   10.1.211.76         Router 8.0.37 running (restart pending); Charmed operator 1.2+2f8472b\\nmysql-router-k8s/2   maintenance  idle   10.1.211.78         \\nmysql-test-app/0*    active       idle   10.1.211.72         \\n' = get_juju_status('test')\n +    where 'test' = <juju.model.Model object at 0x7f66c9514dc0>.name\n +      where <juju.model.Model object at 0x7f66c9514dc0> = <pytest_operator.plugin.OpsTest object at 0x7f66c9834dc0>.model","time":{"start":1725158479717,"stop":1725158802086,"duration":322369}},{"uid":"b3a0d813813461ee","reportUrl":"../238//#testresult/b3a0d813813461ee","status":"broken","statusDetails":"asyncio.exceptions.TimeoutError","time":{"start":1725070884899,"stop":1725072090103,"duration":1205204}},{"uid":"f1f96f61cdf1dbe3","reportUrl":"../236//#testresult/f1f96f61cdf1dbe3","status":"broken","statusDetails":"asyncio.exceptions.TimeoutError","time":{"start":1724984630576,"stop":1724985835894,"duration":1205318}},{"uid":"afb33fd4f1fb583a","reportUrl":"../233//#testresult/afb33fd4f1fb583a","status":"failed","statusDetails":"AssertionError: None of the units are upgraded\nassert '+testupgrade' in 'Model  Controller          Cloud/Region        Version  SLA          Timestamp\\ntest   microk8s-localhost  microk8s/localhost  3.4.3    unsupported  02:28:01Z\\n\\nApp               Version                  Status   Scale  Charm             Channel      Rev  Address         Exposed  Message\\nmysql-k8s         8.0.37-0ubuntu0.22.04.3  active       1  mysql-k8s         8.0/edge     182  10.152.183.189  no       \\nmysql-router-k8s  8.0.37-0ubuntu0.22.04.3  waiting      3  mysql-router-k8s  8.0/edge       0  10.152.183.136  no       installing agent\\nmysql-test-app    0.0.2                    active       1  mysql-test-app    latest/edge   51  10.152.183.51   no       \\n\\nUnit                 Workload     Agent  Address     Ports  Message\\nmysql-k8s/0*         active       idle   10.1.91.13         Primary\\nmysql-router-k8s/0   active       idle   10.1.91.9          Router 8.0.37 running (restart pending); Charmed operator 1.2+70d6969\\nmysql-router-k8s/1*  active       idle   10.1.91.11         Router 8.0.37 running (restart pending); Charmed operator 1.2+70d6969\\nmysql-router-k8s/2   maintenance  idle   10.1.91.14         \\nmysql-test-app/0*    active       idle   10.1.91.8          \\n'\n +  where 'Model  Controller          Cloud/Region        Version  SLA          Timestamp\\ntest   microk8s-localhost  microk8s/localhost  3.4.3    unsupported  02:28:01Z\\n\\nApp               Version                  Status   Scale  Charm             Channel      Rev  Address         Exposed  Message\\nmysql-k8s         8.0.37-0ubuntu0.22.04.3  active       1  mysql-k8s         8.0/edge     182  10.152.183.189  no       \\nmysql-router-k8s  8.0.37-0ubuntu0.22.04.3  waiting      3  mysql-router-k8s  8.0/edge       0  10.152.183.136  no       installing agent\\nmysql-test-app    0.0.2                    active       1  mysql-test-app    latest/edge   51  10.152.183.51   no       \\n\\nUnit                 Workload     Agent  Address     Ports  Message\\nmysql-k8s/0*         active       idle   10.1.91.13         Primary\\nmysql-router-k8s/0   active       idle   10.1.91.9          Router 8.0.37 running (restart pending); Charmed operator 1.2+70d6969\\nmysql-router-k8s/1*  active       idle   10.1.91.11         Router 8.0.37 running (restart pending); Charmed operator 1.2+70d6969\\nmysql-router-k8s/2   maintenance  idle   10.1.91.14         \\nmysql-test-app/0*    active       idle   10.1.91.8          \\n' = get_juju_status('test')\n +    where 'test' = <juju.model.Model object at 0x7f9df56d3970>.name\n +      where <juju.model.Model object at 0x7f9df56d3970> = <pytest_operator.plugin.OpsTest object at 0x7f9df5258e50>.model","time":{"start":1724898157612,"stop":1724898481991,"duration":324379}},{"uid":"116ea46567c9e279","reportUrl":"../231//#testresult/116ea46567c9e279","status":"failed","statusDetails":"AssertionError: None of the units are upgraded\nassert '+testupgrade' in 'Model  Controller          Cloud/Region        Version  SLA          Timestamp\\ntest   microk8s-localhost  microk8s/localhost  3.4.3    unsupported  02:27:02Z\\n\\nApp               Version                  Status   Scale  Charm             Channel      Rev  Address         Exposed  Message\\nmysql-k8s         8.0.37-0ubuntu0.22.04.3  active       1  mysql-k8s         8.0/edge     182  10.152.183.219  no       \\nmysql-router-k8s  8.0.37-0ubuntu0.22.04.3  waiting      3  mysql-router-k8s  8.0/edge       0  10.152.183.107  no       installing agent\\nmysql-test-app    0.0.2                    active       1  mysql-test-app    latest/edge   51  10.152.183.121  no       \\n\\nUnit                 Workload     Agent  Address      Ports  Message\\nmysql-k8s/0*         active       idle   10.1.156.77         Primary\\nmysql-router-k8s/0   active       idle   10.1.156.74         Router 8.0.37 running (restart pending); Charmed operator 1.2+70d6969\\nmysql-router-k8s/1*  active       idle   10.1.156.76         Router 8.0.37 running (restart pending); Charmed operator 1.2+70d6969\\nmysql-router-k8s/2   maintenance  idle   10.1.156.78         \\nmysql-test-app/0*    active       idle   10.1.156.72         \\n'\n +  where 'Model  Controller          Cloud/Region        Version  SLA          Timestamp\\ntest   microk8s-localhost  microk8s/localhost  3.4.3    unsupported  02:27:02Z\\n\\nApp               Version                  Status   Scale  Charm             Channel      Rev  Address         Exposed  Message\\nmysql-k8s         8.0.37-0ubuntu0.22.04.3  active       1  mysql-k8s         8.0/edge     182  10.152.183.219  no       \\nmysql-router-k8s  8.0.37-0ubuntu0.22.04.3  waiting      3  mysql-router-k8s  8.0/edge       0  10.152.183.107  no       installing agent\\nmysql-test-app    0.0.2                    active       1  mysql-test-app    latest/edge   51  10.152.183.121  no       \\n\\nUnit                 Workload     Agent  Address      Ports  Message\\nmysql-k8s/0*         active       idle   10.1.156.77         Primary\\nmysql-router-k8s/0   active       idle   10.1.156.74         Router 8.0.37 running (restart pending); Charmed operator 1.2+70d6969\\nmysql-router-k8s/1*  active       idle   10.1.156.76         Router 8.0.37 running (restart pending); Charmed operator 1.2+70d6969\\nmysql-router-k8s/2   maintenance  idle   10.1.156.78         \\nmysql-test-app/0*    active       idle   10.1.156.72         \\n' = get_juju_status('test')\n +    where 'test' = <juju.model.Model object at 0x7effc4304910>.name\n +      where <juju.model.Model object at 0x7effc4304910> = <pytest_operator.plugin.OpsTest object at 0x7effc4205f90>.model","time":{"start":1724811700401,"stop":1724812022854,"duration":322453}},{"uid":"cbb979957e933ecb","reportUrl":"../229//#testresult/cbb979957e933ecb","status":"failed","statusDetails":"AssertionError: None of the units are upgraded\nassert '+testupgrade' in 'Model  Controller          Cloud/Region        Version  SLA          Timestamp\\ntest   microk8s-localhost  microk8s/localhost  3.4.3    unsupported  02:26:00Z\\n\\nApp               Version                  Status   Scale  Charm             Channel      Rev  Address         Exposed  Message\\nmysql-k8s         8.0.37-0ubuntu0.22.04.3  active       1  mysql-k8s         8.0/edge     182  10.152.183.39   no       \\nmysql-router-k8s  8.0.37-0ubuntu0.22.04.3  waiting      3  mysql-router-k8s  8.0/edge       0  10.152.183.178  no       installing agent\\nmysql-test-app    0.0.2                    active       1  mysql-test-app    latest/edge   51  10.152.183.42   no       \\n\\nUnit                 Workload     Agent      Address       Ports  Message\\nmysql-k8s/0*         active       executing  10.1.212.141         Primary\\nmysql-router-k8s/0   active       idle       10.1.212.138         Router 8.0.37 running (restart pending); Charmed operator 1.2+70d6969\\nmysql-router-k8s/1*  active       idle       10.1.212.139         Router 8.0.37 running (restart pending); Charmed operator 1.2+70d6969\\nmysql-router-k8s/2   maintenance  idle       10.1.212.142         \\nmysql-test-app/0*    active       idle       10.1.212.136         \\n'\n +  where 'Model  Controller          Cloud/Region        Version  SLA          Timestamp\\ntest   microk8s-localhost  microk8s/localhost  3.4.3    unsupported  02:26:00Z\\n\\nApp               Version                  Status   Scale  Charm             Channel      Rev  Address         Exposed  Message\\nmysql-k8s         8.0.37-0ubuntu0.22.04.3  active       1  mysql-k8s         8.0/edge     182  10.152.183.39   no       \\nmysql-router-k8s  8.0.37-0ubuntu0.22.04.3  waiting      3  mysql-router-k8s  8.0/edge       0  10.152.183.178  no       installing agent\\nmysql-test-app    0.0.2                    active       1  mysql-test-app    latest/edge   51  10.152.183.42   no       \\n\\nUnit                 Workload     Agent      Address       Ports  Message\\nmysql-k8s/0*         active       executing  10.1.212.141         Primary\\nmysql-router-k8s/0   active       idle       10.1.212.138         Router 8.0.37 running (restart pending); Charmed operator 1.2+70d6969\\nmysql-router-k8s/1*  active       idle       10.1.212.139         Router 8.0.37 running (restart pending); Charmed operator 1.2+70d6969\\nmysql-router-k8s/2   maintenance  idle       10.1.212.142         \\nmysql-test-app/0*    active       idle       10.1.212.136         \\n' = get_juju_status('test')\n +    where 'test' = <juju.model.Model object at 0x7fbc9c8af610>.name\n +      where <juju.model.Model object at 0x7fbc9c8af610> = <pytest_operator.plugin.OpsTest object at 0x7fbc9ce7ad10>.model","time":{"start":1724725237501,"stop":1724725560229,"duration":322728}},{"uid":"c4939e3637397033","reportUrl":"../227//#testresult/c4939e3637397033","status":"failed","statusDetails":"AssertionError: None of the units are upgraded\nassert '+testupgrade' in 'Model  Controller          Cloud/Region        Version  SLA          Timestamp\\ntest   microk8s-localhost  microk8s/localhost  3.4.3    unsupported  02:25:11Z\\n\\nApp               Version                  Status   Scale  Charm             Channel      Rev  Address         Exposed  Message\\nmysql-k8s         8.0.37-0ubuntu0.22.04.3  active       1  mysql-k8s         8.0/edge     180  10.152.183.240  no       \\nmysql-router-k8s  8.0.37-0ubuntu0.22.04.3  waiting      3  mysql-router-k8s  8.0/edge       0  10.152.183.128  no       installing agent\\nmysql-test-app    0.0.2                    active       1  mysql-test-app    latest/edge   46  10.152.183.30   no       \\n\\nUnit                 Workload     Agent  Address      Ports  Message\\nmysql-k8s/0*         active       idle   10.1.189.13         Primary\\nmysql-router-k8s/0*  active       idle   10.1.189.9          Router 8.0.37 running (restart pending); Charmed operator 1.2+70d6969\\nmysql-router-k8s/1   active       idle   10.1.189.10         Router 8.0.37 running (restart pending); Charmed operator 1.2+70d6969\\nmysql-router-k8s/2   maintenance  idle   10.1.189.14         \\nmysql-test-app/0*    active       idle   10.1.189.8          \\n'\n +  where 'Model  Controller          Cloud/Region        Version  SLA          Timestamp\\ntest   microk8s-localhost  microk8s/localhost  3.4.3    unsupported  02:25:11Z\\n\\nApp               Version                  Status   Scale  Charm             Channel      Rev  Address         Exposed  Message\\nmysql-k8s         8.0.37-0ubuntu0.22.04.3  active       1  mysql-k8s         8.0/edge     180  10.152.183.240  no       \\nmysql-router-k8s  8.0.37-0ubuntu0.22.04.3  waiting      3  mysql-router-k8s  8.0/edge       0  10.152.183.128  no       installing agent\\nmysql-test-app    0.0.2                    active       1  mysql-test-app    latest/edge   46  10.152.183.30   no       \\n\\nUnit                 Workload     Agent  Address      Ports  Message\\nmysql-k8s/0*         active       idle   10.1.189.13         Primary\\nmysql-router-k8s/0*  active       idle   10.1.189.9          Router 8.0.37 running (restart pending); Charmed operator 1.2+70d6969\\nmysql-router-k8s/1   active       idle   10.1.189.10         Router 8.0.37 running (restart pending); Charmed operator 1.2+70d6969\\nmysql-router-k8s/2   maintenance  idle   10.1.189.14         \\nmysql-test-app/0*    active       idle   10.1.189.8          \\n' = get_juju_status('test')\n +    where 'test' = <juju.model.Model object at 0x7f6179bd30d0>.name\n +      where <juju.model.Model object at 0x7f6179bd30d0> = <pytest_operator.plugin.OpsTest object at 0x7f6179f99db0>.model","time":{"start":1724638788541,"stop":1724639111608,"duration":323067}},{"uid":"56c0064edcfee76e","reportUrl":"../226//#testresult/56c0064edcfee76e","status":"broken","statusDetails":"asyncio.exceptions.TimeoutError","time":{"start":1724552657411,"stop":1724553862626,"duration":1205215}},{"uid":"72af79501148745b","reportUrl":"../225//#testresult/72af79501148745b","status":"failed","statusDetails":"AssertionError: None of the units are upgraded\nassert '+testupgrade' in 'Model  Controller          Cloud/Region        Version  SLA          Timestamp\\ntest   microk8s-localhost  microk8s/localhost  3.4.3    unsupported  02:23:05Z\\n\\nApp               Version                  Status   Scale  Charm             Channel      Rev  Address         Exposed  Message\\nmysql-k8s         8.0.37-0ubuntu0.22.04.3  active       1  mysql-k8s         8.0/edge     180  10.152.183.240  no       \\nmysql-router-k8s  8.0.37-0ubuntu0.22.04.3  waiting      3  mysql-router-k8s  8.0/edge       0  10.152.183.19   no       installing agent\\nmysql-test-app    0.0.2                    active       1  mysql-test-app    latest/edge   46  10.152.183.39   no       Last written value=24857\\n\\nUnit                 Workload     Agent  Address     Ports  Message\\nmysql-k8s/0*         active       idle   10.1.53.77         Primary\\nmysql-router-k8s/0   active       idle   10.1.53.72         Router 8.0.37 running (restart pending); Charmed operator 1.2+70d6969\\nmysql-router-k8s/1*  active       idle   10.1.53.73         Router 8.0.37 running (restart pending); Charmed operator 1.2+70d6969\\nmysql-router-k8s/2   maintenance  idle   10.1.53.78         \\nmysql-test-app/0*    active       idle   10.1.53.76         Last written value=24857\\n'\n +  where 'Model  Controller          Cloud/Region        Version  SLA          Timestamp\\ntest   microk8s-localhost  microk8s/localhost  3.4.3    unsupported  02:23:05Z\\n\\nApp               Version                  Status   Scale  Charm             Channel      Rev  Address         Exposed  Message\\nmysql-k8s         8.0.37-0ubuntu0.22.04.3  active       1  mysql-k8s         8.0/edge     180  10.152.183.240  no       \\nmysql-router-k8s  8.0.37-0ubuntu0.22.04.3  waiting      3  mysql-router-k8s  8.0/edge       0  10.152.183.19   no       installing agent\\nmysql-test-app    0.0.2                    active       1  mysql-test-app    latest/edge   46  10.152.183.39   no       Last written value=24857\\n\\nUnit                 Workload     Agent  Address     Ports  Message\\nmysql-k8s/0*         active       idle   10.1.53.77         Primary\\nmysql-router-k8s/0   active       idle   10.1.53.72         Router 8.0.37 running (restart pending); Charmed operator 1.2+70d6969\\nmysql-router-k8s/1*  active       idle   10.1.53.73         Router 8.0.37 running (restart pending); Charmed operator 1.2+70d6969\\nmysql-router-k8s/2   maintenance  idle   10.1.53.78         \\nmysql-test-app/0*    active       idle   10.1.53.76         Last written value=24857\\n' = get_juju_status('test')\n +    where 'test' = <juju.model.Model object at 0x7fe7f34c6170>.name\n +      where <juju.model.Model object at 0x7fe7f34c6170> = <pytest_operator.plugin.OpsTest object at 0x7fe7f3a4ec80>.model","time":{"start":1724465863011,"stop":1724466185229,"duration":322218}},{"uid":"6155d145671bf56d","reportUrl":"../224//#testresult/6155d145671bf56d","status":"broken","statusDetails":"asyncio.exceptions.TimeoutError","time":{"start":1724379654355,"stop":1724380859636,"duration":1205281}},{"uid":"ddc2ce757931853f","reportUrl":"../222//#testresult/ddc2ce757931853f","status":"failed","statusDetails":"AssertionError: None of the units are upgraded\nassert '+testupgrade' in 'Model  Controller          Cloud/Region        Version  SLA          Timestamp\\ntest   microk8s-localhost  microk8s/localhost  3.4.3    unsupported  02:25:57Z\\n\\nApp               Version                  Status   Scale  Charm             Channel      Rev  Address         Exposed  Message\\nmysql-k8s         8.0.37-0ubuntu0.22.04.3  active       1  mysql-k8s         8.0/edge     180  10.152.183.66   no       \\nmysql-router-k8s  8.0.37-0ubuntu0.22.04.3  waiting      3  mysql-router-k8s  8.0/edge       0  10.152.183.209  no       installing agent\\nmysql-test-app    0.0.2                    active       1  mysql-test-app    latest/edge   46  10.152.183.117  no       Last written value=26460\\n\\nUnit                 Workload     Agent  Address      Ports  Message\\nmysql-k8s/0*         active       idle   10.1.24.137         Primary\\nmysql-router-k8s/0   active       idle   10.1.24.138         Router 8.0.37 running (restart pending); Charmed operator 1.2+70d6969\\nmysql-router-k8s/1*  active       idle   10.1.24.140         Router 8.0.37 running (restart pending); Charmed operator 1.2+70d6969\\nmysql-router-k8s/2   maintenance  idle   10.1.24.142         \\nmysql-test-app/0*    active       idle   10.1.24.141         Last written value=26460\\n'\n +  where 'Model  Controller          Cloud/Region        Version  SLA          Timestamp\\ntest   microk8s-localhost  microk8s/localhost  3.4.3    unsupported  02:25:57Z\\n\\nApp               Version                  Status   Scale  Charm             Channel      Rev  Address         Exposed  Message\\nmysql-k8s         8.0.37-0ubuntu0.22.04.3  active       1  mysql-k8s         8.0/edge     180  10.152.183.66   no       \\nmysql-router-k8s  8.0.37-0ubuntu0.22.04.3  waiting      3  mysql-router-k8s  8.0/edge       0  10.152.183.209  no       installing agent\\nmysql-test-app    0.0.2                    active       1  mysql-test-app    latest/edge   46  10.152.183.117  no       Last written value=26460\\n\\nUnit                 Workload     Agent  Address      Ports  Message\\nmysql-k8s/0*         active       idle   10.1.24.137         Primary\\nmysql-router-k8s/0   active       idle   10.1.24.138         Router 8.0.37 running (restart pending); Charmed operator 1.2+70d6969\\nmysql-router-k8s/1*  active       idle   10.1.24.140         Router 8.0.37 running (restart pending); Charmed operator 1.2+70d6969\\nmysql-router-k8s/2   maintenance  idle   10.1.24.142         \\nmysql-test-app/0*    active       idle   10.1.24.141         Last written value=26460\\n' = get_juju_status('test')\n +    where 'test' = <juju.model.Model object at 0x7f1ab7ccf610>.name\n +      where <juju.model.Model object at 0x7f1ab7ccf610> = <pytest_operator.plugin.OpsTest object at 0x7f1ab865c310>.model","time":{"start":1724293234671,"stop":1724293557496,"duration":322825}}]},"tags":["asyncio","abort_on_fail","group(1)"]},"source":"bc87614e92fb8263.json","parameterValues":[]}