{"uid":"91d4fe65644bed02","name":"test_upgrade_from_edge","fullName":"tests.integration.test_upgrade#test_upgrade_from_edge","historyId":"59e96b2cf75bb30d0a5cbde0e5234d56","time":{"start":1721700751479,"stop":1721701087349,"duration":335870},"description":"Upgrade mysqlrouter while ensuring continuous writes incrementing.","descriptionHtml":"<p>Upgrade mysqlrouter while ensuring continuous writes incrementing.</p>\n","status":"failed","statusMessage":"AssertionError: None of the units are upgraded\nassert '+testupgrade' in 'Model  Controller          Cloud/Region        Version  SLA          Timestamp\\ntest   microk8s-localhost  microk8s/localhost  3.4.3    unsupported  02:18:07Z\\n\\nApp               Version                  Status   Scale  Charm             Channel      Rev  Address        Exposed  Message\\nmysql-k8s         8.0.37-0ubuntu0.22.04.3  active       1  mysql-k8s         8.0/edge     162  10.152.183.60  no       \\nmysql-router-k8s  8.0.37-0ubuntu0.22.04.3  waiting      3  mysql-router-k8s  8.0/edge       0  10.152.183.59  no       waiting for units to settle down\\nmysql-test-app    0.0.2                    active       1  mysql-test-app    latest/edge   46  10.152.183.45  no       Last written value=22923\\n\\nUnit                 Workload  Agent  Address      Ports  Message\\nmysql-k8s/0*         active    idle   10.1.204.13         Primary\\nmysql-router-k8s/0   active    idle   10.1.204.8          Router 8.0.37 running (restart pending); Charmed operator 1.2+266066c\\nmysql-router-k8s/1   active    idle   10.1.204.9          Router 8.0.37 running (restart pending); Charmed operator 1.2+266066c\\nmysql-router-k8s/2*  blocked   idle   10.1.204.14         Upgrade incompatible. Rollback to previous revision with `juju refresh`\\nmysql-test-app/0*    active    idle   10.1.204.12         Last written value=22923\\n'\n +  where 'Model  Controller          Cloud/Region        Version  SLA          Timestamp\\ntest   microk8s-localhost  microk8s/localhost  3.4.3    unsupported  02:18:07Z\\n\\nApp               Version                  Status   Scale  Charm             Channel      Rev  Address        Exposed  Message\\nmysql-k8s         8.0.37-0ubuntu0.22.04.3  active       1  mysql-k8s         8.0/edge     162  10.152.183.60  no       \\nmysql-router-k8s  8.0.37-0ubuntu0.22.04.3  waiting      3  mysql-router-k8s  8.0/edge       0  10.152.183.59  no       waiting for units to settle down\\nmysql-test-app    0.0.2                    active       1  mysql-test-app    latest/edge   46  10.152.183.45  no       Last written value=22923\\n\\nUnit                 Workload  Agent  Address      Ports  Message\\nmysql-k8s/0*         active    idle   10.1.204.13         Primary\\nmysql-router-k8s/0   active    idle   10.1.204.8          Router 8.0.37 running (restart pending); Charmed operator 1.2+266066c\\nmysql-router-k8s/1   active    idle   10.1.204.9          Router 8.0.37 running (restart pending); Charmed operator 1.2+266066c\\nmysql-router-k8s/2*  blocked   idle   10.1.204.14         Upgrade incompatible. Rollback to previous revision with `juju refresh`\\nmysql-test-app/0*    active    idle   10.1.204.12         Last written value=22923\\n' = get_juju_status('test')\n +    where 'test' = <juju.model.Model object at 0x7fa91daa9930>.name\n +      where <juju.model.Model object at 0x7fa91daa9930> = <pytest_operator.plugin.OpsTest object at 0x7fa91e3fdcc0>.model","statusTrace":"Traceback (most recent call last):\n  File \"/home/runner/work/mysql-router-k8s-operator/mysql-router-k8s-operator/.tox/integration/lib/python3.10/site-packages/_pytest/runner.py\", line 341, in from_call\n    result: Optional[TResult] = func()\n  File \"/home/runner/work/mysql-router-k8s-operator/mysql-router-k8s-operator/.tox/integration/lib/python3.10/site-packages/_pytest/runner.py\", line 262, in <lambda>\n    lambda: ihook(item=item, **kwds), when=when, reraise=reraise\n  File \"/home/runner/work/mysql-router-k8s-operator/mysql-router-k8s-operator/.tox/integration/lib/python3.10/site-packages/pluggy/_hooks.py\", line 493, in __call__\n    return self._hookexec(self.name, self._hookimpls, kwargs, firstresult)\n  File \"/home/runner/work/mysql-router-k8s-operator/mysql-router-k8s-operator/.tox/integration/lib/python3.10/site-packages/pluggy/_manager.py\", line 115, in _hookexec\n    return self._inner_hookexec(hook_name, methods, kwargs, firstresult)\n  File \"/home/runner/work/mysql-router-k8s-operator/mysql-router-k8s-operator/.tox/integration/lib/python3.10/site-packages/pluggy/_callers.py\", line 152, in _multicall\n    return outcome.get_result()\n  File \"/home/runner/work/mysql-router-k8s-operator/mysql-router-k8s-operator/.tox/integration/lib/python3.10/site-packages/pluggy/_result.py\", line 114, in get_result\n    raise exc.with_traceback(exc.__traceback__)\n  File \"/home/runner/work/mysql-router-k8s-operator/mysql-router-k8s-operator/.tox/integration/lib/python3.10/site-packages/pluggy/_callers.py\", line 77, in _multicall\n    res = hook_impl.function(*args)\n  File \"/home/runner/work/mysql-router-k8s-operator/mysql-router-k8s-operator/.tox/integration/lib/python3.10/site-packages/_pytest/runner.py\", line 177, in pytest_runtest_call\n    raise e\n  File \"/home/runner/work/mysql-router-k8s-operator/mysql-router-k8s-operator/.tox/integration/lib/python3.10/site-packages/_pytest/runner.py\", line 169, in pytest_runtest_call\n    item.runtest()\n  File \"/home/runner/work/mysql-router-k8s-operator/mysql-router-k8s-operator/.tox/integration/lib/python3.10/site-packages/_pytest/python.py\", line 1788, in runtest\n    self.ihook.pytest_pyfunc_call(pyfuncitem=self)\n  File \"/home/runner/work/mysql-router-k8s-operator/mysql-router-k8s-operator/.tox/integration/lib/python3.10/site-packages/pluggy/_hooks.py\", line 493, in __call__\n    return self._hookexec(self.name, self._hookimpls, kwargs, firstresult)\n  File \"/home/runner/work/mysql-router-k8s-operator/mysql-router-k8s-operator/.tox/integration/lib/python3.10/site-packages/pluggy/_manager.py\", line 115, in _hookexec\n    return self._inner_hookexec(hook_name, methods, kwargs, firstresult)\n  File \"/home/runner/work/mysql-router-k8s-operator/mysql-router-k8s-operator/.tox/integration/lib/python3.10/site-packages/pluggy/_callers.py\", line 152, in _multicall\n    return outcome.get_result()\n  File \"/home/runner/work/mysql-router-k8s-operator/mysql-router-k8s-operator/.tox/integration/lib/python3.10/site-packages/pluggy/_result.py\", line 114, in get_result\n    raise exc.with_traceback(exc.__traceback__)\n  File \"/home/runner/work/mysql-router-k8s-operator/mysql-router-k8s-operator/.tox/integration/lib/python3.10/site-packages/pluggy/_callers.py\", line 77, in _multicall\n    res = hook_impl.function(*args)\n  File \"/home/runner/work/mysql-router-k8s-operator/mysql-router-k8s-operator/.tox/integration/lib/python3.10/site-packages/_pytest/python.py\", line 194, in pytest_pyfunc_call\n    result = testfunction(**testargs)\n  File \"/home/runner/work/mysql-router-k8s-operator/mysql-router-k8s-operator/.tox/integration/lib/python3.10/site-packages/pytest_asyncio/plugin.py\", line 532, in inner\n    _loop.run_until_complete(task)\n  File \"/usr/lib/python3.10/asyncio/base_events.py\", line 649, in run_until_complete\n    return future.result()\n  File \"/home/runner/work/mysql-router-k8s-operator/mysql-router-k8s-operator/tests/integration/test_upgrade.py\", line 125, in test_upgrade_from_edge\n    for attempt in tenacity.Retrying(\n  File \"/home/runner/work/mysql-router-k8s-operator/mysql-router-k8s-operator/.tox/integration/lib/python3.10/site-packages/tenacity/__init__.py\", line 347, in __iter__\n    do = self.iter(retry_state=retry_state)\n  File \"/home/runner/work/mysql-router-k8s-operator/mysql-router-k8s-operator/.tox/integration/lib/python3.10/site-packages/tenacity/__init__.py\", line 325, in iter\n    raise retry_exc.reraise()\n  File \"/home/runner/work/mysql-router-k8s-operator/mysql-router-k8s-operator/.tox/integration/lib/python3.10/site-packages/tenacity/__init__.py\", line 158, in reraise\n    raise self.last_attempt.result()\n  File \"/usr/lib/python3.10/concurrent/futures/_base.py\", line 451, in result\n    return self.__get_result()\n  File \"/usr/lib/python3.10/concurrent/futures/_base.py\", line 403, in __get_result\n    raise self._exception\n  File \"/home/runner/work/mysql-router-k8s-operator/mysql-router-k8s-operator/tests/integration/test_upgrade.py\", line 131, in test_upgrade_from_edge\n    assert \"+testupgrade\" in get_juju_status(\nAssertionError: None of the units are upgraded\nassert '+testupgrade' in 'Model  Controller          Cloud/Region        Version  SLA          Timestamp\\ntest   microk8s-localhost  microk8s/localhost  3.4.3    unsupported  02:18:07Z\\n\\nApp               Version                  Status   Scale  Charm             Channel      Rev  Address        Exposed  Message\\nmysql-k8s         8.0.37-0ubuntu0.22.04.3  active       1  mysql-k8s         8.0/edge     162  10.152.183.60  no       \\nmysql-router-k8s  8.0.37-0ubuntu0.22.04.3  waiting      3  mysql-router-k8s  8.0/edge       0  10.152.183.59  no       waiting for units to settle down\\nmysql-test-app    0.0.2                    active       1  mysql-test-app    latest/edge   46  10.152.183.45  no       Last written value=22923\\n\\nUnit                 Workload  Agent  Address      Ports  Message\\nmysql-k8s/0*         active    idle   10.1.204.13         Primary\\nmysql-router-k8s/0   active    idle   10.1.204.8          Router 8.0.37 running (restart pending); Charmed operator 1.2+266066c\\nmysql-router-k8s/1   active    idle   10.1.204.9          Router 8.0.37 running (restart pending); Charmed operator 1.2+266066c\\nmysql-router-k8s/2*  blocked   idle   10.1.204.14         Upgrade incompatible. Rollback to previous revision with `juju refresh`\\nmysql-test-app/0*    active    idle   10.1.204.12         Last written value=22923\\n'\n +  where 'Model  Controller          Cloud/Region        Version  SLA          Timestamp\\ntest   microk8s-localhost  microk8s/localhost  3.4.3    unsupported  02:18:07Z\\n\\nApp               Version                  Status   Scale  Charm             Channel      Rev  Address        Exposed  Message\\nmysql-k8s         8.0.37-0ubuntu0.22.04.3  active       1  mysql-k8s         8.0/edge     162  10.152.183.60  no       \\nmysql-router-k8s  8.0.37-0ubuntu0.22.04.3  waiting      3  mysql-router-k8s  8.0/edge       0  10.152.183.59  no       waiting for units to settle down\\nmysql-test-app    0.0.2                    active       1  mysql-test-app    latest/edge   46  10.152.183.45  no       Last written value=22923\\n\\nUnit                 Workload  Agent  Address      Ports  Message\\nmysql-k8s/0*         active    idle   10.1.204.13         Primary\\nmysql-router-k8s/0   active    idle   10.1.204.8          Router 8.0.37 running (restart pending); Charmed operator 1.2+266066c\\nmysql-router-k8s/1   active    idle   10.1.204.9          Router 8.0.37 running (restart pending); Charmed operator 1.2+266066c\\nmysql-router-k8s/2*  blocked   idle   10.1.204.14         Upgrade incompatible. Rollback to previous revision with `juju refresh`\\nmysql-test-app/0*    active    idle   10.1.204.12         Last written value=22923\\n' = get_juju_status('test')\n +    where 'test' = <juju.model.Model object at 0x7fa91daa9930>.name\n +      where <juju.model.Model object at 0x7fa91daa9930> = <pytest_operator.plugin.OpsTest object at 0x7fa91e3fdcc0>.model","flaky":false,"newFailed":false,"newBroken":false,"newPassed":false,"retriesCount":1,"retriesStatusChange":true,"beforeStages":[{"name":"event_loop","time":{"start":1721700631033,"stop":1721700631034,"duration":1},"status":"passed","steps":[],"attachments":[],"parameters":[],"stepsCount":0,"shouldDisplayMessage":false,"attachmentsCount":0,"hasContent":false,"attachmentStep":false},{"name":"ops_test","time":{"start":1721700631034,"stop":1721700631276,"duration":242},"status":"passed","steps":[],"attachments":[],"parameters":[],"stepsCount":0,"shouldDisplayMessage":false,"attachmentsCount":0,"hasContent":false,"attachmentStep":false},{"name":"tmp_path_factory","time":{"start":1721700631034,"stop":1721700631034,"duration":0},"status":"passed","steps":[],"attachments":[],"parameters":[],"stepsCount":0,"shouldDisplayMessage":false,"attachmentsCount":0,"hasContent":false,"attachmentStep":false},{"name":"abort_on_fail","time":{"start":1721700751478,"stop":1721700751478,"duration":0},"status":"passed","steps":[],"attachments":[],"parameters":[],"stepsCount":0,"shouldDisplayMessage":false,"attachmentsCount":0,"hasContent":false,"attachmentStep":false}],"testStage":{"description":"Upgrade mysqlrouter while ensuring continuous writes incrementing.","status":"failed","statusMessage":"AssertionError: None of the units are upgraded\nassert '+testupgrade' in 'Model  Controller          Cloud/Region        Version  SLA          Timestamp\\ntest   microk8s-localhost  microk8s/localhost  3.4.3    unsupported  02:18:07Z\\n\\nApp               Version                  Status   Scale  Charm             Channel      Rev  Address        Exposed  Message\\nmysql-k8s         8.0.37-0ubuntu0.22.04.3  active       1  mysql-k8s         8.0/edge     162  10.152.183.60  no       \\nmysql-router-k8s  8.0.37-0ubuntu0.22.04.3  waiting      3  mysql-router-k8s  8.0/edge       0  10.152.183.59  no       waiting for units to settle down\\nmysql-test-app    0.0.2                    active       1  mysql-test-app    latest/edge   46  10.152.183.45  no       Last written value=22923\\n\\nUnit                 Workload  Agent  Address      Ports  Message\\nmysql-k8s/0*         active    idle   10.1.204.13         Primary\\nmysql-router-k8s/0   active    idle   10.1.204.8          Router 8.0.37 running (restart pending); Charmed operator 1.2+266066c\\nmysql-router-k8s/1   active    idle   10.1.204.9          Router 8.0.37 running (restart pending); Charmed operator 1.2+266066c\\nmysql-router-k8s/2*  blocked   idle   10.1.204.14         Upgrade incompatible. Rollback to previous revision with `juju refresh`\\nmysql-test-app/0*    active    idle   10.1.204.12         Last written value=22923\\n'\n +  where 'Model  Controller          Cloud/Region        Version  SLA          Timestamp\\ntest   microk8s-localhost  microk8s/localhost  3.4.3    unsupported  02:18:07Z\\n\\nApp               Version                  Status   Scale  Charm             Channel      Rev  Address        Exposed  Message\\nmysql-k8s         8.0.37-0ubuntu0.22.04.3  active       1  mysql-k8s         8.0/edge     162  10.152.183.60  no       \\nmysql-router-k8s  8.0.37-0ubuntu0.22.04.3  waiting      3  mysql-router-k8s  8.0/edge       0  10.152.183.59  no       waiting for units to settle down\\nmysql-test-app    0.0.2                    active       1  mysql-test-app    latest/edge   46  10.152.183.45  no       Last written value=22923\\n\\nUnit                 Workload  Agent  Address      Ports  Message\\nmysql-k8s/0*         active    idle   10.1.204.13         Primary\\nmysql-router-k8s/0   active    idle   10.1.204.8          Router 8.0.37 running (restart pending); Charmed operator 1.2+266066c\\nmysql-router-k8s/1   active    idle   10.1.204.9          Router 8.0.37 running (restart pending); Charmed operator 1.2+266066c\\nmysql-router-k8s/2*  blocked   idle   10.1.204.14         Upgrade incompatible. Rollback to previous revision with `juju refresh`\\nmysql-test-app/0*    active    idle   10.1.204.12         Last written value=22923\\n' = get_juju_status('test')\n +    where 'test' = <juju.model.Model object at 0x7fa91daa9930>.name\n +      where <juju.model.Model object at 0x7fa91daa9930> = <pytest_operator.plugin.OpsTest object at 0x7fa91e3fdcc0>.model","statusTrace":"Traceback (most recent call last):\n  File \"/home/runner/work/mysql-router-k8s-operator/mysql-router-k8s-operator/.tox/integration/lib/python3.10/site-packages/_pytest/runner.py\", line 341, in from_call\n    result: Optional[TResult] = func()\n  File \"/home/runner/work/mysql-router-k8s-operator/mysql-router-k8s-operator/.tox/integration/lib/python3.10/site-packages/_pytest/runner.py\", line 262, in <lambda>\n    lambda: ihook(item=item, **kwds), when=when, reraise=reraise\n  File \"/home/runner/work/mysql-router-k8s-operator/mysql-router-k8s-operator/.tox/integration/lib/python3.10/site-packages/pluggy/_hooks.py\", line 493, in __call__\n    return self._hookexec(self.name, self._hookimpls, kwargs, firstresult)\n  File \"/home/runner/work/mysql-router-k8s-operator/mysql-router-k8s-operator/.tox/integration/lib/python3.10/site-packages/pluggy/_manager.py\", line 115, in _hookexec\n    return self._inner_hookexec(hook_name, methods, kwargs, firstresult)\n  File \"/home/runner/work/mysql-router-k8s-operator/mysql-router-k8s-operator/.tox/integration/lib/python3.10/site-packages/pluggy/_callers.py\", line 152, in _multicall\n    return outcome.get_result()\n  File \"/home/runner/work/mysql-router-k8s-operator/mysql-router-k8s-operator/.tox/integration/lib/python3.10/site-packages/pluggy/_result.py\", line 114, in get_result\n    raise exc.with_traceback(exc.__traceback__)\n  File \"/home/runner/work/mysql-router-k8s-operator/mysql-router-k8s-operator/.tox/integration/lib/python3.10/site-packages/pluggy/_callers.py\", line 77, in _multicall\n    res = hook_impl.function(*args)\n  File \"/home/runner/work/mysql-router-k8s-operator/mysql-router-k8s-operator/.tox/integration/lib/python3.10/site-packages/_pytest/runner.py\", line 177, in pytest_runtest_call\n    raise e\n  File \"/home/runner/work/mysql-router-k8s-operator/mysql-router-k8s-operator/.tox/integration/lib/python3.10/site-packages/_pytest/runner.py\", line 169, in pytest_runtest_call\n    item.runtest()\n  File \"/home/runner/work/mysql-router-k8s-operator/mysql-router-k8s-operator/.tox/integration/lib/python3.10/site-packages/_pytest/python.py\", line 1788, in runtest\n    self.ihook.pytest_pyfunc_call(pyfuncitem=self)\n  File \"/home/runner/work/mysql-router-k8s-operator/mysql-router-k8s-operator/.tox/integration/lib/python3.10/site-packages/pluggy/_hooks.py\", line 493, in __call__\n    return self._hookexec(self.name, self._hookimpls, kwargs, firstresult)\n  File \"/home/runner/work/mysql-router-k8s-operator/mysql-router-k8s-operator/.tox/integration/lib/python3.10/site-packages/pluggy/_manager.py\", line 115, in _hookexec\n    return self._inner_hookexec(hook_name, methods, kwargs, firstresult)\n  File \"/home/runner/work/mysql-router-k8s-operator/mysql-router-k8s-operator/.tox/integration/lib/python3.10/site-packages/pluggy/_callers.py\", line 152, in _multicall\n    return outcome.get_result()\n  File \"/home/runner/work/mysql-router-k8s-operator/mysql-router-k8s-operator/.tox/integration/lib/python3.10/site-packages/pluggy/_result.py\", line 114, in get_result\n    raise exc.with_traceback(exc.__traceback__)\n  File \"/home/runner/work/mysql-router-k8s-operator/mysql-router-k8s-operator/.tox/integration/lib/python3.10/site-packages/pluggy/_callers.py\", line 77, in _multicall\n    res = hook_impl.function(*args)\n  File \"/home/runner/work/mysql-router-k8s-operator/mysql-router-k8s-operator/.tox/integration/lib/python3.10/site-packages/_pytest/python.py\", line 194, in pytest_pyfunc_call\n    result = testfunction(**testargs)\n  File \"/home/runner/work/mysql-router-k8s-operator/mysql-router-k8s-operator/.tox/integration/lib/python3.10/site-packages/pytest_asyncio/plugin.py\", line 532, in inner\n    _loop.run_until_complete(task)\n  File \"/usr/lib/python3.10/asyncio/base_events.py\", line 649, in run_until_complete\n    return future.result()\n  File \"/home/runner/work/mysql-router-k8s-operator/mysql-router-k8s-operator/tests/integration/test_upgrade.py\", line 125, in test_upgrade_from_edge\n    for attempt in tenacity.Retrying(\n  File \"/home/runner/work/mysql-router-k8s-operator/mysql-router-k8s-operator/.tox/integration/lib/python3.10/site-packages/tenacity/__init__.py\", line 347, in __iter__\n    do = self.iter(retry_state=retry_state)\n  File \"/home/runner/work/mysql-router-k8s-operator/mysql-router-k8s-operator/.tox/integration/lib/python3.10/site-packages/tenacity/__init__.py\", line 325, in iter\n    raise retry_exc.reraise()\n  File \"/home/runner/work/mysql-router-k8s-operator/mysql-router-k8s-operator/.tox/integration/lib/python3.10/site-packages/tenacity/__init__.py\", line 158, in reraise\n    raise self.last_attempt.result()\n  File \"/usr/lib/python3.10/concurrent/futures/_base.py\", line 451, in result\n    return self.__get_result()\n  File \"/usr/lib/python3.10/concurrent/futures/_base.py\", line 403, in __get_result\n    raise self._exception\n  File \"/home/runner/work/mysql-router-k8s-operator/mysql-router-k8s-operator/tests/integration/test_upgrade.py\", line 131, in test_upgrade_from_edge\n    assert \"+testupgrade\" in get_juju_status(\nAssertionError: None of the units are upgraded\nassert '+testupgrade' in 'Model  Controller          Cloud/Region        Version  SLA          Timestamp\\ntest   microk8s-localhost  microk8s/localhost  3.4.3    unsupported  02:18:07Z\\n\\nApp               Version                  Status   Scale  Charm             Channel      Rev  Address        Exposed  Message\\nmysql-k8s         8.0.37-0ubuntu0.22.04.3  active       1  mysql-k8s         8.0/edge     162  10.152.183.60  no       \\nmysql-router-k8s  8.0.37-0ubuntu0.22.04.3  waiting      3  mysql-router-k8s  8.0/edge       0  10.152.183.59  no       waiting for units to settle down\\nmysql-test-app    0.0.2                    active       1  mysql-test-app    latest/edge   46  10.152.183.45  no       Last written value=22923\\n\\nUnit                 Workload  Agent  Address      Ports  Message\\nmysql-k8s/0*         active    idle   10.1.204.13         Primary\\nmysql-router-k8s/0   active    idle   10.1.204.8          Router 8.0.37 running (restart pending); Charmed operator 1.2+266066c\\nmysql-router-k8s/1   active    idle   10.1.204.9          Router 8.0.37 running (restart pending); Charmed operator 1.2+266066c\\nmysql-router-k8s/2*  blocked   idle   10.1.204.14         Upgrade incompatible. Rollback to previous revision with `juju refresh`\\nmysql-test-app/0*    active    idle   10.1.204.12         Last written value=22923\\n'\n +  where 'Model  Controller          Cloud/Region        Version  SLA          Timestamp\\ntest   microk8s-localhost  microk8s/localhost  3.4.3    unsupported  02:18:07Z\\n\\nApp               Version                  Status   Scale  Charm             Channel      Rev  Address        Exposed  Message\\nmysql-k8s         8.0.37-0ubuntu0.22.04.3  active       1  mysql-k8s         8.0/edge     162  10.152.183.60  no       \\nmysql-router-k8s  8.0.37-0ubuntu0.22.04.3  waiting      3  mysql-router-k8s  8.0/edge       0  10.152.183.59  no       waiting for units to settle down\\nmysql-test-app    0.0.2                    active       1  mysql-test-app    latest/edge   46  10.152.183.45  no       Last written value=22923\\n\\nUnit                 Workload  Agent  Address      Ports  Message\\nmysql-k8s/0*         active    idle   10.1.204.13         Primary\\nmysql-router-k8s/0   active    idle   10.1.204.8          Router 8.0.37 running (restart pending); Charmed operator 1.2+266066c\\nmysql-router-k8s/1   active    idle   10.1.204.9          Router 8.0.37 running (restart pending); Charmed operator 1.2+266066c\\nmysql-router-k8s/2*  blocked   idle   10.1.204.14         Upgrade incompatible. Rollback to previous revision with `juju refresh`\\nmysql-test-app/0*    active    idle   10.1.204.12         Last written value=22923\\n' = get_juju_status('test')\n +    where 'test' = <juju.model.Model object at 0x7fa91daa9930>.name\n +      where <juju.model.Model object at 0x7fa91daa9930> = <pytest_operator.plugin.OpsTest object at 0x7fa91e3fdcc0>.model","steps":[],"attachments":[{"uid":"8af0d37ad8c6759e","name":"log","source":"8af0d37ad8c6759e.txt","type":"text/plain","size":594}],"parameters":[],"stepsCount":0,"shouldDisplayMessage":true,"attachmentsCount":1,"hasContent":true,"attachmentStep":false},"afterStages":[{"name":"abort_on_fail::0","time":{"start":1721701087387,"stop":1721701087387,"duration":0},"status":"passed","steps":[],"attachments":[],"parameters":[],"stepsCount":0,"shouldDisplayMessage":false,"attachmentsCount":0,"hasContent":false,"attachmentStep":false},{"name":"ops_test::finalizer","time":{"start":1721701087391,"stop":1721701107413,"duration":20022},"status":"passed","steps":[],"attachments":[],"parameters":[],"stepsCount":0,"shouldDisplayMessage":false,"attachmentsCount":0,"hasContent":false,"attachmentStep":false},{"name":"event_loop::2","time":{"start":1721701107414,"stop":1721701107414,"duration":0},"status":"passed","steps":[],"attachments":[],"parameters":[],"stepsCount":0,"shouldDisplayMessage":false,"attachmentsCount":0,"hasContent":false,"attachmentStep":false},{"name":"event_loop::_close_event_loop","time":{"start":1721701107414,"stop":1721701107414,"duration":0},"status":"passed","steps":[],"attachments":[],"parameters":[],"stepsCount":0,"shouldDisplayMessage":false,"attachmentsCount":0,"hasContent":false,"attachmentStep":false},{"name":"event_loop::_provide_clean_event_loop","time":{"start":1721701107414,"stop":1721701107414,"duration":0},"status":"passed","steps":[],"attachments":[],"parameters":[],"stepsCount":0,"shouldDisplayMessage":false,"attachmentsCount":0,"hasContent":false,"attachmentStep":false}],"labels":[{"name":"tag","value":"abort_on_fail"},{"name":"tag","value":"group(1)"},{"name":"tag","value":"asyncio"},{"name":"parentSuite","value":"tests.integration"},{"name":"suite","value":"test_upgrade"},{"name":"host","value":"fv-az891-206"},{"name":"thread","value":"12165-MainThread"},{"name":"framework","value":"pytest"},{"name":"language","value":"cpython3"},{"name":"package","value":"tests.integration.test_upgrade"},{"name":"resultFormat","value":"allure2"}],"parameters":[],"links":[],"hidden":false,"retry":false,"extra":{"severity":"normal","retries":[{"uid":"d0d375492e69a6d0","status":"unknown","time":{}}],"categories":[{"name":"Product defects","matchedStatuses":[],"flaky":false}],"history":{"statistic":{"failed":22,"broken":0,"skipped":0,"passed":29,"unknown":5,"total":56},"items":[{"uid":"1326405dd4514cf4","reportUrl":"../166//#testresult/1326405dd4514cf4","status":"failed","statusDetails":"AssertionError: None of the units are upgraded\nassert '+testupgrade' in 'Model  Controller          Cloud/Region        Version  SLA          Timestamp\\ntest   microk8s-localhost  microk8s/localhost  3.4.3    unsupported  02:22:11Z\\n\\nApp               Version                  Status   Scale  Charm             Channel      Rev  Address         Exposed  Message\\nmysql-k8s         8.0.37-0ubuntu0.22.04.3  active       1  mysql-k8s         8.0/edge     162  10.152.183.72   no       \\nmysql-router-k8s  8.0.37-0ubuntu0.22.04.3  waiting      3  mysql-router-k8s  8.0/edge       0  10.152.183.62   no       waiting for units to settle down\\nmysql-test-app    0.0.2                    active       1  mysql-test-app    latest/edge   46  10.152.183.247  no       \\n\\nUnit                 Workload  Agent  Address    Ports  Message\\nmysql-k8s/0*         active    idle   10.1.5.77         Primary\\nmysql-router-k8s/0   active    idle   10.1.5.73         Router 8.0.37 running (restart pending); Charmed operator 1.2+266066c\\nmysql-router-k8s/1   active    idle   10.1.5.74         Router 8.0.37 running (restart pending); Charmed operator 1.2+266066c\\nmysql-router-k8s/2*  blocked   idle   10.1.5.78         Upgrade incompatible. Rollback to previous revision with `juju refresh`\\nmysql-test-app/0*    active    idle   10.1.5.72         \\n'\n +  where 'Model  Controller          Cloud/Region        Version  SLA          Timestamp\\ntest   microk8s-localhost  microk8s/localhost  3.4.3    unsupported  02:22:11Z\\n\\nApp               Version                  Status   Scale  Charm             Channel      Rev  Address         Exposed  Message\\nmysql-k8s         8.0.37-0ubuntu0.22.04.3  active       1  mysql-k8s         8.0/edge     162  10.152.183.72   no       \\nmysql-router-k8s  8.0.37-0ubuntu0.22.04.3  waiting      3  mysql-router-k8s  8.0/edge       0  10.152.183.62   no       waiting for units to settle down\\nmysql-test-app    0.0.2                    active       1  mysql-test-app    latest/edge   46  10.152.183.247  no       \\n\\nUnit                 Workload  Agent  Address    Ports  Message\\nmysql-k8s/0*         active    idle   10.1.5.77         Primary\\nmysql-router-k8s/0   active    idle   10.1.5.73         Router 8.0.37 running (restart pending); Charmed operator 1.2+266066c\\nmysql-router-k8s/1   active    idle   10.1.5.74         Router 8.0.37 running (restart pending); Charmed operator 1.2+266066c\\nmysql-router-k8s/2*  blocked   idle   10.1.5.78         Upgrade incompatible. Rollback to previous revision with `juju refresh`\\nmysql-test-app/0*    active    idle   10.1.5.72         \\n' = get_juju_status('test')\n +    where 'test' = <juju.model.Model object at 0x7fa2aef97730>.name\n +      where <juju.model.Model object at 0x7fa2aef97730> = <pytest_operator.plugin.OpsTest object at 0x7fa2aec8db40>.model","time":{"start":1721614592387,"stop":1721614931989,"duration":339602}},{"uid":"e5946944b1b4cd47","reportUrl":"../165//#testresult/e5946944b1b4cd47","status":"failed","statusDetails":"AssertionError: None of the units are upgraded\nassert '+testupgrade' in 'Model  Controller          Cloud/Region        Version  SLA          Timestamp\\ntest   microk8s-localhost  microk8s/localhost  3.4.3    unsupported  02:22:10Z\\n\\nApp               Version                  Status   Scale  Charm             Channel      Rev  Address         Exposed  Message\\nmysql-k8s         8.0.37-0ubuntu0.22.04.3  active       1  mysql-k8s         8.0/edge     162  10.152.183.191  no       \\nmysql-router-k8s  8.0.37-0ubuntu0.22.04.3  waiting      3  mysql-router-k8s  8.0/edge       0  10.152.183.141  no       installing agent\\nmysql-test-app    0.0.2                    active       1  mysql-test-app    latest/edge   46  10.152.183.128  no       Last written value=26474\\n\\nUnit                 Workload  Agent  Address      Ports  Message\\nmysql-k8s/0*         active    idle   10.1.85.141         Primary\\nmysql-router-k8s/0*  active    idle   10.1.85.136         Router 8.0.37 running (restart pending); Charmed operator 1.2+266066c\\nmysql-router-k8s/1   active    idle   10.1.85.137         Router 8.0.37 running (restart pending); Charmed operator 1.2+266066c\\nmysql-router-k8s/2   blocked   idle   10.1.85.142         Upgrade incompatible. Rollback to previous revision with `juju refresh`\\nmysql-test-app/0*    active    idle   10.1.85.139         Last written value=26474\\n'\n +  where 'Model  Controller          Cloud/Region        Version  SLA          Timestamp\\ntest   microk8s-localhost  microk8s/localhost  3.4.3    unsupported  02:22:10Z\\n\\nApp               Version                  Status   Scale  Charm             Channel      Rev  Address         Exposed  Message\\nmysql-k8s         8.0.37-0ubuntu0.22.04.3  active       1  mysql-k8s         8.0/edge     162  10.152.183.191  no       \\nmysql-router-k8s  8.0.37-0ubuntu0.22.04.3  waiting      3  mysql-router-k8s  8.0/edge       0  10.152.183.141  no       installing agent\\nmysql-test-app    0.0.2                    active       1  mysql-test-app    latest/edge   46  10.152.183.128  no       Last written value=26474\\n\\nUnit                 Workload  Agent  Address      Ports  Message\\nmysql-k8s/0*         active    idle   10.1.85.141         Primary\\nmysql-router-k8s/0*  active    idle   10.1.85.136         Router 8.0.37 running (restart pending); Charmed operator 1.2+266066c\\nmysql-router-k8s/1   active    idle   10.1.85.137         Router 8.0.37 running (restart pending); Charmed operator 1.2+266066c\\nmysql-router-k8s/2   blocked   idle   10.1.85.142         Upgrade incompatible. Rollback to previous revision with `juju refresh`\\nmysql-test-app/0*    active    idle   10.1.85.139         Last written value=26474\\n' = get_juju_status('test')\n +    where 'test' = <juju.model.Model object at 0x7fcdfc359750>.name\n +      where <juju.model.Model object at 0x7fcdfc359750> = <pytest_operator.plugin.OpsTest object at 0x7fce007baef0>.model","time":{"start":1721528203626,"stop":1721528530850,"duration":327224}},{"uid":"b55cc5a776d05764","reportUrl":"../164//#testresult/b55cc5a776d05764","status":"failed","statusDetails":"AssertionError: None of the units are upgraded\nassert '+testupgrade' in 'Model  Controller          Cloud/Region        Version  SLA          Timestamp\\ntest   microk8s-localhost  microk8s/localhost  3.4.3    unsupported  02:15:02Z\\n\\nApp               Version                  Status   Scale  Charm             Channel      Rev  Address         Exposed  Message\\nmysql-k8s         8.0.37-0ubuntu0.22.04.3  active       1  mysql-k8s         8.0/edge     162  10.152.183.31   no       \\nmysql-router-k8s  8.0.37-0ubuntu0.22.04.3  waiting      3  mysql-router-k8s  8.0/edge       0  10.152.183.160  no       waiting for units to settle down\\nmysql-test-app    0.0.2                    active       1  mysql-test-app    latest/edge   46  10.152.183.125  no       \\n\\nUnit                 Workload  Agent  Address       Ports  Message\\nmysql-k8s/0*         active    idle   10.1.191.205         Primary\\nmysql-router-k8s/0   active    idle   10.1.191.200         Router 8.0.37 running (restart pending); Charmed operator 1.2+266066c\\nmysql-router-k8s/1   active    idle   10.1.191.202         Router 8.0.37 running (restart pending); Charmed operator 1.2+266066c\\nmysql-router-k8s/2*  blocked   idle   10.1.191.206         Upgrade incompatible. Rollback to previous revision with `juju refresh`\\nmysql-test-app/0*    active    idle   10.1.191.204         \\n'\n +  where 'Model  Controller          Cloud/Region        Version  SLA          Timestamp\\ntest   microk8s-localhost  microk8s/localhost  3.4.3    unsupported  02:15:02Z\\n\\nApp               Version                  Status   Scale  Charm             Channel      Rev  Address         Exposed  Message\\nmysql-k8s         8.0.37-0ubuntu0.22.04.3  active       1  mysql-k8s         8.0/edge     162  10.152.183.31   no       \\nmysql-router-k8s  8.0.37-0ubuntu0.22.04.3  waiting      3  mysql-router-k8s  8.0/edge       0  10.152.183.160  no       waiting for units to settle down\\nmysql-test-app    0.0.2                    active       1  mysql-test-app    latest/edge   46  10.152.183.125  no       \\n\\nUnit                 Workload  Agent  Address       Ports  Message\\nmysql-k8s/0*         active    idle   10.1.191.205         Primary\\nmysql-router-k8s/0   active    idle   10.1.191.200         Router 8.0.37 running (restart pending); Charmed operator 1.2+266066c\\nmysql-router-k8s/1   active    idle   10.1.191.202         Router 8.0.37 running (restart pending); Charmed operator 1.2+266066c\\nmysql-router-k8s/2*  blocked   idle   10.1.191.206         Upgrade incompatible. Rollback to previous revision with `juju refresh`\\nmysql-test-app/0*    active    idle   10.1.191.204         \\n' = get_juju_status('test')\n +    where 'test' = <juju.model.Model object at 0x7f43a2b64100>.name\n +      where <juju.model.Model object at 0x7f43a2b64100> = <pytest_operator.plugin.OpsTest object at 0x7f43a2b83910>.model","time":{"start":1721441365679,"stop":1721441702904,"duration":337225}},{"uid":"c2e481a0e40bfaea","reportUrl":"../163//#testresult/c2e481a0e40bfaea","status":"failed","statusDetails":"AssertionError: None of the units are upgraded\nassert '+testupgrade' in 'Model  Controller          Cloud/Region        Version  SLA          Timestamp\\ntest   microk8s-localhost  microk8s/localhost  3.4.3    unsupported  02:17:24Z\\n\\nApp               Version                  Status   Scale  Charm             Channel      Rev  Address         Exposed  Message\\nmysql-k8s         8.0.37-0ubuntu0.22.04.3  active       1  mysql-k8s         8.0/edge     162  10.152.183.201  no       \\nmysql-router-k8s  8.0.37-0ubuntu0.22.04.3  waiting      3  mysql-router-k8s  8.0/edge       0  10.152.183.96   no       installing agent\\nmysql-test-app    0.0.2                    active       1  mysql-test-app    latest/edge   46  10.152.183.119  no       \\n\\nUnit                 Workload  Agent  Address      Ports  Message\\nmysql-k8s/0*         active    idle   10.1.124.74         Primary\\nmysql-router-k8s/0   active    idle   10.1.124.73         Router 8.0.37 running (restart pending); Charmed operator 1.2+92ba15a\\nmysql-router-k8s/1*  active    idle   10.1.124.76         Router 8.0.37 running (restart pending); Charmed operator 1.2+92ba15a\\nmysql-router-k8s/2   blocked   idle   10.1.124.78         Upgrade incompatible. Rollback to previous revision with `juju refresh`\\nmysql-test-app/0*    active    idle   10.1.124.77         \\n'\n +  where 'Model  Controller          Cloud/Region        Version  SLA          Timestamp\\ntest   microk8s-localhost  microk8s/localhost  3.4.3    unsupported  02:17:24Z\\n\\nApp               Version                  Status   Scale  Charm             Channel      Rev  Address         Exposed  Message\\nmysql-k8s         8.0.37-0ubuntu0.22.04.3  active       1  mysql-k8s         8.0/edge     162  10.152.183.201  no       \\nmysql-router-k8s  8.0.37-0ubuntu0.22.04.3  waiting      3  mysql-router-k8s  8.0/edge       0  10.152.183.96   no       installing agent\\nmysql-test-app    0.0.2                    active       1  mysql-test-app    latest/edge   46  10.152.183.119  no       \\n\\nUnit                 Workload  Agent  Address      Ports  Message\\nmysql-k8s/0*         active    idle   10.1.124.74         Primary\\nmysql-router-k8s/0   active    idle   10.1.124.73         Router 8.0.37 running (restart pending); Charmed operator 1.2+92ba15a\\nmysql-router-k8s/1*  active    idle   10.1.124.76         Router 8.0.37 running (restart pending); Charmed operator 1.2+92ba15a\\nmysql-router-k8s/2   blocked   idle   10.1.124.78         Upgrade incompatible. Rollback to previous revision with `juju refresh`\\nmysql-test-app/0*    active    idle   10.1.124.77         \\n' = get_juju_status('test')\n +    where 'test' = <juju.model.Model object at 0x7f5d4a175720>.name\n +      where <juju.model.Model object at 0x7f5d4a175720> = <pytest_operator.plugin.OpsTest object at 0x7f5d4a191240>.model","time":{"start":1721355117135,"stop":1721355444139,"duration":327004}},{"uid":"ae28a4355a2e2bca","reportUrl":"../161//#testresult/ae28a4355a2e2bca","status":"failed","statusDetails":"AssertionError: None of the units are upgraded\nassert '+testupgrade' in 'Model  Controller          Cloud/Region        Version  SLA          Timestamp\\ntest   microk8s-localhost  microk8s/localhost  3.4.3    unsupported  02:22:18Z\\n\\nApp               Version                  Status   Scale  Charm             Channel      Rev  Address         Exposed  Message\\nmysql-k8s         8.0.37-0ubuntu0.22.04.3  active       1  mysql-k8s         8.0/edge     160  10.152.183.154  no       \\nmysql-router-k8s  8.0.37-0ubuntu0.22.04.3  waiting      3  mysql-router-k8s  8.0/edge       0  10.152.183.60   no       installing agent\\nmysql-test-app    0.0.2                    active       1  mysql-test-app    latest/edge   46  10.152.183.227  no       \\n\\nUnit                 Workload  Agent  Address     Ports  Message\\nmysql-k8s/0*         active    idle   10.1.39.10         Primary\\nmysql-router-k8s/0   active    idle   10.1.39.11         Router 8.0.37 running (restart pending); Charmed operator 1.2+92ba15a\\nmysql-router-k8s/1*  active    idle   10.1.39.13         Router 8.0.37 running (restart pending); Charmed operator 1.2+92ba15a\\nmysql-router-k8s/2   blocked   idle   10.1.39.14         Upgrade incompatible. Rollback to previous revision with `juju refresh`\\nmysql-test-app/0*    active    idle   10.1.39.9          \\n'\n +  where 'Model  Controller          Cloud/Region        Version  SLA          Timestamp\\ntest   microk8s-localhost  microk8s/localhost  3.4.3    unsupported  02:22:18Z\\n\\nApp               Version                  Status   Scale  Charm             Channel      Rev  Address         Exposed  Message\\nmysql-k8s         8.0.37-0ubuntu0.22.04.3  active       1  mysql-k8s         8.0/edge     160  10.152.183.154  no       \\nmysql-router-k8s  8.0.37-0ubuntu0.22.04.3  waiting      3  mysql-router-k8s  8.0/edge       0  10.152.183.60   no       installing agent\\nmysql-test-app    0.0.2                    active       1  mysql-test-app    latest/edge   46  10.152.183.227  no       \\n\\nUnit                 Workload  Agent  Address     Ports  Message\\nmysql-k8s/0*         active    idle   10.1.39.10         Primary\\nmysql-router-k8s/0   active    idle   10.1.39.11         Router 8.0.37 running (restart pending); Charmed operator 1.2+92ba15a\\nmysql-router-k8s/1*  active    idle   10.1.39.13         Router 8.0.37 running (restart pending); Charmed operator 1.2+92ba15a\\nmysql-router-k8s/2   blocked   idle   10.1.39.14         Upgrade incompatible. Rollback to previous revision with `juju refresh`\\nmysql-test-app/0*    active    idle   10.1.39.9          \\n' = get_juju_status('test')\n +    where 'test' = <juju.model.Model object at 0x7fa9659670a0>.name\n +      where <juju.model.Model object at 0x7fa9659670a0> = <pytest_operator.plugin.OpsTest object at 0x7fa964d76ec0>.model","time":{"start":1721269011906,"stop":1721269338594,"duration":326688}},{"uid":"8098e134610e49f1","reportUrl":"../158//#testresult/8098e134610e49f1","status":"failed","statusDetails":"AssertionError: None of the units are upgraded\nassert '+testupgrade' in 'Model  Controller          Cloud/Region        Version  SLA          Timestamp\\ntest   microk8s-localhost  microk8s/localhost  3.4.3    unsupported  02:19:01Z\\n\\nApp               Version                  Status   Scale  Charm             Channel      Rev  Address         Exposed  Message\\nmysql-k8s         8.0.37-0ubuntu0.22.04.3  active       1  mysql-k8s         8.0/edge     160  10.152.183.196  no       \\nmysql-router-k8s  8.0.37-0ubuntu0.22.04.3  waiting      3  mysql-router-k8s  8.0/edge       0  10.152.183.186  no       waiting for units to settle down\\nmysql-test-app    0.0.2                    active       1  mysql-test-app    latest/edge   46  10.152.183.161  no       \\n\\nUnit                 Workload  Agent      Address     Ports  Message\\nmysql-k8s/0*         active    executing  10.1.66.13         Primary\\nmysql-router-k8s/0   active    idle       10.1.66.8          Router 8.0.37 running (restart pending); Charmed operator 1.2+cb87104\\nmysql-router-k8s/1   active    idle       10.1.66.9          Router 8.0.37 running (restart pending); Charmed operator 1.2+cb87104\\nmysql-router-k8s/2*  blocked   idle       10.1.66.14         Upgrade incompatible. Rollback to previous revision with `juju refresh`\\nmysql-test-app/0*    active    idle       10.1.66.11         \\n'\n +  where 'Model  Controller          Cloud/Region        Version  SLA          Timestamp\\ntest   microk8s-localhost  microk8s/localhost  3.4.3    unsupported  02:19:01Z\\n\\nApp               Version                  Status   Scale  Charm             Channel      Rev  Address         Exposed  Message\\nmysql-k8s         8.0.37-0ubuntu0.22.04.3  active       1  mysql-k8s         8.0/edge     160  10.152.183.196  no       \\nmysql-router-k8s  8.0.37-0ubuntu0.22.04.3  waiting      3  mysql-router-k8s  8.0/edge       0  10.152.183.186  no       waiting for units to settle down\\nmysql-test-app    0.0.2                    active       1  mysql-test-app    latest/edge   46  10.152.183.161  no       \\n\\nUnit                 Workload  Agent      Address     Ports  Message\\nmysql-k8s/0*         active    executing  10.1.66.13         Primary\\nmysql-router-k8s/0   active    idle       10.1.66.8          Router 8.0.37 running (restart pending); Charmed operator 1.2+cb87104\\nmysql-router-k8s/1   active    idle       10.1.66.9          Router 8.0.37 running (restart pending); Charmed operator 1.2+cb87104\\nmysql-router-k8s/2*  blocked   idle       10.1.66.14         Upgrade incompatible. Rollback to previous revision with `juju refresh`\\nmysql-test-app/0*    active    idle       10.1.66.11         \\n' = get_juju_status('test')\n +    where 'test' = <juju.model.Model object at 0x7fd97316aec0>.name\n +      where <juju.model.Model object at 0x7fd97316aec0> = <pytest_operator.plugin.OpsTest object at 0x7fd972c1c940>.model","time":{"start":1721182403270,"stop":1721182741091,"duration":337821}},{"uid":"1dc58e0d8cb696e2","reportUrl":"../157//#testresult/1dc58e0d8cb696e2","status":"failed","statusDetails":"AssertionError: None of the units are upgraded\nassert '+testupgrade' in 'Model  Controller          Cloud/Region        Version  SLA          Timestamp\\ntest   microk8s-localhost  microk8s/localhost  3.4.3    unsupported  02:20:40Z\\n\\nApp               Version                  Status   Scale  Charm             Channel      Rev  Address         Exposed  Message\\nmysql-k8s         8.0.37-0ubuntu0.22.04.3  active       1  mysql-k8s         8.0/edge     160  10.152.183.24   no       \\nmysql-router-k8s  8.0.37-0ubuntu0.22.04.3  waiting      3  mysql-router-k8s  8.0/edge       0  10.152.183.234  no       waiting for units to settle down\\nmysql-test-app    0.0.2                    active       1  mysql-test-app    latest/edge   46  10.152.183.83   no       Last written value=25171\\n\\nUnit                 Workload  Agent  Address       Ports  Message\\nmysql-k8s/0*         active    idle   10.1.210.141         Primary\\nmysql-router-k8s/0   active    idle   10.1.210.136         Router 8.0.37 running (restart pending); Charmed operator 1.2+c5db3af\\nmysql-router-k8s/1   active    idle   10.1.210.138         Router 8.0.37 running (restart pending); Charmed operator 1.2+c5db3af\\nmysql-router-k8s/2*  blocked   idle   10.1.210.142         Upgrade incompatible. Rollback to previous revision with `juju refresh`\\nmysql-test-app/0*    active    idle   10.1.210.139         Last written value=25171\\n'\n +  where 'Model  Controller          Cloud/Region        Version  SLA          Timestamp\\ntest   microk8s-localhost  microk8s/localhost  3.4.3    unsupported  02:20:40Z\\n\\nApp               Version                  Status   Scale  Charm             Channel      Rev  Address         Exposed  Message\\nmysql-k8s         8.0.37-0ubuntu0.22.04.3  active       1  mysql-k8s         8.0/edge     160  10.152.183.24   no       \\nmysql-router-k8s  8.0.37-0ubuntu0.22.04.3  waiting      3  mysql-router-k8s  8.0/edge       0  10.152.183.234  no       waiting for units to settle down\\nmysql-test-app    0.0.2                    active       1  mysql-test-app    latest/edge   46  10.152.183.83   no       Last written value=25171\\n\\nUnit                 Workload  Agent  Address       Ports  Message\\nmysql-k8s/0*         active    idle   10.1.210.141         Primary\\nmysql-router-k8s/0   active    idle   10.1.210.136         Router 8.0.37 running (restart pending); Charmed operator 1.2+c5db3af\\nmysql-router-k8s/1   active    idle   10.1.210.138         Router 8.0.37 running (restart pending); Charmed operator 1.2+c5db3af\\nmysql-router-k8s/2*  blocked   idle   10.1.210.142         Upgrade incompatible. Rollback to previous revision with `juju refresh`\\nmysql-test-app/0*    active    idle   10.1.210.139         Last written value=25171\\n' = get_juju_status('test')\n +    where 'test' = <juju.model.Model object at 0x7f523a547490>.name\n +      where <juju.model.Model object at 0x7f523a547490> = <pytest_operator.plugin.OpsTest object at 0x7f5239c1dd20>.model","time":{"start":1721096098467,"stop":1721096440430,"duration":341963}},{"uid":"758f8ffca2c1dbed","reportUrl":"../156//#testresult/758f8ffca2c1dbed","status":"failed","statusDetails":"AssertionError: None of the units are upgraded\nassert '+testupgrade' in 'Model  Controller          Cloud/Region        Version  SLA          Timestamp\\ntest   microk8s-localhost  microk8s/localhost  3.4.3    unsupported  02:22:07Z\\n\\nApp               Version                  Status   Scale  Charm             Channel      Rev  Address         Exposed  Message\\nmysql-k8s         8.0.37-0ubuntu0.22.04.3  active       1  mysql-k8s         8.0/edge     160  10.152.183.124  no       \\nmysql-router-k8s  8.0.37-0ubuntu0.22.04.3  waiting      3  mysql-router-k8s  8.0/edge       0  10.152.183.154  no       waiting for units to settle down\\nmysql-test-app    0.0.2                    active       1  mysql-test-app    latest/edge   46  10.152.183.116  no       Last written value=28342\\n\\nUnit                 Workload  Agent  Address     Ports  Message\\nmysql-k8s/0*         active    idle   10.1.33.13         Primary\\nmysql-router-k8s/0   active    idle   10.1.33.9          Router 8.0.37 running (restart pending); Charmed operator 1.2+c5db3af\\nmysql-router-k8s/1   active    idle   10.1.33.11         Router 8.0.37 running (restart pending); Charmed operator 1.2+c5db3af\\nmysql-router-k8s/2*  blocked   idle   10.1.33.14         Upgrade incompatible. Rollback to previous revision with `juju refresh`\\nmysql-test-app/0*    active    idle   10.1.33.8          Last written value=28342\\n'\n +  where 'Model  Controller          Cloud/Region        Version  SLA          Timestamp\\ntest   microk8s-localhost  microk8s/localhost  3.4.3    unsupported  02:22:07Z\\n\\nApp               Version                  Status   Scale  Charm             Channel      Rev  Address         Exposed  Message\\nmysql-k8s         8.0.37-0ubuntu0.22.04.3  active       1  mysql-k8s         8.0/edge     160  10.152.183.124  no       \\nmysql-router-k8s  8.0.37-0ubuntu0.22.04.3  waiting      3  mysql-router-k8s  8.0/edge       0  10.152.183.154  no       waiting for units to settle down\\nmysql-test-app    0.0.2                    active       1  mysql-test-app    latest/edge   46  10.152.183.116  no       Last written value=28342\\n\\nUnit                 Workload  Agent  Address     Ports  Message\\nmysql-k8s/0*         active    idle   10.1.33.13         Primary\\nmysql-router-k8s/0   active    idle   10.1.33.9          Router 8.0.37 running (restart pending); Charmed operator 1.2+c5db3af\\nmysql-router-k8s/1   active    idle   10.1.33.11         Router 8.0.37 running (restart pending); Charmed operator 1.2+c5db3af\\nmysql-router-k8s/2*  blocked   idle   10.1.33.14         Upgrade incompatible. Rollback to previous revision with `juju refresh`\\nmysql-test-app/0*    active    idle   10.1.33.8          Last written value=28342\\n' = get_juju_status('test')\n +    where 'test' = <juju.model.Model object at 0x7f6686542860>.name\n +      where <juju.model.Model object at 0x7f6686542860> = <pytest_operator.plugin.OpsTest object at 0x7f6685c1b880>.model","time":{"start":1721009791256,"stop":1721010127865,"duration":336609}},{"uid":"9c0a81f449f397d3","reportUrl":"../155//#testresult/9c0a81f449f397d3","status":"failed","statusDetails":"AssertionError: None of the units are upgraded\nassert '+testupgrade' in 'Model  Controller          Cloud/Region        Version  SLA          Timestamp\\ntest   microk8s-localhost  microk8s/localhost  3.4.3    unsupported  02:24:50Z\\n\\nApp               Version                  Status   Scale  Charm             Channel      Rev  Address         Exposed  Message\\nmysql-k8s         8.0.37-0ubuntu0.22.04.3  active       1  mysql-k8s         8.0/edge     160  10.152.183.19   no       \\nmysql-router-k8s  8.0.37-0ubuntu0.22.04.3  waiting      3  mysql-router-k8s  8.0/edge       0  10.152.183.179  no       installing agent\\nmysql-test-app    0.0.2                    active       1  mysql-test-app    latest/edge   46  10.152.183.236  no       Last written value=20468\\n\\nUnit                 Workload  Agent  Address      Ports  Message\\nmysql-k8s/0*         active    idle   10.1.67.205         Primary\\nmysql-router-k8s/0*  active    idle   10.1.67.201         Router 8.0.37 running (restart pending); Charmed operator 1.2+c5db3af\\nmysql-router-k8s/1   active    idle   10.1.67.202         Router 8.0.37 running (restart pending); Charmed operator 1.2+c5db3af\\nmysql-router-k8s/2   blocked   idle   10.1.67.206         Upgrade incompatible. Rollback to previous revision with `juju refresh`\\nmysql-test-app/0*    active    idle   10.1.67.200         Last written value=20468\\n'\n +  where 'Model  Controller          Cloud/Region        Version  SLA          Timestamp\\ntest   microk8s-localhost  microk8s/localhost  3.4.3    unsupported  02:24:50Z\\n\\nApp               Version                  Status   Scale  Charm             Channel      Rev  Address         Exposed  Message\\nmysql-k8s         8.0.37-0ubuntu0.22.04.3  active       1  mysql-k8s         8.0/edge     160  10.152.183.19   no       \\nmysql-router-k8s  8.0.37-0ubuntu0.22.04.3  waiting      3  mysql-router-k8s  8.0/edge       0  10.152.183.179  no       installing agent\\nmysql-test-app    0.0.2                    active       1  mysql-test-app    latest/edge   46  10.152.183.236  no       Last written value=20468\\n\\nUnit                 Workload  Agent  Address      Ports  Message\\nmysql-k8s/0*         active    idle   10.1.67.205         Primary\\nmysql-router-k8s/0*  active    idle   10.1.67.201         Router 8.0.37 running (restart pending); Charmed operator 1.2+c5db3af\\nmysql-router-k8s/1   active    idle   10.1.67.202         Router 8.0.37 running (restart pending); Charmed operator 1.2+c5db3af\\nmysql-router-k8s/2   blocked   idle   10.1.67.206         Upgrade incompatible. Rollback to previous revision with `juju refresh`\\nmysql-test-app/0*    active    idle   10.1.67.200         Last written value=20468\\n' = get_juju_status('test')\n +    where 'test' = <juju.model.Model object at 0x7f25c76c8b20>.name\n +      where <juju.model.Model object at 0x7f25c76c8b20> = <pytest_operator.plugin.OpsTest object at 0x7f25c77e2950>.model","time":{"start":1720923563409,"stop":1720923890075,"duration":326666}},{"uid":"bb79682ead803cbf","reportUrl":"../154//#testresult/bb79682ead803cbf","status":"failed","statusDetails":"AssertionError: None of the units are upgraded\nassert '+testupgrade' in 'Model  Controller          Cloud/Region        Version  SLA          Timestamp\\ntest   microk8s-localhost  microk8s/localhost  3.4.3    unsupported  02:16:28Z\\n\\nApp               Version                  Status   Scale  Charm             Channel      Rev  Address        Exposed  Message\\nmysql-k8s         8.0.37-0ubuntu0.22.04.3  active       1  mysql-k8s         8.0/edge     160  10.152.183.80  no       \\nmysql-router-k8s  8.0.37-0ubuntu0.22.04.3  waiting      3  mysql-router-k8s  8.0/edge       0  10.152.183.45  no       waiting for units to settle down\\nmysql-test-app    0.0.2                    active       1  mysql-test-app    latest/edge   46  10.152.183.93  no       \\n\\nUnit                 Workload  Agent  Address     Ports  Message\\nmysql-k8s/0*         active    idle   10.1.39.77         Primary\\nmysql-router-k8s/0   active    idle   10.1.39.72         Router 8.0.37 running (restart pending); Charmed operator 1.2+c5db3af\\nmysql-router-k8s/1   active    idle   10.1.39.74         Router 8.0.37 running (restart pending); Charmed operator 1.2+c5db3af\\nmysql-router-k8s/2*  blocked   idle   10.1.39.78         Upgrade incompatible. Rollback to previous revision with `juju refresh`\\nmysql-test-app/0*    active    idle   10.1.39.75         \\n'\n +  where 'Model  Controller          Cloud/Region        Version  SLA          Timestamp\\ntest   microk8s-localhost  microk8s/localhost  3.4.3    unsupported  02:16:28Z\\n\\nApp               Version                  Status   Scale  Charm             Channel      Rev  Address        Exposed  Message\\nmysql-k8s         8.0.37-0ubuntu0.22.04.3  active       1  mysql-k8s         8.0/edge     160  10.152.183.80  no       \\nmysql-router-k8s  8.0.37-0ubuntu0.22.04.3  waiting      3  mysql-router-k8s  8.0/edge       0  10.152.183.45  no       waiting for units to settle down\\nmysql-test-app    0.0.2                    active       1  mysql-test-app    latest/edge   46  10.152.183.93  no       \\n\\nUnit                 Workload  Agent  Address     Ports  Message\\nmysql-k8s/0*         active    idle   10.1.39.77         Primary\\nmysql-router-k8s/0   active    idle   10.1.39.72         Router 8.0.37 running (restart pending); Charmed operator 1.2+c5db3af\\nmysql-router-k8s/1   active    idle   10.1.39.74         Router 8.0.37 running (restart pending); Charmed operator 1.2+c5db3af\\nmysql-router-k8s/2*  blocked   idle   10.1.39.78         Upgrade incompatible. Rollback to previous revision with `juju refresh`\\nmysql-test-app/0*    active    idle   10.1.39.75         \\n' = get_juju_status('test')\n +    where 'test' = <juju.model.Model object at 0x7f39850fe1a0>.name\n +      where <juju.model.Model object at 0x7f39850fe1a0> = <pytest_operator.plugin.OpsTest object at 0x7f3984d1dc00>.model","time":{"start":1720836651549,"stop":1720836988518,"duration":336969}},{"uid":"fcfa96406ff9633a","reportUrl":"../152//#testresult/fcfa96406ff9633a","status":"failed","statusDetails":"AssertionError: None of the units are upgraded\nassert '+testupgrade' in 'Model  Controller          Cloud/Region        Version  SLA          Timestamp\\ntest   microk8s-localhost  microk8s/localhost  3.4.3    unsupported  02:16:31Z\\n\\nApp               Version                  Status   Scale  Charm             Channel      Rev  Address         Exposed  Message\\nmysql-k8s         8.0.37-0ubuntu0.22.04.3  active       1  mysql-k8s         8.0/edge     160  10.152.183.132  no       \\nmysql-router-k8s  8.0.37-0ubuntu0.22.04.3  waiting      3  mysql-router-k8s  8.0/edge       0  10.152.183.147  no       waiting for units to settle down\\nmysql-test-app    0.0.2                    active       1  mysql-test-app    latest/edge   46  10.152.183.68   no       \\n\\nUnit                 Workload  Agent  Address      Ports  Message\\nmysql-k8s/0*         active    idle   10.1.142.77         Primary\\nmysql-router-k8s/0   active    idle   10.1.142.72         Router 8.0.37 running (restart pending); Charmed operator 1.2+c5db3af\\nmysql-router-k8s/1   active    idle   10.1.142.74         Router 8.0.37 running (restart pending); Charmed operator 1.2+c5db3af\\nmysql-router-k8s/2*  blocked   idle   10.1.142.78         Upgrade incompatible. Rollback to previous revision with `juju refresh`\\nmysql-test-app/0*    active    idle   10.1.142.75         \\n'\n +  where 'Model  Controller          Cloud/Region        Version  SLA          Timestamp\\ntest   microk8s-localhost  microk8s/localhost  3.4.3    unsupported  02:16:31Z\\n\\nApp               Version                  Status   Scale  Charm             Channel      Rev  Address         Exposed  Message\\nmysql-k8s         8.0.37-0ubuntu0.22.04.3  active       1  mysql-k8s         8.0/edge     160  10.152.183.132  no       \\nmysql-router-k8s  8.0.37-0ubuntu0.22.04.3  waiting      3  mysql-router-k8s  8.0/edge       0  10.152.183.147  no       waiting for units to settle down\\nmysql-test-app    0.0.2                    active       1  mysql-test-app    latest/edge   46  10.152.183.68   no       \\n\\nUnit                 Workload  Agent  Address      Ports  Message\\nmysql-k8s/0*         active    idle   10.1.142.77         Primary\\nmysql-router-k8s/0   active    idle   10.1.142.72         Router 8.0.37 running (restart pending); Charmed operator 1.2+c5db3af\\nmysql-router-k8s/1   active    idle   10.1.142.74         Router 8.0.37 running (restart pending); Charmed operator 1.2+c5db3af\\nmysql-router-k8s/2*  blocked   idle   10.1.142.78         Upgrade incompatible. Rollback to previous revision with `juju refresh`\\nmysql-test-app/0*    active    idle   10.1.142.75         \\n' = get_juju_status('test')\n +    where 'test' = <juju.model.Model object at 0x7f34d60e8160>.name\n +      where <juju.model.Model object at 0x7f34d60e8160> = <pytest_operator.plugin.OpsTest object at 0x7f34d5da3c70>.model","time":{"start":1720750252844,"stop":1720750591055,"duration":338211}},{"uid":"3eefc33584dbfc94","reportUrl":"../151//#testresult/3eefc33584dbfc94","status":"failed","statusDetails":"AssertionError: None of the units are upgraded\nassert '+testupgrade' in 'Model  Controller          Cloud/Region        Version  SLA          Timestamp\\ntest   microk8s-localhost  microk8s/localhost  3.4.3    unsupported  02:17:56Z\\n\\nApp               Version                  Status   Scale  Charm             Channel      Rev  Address         Exposed  Message\\nmysql-k8s         8.0.37-0ubuntu0.22.04.3  active       1  mysql-k8s         8.0/edge     160  10.152.183.121  no       \\nmysql-router-k8s  8.0.37-0ubuntu0.22.04.3  waiting      3  mysql-router-k8s  8.0/edge       0  10.152.183.40   no       installing agent\\nmysql-test-app    0.0.2                    active       1  mysql-test-app    latest/edge   46  10.152.183.46   no       \\n\\nUnit                 Workload  Agent  Address      Ports  Message\\nmysql-k8s/0*         active    idle   10.1.81.205         Primary\\nmysql-router-k8s/0*  active    idle   10.1.81.201         Router 8.0.37 running (restart pending); Charmed operator 1.2+11080d8\\nmysql-router-k8s/1   active    idle   10.1.81.203         Router 8.0.37 running (restart pending); Charmed operator 1.2+11080d8\\nmysql-router-k8s/2   blocked   idle   10.1.81.206         Upgrade incompatible. Rollback to previous revision with `juju refresh`\\nmysql-test-app/0*    active    idle   10.1.81.200         \\n'\n +  where 'Model  Controller          Cloud/Region        Version  SLA          Timestamp\\ntest   microk8s-localhost  microk8s/localhost  3.4.3    unsupported  02:17:56Z\\n\\nApp               Version                  Status   Scale  Charm             Channel      Rev  Address         Exposed  Message\\nmysql-k8s         8.0.37-0ubuntu0.22.04.3  active       1  mysql-k8s         8.0/edge     160  10.152.183.121  no       \\nmysql-router-k8s  8.0.37-0ubuntu0.22.04.3  waiting      3  mysql-router-k8s  8.0/edge       0  10.152.183.40   no       installing agent\\nmysql-test-app    0.0.2                    active       1  mysql-test-app    latest/edge   46  10.152.183.46   no       \\n\\nUnit                 Workload  Agent  Address      Ports  Message\\nmysql-k8s/0*         active    idle   10.1.81.205         Primary\\nmysql-router-k8s/0*  active    idle   10.1.81.201         Router 8.0.37 running (restart pending); Charmed operator 1.2+11080d8\\nmysql-router-k8s/1   active    idle   10.1.81.203         Router 8.0.37 running (restart pending); Charmed operator 1.2+11080d8\\nmysql-router-k8s/2   blocked   idle   10.1.81.206         Upgrade incompatible. Rollback to previous revision with `juju refresh`\\nmysql-test-app/0*    active    idle   10.1.81.200         \\n' = get_juju_status('test')\n +    where 'test' = <juju.model.Model object at 0x7fb030ae4160>.name\n +      where <juju.model.Model object at 0x7fb030ae4160> = <pytest_operator.plugin.OpsTest object at 0x7fb03077fc70>.model","time":{"start":1720663950152,"stop":1720664276270,"duration":326118}},{"uid":"a1cb3065ebbbbb95","reportUrl":"../148//#testresult/a1cb3065ebbbbb95","status":"failed","statusDetails":"AssertionError: None of the units are upgraded\nassert '+testupgrade' in 'Model  Controller          Cloud/Region        Version  SLA          Timestamp\\ntest   microk8s-localhost  microk8s/localhost  3.4.3    unsupported  02:18:20Z\\n\\nApp               Version                  Status   Scale  Charm             Channel      Rev  Address         Exposed  Message\\nmysql-k8s         8.0.37-0ubuntu0.22.04.3  active       1  mysql-k8s         8.0/edge     160  10.152.183.105  no       \\nmysql-router-k8s  8.0.37-0ubuntu0.22.04.3  waiting      3  mysql-router-k8s  8.0/edge       0  10.152.183.216  no       installing agent\\nmysql-test-app    0.0.2                    active       1  mysql-test-app    latest/edge   46  10.152.183.27   no       Last written value=21908\\n\\nUnit                 Workload  Agent  Address       Ports  Message\\nmysql-k8s/0*         active    idle   10.1.166.205         Primary\\nmysql-router-k8s/0*  active    idle   10.1.166.201         Router 8.0.37 running (restart pending); Charmed operator 1.2+11080d8\\nmysql-router-k8s/1   active    idle   10.1.166.202         Router 8.0.37 running (restart pending); Charmed operator 1.2+11080d8\\nmysql-router-k8s/2   blocked   idle   10.1.166.206         Upgrade incompatible. Rollback to previous revision with `juju refresh`\\nmysql-test-app/0*    active    idle   10.1.166.200         Last written value=21908\\n'\n +  where 'Model  Controller          Cloud/Region        Version  SLA          Timestamp\\ntest   microk8s-localhost  microk8s/localhost  3.4.3    unsupported  02:18:20Z\\n\\nApp               Version                  Status   Scale  Charm             Channel      Rev  Address         Exposed  Message\\nmysql-k8s         8.0.37-0ubuntu0.22.04.3  active       1  mysql-k8s         8.0/edge     160  10.152.183.105  no       \\nmysql-router-k8s  8.0.37-0ubuntu0.22.04.3  waiting      3  mysql-router-k8s  8.0/edge       0  10.152.183.216  no       installing agent\\nmysql-test-app    0.0.2                    active       1  mysql-test-app    latest/edge   46  10.152.183.27   no       Last written value=21908\\n\\nUnit                 Workload  Agent  Address       Ports  Message\\nmysql-k8s/0*         active    idle   10.1.166.205         Primary\\nmysql-router-k8s/0*  active    idle   10.1.166.201         Router 8.0.37 running (restart pending); Charmed operator 1.2+11080d8\\nmysql-router-k8s/1   active    idle   10.1.166.202         Router 8.0.37 running (restart pending); Charmed operator 1.2+11080d8\\nmysql-router-k8s/2   blocked   idle   10.1.166.206         Upgrade incompatible. Rollback to previous revision with `juju refresh`\\nmysql-test-app/0*    active    idle   10.1.166.200         Last written value=21908\\n' = get_juju_status('test')\n +    where 'test' = <juju.model.Model object at 0x7f08e95d1480>.name\n +      where <juju.model.Model object at 0x7f08e95d1480> = <pytest_operator.plugin.OpsTest object at 0x7f08e94868f0>.model","time":{"start":1720577573687,"stop":1720577900186,"duration":326499}},{"uid":"526daee58d95ee9f","reportUrl":"../147//#testresult/526daee58d95ee9f","status":"failed","statusDetails":"AssertionError: None of the units are upgraded\nassert '+testupgrade' in 'Model  Controller          Cloud/Region        Version  SLA          Timestamp\\ntest   microk8s-localhost  microk8s/localhost  3.4.3    unsupported  02:18:12Z\\n\\nApp               Version                  Status   Scale  Charm             Channel      Rev  Address         Exposed  Message\\nmysql-k8s         8.0.37-0ubuntu0.22.04.3  active       1  mysql-k8s         8.0/edge     160  10.152.183.203  no       \\nmysql-router-k8s  8.0.37-0ubuntu0.22.04.3  waiting      3  mysql-router-k8s  8.0/edge       0  10.152.183.125  no       installing agent\\nmysql-test-app    0.0.2                    active       1  mysql-test-app    latest/edge   46  10.152.183.200  no       \\n\\nUnit                 Workload  Agent  Address      Ports  Message\\nmysql-k8s/0*         active    idle   10.1.71.205         Primary\\nmysql-router-k8s/0   active    idle   10.1.71.201         Router 8.0.37 running (restart pending); Charmed operator 1.2+11080d8\\nmysql-router-k8s/1*  active    idle   10.1.71.202         Router 8.0.37 running (restart pending); Charmed operator 1.2+11080d8\\nmysql-router-k8s/2   blocked   idle   10.1.71.206         Upgrade incompatible. Rollback to previous revision with `juju refresh`\\nmysql-test-app/0*    active    idle   10.1.71.200         \\n'\n +  where 'Model  Controller          Cloud/Region        Version  SLA          Timestamp\\ntest   microk8s-localhost  microk8s/localhost  3.4.3    unsupported  02:18:12Z\\n\\nApp               Version                  Status   Scale  Charm             Channel      Rev  Address         Exposed  Message\\nmysql-k8s         8.0.37-0ubuntu0.22.04.3  active       1  mysql-k8s         8.0/edge     160  10.152.183.203  no       \\nmysql-router-k8s  8.0.37-0ubuntu0.22.04.3  waiting      3  mysql-router-k8s  8.0/edge       0  10.152.183.125  no       installing agent\\nmysql-test-app    0.0.2                    active       1  mysql-test-app    latest/edge   46  10.152.183.200  no       \\n\\nUnit                 Workload  Agent  Address      Ports  Message\\nmysql-k8s/0*         active    idle   10.1.71.205         Primary\\nmysql-router-k8s/0   active    idle   10.1.71.201         Router 8.0.37 running (restart pending); Charmed operator 1.2+11080d8\\nmysql-router-k8s/1*  active    idle   10.1.71.202         Router 8.0.37 running (restart pending); Charmed operator 1.2+11080d8\\nmysql-router-k8s/2   blocked   idle   10.1.71.206         Upgrade incompatible. Rollback to previous revision with `juju refresh`\\nmysql-test-app/0*    active    idle   10.1.71.200         \\n' = get_juju_status('test')\n +    where 'test' = <juju.model.Model object at 0x7fdda2825750>.name\n +      where <juju.model.Model object at 0x7fdda2825750> = <pytest_operator.plugin.OpsTest object at 0x7fdd9e028580>.model","time":{"start":1720491165561,"stop":1720491492069,"duration":326508}},{"uid":"1e0cd79d6d96becc","reportUrl":"../145//#testresult/1e0cd79d6d96becc","status":"failed","statusDetails":"AssertionError: None of the units are upgraded\nassert '+testupgrade' in 'Model  Controller          Cloud/Region        Version  SLA          Timestamp\\ntest   microk8s-localhost  microk8s/localhost  3.4.3    unsupported  02:18:46Z\\n\\nApp               Version                  Status   Scale  Charm             Channel      Rev  Address         Exposed  Message\\nmysql-k8s         8.0.37-0ubuntu0.22.04.3  active       1  mysql-k8s         8.0/edge     160  10.152.183.212  no       \\nmysql-router-k8s  8.0.37-0ubuntu0.22.04.3  waiting      3  mysql-router-k8s  8.0/edge       0  10.152.183.26   no       installing agent\\nmysql-test-app    0.0.2                    active       1  mysql-test-app    latest/edge   46  10.152.183.90   no       Last written value=23095\\n\\nUnit                 Workload  Agent  Address      Ports  Message\\nmysql-k8s/0*         active    idle   10.1.253.77         Primary\\nmysql-router-k8s/0*  active    idle   10.1.253.72         Router 8.0.37 running (restart pending); Charmed operator 1.2+ee5d2ff\\nmysql-router-k8s/1   active    idle   10.1.253.73         Router 8.0.37 running (restart pending); Charmed operator 1.2+ee5d2ff\\nmysql-router-k8s/2   blocked   idle   10.1.253.78         Upgrade incompatible. Rollback to previous revision with `juju refresh`\\nmysql-test-app/0*    active    idle   10.1.253.75         Last written value=23095\\n'\n +  where 'Model  Controller          Cloud/Region        Version  SLA          Timestamp\\ntest   microk8s-localhost  microk8s/localhost  3.4.3    unsupported  02:18:46Z\\n\\nApp               Version                  Status   Scale  Charm             Channel      Rev  Address         Exposed  Message\\nmysql-k8s         8.0.37-0ubuntu0.22.04.3  active       1  mysql-k8s         8.0/edge     160  10.152.183.212  no       \\nmysql-router-k8s  8.0.37-0ubuntu0.22.04.3  waiting      3  mysql-router-k8s  8.0/edge       0  10.152.183.26   no       installing agent\\nmysql-test-app    0.0.2                    active       1  mysql-test-app    latest/edge   46  10.152.183.90   no       Last written value=23095\\n\\nUnit                 Workload  Agent  Address      Ports  Message\\nmysql-k8s/0*         active    idle   10.1.253.77         Primary\\nmysql-router-k8s/0*  active    idle   10.1.253.72         Router 8.0.37 running (restart pending); Charmed operator 1.2+ee5d2ff\\nmysql-router-k8s/1   active    idle   10.1.253.73         Router 8.0.37 running (restart pending); Charmed operator 1.2+ee5d2ff\\nmysql-router-k8s/2   blocked   idle   10.1.253.78         Upgrade incompatible. Rollback to previous revision with `juju refresh`\\nmysql-test-app/0*    active    idle   10.1.253.75         Last written value=23095\\n' = get_juju_status('test')\n +    where 'test' = <juju.model.Model object at 0x7fcca76c8400>.name\n +      where <juju.model.Model object at 0x7fcca76c8400> = <pytest_operator.plugin.OpsTest object at 0x7fcca77a23b0>.model","time":{"start":1720404801072,"stop":1720405126955,"duration":325883}},{"uid":"8428f7f346f590df","reportUrl":"../144//#testresult/8428f7f346f590df","status":"failed","statusDetails":"AssertionError: None of the units are upgraded\nassert '+testupgrade' in 'Model  Controller          Cloud/Region        Version  SLA          Timestamp\\ntest   microk8s-localhost  microk8s/localhost  3.4.3    unsupported  02:22:20Z\\n\\nApp               Version                  Status   Scale  Charm             Channel      Rev  Address         Exposed  Message\\nmysql-k8s         8.0.37-0ubuntu0.22.04.3  active       1  mysql-k8s         8.0/edge     160  10.152.183.130  no       \\nmysql-router-k8s  8.0.37-0ubuntu0.22.04.3  waiting      3  mysql-router-k8s  8.0/edge       0  10.152.183.147  no       waiting for units to settle down\\nmysql-test-app    0.0.2                    active       1  mysql-test-app    latest/edge   46  10.152.183.183  no       \\n\\nUnit                 Workload  Agent  Address      Ports  Message\\nmysql-k8s/0*         active    idle   10.1.38.141         Primary\\nmysql-router-k8s/0   active    idle   10.1.38.138         Router 8.0.37 running (restart pending); Charmed operator 1.2+ee5d2ff\\nmysql-router-k8s/1   active    idle   10.1.38.139         Router 8.0.37 running (restart pending); Charmed operator 1.2+ee5d2ff\\nmysql-router-k8s/2*  blocked   idle   10.1.38.142         Upgrade incompatible. Rollback to previous revision with `juju refresh`\\nmysql-test-app/0*    active    idle   10.1.38.136         \\n'\n +  where 'Model  Controller          Cloud/Region        Version  SLA          Timestamp\\ntest   microk8s-localhost  microk8s/localhost  3.4.3    unsupported  02:22:20Z\\n\\nApp               Version                  Status   Scale  Charm             Channel      Rev  Address         Exposed  Message\\nmysql-k8s         8.0.37-0ubuntu0.22.04.3  active       1  mysql-k8s         8.0/edge     160  10.152.183.130  no       \\nmysql-router-k8s  8.0.37-0ubuntu0.22.04.3  waiting      3  mysql-router-k8s  8.0/edge       0  10.152.183.147  no       waiting for units to settle down\\nmysql-test-app    0.0.2                    active       1  mysql-test-app    latest/edge   46  10.152.183.183  no       \\n\\nUnit                 Workload  Agent  Address      Ports  Message\\nmysql-k8s/0*         active    idle   10.1.38.141         Primary\\nmysql-router-k8s/0   active    idle   10.1.38.138         Router 8.0.37 running (restart pending); Charmed operator 1.2+ee5d2ff\\nmysql-router-k8s/1   active    idle   10.1.38.139         Router 8.0.37 running (restart pending); Charmed operator 1.2+ee5d2ff\\nmysql-router-k8s/2*  blocked   idle   10.1.38.142         Upgrade incompatible. Rollback to previous revision with `juju refresh`\\nmysql-test-app/0*    active    idle   10.1.38.136         \\n' = get_juju_status('test')\n +    where 'test' = <juju.model.Model object at 0x7f9969ab3be0>.name\n +      where <juju.model.Model object at 0x7f9969ab3be0> = <pytest_operator.plugin.OpsTest object at 0x7f99693a92a0>.model","time":{"start":1720318602556,"stop":1720318940449,"duration":337893}},{"uid":"681f5fdd31c4c87a","reportUrl":"../143//#testresult/681f5fdd31c4c87a","status":"failed","statusDetails":"AssertionError: None of the units are upgraded\nassert '+testupgrade' in 'Model  Controller          Cloud/Region        Version  SLA          Timestamp\\ntest   microk8s-localhost  microk8s/localhost  3.4.3    unsupported  02:13:27Z\\n\\nApp               Version                  Status   Scale  Charm             Channel      Rev  Address         Exposed  Message\\nmysql-k8s         8.0.37-0ubuntu0.22.04.3  active       1  mysql-k8s         8.0/edge     160  10.152.183.96   no       \\nmysql-router-k8s  8.0.37-0ubuntu0.22.04.3  waiting      3  mysql-router-k8s  8.0/edge       0  10.152.183.221  no       installing agent\\nmysql-test-app    0.0.2                    active       1  mysql-test-app    latest/edge   46  10.152.183.129  no       \\n\\nUnit                 Workload  Agent  Address       Ports  Message\\nmysql-k8s/0*         active    idle   10.1.112.141         Primary\\nmysql-router-k8s/0*  active    idle   10.1.112.137         Router 8.0.37 running (restart pending); Charmed operator 1.2+ee5d2ff\\nmysql-router-k8s/1   active    idle   10.1.112.139         Router 8.0.37 running (restart pending); Charmed operator 1.2+ee5d2ff\\nmysql-router-k8s/2   blocked   idle   10.1.112.142         Upgrade incompatible. Rollback to previous revision with `juju refresh`\\nmysql-test-app/0*    active    idle   10.1.112.136         \\n'\n +  where 'Model  Controller          Cloud/Region        Version  SLA          Timestamp\\ntest   microk8s-localhost  microk8s/localhost  3.4.3    unsupported  02:13:27Z\\n\\nApp               Version                  Status   Scale  Charm             Channel      Rev  Address         Exposed  Message\\nmysql-k8s         8.0.37-0ubuntu0.22.04.3  active       1  mysql-k8s         8.0/edge     160  10.152.183.96   no       \\nmysql-router-k8s  8.0.37-0ubuntu0.22.04.3  waiting      3  mysql-router-k8s  8.0/edge       0  10.152.183.221  no       installing agent\\nmysql-test-app    0.0.2                    active       1  mysql-test-app    latest/edge   46  10.152.183.129  no       \\n\\nUnit                 Workload  Agent  Address       Ports  Message\\nmysql-k8s/0*         active    idle   10.1.112.141         Primary\\nmysql-router-k8s/0*  active    idle   10.1.112.137         Router 8.0.37 running (restart pending); Charmed operator 1.2+ee5d2ff\\nmysql-router-k8s/1   active    idle   10.1.112.139         Router 8.0.37 running (restart pending); Charmed operator 1.2+ee5d2ff\\nmysql-router-k8s/2   blocked   idle   10.1.112.142         Upgrade incompatible. Rollback to previous revision with `juju refresh`\\nmysql-test-app/0*    active    idle   10.1.112.136         \\n' = get_juju_status('test')\n +    where 'test' = <juju.model.Model object at 0x7f12d59601c0>.name\n +      where <juju.model.Model object at 0x7f12d59601c0> = <pytest_operator.plugin.OpsTest object at 0x7f12d5758040>.model","time":{"start":1720231679972,"stop":1720232007056,"duration":327084}},{"uid":"a00391c64319c260","reportUrl":"../142//#testresult/a00391c64319c260","status":"failed","statusDetails":"AssertionError: None of the units are upgraded\nassert '+testupgrade' in 'Model  Controller          Cloud/Region        Version  SLA          Timestamp\\ntest   microk8s-localhost  microk8s/localhost  3.4.3    unsupported  02:15:45Z\\n\\nApp               Version                  Status   Scale  Charm             Channel      Rev  Address         Exposed  Message\\nmysql-k8s         8.0.37-0ubuntu0.22.04.3  active       1  mysql-k8s         8.0/edge     158  10.152.183.78   no       \\nmysql-router-k8s  8.0.37-0ubuntu0.22.04.3  waiting      3  mysql-router-k8s  8.0/edge       0  10.152.183.66   no       installing agent\\nmysql-test-app    0.0.2                    active       1  mysql-test-app    latest/edge   46  10.152.183.201  no       \\n\\nUnit                 Workload  Agent  Address      Ports  Message\\nmysql-k8s/0*         active    idle   10.1.136.77         Primary\\nmysql-router-k8s/0   active    idle   10.1.136.73         Router 8.0.37 running (restart pending); Charmed operator 1.2+ee5d2ff\\nmysql-router-k8s/1*  active    idle   10.1.136.74         Router 8.0.37 running (restart pending); Charmed operator 1.2+ee5d2ff\\nmysql-router-k8s/2   blocked   idle   10.1.136.78         Upgrade incompatible. Rollback to previous revision with `juju refresh`\\nmysql-test-app/0*    active    idle   10.1.136.72         \\n'\n +  where 'Model  Controller          Cloud/Region        Version  SLA          Timestamp\\ntest   microk8s-localhost  microk8s/localhost  3.4.3    unsupported  02:15:45Z\\n\\nApp               Version                  Status   Scale  Charm             Channel      Rev  Address         Exposed  Message\\nmysql-k8s         8.0.37-0ubuntu0.22.04.3  active       1  mysql-k8s         8.0/edge     158  10.152.183.78   no       \\nmysql-router-k8s  8.0.37-0ubuntu0.22.04.3  waiting      3  mysql-router-k8s  8.0/edge       0  10.152.183.66   no       installing agent\\nmysql-test-app    0.0.2                    active       1  mysql-test-app    latest/edge   46  10.152.183.201  no       \\n\\nUnit                 Workload  Agent  Address      Ports  Message\\nmysql-k8s/0*         active    idle   10.1.136.77         Primary\\nmysql-router-k8s/0   active    idle   10.1.136.73         Router 8.0.37 running (restart pending); Charmed operator 1.2+ee5d2ff\\nmysql-router-k8s/1*  active    idle   10.1.136.74         Router 8.0.37 running (restart pending); Charmed operator 1.2+ee5d2ff\\nmysql-router-k8s/2   blocked   idle   10.1.136.78         Upgrade incompatible. Rollback to previous revision with `juju refresh`\\nmysql-test-app/0*    active    idle   10.1.136.72         \\n' = get_juju_status('test')\n +    where 'test' = <juju.model.Model object at 0x7f68c07a0e80>.name\n +      where <juju.model.Model object at 0x7f68c07a0e80> = <pytest_operator.plugin.OpsTest object at 0x7f68c4bc53f0>.model","time":{"start":1720145419439,"stop":1720145746006,"duration":326567}},{"uid":"169caee8c04b1035","reportUrl":"../140//#testresult/169caee8c04b1035","status":"failed","statusDetails":"AssertionError: None of the units are upgraded\nassert '+testupgrade' in 'Model  Controller          Cloud/Region        Version  SLA          Timestamp\\ntest   microk8s-localhost  microk8s/localhost  3.4.3    unsupported  02:15:43Z\\n\\nApp               Version                  Status   Scale  Charm             Channel      Rev  Address         Exposed  Message\\nmysql-k8s         8.0.37-0ubuntu0.22.04.3  active       1  mysql-k8s         8.0/edge     158  10.152.183.162  no       \\nmysql-router-k8s  8.0.37-0ubuntu0.22.04.3  waiting      3  mysql-router-k8s  8.0/edge       0  10.152.183.233  no       installing agent\\nmysql-test-app    0.0.2                    active       1  mysql-test-app    latest/edge   46  10.152.183.82   no       Last written value=24514\\n\\nUnit                 Workload  Agent  Address       Ports  Message\\nmysql-k8s/0*         active    idle   10.1.191.141         Primary\\nmysql-router-k8s/0*  active    idle   10.1.191.136         Router 8.0.37 running (restart pending); Charmed operator 1.2+ee5d2ff\\nmysql-router-k8s/1   active    idle   10.1.191.138         Router 8.0.37 running (restart pending); Charmed operator 1.2+ee5d2ff\\nmysql-router-k8s/2   blocked   idle   10.1.191.142         Upgrade incompatible. Rollback to previous revision with `juju refresh`\\nmysql-test-app/0*    active    idle   10.1.191.139         Last written value=24514\\n'\n +  where 'Model  Controller          Cloud/Region        Version  SLA          Timestamp\\ntest   microk8s-localhost  microk8s/localhost  3.4.3    unsupported  02:15:43Z\\n\\nApp               Version                  Status   Scale  Charm             Channel      Rev  Address         Exposed  Message\\nmysql-k8s         8.0.37-0ubuntu0.22.04.3  active       1  mysql-k8s         8.0/edge     158  10.152.183.162  no       \\nmysql-router-k8s  8.0.37-0ubuntu0.22.04.3  waiting      3  mysql-router-k8s  8.0/edge       0  10.152.183.233  no       installing agent\\nmysql-test-app    0.0.2                    active       1  mysql-test-app    latest/edge   46  10.152.183.82   no       Last written value=24514\\n\\nUnit                 Workload  Agent  Address       Ports  Message\\nmysql-k8s/0*         active    idle   10.1.191.141         Primary\\nmysql-router-k8s/0*  active    idle   10.1.191.136         Router 8.0.37 running (restart pending); Charmed operator 1.2+ee5d2ff\\nmysql-router-k8s/1   active    idle   10.1.191.138         Router 8.0.37 running (restart pending); Charmed operator 1.2+ee5d2ff\\nmysql-router-k8s/2   blocked   idle   10.1.191.142         Upgrade incompatible. Rollback to previous revision with `juju refresh`\\nmysql-test-app/0*    active    idle   10.1.191.139         Last written value=24514\\n' = get_juju_status('test')\n +    where 'test' = <juju.model.Model object at 0x7f881e13d750>.name\n +      where <juju.model.Model object at 0x7f881e13d750> = <pytest_operator.plugin.OpsTest object at 0x7f8819baba90>.model","time":{"start":1720059017537,"stop":1720059343368,"duration":325831}},{"uid":"976eedf1a6280311","reportUrl":"../139//#testresult/976eedf1a6280311","status":"failed","statusDetails":"AssertionError: None of the units are upgraded\nassert '+testupgrade' in 'Model  Controller          Cloud/Region        Version  SLA          Timestamp\\ntest   microk8s-localhost  microk8s/localhost  3.4.3    unsupported  02:16:11Z\\n\\nApp               Version                  Status   Scale  Charm             Channel      Rev  Address         Exposed  Message\\nmysql-k8s         8.0.37-0ubuntu0.22.04.3  active       1  mysql-k8s         8.0/edge     154  10.152.183.18   no       \\nmysql-router-k8s  8.0.37-0ubuntu0.22.04.3  waiting      3  mysql-router-k8s  8.0/edge       0  10.152.183.209  no       waiting for units to settle down\\nmysql-test-app    0.0.2                    active       1  mysql-test-app    latest/edge   46  10.152.183.70   no       \\n\\nUnit                 Workload  Agent  Address      Ports  Message\\nmysql-k8s/0*         active    idle   10.1.23.141         Primary\\nmysql-router-k8s/0   active    idle   10.1.23.138         Router 8.0.37 running (restart pending); Charmed operator 1.2+156da2d\\nmysql-router-k8s/1   active    idle   10.1.23.140         Router 8.0.37 running (restart pending); Charmed operator 1.2+156da2d\\nmysql-router-k8s/2*  blocked   idle   10.1.23.142         Upgrade incompatible. Rollback to previous revision with `juju refresh`\\nmysql-test-app/0*    active    idle   10.1.23.136         \\n'\n +  where 'Model  Controller          Cloud/Region        Version  SLA          Timestamp\\ntest   microk8s-localhost  microk8s/localhost  3.4.3    unsupported  02:16:11Z\\n\\nApp               Version                  Status   Scale  Charm             Channel      Rev  Address         Exposed  Message\\nmysql-k8s         8.0.37-0ubuntu0.22.04.3  active       1  mysql-k8s         8.0/edge     154  10.152.183.18   no       \\nmysql-router-k8s  8.0.37-0ubuntu0.22.04.3  waiting      3  mysql-router-k8s  8.0/edge       0  10.152.183.209  no       waiting for units to settle down\\nmysql-test-app    0.0.2                    active       1  mysql-test-app    latest/edge   46  10.152.183.70   no       \\n\\nUnit                 Workload  Agent  Address      Ports  Message\\nmysql-k8s/0*         active    idle   10.1.23.141         Primary\\nmysql-router-k8s/0   active    idle   10.1.23.138         Router 8.0.37 running (restart pending); Charmed operator 1.2+156da2d\\nmysql-router-k8s/1   active    idle   10.1.23.140         Router 8.0.37 running (restart pending); Charmed operator 1.2+156da2d\\nmysql-router-k8s/2*  blocked   idle   10.1.23.142         Upgrade incompatible. Rollback to previous revision with `juju refresh`\\nmysql-test-app/0*    active    idle   10.1.23.136         \\n' = get_juju_status('test')\n +    where 'test' = <juju.model.Model object at 0x7f0334367220>.name\n +      where <juju.model.Model object at 0x7f0334367220> = <pytest_operator.plugin.OpsTest object at 0x7f0333a7cbe0>.model","time":{"start":1719972626219,"stop":1719972971655,"duration":345436}}]},"tags":["asyncio","abort_on_fail","group(1)"]},"source":"91d4fe65644bed02.json","parameterValues":[]}