{"uid":"f4063cba668137dd","name":"test_upgrade_from_edge","fullName":"tests.integration.test_upgrade#test_upgrade_from_edge","historyId":"59e96b2cf75bb30d0a5cbde0e5234d56","time":{"start":1726885521657,"stop":1726886727853,"duration":1206196},"description":"Upgrade mysqlrouter while ensuring continuous writes incrementing.","descriptionHtml":"<p>Upgrade mysqlrouter while ensuring continuous writes incrementing.</p>\n","status":"broken","statusMessage":"asyncio.exceptions.TimeoutError","statusTrace":"Traceback (most recent call last):\n  File \"/home/runner/work/mysql-router-k8s-operator/mysql-router-k8s-operator/.tox/integration/lib/python3.10/site-packages/juju/utils.py\", line 130, in _block\n    await jasyncio.sleep(wait_period)\n  File \"/usr/lib/python3.10/asyncio/tasks.py\", line 605, in sleep\n    return await future\nasyncio.exceptions.CancelledError\n\nDuring handling of the above exception, another exception occurred:\n\nTraceback (most recent call last):\n  File \"/usr/lib/python3.10/asyncio/tasks.py\", line 456, in wait_for\n    return fut.result()\nasyncio.exceptions.CancelledError\n\nThe above exception was the direct cause of the following exception:\n\nTraceback (most recent call last):\n  File \"/home/runner/work/mysql-router-k8s-operator/mysql-router-k8s-operator/.tox/integration/lib/python3.10/site-packages/_pytest/runner.py\", line 341, in from_call\n    result: Optional[TResult] = func()\n  File \"/home/runner/work/mysql-router-k8s-operator/mysql-router-k8s-operator/.tox/integration/lib/python3.10/site-packages/_pytest/runner.py\", line 262, in <lambda>\n    lambda: ihook(item=item, **kwds), when=when, reraise=reraise\n  File \"/home/runner/work/mysql-router-k8s-operator/mysql-router-k8s-operator/.tox/integration/lib/python3.10/site-packages/pluggy/_hooks.py\", line 493, in __call__\n    return self._hookexec(self.name, self._hookimpls, kwargs, firstresult)\n  File \"/home/runner/work/mysql-router-k8s-operator/mysql-router-k8s-operator/.tox/integration/lib/python3.10/site-packages/pluggy/_manager.py\", line 115, in _hookexec\n    return self._inner_hookexec(hook_name, methods, kwargs, firstresult)\n  File \"/home/runner/work/mysql-router-k8s-operator/mysql-router-k8s-operator/.tox/integration/lib/python3.10/site-packages/pluggy/_callers.py\", line 152, in _multicall\n    return outcome.get_result()\n  File \"/home/runner/work/mysql-router-k8s-operator/mysql-router-k8s-operator/.tox/integration/lib/python3.10/site-packages/pluggy/_result.py\", line 114, in get_result\n    raise exc.with_traceback(exc.__traceback__)\n  File \"/home/runner/work/mysql-router-k8s-operator/mysql-router-k8s-operator/.tox/integration/lib/python3.10/site-packages/pluggy/_callers.py\", line 77, in _multicall\n    res = hook_impl.function(*args)\n  File \"/home/runner/work/mysql-router-k8s-operator/mysql-router-k8s-operator/.tox/integration/lib/python3.10/site-packages/_pytest/runner.py\", line 177, in pytest_runtest_call\n    raise e\n  File \"/home/runner/work/mysql-router-k8s-operator/mysql-router-k8s-operator/.tox/integration/lib/python3.10/site-packages/_pytest/runner.py\", line 169, in pytest_runtest_call\n    item.runtest()\n  File \"/home/runner/work/mysql-router-k8s-operator/mysql-router-k8s-operator/.tox/integration/lib/python3.10/site-packages/_pytest/python.py\", line 1788, in runtest\n    self.ihook.pytest_pyfunc_call(pyfuncitem=self)\n  File \"/home/runner/work/mysql-router-k8s-operator/mysql-router-k8s-operator/.tox/integration/lib/python3.10/site-packages/pluggy/_hooks.py\", line 493, in __call__\n    return self._hookexec(self.name, self._hookimpls, kwargs, firstresult)\n  File \"/home/runner/work/mysql-router-k8s-operator/mysql-router-k8s-operator/.tox/integration/lib/python3.10/site-packages/pluggy/_manager.py\", line 115, in _hookexec\n    return self._inner_hookexec(hook_name, methods, kwargs, firstresult)\n  File \"/home/runner/work/mysql-router-k8s-operator/mysql-router-k8s-operator/.tox/integration/lib/python3.10/site-packages/pluggy/_callers.py\", line 152, in _multicall\n    return outcome.get_result()\n  File \"/home/runner/work/mysql-router-k8s-operator/mysql-router-k8s-operator/.tox/integration/lib/python3.10/site-packages/pluggy/_result.py\", line 114, in get_result\n    raise exc.with_traceback(exc.__traceback__)\n  File \"/home/runner/work/mysql-router-k8s-operator/mysql-router-k8s-operator/.tox/integration/lib/python3.10/site-packages/pluggy/_callers.py\", line 77, in _multicall\n    res = hook_impl.function(*args)\n  File \"/home/runner/work/mysql-router-k8s-operator/mysql-router-k8s-operator/.tox/integration/lib/python3.10/site-packages/_pytest/python.py\", line 194, in pytest_pyfunc_call\n    result = testfunction(**testargs)\n  File \"/home/runner/work/mysql-router-k8s-operator/mysql-router-k8s-operator/.tox/integration/lib/python3.10/site-packages/pytest_asyncio/plugin.py\", line 532, in inner\n    _loop.run_until_complete(task)\n  File \"/usr/lib/python3.10/asyncio/base_events.py\", line 649, in run_until_complete\n    return future.result()\n  File \"/home/runner/work/mysql-router-k8s-operator/mysql-router-k8s-operator/tests/integration/test_upgrade.py\", line 118, in test_upgrade_from_edge\n    await ops_test.model.block_until(\n  File \"/home/runner/work/mysql-router-k8s-operator/mysql-router-k8s-operator/.tox/integration/lib/python3.10/site-packages/juju/model.py\", line 1040, in block_until\n    await utils.block_until(done,\n  File \"/home/runner/work/mysql-router-k8s-operator/mysql-router-k8s-operator/.tox/integration/lib/python3.10/site-packages/juju/utils.py\", line 131, in block_until\n    await jasyncio.shield(jasyncio.wait_for(_block(), timeout))\n  File \"/usr/lib/python3.10/asyncio/tasks.py\", line 458, in wait_for\n    raise exceptions.TimeoutError() from exc\nasyncio.exceptions.TimeoutError","flaky":false,"newFailed":false,"newBroken":true,"newPassed":false,"retriesCount":1,"retriesStatusChange":true,"beforeStages":[{"name":"event_loop","time":{"start":1726885399194,"stop":1726885399194,"duration":0},"status":"passed","steps":[],"attachments":[],"parameters":[],"stepsCount":0,"shouldDisplayMessage":false,"attachmentsCount":0,"hasContent":false,"attachmentStep":false},{"name":"tmp_path_factory","time":{"start":1726885399194,"stop":1726885399195,"duration":1},"status":"passed","steps":[],"attachments":[],"parameters":[],"stepsCount":0,"shouldDisplayMessage":false,"attachmentsCount":0,"hasContent":false,"attachmentStep":false},{"name":"ops_test","time":{"start":1726885399195,"stop":1726885399452,"duration":257},"status":"passed","steps":[],"attachments":[],"parameters":[],"stepsCount":0,"shouldDisplayMessage":false,"attachmentsCount":0,"hasContent":false,"attachmentStep":false},{"name":"abort_on_fail","time":{"start":1726885521657,"stop":1726885521657,"duration":0},"status":"passed","steps":[],"attachments":[],"parameters":[],"stepsCount":0,"shouldDisplayMessage":false,"attachmentsCount":0,"hasContent":false,"attachmentStep":false}],"testStage":{"description":"Upgrade mysqlrouter while ensuring continuous writes incrementing.","status":"broken","statusMessage":"asyncio.exceptions.TimeoutError","statusTrace":"Traceback (most recent call last):\n  File \"/home/runner/work/mysql-router-k8s-operator/mysql-router-k8s-operator/.tox/integration/lib/python3.10/site-packages/juju/utils.py\", line 130, in _block\n    await jasyncio.sleep(wait_period)\n  File \"/usr/lib/python3.10/asyncio/tasks.py\", line 605, in sleep\n    return await future\nasyncio.exceptions.CancelledError\n\nDuring handling of the above exception, another exception occurred:\n\nTraceback (most recent call last):\n  File \"/usr/lib/python3.10/asyncio/tasks.py\", line 456, in wait_for\n    return fut.result()\nasyncio.exceptions.CancelledError\n\nThe above exception was the direct cause of the following exception:\n\nTraceback (most recent call last):\n  File \"/home/runner/work/mysql-router-k8s-operator/mysql-router-k8s-operator/.tox/integration/lib/python3.10/site-packages/_pytest/runner.py\", line 341, in from_call\n    result: Optional[TResult] = func()\n  File \"/home/runner/work/mysql-router-k8s-operator/mysql-router-k8s-operator/.tox/integration/lib/python3.10/site-packages/_pytest/runner.py\", line 262, in <lambda>\n    lambda: ihook(item=item, **kwds), when=when, reraise=reraise\n  File \"/home/runner/work/mysql-router-k8s-operator/mysql-router-k8s-operator/.tox/integration/lib/python3.10/site-packages/pluggy/_hooks.py\", line 493, in __call__\n    return self._hookexec(self.name, self._hookimpls, kwargs, firstresult)\n  File \"/home/runner/work/mysql-router-k8s-operator/mysql-router-k8s-operator/.tox/integration/lib/python3.10/site-packages/pluggy/_manager.py\", line 115, in _hookexec\n    return self._inner_hookexec(hook_name, methods, kwargs, firstresult)\n  File \"/home/runner/work/mysql-router-k8s-operator/mysql-router-k8s-operator/.tox/integration/lib/python3.10/site-packages/pluggy/_callers.py\", line 152, in _multicall\n    return outcome.get_result()\n  File \"/home/runner/work/mysql-router-k8s-operator/mysql-router-k8s-operator/.tox/integration/lib/python3.10/site-packages/pluggy/_result.py\", line 114, in get_result\n    raise exc.with_traceback(exc.__traceback__)\n  File \"/home/runner/work/mysql-router-k8s-operator/mysql-router-k8s-operator/.tox/integration/lib/python3.10/site-packages/pluggy/_callers.py\", line 77, in _multicall\n    res = hook_impl.function(*args)\n  File \"/home/runner/work/mysql-router-k8s-operator/mysql-router-k8s-operator/.tox/integration/lib/python3.10/site-packages/_pytest/runner.py\", line 177, in pytest_runtest_call\n    raise e\n  File \"/home/runner/work/mysql-router-k8s-operator/mysql-router-k8s-operator/.tox/integration/lib/python3.10/site-packages/_pytest/runner.py\", line 169, in pytest_runtest_call\n    item.runtest()\n  File \"/home/runner/work/mysql-router-k8s-operator/mysql-router-k8s-operator/.tox/integration/lib/python3.10/site-packages/_pytest/python.py\", line 1788, in runtest\n    self.ihook.pytest_pyfunc_call(pyfuncitem=self)\n  File \"/home/runner/work/mysql-router-k8s-operator/mysql-router-k8s-operator/.tox/integration/lib/python3.10/site-packages/pluggy/_hooks.py\", line 493, in __call__\n    return self._hookexec(self.name, self._hookimpls, kwargs, firstresult)\n  File \"/home/runner/work/mysql-router-k8s-operator/mysql-router-k8s-operator/.tox/integration/lib/python3.10/site-packages/pluggy/_manager.py\", line 115, in _hookexec\n    return self._inner_hookexec(hook_name, methods, kwargs, firstresult)\n  File \"/home/runner/work/mysql-router-k8s-operator/mysql-router-k8s-operator/.tox/integration/lib/python3.10/site-packages/pluggy/_callers.py\", line 152, in _multicall\n    return outcome.get_result()\n  File \"/home/runner/work/mysql-router-k8s-operator/mysql-router-k8s-operator/.tox/integration/lib/python3.10/site-packages/pluggy/_result.py\", line 114, in get_result\n    raise exc.with_traceback(exc.__traceback__)\n  File \"/home/runner/work/mysql-router-k8s-operator/mysql-router-k8s-operator/.tox/integration/lib/python3.10/site-packages/pluggy/_callers.py\", line 77, in _multicall\n    res = hook_impl.function(*args)\n  File \"/home/runner/work/mysql-router-k8s-operator/mysql-router-k8s-operator/.tox/integration/lib/python3.10/site-packages/_pytest/python.py\", line 194, in pytest_pyfunc_call\n    result = testfunction(**testargs)\n  File \"/home/runner/work/mysql-router-k8s-operator/mysql-router-k8s-operator/.tox/integration/lib/python3.10/site-packages/pytest_asyncio/plugin.py\", line 532, in inner\n    _loop.run_until_complete(task)\n  File \"/usr/lib/python3.10/asyncio/base_events.py\", line 649, in run_until_complete\n    return future.result()\n  File \"/home/runner/work/mysql-router-k8s-operator/mysql-router-k8s-operator/tests/integration/test_upgrade.py\", line 118, in test_upgrade_from_edge\n    await ops_test.model.block_until(\n  File \"/home/runner/work/mysql-router-k8s-operator/mysql-router-k8s-operator/.tox/integration/lib/python3.10/site-packages/juju/model.py\", line 1040, in block_until\n    await utils.block_until(done,\n  File \"/home/runner/work/mysql-router-k8s-operator/mysql-router-k8s-operator/.tox/integration/lib/python3.10/site-packages/juju/utils.py\", line 131, in block_until\n    await jasyncio.shield(jasyncio.wait_for(_block(), timeout))\n  File \"/usr/lib/python3.10/asyncio/tasks.py\", line 458, in wait_for\n    raise exceptions.TimeoutError() from exc\nasyncio.exceptions.TimeoutError","steps":[],"attachments":[{"uid":"75e06689c280b609","name":"log","source":"75e06689c280b609.txt","type":"text/plain","size":594}],"parameters":[],"stepsCount":0,"shouldDisplayMessage":true,"attachmentsCount":1,"hasContent":true,"attachmentStep":false},"afterStages":[{"name":"abort_on_fail::0","time":{"start":1726886727857,"stop":1726886727857,"duration":0},"status":"passed","steps":[],"attachments":[],"parameters":[],"stepsCount":0,"shouldDisplayMessage":false,"attachmentsCount":0,"hasContent":false,"attachmentStep":false},{"name":"ops_test::finalizer","time":{"start":1726886727861,"stop":1726886729782,"duration":1921},"status":"passed","steps":[],"attachments":[],"parameters":[],"stepsCount":0,"shouldDisplayMessage":false,"attachmentsCount":0,"hasContent":false,"attachmentStep":false},{"name":"event_loop::2","time":{"start":1726886729783,"stop":1726886729783,"duration":0},"status":"passed","steps":[],"attachments":[],"parameters":[],"stepsCount":0,"shouldDisplayMessage":false,"attachmentsCount":0,"hasContent":false,"attachmentStep":false},{"name":"event_loop::_close_event_loop","time":{"start":1726886729783,"stop":1726886729783,"duration":0},"status":"passed","steps":[],"attachments":[],"parameters":[],"stepsCount":0,"shouldDisplayMessage":false,"attachmentsCount":0,"hasContent":false,"attachmentStep":false},{"name":"event_loop::_provide_clean_event_loop","time":{"start":1726886729783,"stop":1726886729783,"duration":0},"status":"passed","steps":[],"attachments":[],"parameters":[],"stepsCount":0,"shouldDisplayMessage":false,"attachmentsCount":0,"hasContent":false,"attachmentStep":false}],"labels":[{"name":"tag","value":"abort_on_fail"},{"name":"tag","value":"group(1)"},{"name":"tag","value":"asyncio"},{"name":"parentSuite","value":"tests.integration"},{"name":"suite","value":"test_upgrade"},{"name":"host","value":"fv-az1249-349"},{"name":"thread","value":"12029-MainThread"},{"name":"framework","value":"pytest"},{"name":"language","value":"cpython3"},{"name":"package","value":"tests.integration.test_upgrade"},{"name":"resultFormat","value":"allure2"}],"parameters":[],"links":[],"hidden":false,"retry":false,"extra":{"severity":"normal","retries":[{"uid":"63223b2126cff9ae","status":"unknown","time":{}}],"categories":[{"name":"Test defects","matchedStatuses":[],"flaky":false}],"history":{"statistic":{"failed":60,"broken":17,"skipped":2,"passed":29,"unknown":7,"total":115},"items":[{"uid":"340174504b23450e","reportUrl":"../270//#testresult/340174504b23450e","status":"failed","statusDetails":"AssertionError: None of the units are upgraded\nassert '+testupgrade' in 'Model  Controller          Cloud/Region        Version  SLA          Timestamp\\ntest   microk8s-localhost  microk8s/localhost  3.4.3    unsupported  02:30:49Z\\n\\nApp               Version                  Status   Scale  Charm             Channel      Rev  Address         Exposed  Message\\nmysql-k8s         8.0.37-0ubuntu0.22.04.3  active       1  mysql-k8s         8.0/edge     201  10.152.183.135  no       \\nmysql-router-k8s  8.0.37-0ubuntu0.22.04.3  waiting      3  mysql-router-k8s  8.0/edge       0  10.152.183.98   no       installing agent\\nmysql-test-app    0.0.2                    active       1  mysql-test-app    latest/edge   63  10.152.183.62   no       \\n\\nUnit                 Workload     Agent  Address      Ports  Message\\nmysql-k8s/0*         active       idle   10.1.156.13         Primary\\nmysql-router-k8s/0*  active       idle   10.1.156.8          Router 8.0.37 running (restart pending); Charmed operator 1.2+a648a2e\\nmysql-router-k8s/1   active       idle   10.1.156.9          Router 8.0.37 running (restart pending); Charmed operator 1.2+a648a2e\\nmysql-router-k8s/2   maintenance  idle   10.1.156.14         \\nmysql-test-app/0*    active       idle   10.1.156.11         \\n'\n +  where 'Model  Controller          Cloud/Region        Version  SLA          Timestamp\\ntest   microk8s-localhost  microk8s/localhost  3.4.3    unsupported  02:30:49Z\\n\\nApp               Version                  Status   Scale  Charm             Channel      Rev  Address         Exposed  Message\\nmysql-k8s         8.0.37-0ubuntu0.22.04.3  active       1  mysql-k8s         8.0/edge     201  10.152.183.135  no       \\nmysql-router-k8s  8.0.37-0ubuntu0.22.04.3  waiting      3  mysql-router-k8s  8.0/edge       0  10.152.183.98   no       installing agent\\nmysql-test-app    0.0.2                    active       1  mysql-test-app    latest/edge   63  10.152.183.62   no       \\n\\nUnit                 Workload     Agent  Address      Ports  Message\\nmysql-k8s/0*         active       idle   10.1.156.13         Primary\\nmysql-router-k8s/0*  active       idle   10.1.156.8          Router 8.0.37 running (restart pending); Charmed operator 1.2+a648a2e\\nmysql-router-k8s/1   active       idle   10.1.156.9          Router 8.0.37 running (restart pending); Charmed operator 1.2+a648a2e\\nmysql-router-k8s/2   maintenance  idle   10.1.156.14         \\nmysql-test-app/0*    active       idle   10.1.156.11         \\n' = get_juju_status('test')\n +    where 'test' = <juju.model.Model object at 0x7fc641b05030>.name\n +      where <juju.model.Model object at 0x7fc641b05030> = <pytest_operator.plugin.OpsTest object at 0x7fc63d10cbe0>.model","time":{"start":1726799127631,"stop":1726799449737,"duration":322106}},{"uid":"fed25020111eca48","reportUrl":"../269//#testresult/fed25020111eca48","status":"broken","statusDetails":"asyncio.exceptions.TimeoutError","time":{"start":1726712717906,"stop":1726713923153,"duration":1205247}},{"uid":"ca4e4c548046b85c","reportUrl":"../267//#testresult/ca4e4c548046b85c","status":"failed","statusDetails":"AssertionError: None of the units are upgraded\nassert '+testupgrade' in 'Model  Controller          Cloud/Region        Version  SLA          Timestamp\\ntest   microk8s-localhost  microk8s/localhost  3.4.3    unsupported  02:29:20Z\\n\\nApp               Version                  Status   Scale  Charm             Channel      Rev  Address         Exposed  Message\\nmysql-k8s         8.0.37-0ubuntu0.22.04.3  active       1  mysql-k8s         8.0/edge     199  10.152.183.91   no       \\nmysql-router-k8s  8.0.37-0ubuntu0.22.04.3  waiting      3  mysql-router-k8s  8.0/edge       0  10.152.183.215  no       installing agent\\nmysql-test-app    0.0.2                    active       1  mysql-test-app    latest/edge   63  10.152.183.140  no       Last written value=25983\\n\\nUnit                 Workload     Agent  Address     Ports  Message\\nmysql-k8s/0*         active       idle   10.1.87.13         Primary\\nmysql-router-k8s/0   active       idle   10.1.87.9          Router 8.0.37 running (restart pending); Charmed operator 1.2+a648a2e\\nmysql-router-k8s/1*  active       idle   10.1.87.10         Router 8.0.37 running (restart pending); Charmed operator 1.2+a648a2e\\nmysql-router-k8s/2   maintenance  idle   10.1.87.14         \\nmysql-test-app/0*    active       idle   10.1.87.8          Last written value=25983\\n'\n +  where 'Model  Controller          Cloud/Region        Version  SLA          Timestamp\\ntest   microk8s-localhost  microk8s/localhost  3.4.3    unsupported  02:29:20Z\\n\\nApp               Version                  Status   Scale  Charm             Channel      Rev  Address         Exposed  Message\\nmysql-k8s         8.0.37-0ubuntu0.22.04.3  active       1  mysql-k8s         8.0/edge     199  10.152.183.91   no       \\nmysql-router-k8s  8.0.37-0ubuntu0.22.04.3  waiting      3  mysql-router-k8s  8.0/edge       0  10.152.183.215  no       installing agent\\nmysql-test-app    0.0.2                    active       1  mysql-test-app    latest/edge   63  10.152.183.140  no       Last written value=25983\\n\\nUnit                 Workload     Agent  Address     Ports  Message\\nmysql-k8s/0*         active       idle   10.1.87.13         Primary\\nmysql-router-k8s/0   active       idle   10.1.87.9          Router 8.0.37 running (restart pending); Charmed operator 1.2+a648a2e\\nmysql-router-k8s/1*  active       idle   10.1.87.10         Router 8.0.37 running (restart pending); Charmed operator 1.2+a648a2e\\nmysql-router-k8s/2   maintenance  idle   10.1.87.14         \\nmysql-test-app/0*    active       idle   10.1.87.8          Last written value=25983\\n' = get_juju_status('test')\n +    where 'test' = <juju.model.Model object at 0x7fb3d8598490>.name\n +      where <juju.model.Model object at 0x7fb3d8598490> = <pytest_operator.plugin.OpsTest object at 0x7fb3d81d5390>.model","time":{"start":1726626238003,"stop":1726626560458,"duration":322455}},{"uid":"4b0a0fb354d39a46","reportUrl":"../266//#testresult/4b0a0fb354d39a46","status":"broken","statusDetails":"asyncio.exceptions.TimeoutError","time":{"start":1726538498360,"stop":1726539703593,"duration":1205233}},{"uid":"42de8e5f52b6d9b1","reportUrl":"../264//#testresult/42de8e5f52b6d9b1","status":"failed","statusDetails":"AssertionError: None of the units are upgraded\nassert '+testupgrade' in 'Model  Controller          Cloud/Region        Version  SLA          Timestamp\\ntest   microk8s-localhost  microk8s/localhost  3.4.3    unsupported  02:37:40Z\\n\\nApp               Version                  Status   Scale  Charm             Channel      Rev  Address         Exposed  Message\\nmysql-k8s         8.0.37-0ubuntu0.22.04.3  active       1  mysql-k8s         8.0/edge     197  10.152.183.159  no       \\nmysql-router-k8s  8.0.37-0ubuntu0.22.04.3  waiting      3  mysql-router-k8s  8.0/edge       0  10.152.183.48   no       installing agent\\nmysql-test-app    0.0.2                    active       1  mysql-test-app    latest/edge   63  10.152.183.39   no       \\n\\nUnit                 Workload     Agent  Address      Ports  Message\\nmysql-k8s/0*         active       idle   10.1.187.9          Primary\\nmysql-router-k8s/0*  active       idle   10.1.187.11         Router 8.0.37 running (restart pending); Charmed operator 1.2+a648a2e\\nmysql-router-k8s/1   active       idle   10.1.187.12         Router 8.0.37 running (restart pending); Charmed operator 1.2+a648a2e\\nmysql-router-k8s/2   maintenance  idle   10.1.187.14         \\nmysql-test-app/0*    active       idle   10.1.187.10         \\n'\n +  where 'Model  Controller          Cloud/Region        Version  SLA          Timestamp\\ntest   microk8s-localhost  microk8s/localhost  3.4.3    unsupported  02:37:40Z\\n\\nApp               Version                  Status   Scale  Charm             Channel      Rev  Address         Exposed  Message\\nmysql-k8s         8.0.37-0ubuntu0.22.04.3  active       1  mysql-k8s         8.0/edge     197  10.152.183.159  no       \\nmysql-router-k8s  8.0.37-0ubuntu0.22.04.3  waiting      3  mysql-router-k8s  8.0/edge       0  10.152.183.48   no       installing agent\\nmysql-test-app    0.0.2                    active       1  mysql-test-app    latest/edge   63  10.152.183.39   no       \\n\\nUnit                 Workload     Agent  Address      Ports  Message\\nmysql-k8s/0*         active       idle   10.1.187.9          Primary\\nmysql-router-k8s/0*  active       idle   10.1.187.11         Router 8.0.37 running (restart pending); Charmed operator 1.2+a648a2e\\nmysql-router-k8s/1   active       idle   10.1.187.12         Router 8.0.37 running (restart pending); Charmed operator 1.2+a648a2e\\nmysql-router-k8s/2   maintenance  idle   10.1.187.14         \\nmysql-test-app/0*    active       idle   10.1.187.10         \\n' = get_juju_status('test')\n +    where 'test' = <juju.model.Model object at 0x7f89509f0c10>.name\n +      where <juju.model.Model object at 0x7f89509f0c10> = <pytest_operator.plugin.OpsTest object at 0x7f8950f37070>.model","time":{"start":1726453937811,"stop":1726454260628,"duration":322817}},{"uid":"555c68f765c491fe","reportUrl":"../263//#testresult/555c68f765c491fe","status":"broken","statusDetails":"asyncio.exceptions.TimeoutError","time":{"start":1726367668343,"stop":1726368873547,"duration":1205204}},{"uid":"df21459606737b75","reportUrl":"../262//#testresult/df21459606737b75","status":"broken","statusDetails":"asyncio.exceptions.TimeoutError","time":{"start":1726280565201,"stop":1726281770416,"duration":1205215}},{"uid":"625a619f65b0b252","reportUrl":"../260//#testresult/625a619f65b0b252","status":"failed","statusDetails":"AssertionError: None of the units are upgraded\nassert '+testupgrade' in 'Model  Controller          Cloud/Region        Version  SLA          Timestamp\\ntest   microk8s-localhost  microk8s/localhost  3.4.3    unsupported  02:31:04Z\\n\\nApp               Version                  Status   Scale  Charm             Channel      Rev  Address         Exposed  Message\\nmysql-k8s         8.0.37-0ubuntu0.22.04.3  active       1  mysql-k8s         8.0/edge     197  10.152.183.108  no       \\nmysql-router-k8s  8.0.37-0ubuntu0.22.04.3  waiting      3  mysql-router-k8s  8.0/edge       0  10.152.183.217  no       installing agent\\nmysql-test-app    0.0.2                    active       1  mysql-test-app    latest/edge   63  10.152.183.36   no       Last written value=21943\\n\\nUnit                 Workload     Agent  Address      Ports  Message\\nmysql-k8s/0*         active       idle   10.1.33.141         Primary\\nmysql-router-k8s/0   active       idle   10.1.33.136         Router 8.0.37 running (restart pending); Charmed operator 1.2+a648a2e\\nmysql-router-k8s/1*  active       idle   10.1.33.137         Router 8.0.37 running (restart pending); Charmed operator 1.2+a648a2e\\nmysql-router-k8s/2   maintenance  idle   10.1.33.142         \\nmysql-test-app/0*    active       idle   10.1.33.139         Last written value=21943\\n'\n +  where 'Model  Controller          Cloud/Region        Version  SLA          Timestamp\\ntest   microk8s-localhost  microk8s/localhost  3.4.3    unsupported  02:31:04Z\\n\\nApp               Version                  Status   Scale  Charm             Channel      Rev  Address         Exposed  Message\\nmysql-k8s         8.0.37-0ubuntu0.22.04.3  active       1  mysql-k8s         8.0/edge     197  10.152.183.108  no       \\nmysql-router-k8s  8.0.37-0ubuntu0.22.04.3  waiting      3  mysql-router-k8s  8.0/edge       0  10.152.183.217  no       installing agent\\nmysql-test-app    0.0.2                    active       1  mysql-test-app    latest/edge   63  10.152.183.36   no       Last written value=21943\\n\\nUnit                 Workload     Agent  Address      Ports  Message\\nmysql-k8s/0*         active       idle   10.1.33.141         Primary\\nmysql-router-k8s/0   active       idle   10.1.33.136         Router 8.0.37 running (restart pending); Charmed operator 1.2+a648a2e\\nmysql-router-k8s/1*  active       idle   10.1.33.137         Router 8.0.37 running (restart pending); Charmed operator 1.2+a648a2e\\nmysql-router-k8s/2   maintenance  idle   10.1.33.142         \\nmysql-test-app/0*    active       idle   10.1.33.139         Last written value=21943\\n' = get_juju_status('test')\n +    where 'test' = <juju.model.Model object at 0x7fdb09d9aec0>.name\n +      where <juju.model.Model object at 0x7fdb09d9aec0> = <pytest_operator.plugin.OpsTest object at 0x7fdb09c500a0>.model","time":{"start":1726194338231,"stop":1726194664092,"duration":325861}},{"uid":"15927a4431477634","reportUrl":"../259//#testresult/15927a4431477634","status":"failed","statusDetails":"AssertionError: None of the units are upgraded\nassert '+testupgrade' in 'Model  Controller          Cloud/Region        Version  SLA          Timestamp\\ntest   microk8s-localhost  microk8s/localhost  3.4.3    unsupported  02:30:02Z\\n\\nApp               Version                  Status   Scale  Charm             Channel      Rev  Address         Exposed  Message\\nmysql-k8s         8.0.37-0ubuntu0.22.04.3  active       1  mysql-k8s         8.0/edge     193  10.152.183.90   no       \\nmysql-router-k8s  8.0.37-0ubuntu0.22.04.3  waiting      3  mysql-router-k8s  8.0/edge       0  10.152.183.254  no       installing agent\\nmysql-test-app    0.0.2                    active       1  mysql-test-app    latest/edge   58  10.152.183.144  no       Last written value=26685\\n\\nUnit                 Workload     Agent  Address      Ports  Message\\nmysql-k8s/0*         active       idle   10.1.29.205         Primary\\nmysql-router-k8s/0   active       idle   10.1.29.201         Router 8.0.37 running (restart pending); Charmed operator 1.2+bd2f317\\nmysql-router-k8s/1*  active       idle   10.1.29.202         Router 8.0.37 running (restart pending); Charmed operator 1.2+bd2f317\\nmysql-router-k8s/2   maintenance  idle   10.1.29.206         \\nmysql-test-app/0*    active       idle   10.1.29.200         Last written value=26685\\n'\n +  where 'Model  Controller          Cloud/Region        Version  SLA          Timestamp\\ntest   microk8s-localhost  microk8s/localhost  3.4.3    unsupported  02:30:02Z\\n\\nApp               Version                  Status   Scale  Charm             Channel      Rev  Address         Exposed  Message\\nmysql-k8s         8.0.37-0ubuntu0.22.04.3  active       1  mysql-k8s         8.0/edge     193  10.152.183.90   no       \\nmysql-router-k8s  8.0.37-0ubuntu0.22.04.3  waiting      3  mysql-router-k8s  8.0/edge       0  10.152.183.254  no       installing agent\\nmysql-test-app    0.0.2                    active       1  mysql-test-app    latest/edge   58  10.152.183.144  no       Last written value=26685\\n\\nUnit                 Workload     Agent  Address      Ports  Message\\nmysql-k8s/0*         active       idle   10.1.29.205         Primary\\nmysql-router-k8s/0   active       idle   10.1.29.201         Router 8.0.37 running (restart pending); Charmed operator 1.2+bd2f317\\nmysql-router-k8s/1*  active       idle   10.1.29.202         Router 8.0.37 running (restart pending); Charmed operator 1.2+bd2f317\\nmysql-router-k8s/2   maintenance  idle   10.1.29.206         \\nmysql-test-app/0*    active       idle   10.1.29.200         Last written value=26685\\n' = get_juju_status('test')\n +    where 'test' = <juju.model.Model object at 0x7f906b35a410>.name\n +      where <juju.model.Model object at 0x7f906b35a410> = <pytest_operator.plugin.OpsTest object at 0x7f906acb98a0>.model","time":{"start":1726107879742,"stop":1726108202139,"duration":322397}},{"uid":"bc87614e92fb8263","reportUrl":"../256//#testresult/bc87614e92fb8263","status":"broken","statusDetails":"mysql.connector.errors.ProgrammingError: 1146 (42S02): Table 'continuous_writes_database.data' doesn't exist","time":{"start":1726021489800,"stop":1726021493896,"duration":4096}},{"uid":"4113f1a5e8d83a81","reportUrl":"../253//#testresult/4113f1a5e8d83a81","status":"broken","statusDetails":"asyncio.exceptions.TimeoutError","time":{"start":1725935117525,"stop":1725936322738,"duration":1205213}},{"uid":"d0c092f2f5218a92","reportUrl":"../251//#testresult/d0c092f2f5218a92","status":"failed","statusDetails":"AssertionError: None of the units are upgraded\nassert '+testupgrade' in 'Model  Controller          Cloud/Region        Version  SLA          Timestamp\\ntest   microk8s-localhost  microk8s/localhost  3.4.3    unsupported  02:33:02Z\\n\\nApp               Version                  Status   Scale  Charm             Channel      Rev  Address         Exposed  Message\\nmysql-k8s         8.0.37-0ubuntu0.22.04.3  active       1  mysql-k8s         8.0/edge     189  10.152.183.86   no       \\nmysql-router-k8s  8.0.37-0ubuntu0.22.04.3  waiting      3  mysql-router-k8s  8.0/edge       0  10.152.183.80   no       installing agent\\nmysql-test-app    0.0.2                    active       1  mysql-test-app    latest/edge   58  10.152.183.216  no       \\n\\nUnit                 Workload     Agent  Address     Ports  Message\\nmysql-k8s/0*         active       idle   10.1.99.77         Primary\\nmysql-router-k8s/0*  active       idle   10.1.99.72         Router 8.0.37 running (restart pending); Charmed operator 1.2+2f8472b\\nmysql-router-k8s/1   active       idle   10.1.99.73         Router 8.0.37 running (restart pending); Charmed operator 1.2+2f8472b\\nmysql-router-k8s/2   maintenance  idle   10.1.99.78         \\nmysql-test-app/0*    active       idle   10.1.99.76         \\n'\n +  where 'Model  Controller          Cloud/Region        Version  SLA          Timestamp\\ntest   microk8s-localhost  microk8s/localhost  3.4.3    unsupported  02:33:02Z\\n\\nApp               Version                  Status   Scale  Charm             Channel      Rev  Address         Exposed  Message\\nmysql-k8s         8.0.37-0ubuntu0.22.04.3  active       1  mysql-k8s         8.0/edge     189  10.152.183.86   no       \\nmysql-router-k8s  8.0.37-0ubuntu0.22.04.3  waiting      3  mysql-router-k8s  8.0/edge       0  10.152.183.80   no       installing agent\\nmysql-test-app    0.0.2                    active       1  mysql-test-app    latest/edge   58  10.152.183.216  no       \\n\\nUnit                 Workload     Agent  Address     Ports  Message\\nmysql-k8s/0*         active       idle   10.1.99.77         Primary\\nmysql-router-k8s/0*  active       idle   10.1.99.72         Router 8.0.37 running (restart pending); Charmed operator 1.2+2f8472b\\nmysql-router-k8s/1   active       idle   10.1.99.73         Router 8.0.37 running (restart pending); Charmed operator 1.2+2f8472b\\nmysql-router-k8s/2   maintenance  idle   10.1.99.78         \\nmysql-test-app/0*    active       idle   10.1.99.76         \\n' = get_juju_status('test')\n +    where 'test' = <juju.model.Model object at 0x7f4e80c0c460>.name\n +      where <juju.model.Model object at 0x7f4e80c0c460> = <pytest_operator.plugin.OpsTest object at 0x7f4e80844a30>.model","time":{"start":1725848860265,"stop":1725849182550,"duration":322285}},{"uid":"deec4fafa3b44032","reportUrl":"../250//#testresult/deec4fafa3b44032","status":"failed","statusDetails":"AssertionError: None of the units are upgraded\nassert '+testupgrade' in 'Model  Controller          Cloud/Region        Version  SLA          Timestamp\\ntest   microk8s-localhost  microk8s/localhost  3.4.3    unsupported  02:34:55Z\\n\\nApp               Version                  Status   Scale  Charm             Channel      Rev  Address         Exposed  Message\\nmysql-k8s         8.0.37-0ubuntu0.22.04.3  active       1  mysql-k8s         8.0/edge     189  10.152.183.130  no       \\nmysql-router-k8s  8.0.37-0ubuntu0.22.04.3  waiting      3  mysql-router-k8s  8.0/edge       0  10.152.183.84   no       installing agent\\nmysql-test-app    0.0.2                    active       1  mysql-test-app    latest/edge   58  10.152.183.52   no       Last written value=23748\\n\\nUnit                 Workload     Agent  Address       Ports  Message\\nmysql-k8s/0*         active       idle   10.1.169.138         Primary\\nmysql-router-k8s/0*  active       idle   10.1.169.139         Router 8.0.37 running (restart pending); Charmed operator 1.2+2f8472b\\nmysql-router-k8s/1   active       idle   10.1.169.140         Router 8.0.37 running (restart pending); Charmed operator 1.2+2f8472b\\nmysql-router-k8s/2   maintenance  idle   10.1.169.142         \\nmysql-test-app/0*    active       idle   10.1.169.136         Last written value=23748\\n'\n +  where 'Model  Controller          Cloud/Region        Version  SLA          Timestamp\\ntest   microk8s-localhost  microk8s/localhost  3.4.3    unsupported  02:34:55Z\\n\\nApp               Version                  Status   Scale  Charm             Channel      Rev  Address         Exposed  Message\\nmysql-k8s         8.0.37-0ubuntu0.22.04.3  active       1  mysql-k8s         8.0/edge     189  10.152.183.130  no       \\nmysql-router-k8s  8.0.37-0ubuntu0.22.04.3  waiting      3  mysql-router-k8s  8.0/edge       0  10.152.183.84   no       installing agent\\nmysql-test-app    0.0.2                    active       1  mysql-test-app    latest/edge   58  10.152.183.52   no       Last written value=23748\\n\\nUnit                 Workload     Agent  Address       Ports  Message\\nmysql-k8s/0*         active       idle   10.1.169.138         Primary\\nmysql-router-k8s/0*  active       idle   10.1.169.139         Router 8.0.37 running (restart pending); Charmed operator 1.2+2f8472b\\nmysql-router-k8s/1   active       idle   10.1.169.140         Router 8.0.37 running (restart pending); Charmed operator 1.2+2f8472b\\nmysql-router-k8s/2   maintenance  idle   10.1.169.142         \\nmysql-test-app/0*    active       idle   10.1.169.136         Last written value=23748\\n' = get_juju_status('test')\n +    where 'test' = <juju.model.Model object at 0x7fd90203e080>.name\n +      where <juju.model.Model object at 0x7fd90203e080> = <pytest_operator.plugin.OpsTest object at 0x7fd8fd5ebca0>.model","time":{"start":1725762573777,"stop":1725762895954,"duration":322177}},{"uid":"35cc99c2e7656222","reportUrl":"../249//#testresult/35cc99c2e7656222","status":"broken","statusDetails":"asyncio.exceptions.TimeoutError","time":{"start":1725675705462,"stop":1725676910655,"duration":1205193}},{"uid":"78e8a8b6cd5113f9","reportUrl":"../247//#testresult/78e8a8b6cd5113f9","status":"failed","statusDetails":"AssertionError: None of the units are upgraded\nassert '+testupgrade' in 'Model  Controller          Cloud/Region        Version  SLA          Timestamp\\ntest   microk8s-localhost  microk8s/localhost  3.4.3    unsupported  02:30:03Z\\n\\nApp               Version                  Status   Scale  Charm             Channel      Rev  Address         Exposed  Message\\nmysql-k8s         8.0.37-0ubuntu0.22.04.3  active       1  mysql-k8s         8.0/edge     189  10.152.183.176  no       \\nmysql-router-k8s  8.0.37-0ubuntu0.22.04.3  waiting      3  mysql-router-k8s  8.0/edge       0  10.152.183.221  no       installing agent\\nmysql-test-app    0.0.2                    active       1  mysql-test-app    latest/edge   58  10.152.183.156  no       \\n\\nUnit                 Workload     Agent  Address      Ports  Message\\nmysql-k8s/0*         active       idle   10.1.44.141         Primary\\nmysql-router-k8s/0*  active       idle   10.1.44.138         Router 8.0.37 running (restart pending); Charmed operator 1.2+2f8472b\\nmysql-router-k8s/1   active       idle   10.1.44.139         Router 8.0.37 running (restart pending); Charmed operator 1.2+2f8472b\\nmysql-router-k8s/2   maintenance  idle   10.1.44.142         \\nmysql-test-app/0*    active       idle   10.1.44.136         \\n'\n +  where 'Model  Controller          Cloud/Region        Version  SLA          Timestamp\\ntest   microk8s-localhost  microk8s/localhost  3.4.3    unsupported  02:30:03Z\\n\\nApp               Version                  Status   Scale  Charm             Channel      Rev  Address         Exposed  Message\\nmysql-k8s         8.0.37-0ubuntu0.22.04.3  active       1  mysql-k8s         8.0/edge     189  10.152.183.176  no       \\nmysql-router-k8s  8.0.37-0ubuntu0.22.04.3  waiting      3  mysql-router-k8s  8.0/edge       0  10.152.183.221  no       installing agent\\nmysql-test-app    0.0.2                    active       1  mysql-test-app    latest/edge   58  10.152.183.156  no       \\n\\nUnit                 Workload     Agent  Address      Ports  Message\\nmysql-k8s/0*         active       idle   10.1.44.141         Primary\\nmysql-router-k8s/0*  active       idle   10.1.44.138         Router 8.0.37 running (restart pending); Charmed operator 1.2+2f8472b\\nmysql-router-k8s/1   active       idle   10.1.44.139         Router 8.0.37 running (restart pending); Charmed operator 1.2+2f8472b\\nmysql-router-k8s/2   maintenance  idle   10.1.44.142         \\nmysql-test-app/0*    active       idle   10.1.44.136         \\n' = get_juju_status('test')\n +    where 'test' = <juju.model.Model object at 0x7f264ac64b50>.name\n +      where <juju.model.Model object at 0x7f264ac64b50> = <pytest_operator.plugin.OpsTest object at 0x7f264a43b220>.model","time":{"start":1725589481038,"stop":1725589803336,"duration":322298}},{"uid":"eb5b819cfdad708f","reportUrl":"../245//#testresult/eb5b819cfdad708f","status":"broken","statusDetails":"asyncio.exceptions.TimeoutError","time":{"start":1725503117763,"stop":1725504323017,"duration":1205254}},{"uid":"6049668b66c3e369","reportUrl":"../244//#testresult/6049668b66c3e369","status":"failed","statusDetails":"AssertionError: None of the units are upgraded\nassert '+testupgrade' in 'Model  Controller          Cloud/Region        Version  SLA          Timestamp\\ntest   microk8s-localhost  microk8s/localhost  3.4.3    unsupported  02:29:00Z\\n\\nApp               Version                  Status   Scale  Charm             Channel      Rev  Address         Exposed  Message\\nmysql-k8s         8.0.37-0ubuntu0.22.04.3  active       1  mysql-k8s         8.0/edge     184  10.152.183.200  no       \\nmysql-router-k8s  8.0.37-0ubuntu0.22.04.3  waiting      3  mysql-router-k8s  8.0/edge       0  10.152.183.89   no       installing agent\\nmysql-test-app    0.0.2                    active       1  mysql-test-app    latest/edge   51  10.152.183.98   no       \\n\\nUnit                 Workload     Agent      Address       Ports  Message\\nmysql-k8s/0*         active       executing  10.1.217.205         Primary\\nmysql-router-k8s/0   active       idle       10.1.217.200         Router 8.0.37 running (restart pending); Charmed operator 1.2+2f8472b\\nmysql-router-k8s/1*  active       idle       10.1.217.202         Router 8.0.37 running (restart pending); Charmed operator 1.2+2f8472b\\nmysql-router-k8s/2   maintenance  idle       10.1.217.206         \\nmysql-test-app/0*    active       idle       10.1.217.204         \\n'\n +  where 'Model  Controller          Cloud/Region        Version  SLA          Timestamp\\ntest   microk8s-localhost  microk8s/localhost  3.4.3    unsupported  02:29:00Z\\n\\nApp               Version                  Status   Scale  Charm             Channel      Rev  Address         Exposed  Message\\nmysql-k8s         8.0.37-0ubuntu0.22.04.3  active       1  mysql-k8s         8.0/edge     184  10.152.183.200  no       \\nmysql-router-k8s  8.0.37-0ubuntu0.22.04.3  waiting      3  mysql-router-k8s  8.0/edge       0  10.152.183.89   no       installing agent\\nmysql-test-app    0.0.2                    active       1  mysql-test-app    latest/edge   51  10.152.183.98   no       \\n\\nUnit                 Workload     Agent      Address       Ports  Message\\nmysql-k8s/0*         active       executing  10.1.217.205         Primary\\nmysql-router-k8s/0   active       idle       10.1.217.200         Router 8.0.37 running (restart pending); Charmed operator 1.2+2f8472b\\nmysql-router-k8s/1*  active       idle       10.1.217.202         Router 8.0.37 running (restart pending); Charmed operator 1.2+2f8472b\\nmysql-router-k8s/2   maintenance  idle       10.1.217.206         \\nmysql-test-app/0*    active       idle       10.1.217.204         \\n' = get_juju_status('test')\n +    where 'test' = <juju.model.Model object at 0x7f01f6b16170>.name\n +      where <juju.model.Model object at 0x7f01f6b16170> = <pytest_operator.plugin.OpsTest object at 0x7f01f6b76e90>.model","time":{"start":1725416617871,"stop":1725416940973,"duration":323102}},{"uid":"78b08548e2de7e0d","reportUrl":"../243//#testresult/78b08548e2de7e0d","status":"failed","statusDetails":"AssertionError: None of the units are upgraded\nassert '+testupgrade' in 'Model  Controller          Cloud/Region        Version  SLA          Timestamp\\ntest   microk8s-localhost  microk8s/localhost  3.4.3    unsupported  02:27:39Z\\n\\nApp               Version                  Status   Scale  Charm             Channel      Rev  Address         Exposed  Message\\nmysql-k8s         8.0.37-0ubuntu0.22.04.3  active       1  mysql-k8s         8.0/edge     184  10.152.183.58   no       \\nmysql-router-k8s  8.0.37-0ubuntu0.22.04.3  waiting      3  mysql-router-k8s  8.0/edge       0  10.152.183.136  no       installing agent\\nmysql-test-app    0.0.2                    active       1  mysql-test-app    latest/edge   51  10.152.183.61   no       Last written value=23065\\n\\nUnit                 Workload     Agent  Address      Ports  Message\\nmysql-k8s/0*         active       idle   10.1.162.77         Primary\\nmysql-router-k8s/0   active       idle   10.1.162.73         Router 8.0.37 running (restart pending); Charmed operator 1.2+2f8472b\\nmysql-router-k8s/1*  active       idle   10.1.162.75         Router 8.0.37 running (restart pending); Charmed operator 1.2+2f8472b\\nmysql-router-k8s/2   maintenance  idle   10.1.162.78         \\nmysql-test-app/0*    active       idle   10.1.162.72         Last written value=23065\\n'\n +  where 'Model  Controller          Cloud/Region        Version  SLA          Timestamp\\ntest   microk8s-localhost  microk8s/localhost  3.4.3    unsupported  02:27:39Z\\n\\nApp               Version                  Status   Scale  Charm             Channel      Rev  Address         Exposed  Message\\nmysql-k8s         8.0.37-0ubuntu0.22.04.3  active       1  mysql-k8s         8.0/edge     184  10.152.183.58   no       \\nmysql-router-k8s  8.0.37-0ubuntu0.22.04.3  waiting      3  mysql-router-k8s  8.0/edge       0  10.152.183.136  no       installing agent\\nmysql-test-app    0.0.2                    active       1  mysql-test-app    latest/edge   51  10.152.183.61   no       Last written value=23065\\n\\nUnit                 Workload     Agent  Address      Ports  Message\\nmysql-k8s/0*         active       idle   10.1.162.77         Primary\\nmysql-router-k8s/0   active       idle   10.1.162.73         Router 8.0.37 running (restart pending); Charmed operator 1.2+2f8472b\\nmysql-router-k8s/1*  active       idle   10.1.162.75         Router 8.0.37 running (restart pending); Charmed operator 1.2+2f8472b\\nmysql-router-k8s/2   maintenance  idle   10.1.162.78         \\nmysql-test-app/0*    active       idle   10.1.162.72         Last written value=23065\\n' = get_juju_status('test')\n +    where 'test' = <juju.model.Model object at 0x7f513d7a27a0>.name\n +      where <juju.model.Model object at 0x7f513d7a27a0> = <pytest_operator.plugin.OpsTest object at 0x7f513d788970>.model","time":{"start":1725330137705,"stop":1725330460011,"duration":322306}},{"uid":"fed8adafa2c1116c","reportUrl":"../240//#testresult/fed8adafa2c1116c","status":"failed","statusDetails":"AssertionError: None of the units are upgraded\nassert '+testupgrade' in 'Model  Controller          Cloud/Region        Version  SLA          Timestamp\\ntest   microk8s-localhost  microk8s/localhost  3.4.3    unsupported  02:30:00Z\\n\\nApp               Version                  Status   Scale  Charm             Channel      Rev  Address         Exposed  Message\\nmysql-k8s         8.0.37-0ubuntu0.22.04.3  active       1  mysql-k8s         8.0/edge     184  10.152.183.234  no       \\nmysql-router-k8s  8.0.37-0ubuntu0.22.04.3  waiting      3  mysql-router-k8s  8.0/edge       0  10.152.183.134  no       installing agent\\nmysql-test-app    0.0.2                    active       1  mysql-test-app    latest/edge   51  10.152.183.212  no       Last written value=23829\\n\\nUnit                 Workload     Agent      Address      Ports  Message\\nmysql-k8s/0*         active       executing  10.1.249.77         Primary\\nmysql-router-k8s/0*  active       idle       10.1.249.72         Router 8.0.37 running (restart pending); Charmed operator 1.2+2f8472b\\nmysql-router-k8s/1   active       idle       10.1.249.73         Router 8.0.37 running (restart pending); Charmed operator 1.2+2f8472b\\nmysql-router-k8s/2   maintenance  idle       10.1.249.78         \\nmysql-test-app/0*    active       idle       10.1.249.75         Last written value=23829\\n'\n +  where 'Model  Controller          Cloud/Region        Version  SLA          Timestamp\\ntest   microk8s-localhost  microk8s/localhost  3.4.3    unsupported  02:30:00Z\\n\\nApp               Version                  Status   Scale  Charm             Channel      Rev  Address         Exposed  Message\\nmysql-k8s         8.0.37-0ubuntu0.22.04.3  active       1  mysql-k8s         8.0/edge     184  10.152.183.234  no       \\nmysql-router-k8s  8.0.37-0ubuntu0.22.04.3  waiting      3  mysql-router-k8s  8.0/edge       0  10.152.183.134  no       installing agent\\nmysql-test-app    0.0.2                    active       1  mysql-test-app    latest/edge   51  10.152.183.212  no       Last written value=23829\\n\\nUnit                 Workload     Agent      Address      Ports  Message\\nmysql-k8s/0*         active       executing  10.1.249.77         Primary\\nmysql-router-k8s/0*  active       idle       10.1.249.72         Router 8.0.37 running (restart pending); Charmed operator 1.2+2f8472b\\nmysql-router-k8s/1   active       idle       10.1.249.73         Router 8.0.37 running (restart pending); Charmed operator 1.2+2f8472b\\nmysql-router-k8s/2   maintenance  idle       10.1.249.78         \\nmysql-test-app/0*    active       idle       10.1.249.75         Last written value=23829\\n' = get_juju_status('test')\n +    where 'test' = <juju.model.Model object at 0x7f04a59678b0>.name\n +      where <juju.model.Model object at 0x7f04a59678b0> = <pytest_operator.plugin.OpsTest object at 0x7f04a594fcd0>.model","time":{"start":1725243877655,"stop":1725244200215,"duration":322560}},{"uid":"3a51ebd4371efa3e","reportUrl":"../239//#testresult/3a51ebd4371efa3e","status":"failed","statusDetails":"AssertionError: None of the units are upgraded\nassert '+testupgrade' in 'Model  Controller          Cloud/Region        Version  SLA          Timestamp\\ntest   microk8s-localhost  microk8s/localhost  3.4.3    unsupported  02:46:42Z\\n\\nApp               Version                  Status   Scale  Charm             Channel      Rev  Address         Exposed  Message\\nmysql-k8s         8.0.37-0ubuntu0.22.04.3  active       1  mysql-k8s         8.0/edge     184  10.152.183.22   no       \\nmysql-router-k8s  8.0.37-0ubuntu0.22.04.3  waiting      3  mysql-router-k8s  8.0/edge       0  10.152.183.80   no       installing agent\\nmysql-test-app    0.0.2                    active       1  mysql-test-app    latest/edge   51  10.152.183.223  no       \\n\\nUnit                 Workload     Agent  Address      Ports  Message\\nmysql-k8s/0*         active       idle   10.1.211.77         Primary\\nmysql-router-k8s/0*  active       idle   10.1.211.74         Router 8.0.37 running (restart pending); Charmed operator 1.2+2f8472b\\nmysql-router-k8s/1   active       idle   10.1.211.76         Router 8.0.37 running (restart pending); Charmed operator 1.2+2f8472b\\nmysql-router-k8s/2   maintenance  idle   10.1.211.78         \\nmysql-test-app/0*    active       idle   10.1.211.72         \\n'\n +  where 'Model  Controller          Cloud/Region        Version  SLA          Timestamp\\ntest   microk8s-localhost  microk8s/localhost  3.4.3    unsupported  02:46:42Z\\n\\nApp               Version                  Status   Scale  Charm             Channel      Rev  Address         Exposed  Message\\nmysql-k8s         8.0.37-0ubuntu0.22.04.3  active       1  mysql-k8s         8.0/edge     184  10.152.183.22   no       \\nmysql-router-k8s  8.0.37-0ubuntu0.22.04.3  waiting      3  mysql-router-k8s  8.0/edge       0  10.152.183.80   no       installing agent\\nmysql-test-app    0.0.2                    active       1  mysql-test-app    latest/edge   51  10.152.183.223  no       \\n\\nUnit                 Workload     Agent  Address      Ports  Message\\nmysql-k8s/0*         active       idle   10.1.211.77         Primary\\nmysql-router-k8s/0*  active       idle   10.1.211.74         Router 8.0.37 running (restart pending); Charmed operator 1.2+2f8472b\\nmysql-router-k8s/1   active       idle   10.1.211.76         Router 8.0.37 running (restart pending); Charmed operator 1.2+2f8472b\\nmysql-router-k8s/2   maintenance  idle   10.1.211.78         \\nmysql-test-app/0*    active       idle   10.1.211.72         \\n' = get_juju_status('test')\n +    where 'test' = <juju.model.Model object at 0x7f66c9514dc0>.name\n +      where <juju.model.Model object at 0x7f66c9514dc0> = <pytest_operator.plugin.OpsTest object at 0x7f66c9834dc0>.model","time":{"start":1725158479717,"stop":1725158802086,"duration":322369}}]},"tags":["asyncio","abort_on_fail","group(1)"]},"source":"f4063cba668137dd.json","parameterValues":[]}