{"uid":"766ffe640bc3d55c","name":"test_upgrade_from_edge","fullName":"tests.integration.test_upgrade#test_upgrade_from_edge","historyId":"59e96b2cf75bb30d0a5cbde0e5234d56","time":{"start":1733712050606,"stop":1733712373367,"duration":322761},"description":"Upgrade mysqlrouter while ensuring continuous writes incrementing.","descriptionHtml":"<p>Upgrade mysqlrouter while ensuring continuous writes incrementing.</p>\n","status":"failed","statusMessage":"AssertionError: None of the units are upgraded\nassert '+testupgrade' in 'Model  Controller          Cloud/Region        Version  SLA          Timestamp\\ntest   microk8s-localhost  microk8s/localhost  3.4.3    unsupported  02:46:13Z\\n\\nApp               Version                  Status   Scale  Charm             Channel      Rev  Address         Exposed  Message\\nmysql-k8s         8.0.37-0ubuntu0.22.04.3  active       1  mysql-k8s         8.0/edge     208  10.152.183.254  no       \\nmysql-router-k8s  8.0.39-0ubuntu0.22.04.1  waiting      3  mysql-router-k8s  8.0/edge       0  10.152.183.59   no       installing agent\\nmysql-test-app    0.0.2                    active       1  mysql-test-app    latest/edge   63  10.152.183.121  no       Last written value=24505\\n\\nUnit                 Workload     Agent  Address      Ports  Message\\nmysql-k8s/0*         active       idle   10.1.13.141         Primary\\nmysql-router-k8s/0*  active       idle   10.1.13.137         Router 8.0.39 running (restart pending); Charmed operator 1.2+002767a\\nmysql-router-k8s/1   active       idle   10.1.13.139         Router 8.0.39 running (restart pending); Charmed operator 1.2+002767a\\nmysql-router-k8s/2   maintenance  idle   10.1.13.142         \\nmysql-test-app/0*    active       idle   10.1.13.136         Last written value=24505\\n'\n +  where 'Model  Controller          Cloud/Region        Version  SLA          Timestamp\\ntest   microk8s-localhost  microk8s/localhost  3.4.3    unsupported  02:46:13Z\\n\\nApp               Version                  Status   Scale  Charm             Channel      Rev  Address         Exposed  Message\\nmysql-k8s         8.0.37-0ubuntu0.22.04.3  active       1  mysql-k8s         8.0/edge     208  10.152.183.254  no       \\nmysql-router-k8s  8.0.39-0ubuntu0.22.04.1  waiting      3  mysql-router-k8s  8.0/edge       0  10.152.183.59   no       installing agent\\nmysql-test-app    0.0.2                    active       1  mysql-test-app    latest/edge   63  10.152.183.121  no       Last written value=24505\\n\\nUnit                 Workload     Agent  Address      Ports  Message\\nmysql-k8s/0*         active       idle   10.1.13.141         Primary\\nmysql-router-k8s/0*  active       idle   10.1.13.137         Router 8.0.39 running (restart pending); Charmed operator 1.2+002767a\\nmysql-router-k8s/1   active       idle   10.1.13.139         Router 8.0.39 running (restart pending); Charmed operator 1.2+002767a\\nmysql-router-k8s/2   maintenance  idle   10.1.13.142         \\nmysql-test-app/0*    active       idle   10.1.13.136         Last written value=24505\\n' = get_juju_status('test')\n +    where 'test' = <juju.model.Model object at 0x7f86e9a120e0>.name\n +      where <juju.model.Model object at 0x7f86e9a120e0> = <pytest_operator.plugin.OpsTest object at 0x7f86e97c0490>.model","statusTrace":"Traceback (most recent call last):\n  File \"/home/runner/work/mysql-router-k8s-operator/mysql-router-k8s-operator/.tox/integration/lib/python3.10/site-packages/_pytest/runner.py\", line 341, in from_call\n    result: Optional[TResult] = func()\n  File \"/home/runner/work/mysql-router-k8s-operator/mysql-router-k8s-operator/.tox/integration/lib/python3.10/site-packages/_pytest/runner.py\", line 262, in <lambda>\n    lambda: ihook(item=item, **kwds), when=when, reraise=reraise\n  File \"/home/runner/work/mysql-router-k8s-operator/mysql-router-k8s-operator/.tox/integration/lib/python3.10/site-packages/pluggy/_hooks.py\", line 493, in __call__\n    return self._hookexec(self.name, self._hookimpls, kwargs, firstresult)\n  File \"/home/runner/work/mysql-router-k8s-operator/mysql-router-k8s-operator/.tox/integration/lib/python3.10/site-packages/pluggy/_manager.py\", line 115, in _hookexec\n    return self._inner_hookexec(hook_name, methods, kwargs, firstresult)\n  File \"/home/runner/work/mysql-router-k8s-operator/mysql-router-k8s-operator/.tox/integration/lib/python3.10/site-packages/pluggy/_callers.py\", line 152, in _multicall\n    return outcome.get_result()\n  File \"/home/runner/work/mysql-router-k8s-operator/mysql-router-k8s-operator/.tox/integration/lib/python3.10/site-packages/pluggy/_result.py\", line 114, in get_result\n    raise exc.with_traceback(exc.__traceback__)\n  File \"/home/runner/work/mysql-router-k8s-operator/mysql-router-k8s-operator/.tox/integration/lib/python3.10/site-packages/pluggy/_callers.py\", line 77, in _multicall\n    res = hook_impl.function(*args)\n  File \"/home/runner/work/mysql-router-k8s-operator/mysql-router-k8s-operator/.tox/integration/lib/python3.10/site-packages/_pytest/runner.py\", line 177, in pytest_runtest_call\n    raise e\n  File \"/home/runner/work/mysql-router-k8s-operator/mysql-router-k8s-operator/.tox/integration/lib/python3.10/site-packages/_pytest/runner.py\", line 169, in pytest_runtest_call\n    item.runtest()\n  File \"/home/runner/work/mysql-router-k8s-operator/mysql-router-k8s-operator/.tox/integration/lib/python3.10/site-packages/_pytest/python.py\", line 1788, in runtest\n    self.ihook.pytest_pyfunc_call(pyfuncitem=self)\n  File \"/home/runner/work/mysql-router-k8s-operator/mysql-router-k8s-operator/.tox/integration/lib/python3.10/site-packages/pluggy/_hooks.py\", line 493, in __call__\n    return self._hookexec(self.name, self._hookimpls, kwargs, firstresult)\n  File \"/home/runner/work/mysql-router-k8s-operator/mysql-router-k8s-operator/.tox/integration/lib/python3.10/site-packages/pluggy/_manager.py\", line 115, in _hookexec\n    return self._inner_hookexec(hook_name, methods, kwargs, firstresult)\n  File \"/home/runner/work/mysql-router-k8s-operator/mysql-router-k8s-operator/.tox/integration/lib/python3.10/site-packages/pluggy/_callers.py\", line 152, in _multicall\n    return outcome.get_result()\n  File \"/home/runner/work/mysql-router-k8s-operator/mysql-router-k8s-operator/.tox/integration/lib/python3.10/site-packages/pluggy/_result.py\", line 114, in get_result\n    raise exc.with_traceback(exc.__traceback__)\n  File \"/home/runner/work/mysql-router-k8s-operator/mysql-router-k8s-operator/.tox/integration/lib/python3.10/site-packages/pluggy/_callers.py\", line 77, in _multicall\n    res = hook_impl.function(*args)\n  File \"/home/runner/work/mysql-router-k8s-operator/mysql-router-k8s-operator/.tox/integration/lib/python3.10/site-packages/_pytest/python.py\", line 194, in pytest_pyfunc_call\n    result = testfunction(**testargs)\n  File \"/home/runner/work/mysql-router-k8s-operator/mysql-router-k8s-operator/.tox/integration/lib/python3.10/site-packages/pytest_asyncio/plugin.py\", line 532, in inner\n    _loop.run_until_complete(task)\n  File \"/usr/lib/python3.10/asyncio/base_events.py\", line 649, in run_until_complete\n    return future.result()\n  File \"/home/runner/work/mysql-router-k8s-operator/mysql-router-k8s-operator/tests/integration/test_upgrade.py\", line 125, in test_upgrade_from_edge\n    for attempt in tenacity.Retrying(\n  File \"/home/runner/work/mysql-router-k8s-operator/mysql-router-k8s-operator/.tox/integration/lib/python3.10/site-packages/tenacity/__init__.py\", line 347, in __iter__\n    do = self.iter(retry_state=retry_state)\n  File \"/home/runner/work/mysql-router-k8s-operator/mysql-router-k8s-operator/.tox/integration/lib/python3.10/site-packages/tenacity/__init__.py\", line 325, in iter\n    raise retry_exc.reraise()\n  File \"/home/runner/work/mysql-router-k8s-operator/mysql-router-k8s-operator/.tox/integration/lib/python3.10/site-packages/tenacity/__init__.py\", line 158, in reraise\n    raise self.last_attempt.result()\n  File \"/usr/lib/python3.10/concurrent/futures/_base.py\", line 451, in result\n    return self.__get_result()\n  File \"/usr/lib/python3.10/concurrent/futures/_base.py\", line 403, in __get_result\n    raise self._exception\n  File \"/home/runner/work/mysql-router-k8s-operator/mysql-router-k8s-operator/tests/integration/test_upgrade.py\", line 131, in test_upgrade_from_edge\n    assert \"+testupgrade\" in get_juju_status(\nAssertionError: None of the units are upgraded\nassert '+testupgrade' in 'Model  Controller          Cloud/Region        Version  SLA          Timestamp\\ntest   microk8s-localhost  microk8s/localhost  3.4.3    unsupported  02:46:13Z\\n\\nApp               Version                  Status   Scale  Charm             Channel      Rev  Address         Exposed  Message\\nmysql-k8s         8.0.37-0ubuntu0.22.04.3  active       1  mysql-k8s         8.0/edge     208  10.152.183.254  no       \\nmysql-router-k8s  8.0.39-0ubuntu0.22.04.1  waiting      3  mysql-router-k8s  8.0/edge       0  10.152.183.59   no       installing agent\\nmysql-test-app    0.0.2                    active       1  mysql-test-app    latest/edge   63  10.152.183.121  no       Last written value=24505\\n\\nUnit                 Workload     Agent  Address      Ports  Message\\nmysql-k8s/0*         active       idle   10.1.13.141         Primary\\nmysql-router-k8s/0*  active       idle   10.1.13.137         Router 8.0.39 running (restart pending); Charmed operator 1.2+002767a\\nmysql-router-k8s/1   active       idle   10.1.13.139         Router 8.0.39 running (restart pending); Charmed operator 1.2+002767a\\nmysql-router-k8s/2   maintenance  idle   10.1.13.142         \\nmysql-test-app/0*    active       idle   10.1.13.136         Last written value=24505\\n'\n +  where 'Model  Controller          Cloud/Region        Version  SLA          Timestamp\\ntest   microk8s-localhost  microk8s/localhost  3.4.3    unsupported  02:46:13Z\\n\\nApp               Version                  Status   Scale  Charm             Channel      Rev  Address         Exposed  Message\\nmysql-k8s         8.0.37-0ubuntu0.22.04.3  active       1  mysql-k8s         8.0/edge     208  10.152.183.254  no       \\nmysql-router-k8s  8.0.39-0ubuntu0.22.04.1  waiting      3  mysql-router-k8s  8.0/edge       0  10.152.183.59   no       installing agent\\nmysql-test-app    0.0.2                    active       1  mysql-test-app    latest/edge   63  10.152.183.121  no       Last written value=24505\\n\\nUnit                 Workload     Agent  Address      Ports  Message\\nmysql-k8s/0*         active       idle   10.1.13.141         Primary\\nmysql-router-k8s/0*  active       idle   10.1.13.137         Router 8.0.39 running (restart pending); Charmed operator 1.2+002767a\\nmysql-router-k8s/1   active       idle   10.1.13.139         Router 8.0.39 running (restart pending); Charmed operator 1.2+002767a\\nmysql-router-k8s/2   maintenance  idle   10.1.13.142         \\nmysql-test-app/0*    active       idle   10.1.13.136         Last written value=24505\\n' = get_juju_status('test')\n +    where 'test' = <juju.model.Model object at 0x7f86e9a120e0>.name\n +      where <juju.model.Model object at 0x7f86e9a120e0> = <pytest_operator.plugin.OpsTest object at 0x7f86e97c0490>.model","flaky":false,"newFailed":true,"newBroken":false,"newPassed":false,"retriesCount":1,"retriesStatusChange":true,"beforeStages":[{"name":"ops_test","time":{"start":1733711926142,"stop":1733711926390,"duration":248},"status":"passed","steps":[],"attachments":[],"parameters":[],"stepsCount":0,"shouldDisplayMessage":false,"attachmentsCount":0,"hasContent":false,"attachmentStep":false},{"name":"event_loop","time":{"start":1733711926142,"stop":1733711926142,"duration":0},"status":"passed","steps":[],"attachments":[],"parameters":[],"stepsCount":0,"shouldDisplayMessage":false,"attachmentsCount":0,"hasContent":false,"attachmentStep":false},{"name":"tmp_path_factory","time":{"start":1733711926142,"stop":1733711926142,"duration":0},"status":"passed","steps":[],"attachments":[],"parameters":[],"stepsCount":0,"shouldDisplayMessage":false,"attachmentsCount":0,"hasContent":false,"attachmentStep":false},{"name":"abort_on_fail","time":{"start":1733712050605,"stop":1733712050605,"duration":0},"status":"passed","steps":[],"attachments":[],"parameters":[],"stepsCount":0,"shouldDisplayMessage":false,"attachmentsCount":0,"hasContent":false,"attachmentStep":false}],"testStage":{"description":"Upgrade mysqlrouter while ensuring continuous writes incrementing.","status":"failed","statusMessage":"AssertionError: None of the units are upgraded\nassert '+testupgrade' in 'Model  Controller          Cloud/Region        Version  SLA          Timestamp\\ntest   microk8s-localhost  microk8s/localhost  3.4.3    unsupported  02:46:13Z\\n\\nApp               Version                  Status   Scale  Charm             Channel      Rev  Address         Exposed  Message\\nmysql-k8s         8.0.37-0ubuntu0.22.04.3  active       1  mysql-k8s         8.0/edge     208  10.152.183.254  no       \\nmysql-router-k8s  8.0.39-0ubuntu0.22.04.1  waiting      3  mysql-router-k8s  8.0/edge       0  10.152.183.59   no       installing agent\\nmysql-test-app    0.0.2                    active       1  mysql-test-app    latest/edge   63  10.152.183.121  no       Last written value=24505\\n\\nUnit                 Workload     Agent  Address      Ports  Message\\nmysql-k8s/0*         active       idle   10.1.13.141         Primary\\nmysql-router-k8s/0*  active       idle   10.1.13.137         Router 8.0.39 running (restart pending); Charmed operator 1.2+002767a\\nmysql-router-k8s/1   active       idle   10.1.13.139         Router 8.0.39 running (restart pending); Charmed operator 1.2+002767a\\nmysql-router-k8s/2   maintenance  idle   10.1.13.142         \\nmysql-test-app/0*    active       idle   10.1.13.136         Last written value=24505\\n'\n +  where 'Model  Controller          Cloud/Region        Version  SLA          Timestamp\\ntest   microk8s-localhost  microk8s/localhost  3.4.3    unsupported  02:46:13Z\\n\\nApp               Version                  Status   Scale  Charm             Channel      Rev  Address         Exposed  Message\\nmysql-k8s         8.0.37-0ubuntu0.22.04.3  active       1  mysql-k8s         8.0/edge     208  10.152.183.254  no       \\nmysql-router-k8s  8.0.39-0ubuntu0.22.04.1  waiting      3  mysql-router-k8s  8.0/edge       0  10.152.183.59   no       installing agent\\nmysql-test-app    0.0.2                    active       1  mysql-test-app    latest/edge   63  10.152.183.121  no       Last written value=24505\\n\\nUnit                 Workload     Agent  Address      Ports  Message\\nmysql-k8s/0*         active       idle   10.1.13.141         Primary\\nmysql-router-k8s/0*  active       idle   10.1.13.137         Router 8.0.39 running (restart pending); Charmed operator 1.2+002767a\\nmysql-router-k8s/1   active       idle   10.1.13.139         Router 8.0.39 running (restart pending); Charmed operator 1.2+002767a\\nmysql-router-k8s/2   maintenance  idle   10.1.13.142         \\nmysql-test-app/0*    active       idle   10.1.13.136         Last written value=24505\\n' = get_juju_status('test')\n +    where 'test' = <juju.model.Model object at 0x7f86e9a120e0>.name\n +      where <juju.model.Model object at 0x7f86e9a120e0> = <pytest_operator.plugin.OpsTest object at 0x7f86e97c0490>.model","statusTrace":"Traceback (most recent call last):\n  File \"/home/runner/work/mysql-router-k8s-operator/mysql-router-k8s-operator/.tox/integration/lib/python3.10/site-packages/_pytest/runner.py\", line 341, in from_call\n    result: Optional[TResult] = func()\n  File \"/home/runner/work/mysql-router-k8s-operator/mysql-router-k8s-operator/.tox/integration/lib/python3.10/site-packages/_pytest/runner.py\", line 262, in <lambda>\n    lambda: ihook(item=item, **kwds), when=when, reraise=reraise\n  File \"/home/runner/work/mysql-router-k8s-operator/mysql-router-k8s-operator/.tox/integration/lib/python3.10/site-packages/pluggy/_hooks.py\", line 493, in __call__\n    return self._hookexec(self.name, self._hookimpls, kwargs, firstresult)\n  File \"/home/runner/work/mysql-router-k8s-operator/mysql-router-k8s-operator/.tox/integration/lib/python3.10/site-packages/pluggy/_manager.py\", line 115, in _hookexec\n    return self._inner_hookexec(hook_name, methods, kwargs, firstresult)\n  File \"/home/runner/work/mysql-router-k8s-operator/mysql-router-k8s-operator/.tox/integration/lib/python3.10/site-packages/pluggy/_callers.py\", line 152, in _multicall\n    return outcome.get_result()\n  File \"/home/runner/work/mysql-router-k8s-operator/mysql-router-k8s-operator/.tox/integration/lib/python3.10/site-packages/pluggy/_result.py\", line 114, in get_result\n    raise exc.with_traceback(exc.__traceback__)\n  File \"/home/runner/work/mysql-router-k8s-operator/mysql-router-k8s-operator/.tox/integration/lib/python3.10/site-packages/pluggy/_callers.py\", line 77, in _multicall\n    res = hook_impl.function(*args)\n  File \"/home/runner/work/mysql-router-k8s-operator/mysql-router-k8s-operator/.tox/integration/lib/python3.10/site-packages/_pytest/runner.py\", line 177, in pytest_runtest_call\n    raise e\n  File \"/home/runner/work/mysql-router-k8s-operator/mysql-router-k8s-operator/.tox/integration/lib/python3.10/site-packages/_pytest/runner.py\", line 169, in pytest_runtest_call\n    item.runtest()\n  File \"/home/runner/work/mysql-router-k8s-operator/mysql-router-k8s-operator/.tox/integration/lib/python3.10/site-packages/_pytest/python.py\", line 1788, in runtest\n    self.ihook.pytest_pyfunc_call(pyfuncitem=self)\n  File \"/home/runner/work/mysql-router-k8s-operator/mysql-router-k8s-operator/.tox/integration/lib/python3.10/site-packages/pluggy/_hooks.py\", line 493, in __call__\n    return self._hookexec(self.name, self._hookimpls, kwargs, firstresult)\n  File \"/home/runner/work/mysql-router-k8s-operator/mysql-router-k8s-operator/.tox/integration/lib/python3.10/site-packages/pluggy/_manager.py\", line 115, in _hookexec\n    return self._inner_hookexec(hook_name, methods, kwargs, firstresult)\n  File \"/home/runner/work/mysql-router-k8s-operator/mysql-router-k8s-operator/.tox/integration/lib/python3.10/site-packages/pluggy/_callers.py\", line 152, in _multicall\n    return outcome.get_result()\n  File \"/home/runner/work/mysql-router-k8s-operator/mysql-router-k8s-operator/.tox/integration/lib/python3.10/site-packages/pluggy/_result.py\", line 114, in get_result\n    raise exc.with_traceback(exc.__traceback__)\n  File \"/home/runner/work/mysql-router-k8s-operator/mysql-router-k8s-operator/.tox/integration/lib/python3.10/site-packages/pluggy/_callers.py\", line 77, in _multicall\n    res = hook_impl.function(*args)\n  File \"/home/runner/work/mysql-router-k8s-operator/mysql-router-k8s-operator/.tox/integration/lib/python3.10/site-packages/_pytest/python.py\", line 194, in pytest_pyfunc_call\n    result = testfunction(**testargs)\n  File \"/home/runner/work/mysql-router-k8s-operator/mysql-router-k8s-operator/.tox/integration/lib/python3.10/site-packages/pytest_asyncio/plugin.py\", line 532, in inner\n    _loop.run_until_complete(task)\n  File \"/usr/lib/python3.10/asyncio/base_events.py\", line 649, in run_until_complete\n    return future.result()\n  File \"/home/runner/work/mysql-router-k8s-operator/mysql-router-k8s-operator/tests/integration/test_upgrade.py\", line 125, in test_upgrade_from_edge\n    for attempt in tenacity.Retrying(\n  File \"/home/runner/work/mysql-router-k8s-operator/mysql-router-k8s-operator/.tox/integration/lib/python3.10/site-packages/tenacity/__init__.py\", line 347, in __iter__\n    do = self.iter(retry_state=retry_state)\n  File \"/home/runner/work/mysql-router-k8s-operator/mysql-router-k8s-operator/.tox/integration/lib/python3.10/site-packages/tenacity/__init__.py\", line 325, in iter\n    raise retry_exc.reraise()\n  File \"/home/runner/work/mysql-router-k8s-operator/mysql-router-k8s-operator/.tox/integration/lib/python3.10/site-packages/tenacity/__init__.py\", line 158, in reraise\n    raise self.last_attempt.result()\n  File \"/usr/lib/python3.10/concurrent/futures/_base.py\", line 451, in result\n    return self.__get_result()\n  File \"/usr/lib/python3.10/concurrent/futures/_base.py\", line 403, in __get_result\n    raise self._exception\n  File \"/home/runner/work/mysql-router-k8s-operator/mysql-router-k8s-operator/tests/integration/test_upgrade.py\", line 131, in test_upgrade_from_edge\n    assert \"+testupgrade\" in get_juju_status(\nAssertionError: None of the units are upgraded\nassert '+testupgrade' in 'Model  Controller          Cloud/Region        Version  SLA          Timestamp\\ntest   microk8s-localhost  microk8s/localhost  3.4.3    unsupported  02:46:13Z\\n\\nApp               Version                  Status   Scale  Charm             Channel      Rev  Address         Exposed  Message\\nmysql-k8s         8.0.37-0ubuntu0.22.04.3  active       1  mysql-k8s         8.0/edge     208  10.152.183.254  no       \\nmysql-router-k8s  8.0.39-0ubuntu0.22.04.1  waiting      3  mysql-router-k8s  8.0/edge       0  10.152.183.59   no       installing agent\\nmysql-test-app    0.0.2                    active       1  mysql-test-app    latest/edge   63  10.152.183.121  no       Last written value=24505\\n\\nUnit                 Workload     Agent  Address      Ports  Message\\nmysql-k8s/0*         active       idle   10.1.13.141         Primary\\nmysql-router-k8s/0*  active       idle   10.1.13.137         Router 8.0.39 running (restart pending); Charmed operator 1.2+002767a\\nmysql-router-k8s/1   active       idle   10.1.13.139         Router 8.0.39 running (restart pending); Charmed operator 1.2+002767a\\nmysql-router-k8s/2   maintenance  idle   10.1.13.142         \\nmysql-test-app/0*    active       idle   10.1.13.136         Last written value=24505\\n'\n +  where 'Model  Controller          Cloud/Region        Version  SLA          Timestamp\\ntest   microk8s-localhost  microk8s/localhost  3.4.3    unsupported  02:46:13Z\\n\\nApp               Version                  Status   Scale  Charm             Channel      Rev  Address         Exposed  Message\\nmysql-k8s         8.0.37-0ubuntu0.22.04.3  active       1  mysql-k8s         8.0/edge     208  10.152.183.254  no       \\nmysql-router-k8s  8.0.39-0ubuntu0.22.04.1  waiting      3  mysql-router-k8s  8.0/edge       0  10.152.183.59   no       installing agent\\nmysql-test-app    0.0.2                    active       1  mysql-test-app    latest/edge   63  10.152.183.121  no       Last written value=24505\\n\\nUnit                 Workload     Agent  Address      Ports  Message\\nmysql-k8s/0*         active       idle   10.1.13.141         Primary\\nmysql-router-k8s/0*  active       idle   10.1.13.137         Router 8.0.39 running (restart pending); Charmed operator 1.2+002767a\\nmysql-router-k8s/1   active       idle   10.1.13.139         Router 8.0.39 running (restart pending); Charmed operator 1.2+002767a\\nmysql-router-k8s/2   maintenance  idle   10.1.13.142         \\nmysql-test-app/0*    active       idle   10.1.13.136         Last written value=24505\\n' = get_juju_status('test')\n +    where 'test' = <juju.model.Model object at 0x7f86e9a120e0>.name\n +      where <juju.model.Model object at 0x7f86e9a120e0> = <pytest_operator.plugin.OpsTest object at 0x7f86e97c0490>.model","steps":[],"attachments":[{"uid":"a6b08b0786e6819b","name":"log","source":"a6b08b0786e6819b.txt","type":"text/plain","size":594}],"parameters":[],"stepsCount":0,"shouldDisplayMessage":true,"attachmentsCount":1,"hasContent":true,"attachmentStep":false},"afterStages":[{"name":"abort_on_fail::0","time":{"start":1733712373444,"stop":1733712373445,"duration":1},"status":"passed","steps":[],"attachments":[],"parameters":[],"stepsCount":0,"shouldDisplayMessage":false,"attachmentsCount":0,"hasContent":false,"attachmentStep":false},{"name":"ops_test::finalizer","time":{"start":1733712373449,"stop":1733712393522,"duration":20073},"status":"passed","steps":[],"attachments":[],"parameters":[],"stepsCount":0,"shouldDisplayMessage":false,"attachmentsCount":0,"hasContent":false,"attachmentStep":false},{"name":"event_loop::2","time":{"start":1733712393522,"stop":1733712393523,"duration":1},"status":"passed","steps":[],"attachments":[],"parameters":[],"stepsCount":0,"shouldDisplayMessage":false,"attachmentsCount":0,"hasContent":false,"attachmentStep":false},{"name":"event_loop::_close_event_loop","time":{"start":1733712393523,"stop":1733712393523,"duration":0},"status":"passed","steps":[],"attachments":[],"parameters":[],"stepsCount":0,"shouldDisplayMessage":false,"attachmentsCount":0,"hasContent":false,"attachmentStep":false},{"name":"event_loop::_provide_clean_event_loop","time":{"start":1733712393523,"stop":1733712393523,"duration":0},"status":"passed","steps":[],"attachments":[],"parameters":[],"stepsCount":0,"shouldDisplayMessage":false,"attachmentsCount":0,"hasContent":false,"attachmentStep":false}],"labels":[{"name":"tag","value":"abort_on_fail"},{"name":"tag","value":"group(1)"},{"name":"tag","value":"asyncio"},{"name":"parentSuite","value":"tests.integration"},{"name":"suite","value":"test_upgrade"},{"name":"host","value":"fv-az768-560"},{"name":"thread","value":"12389-MainThread"},{"name":"framework","value":"pytest"},{"name":"language","value":"cpython3"},{"name":"package","value":"tests.integration.test_upgrade"},{"name":"resultFormat","value":"allure2"}],"parameters":[],"links":[],"hidden":false,"retry":false,"extra":{"severity":"normal","retries":[{"uid":"59ddfd61700c8556","status":"unknown","time":{}}],"categories":[{"name":"Product defects","matchedStatuses":[],"flaky":false}],"history":{"statistic":{"failed":110,"broken":41,"skipped":3,"passed":29,"unknown":10,"total":193},"items":[{"uid":"e571079b3a75ef88","reportUrl":"../373//#testresult/e571079b3a75ef88","status":"broken","statusDetails":"asyncio.exceptions.TimeoutError","time":{"start":1733625763141,"stop":1733626968311,"duration":1205170}},{"uid":"6077975b5bb6fc31","reportUrl":"../372//#testresult/6077975b5bb6fc31","status":"failed","statusDetails":"AssertionError: None of the units are upgraded\nassert '+testupgrade' in 'Model  Controller          Cloud/Region        Version  SLA          Timestamp\\ntest   microk8s-localhost  microk8s/localhost  3.4.3    unsupported  02:40:16Z\\n\\nApp               Version                  Status   Scale  Charm             Channel      Rev  Address         Exposed  Message\\nmysql-k8s         8.0.37-0ubuntu0.22.04.3  active       1  mysql-k8s         8.0/edge     208  10.152.183.88   no       \\nmysql-router-k8s  8.0.39-0ubuntu0.22.04.1  waiting      3  mysql-router-k8s  8.0/edge       0  10.152.183.220  no       installing agent\\nmysql-test-app    0.0.2                    active       1  mysql-test-app    latest/edge   63  10.152.183.111  no       \\n\\nUnit                 Workload     Agent  Address      Ports  Message\\nmysql-k8s/0*         active       idle   10.1.235.13         Primary\\nmysql-router-k8s/0*  active       idle   10.1.235.10         Router 8.0.39 running (restart pending); Charmed operator 1.2+002767a\\nmysql-router-k8s/1   active       idle   10.1.235.12         Router 8.0.39 running (restart pending); Charmed operator 1.2+002767a\\nmysql-router-k8s/2   maintenance  idle   10.1.235.14         \\nmysql-test-app/0*    active       idle   10.1.235.8          \\n'\n +  where 'Model  Controller          Cloud/Region        Version  SLA          Timestamp\\ntest   microk8s-localhost  microk8s/localhost  3.4.3    unsupported  02:40:16Z\\n\\nApp               Version                  Status   Scale  Charm             Channel      Rev  Address         Exposed  Message\\nmysql-k8s         8.0.37-0ubuntu0.22.04.3  active       1  mysql-k8s         8.0/edge     208  10.152.183.88   no       \\nmysql-router-k8s  8.0.39-0ubuntu0.22.04.1  waiting      3  mysql-router-k8s  8.0/edge       0  10.152.183.220  no       installing agent\\nmysql-test-app    0.0.2                    active       1  mysql-test-app    latest/edge   63  10.152.183.111  no       \\n\\nUnit                 Workload     Agent  Address      Ports  Message\\nmysql-k8s/0*         active       idle   10.1.235.13         Primary\\nmysql-router-k8s/0*  active       idle   10.1.235.10         Router 8.0.39 running (restart pending); Charmed operator 1.2+002767a\\nmysql-router-k8s/1   active       idle   10.1.235.12         Router 8.0.39 running (restart pending); Charmed operator 1.2+002767a\\nmysql-router-k8s/2   maintenance  idle   10.1.235.14         \\nmysql-test-app/0*    active       idle   10.1.235.8          \\n' = get_juju_status('test')\n +    where 'test' = <juju.model.Model object at 0x7f79012b33a0>.name\n +      where <juju.model.Model object at 0x7f79012b33a0> = <pytest_operator.plugin.OpsTest object at 0x7f790127e3e0>.model","time":{"start":1733538894655,"stop":1733539216901,"duration":322246}},{"uid":"8ffd0b4853bbfeea","reportUrl":"../371//#testresult/8ffd0b4853bbfeea","status":"failed","statusDetails":"AssertionError: None of the units are upgraded\nassert '+testupgrade' in 'Model  Controller          Cloud/Region        Version  SLA          Timestamp\\ntest   microk8s-localhost  microk8s/localhost  3.4.3    unsupported  02:41:59Z\\n\\nApp               Version                  Status   Scale  Charm             Channel      Rev  Address         Exposed  Message\\nmysql-k8s         8.0.37-0ubuntu0.22.04.3  active       1  mysql-k8s         8.0/edge     208  10.152.183.104  no       \\nmysql-router-k8s  8.0.39-0ubuntu0.22.04.1  waiting      3  mysql-router-k8s  8.0/edge       0  10.152.183.233  no       installing agent\\nmysql-test-app    0.0.2                    active       1  mysql-test-app    latest/edge   63  10.152.183.172  no       Last written value=26309\\n\\nUnit                 Workload     Agent  Address      Ports  Message\\nmysql-k8s/0*         active       idle   10.1.112.77         Primary\\nmysql-router-k8s/0*  active       idle   10.1.112.73         Router 8.0.39 running (restart pending); Charmed operator 1.2+002767a\\nmysql-router-k8s/1   active       idle   10.1.112.75         Router 8.0.39 running (restart pending); Charmed operator 1.2+002767a\\nmysql-router-k8s/2   maintenance  idle   10.1.112.78         \\nmysql-test-app/0*    active       idle   10.1.112.72         Last written value=26309\\n'\n +  where 'Model  Controller          Cloud/Region        Version  SLA          Timestamp\\ntest   microk8s-localhost  microk8s/localhost  3.4.3    unsupported  02:41:59Z\\n\\nApp               Version                  Status   Scale  Charm             Channel      Rev  Address         Exposed  Message\\nmysql-k8s         8.0.37-0ubuntu0.22.04.3  active       1  mysql-k8s         8.0/edge     208  10.152.183.104  no       \\nmysql-router-k8s  8.0.39-0ubuntu0.22.04.1  waiting      3  mysql-router-k8s  8.0/edge       0  10.152.183.233  no       installing agent\\nmysql-test-app    0.0.2                    active       1  mysql-test-app    latest/edge   63  10.152.183.172  no       Last written value=26309\\n\\nUnit                 Workload     Agent  Address      Ports  Message\\nmysql-k8s/0*         active       idle   10.1.112.77         Primary\\nmysql-router-k8s/0*  active       idle   10.1.112.73         Router 8.0.39 running (restart pending); Charmed operator 1.2+002767a\\nmysql-router-k8s/1   active       idle   10.1.112.75         Router 8.0.39 running (restart pending); Charmed operator 1.2+002767a\\nmysql-router-k8s/2   maintenance  idle   10.1.112.78         \\nmysql-test-app/0*    active       idle   10.1.112.72         Last written value=26309\\n' = get_juju_status('test')\n +    where 'test' = <juju.model.Model object at 0x7fec3ac2f670>.name\n +      where <juju.model.Model object at 0x7fec3ac2f670> = <pytest_operator.plugin.OpsTest object at 0x7fec3b199a80>.model","time":{"start":1733452597550,"stop":1733452919780,"duration":322230}},{"uid":"6e2e26153db7570d","reportUrl":"../370//#testresult/6e2e26153db7570d","status":"failed","statusDetails":"AssertionError: None of the units are upgraded\nassert '+testupgrade' in 'Model  Controller          Cloud/Region        Version  SLA          Timestamp\\ntest   microk8s-localhost  microk8s/localhost  3.4.3    unsupported  02:42:40Z\\n\\nApp               Version                  Status   Scale  Charm             Channel      Rev  Address         Exposed  Message\\nmysql-k8s         8.0.37-0ubuntu0.22.04.3  active       1  mysql-k8s         8.0/edge     208  10.152.183.132  no       \\nmysql-router-k8s  8.0.39-0ubuntu0.22.04.1  waiting      3  mysql-router-k8s  8.0/edge       0  10.152.183.83   no       installing agent\\nmysql-test-app    0.0.2                    active       1  mysql-test-app    latest/edge   63  10.152.183.230  no       \\n\\nUnit                 Workload     Agent  Address      Ports  Message\\nmysql-k8s/0*         active       idle   10.1.221.13         Primary\\nmysql-router-k8s/0   active       idle   10.1.221.10         Router 8.0.39 running (restart pending); Charmed operator 1.2+002767a\\nmysql-router-k8s/1*  active       idle   10.1.221.12         Router 8.0.39 running (restart pending); Charmed operator 1.2+002767a\\nmysql-router-k8s/2   maintenance  idle   10.1.221.14         \\nmysql-test-app/0*    active       idle   10.1.221.8          \\n'\n +  where 'Model  Controller          Cloud/Region        Version  SLA          Timestamp\\ntest   microk8s-localhost  microk8s/localhost  3.4.3    unsupported  02:42:40Z\\n\\nApp               Version                  Status   Scale  Charm             Channel      Rev  Address         Exposed  Message\\nmysql-k8s         8.0.37-0ubuntu0.22.04.3  active       1  mysql-k8s         8.0/edge     208  10.152.183.132  no       \\nmysql-router-k8s  8.0.39-0ubuntu0.22.04.1  waiting      3  mysql-router-k8s  8.0/edge       0  10.152.183.83   no       installing agent\\nmysql-test-app    0.0.2                    active       1  mysql-test-app    latest/edge   63  10.152.183.230  no       \\n\\nUnit                 Workload     Agent  Address      Ports  Message\\nmysql-k8s/0*         active       idle   10.1.221.13         Primary\\nmysql-router-k8s/0   active       idle   10.1.221.10         Router 8.0.39 running (restart pending); Charmed operator 1.2+002767a\\nmysql-router-k8s/1*  active       idle   10.1.221.12         Router 8.0.39 running (restart pending); Charmed operator 1.2+002767a\\nmysql-router-k8s/2   maintenance  idle   10.1.221.14         \\nmysql-test-app/0*    active       idle   10.1.221.8          \\n' = get_juju_status('test')\n +    where 'test' = <juju.model.Model object at 0x7f2d1041dcf0>.name\n +      where <juju.model.Model object at 0x7f2d1041dcf0> = <pytest_operator.plugin.OpsTest object at 0x7f2d0d971960>.model","time":{"start":1733366237710,"stop":1733366560507,"duration":322797}},{"uid":"dbacebb54c800608","reportUrl":"../369//#testresult/dbacebb54c800608","status":"failed","statusDetails":"AssertionError: None of the units are upgraded\nassert '+testupgrade' in 'Model  Controller          Cloud/Region        Version  SLA          Timestamp\\ntest   microk8s-localhost  microk8s/localhost  3.4.3    unsupported  02:42:12Z\\n\\nApp               Version                  Status   Scale  Charm             Channel      Rev  Address         Exposed  Message\\nmysql-k8s         8.0.37-0ubuntu0.22.04.3  active       1  mysql-k8s         8.0/edge     208  10.152.183.157  no       \\nmysql-router-k8s  8.0.39-0ubuntu0.22.04.1  waiting      3  mysql-router-k8s  8.0/edge       0  10.152.183.198  no       installing agent\\nmysql-test-app    0.0.2                    active       1  mysql-test-app    latest/edge   63  10.152.183.32   no       Last written value=24560\\n\\nUnit                 Workload     Agent  Address       Ports  Message\\nmysql-k8s/0*         active       idle   10.1.158.141         Primary\\nmysql-router-k8s/0*  active       idle   10.1.158.137         Router 8.0.39 running (restart pending); Charmed operator 1.2+002767a\\nmysql-router-k8s/1   active       idle   10.1.158.139         Router 8.0.39 running (restart pending); Charmed operator 1.2+002767a\\nmysql-router-k8s/2   maintenance  idle   10.1.158.142         \\nmysql-test-app/0*    active       idle   10.1.158.136         Last written value=24560\\n'\n +  where 'Model  Controller          Cloud/Region        Version  SLA          Timestamp\\ntest   microk8s-localhost  microk8s/localhost  3.4.3    unsupported  02:42:12Z\\n\\nApp               Version                  Status   Scale  Charm             Channel      Rev  Address         Exposed  Message\\nmysql-k8s         8.0.37-0ubuntu0.22.04.3  active       1  mysql-k8s         8.0/edge     208  10.152.183.157  no       \\nmysql-router-k8s  8.0.39-0ubuntu0.22.04.1  waiting      3  mysql-router-k8s  8.0/edge       0  10.152.183.198  no       installing agent\\nmysql-test-app    0.0.2                    active       1  mysql-test-app    latest/edge   63  10.152.183.32   no       Last written value=24560\\n\\nUnit                 Workload     Agent  Address       Ports  Message\\nmysql-k8s/0*         active       idle   10.1.158.141         Primary\\nmysql-router-k8s/0*  active       idle   10.1.158.137         Router 8.0.39 running (restart pending); Charmed operator 1.2+002767a\\nmysql-router-k8s/1   active       idle   10.1.158.139         Router 8.0.39 running (restart pending); Charmed operator 1.2+002767a\\nmysql-router-k8s/2   maintenance  idle   10.1.158.142         \\nmysql-test-app/0*    active       idle   10.1.158.136         Last written value=24560\\n' = get_juju_status('test')\n +    where 'test' = <juju.model.Model object at 0x7f75d556a620>.name\n +      where <juju.model.Model object at 0x7f75d556a620> = <pytest_operator.plugin.OpsTest object at 0x7f75d53bae90>.model","time":{"start":1733279810050,"stop":1733280132877,"duration":322827}},{"uid":"23eac39eb9403286","reportUrl":"../368//#testresult/23eac39eb9403286","status":"failed","statusDetails":"AssertionError: None of the units are upgraded\nassert '+testupgrade' in 'Model  Controller          Cloud/Region        Version  SLA          Timestamp\\ntest   microk8s-localhost  microk8s/localhost  3.4.3    unsupported  02:42:16Z\\n\\nApp               Version                  Status   Scale  Charm             Channel      Rev  Address         Exposed  Message\\nmysql-k8s         8.0.37-0ubuntu0.22.04.3  active       1  mysql-k8s         8.0/edge     208  10.152.183.251  no       \\nmysql-router-k8s  8.0.37-0ubuntu0.22.04.3  waiting      3  mysql-router-k8s  8.0/edge       0  10.152.183.97   no       installing agent\\nmysql-test-app    0.0.2                    active       1  mysql-test-app    latest/edge   63  10.152.183.240  no       \\n\\nUnit                 Workload     Agent  Address      Ports  Message\\nmysql-k8s/0*         active       idle   10.1.243.77         Primary\\nmysql-router-k8s/0   active       idle   10.1.243.74         Router 8.0.37 running (restart pending); Charmed operator 1.2+66f7697\\nmysql-router-k8s/1*  active       idle   10.1.243.75         Router 8.0.37 running (restart pending); Charmed operator 1.2+66f7697\\nmysql-router-k8s/2   maintenance  idle   10.1.243.78         \\nmysql-test-app/0*    active       idle   10.1.243.72         \\n'\n +  where 'Model  Controller          Cloud/Region        Version  SLA          Timestamp\\ntest   microk8s-localhost  microk8s/localhost  3.4.3    unsupported  02:42:16Z\\n\\nApp               Version                  Status   Scale  Charm             Channel      Rev  Address         Exposed  Message\\nmysql-k8s         8.0.37-0ubuntu0.22.04.3  active       1  mysql-k8s         8.0/edge     208  10.152.183.251  no       \\nmysql-router-k8s  8.0.37-0ubuntu0.22.04.3  waiting      3  mysql-router-k8s  8.0/edge       0  10.152.183.97   no       installing agent\\nmysql-test-app    0.0.2                    active       1  mysql-test-app    latest/edge   63  10.152.183.240  no       \\n\\nUnit                 Workload     Agent  Address      Ports  Message\\nmysql-k8s/0*         active       idle   10.1.243.77         Primary\\nmysql-router-k8s/0   active       idle   10.1.243.74         Router 8.0.37 running (restart pending); Charmed operator 1.2+66f7697\\nmysql-router-k8s/1*  active       idle   10.1.243.75         Router 8.0.37 running (restart pending); Charmed operator 1.2+66f7697\\nmysql-router-k8s/2   maintenance  idle   10.1.243.78         \\nmysql-test-app/0*    active       idle   10.1.243.72         \\n' = get_juju_status('test')\n +    where 'test' = <juju.model.Model object at 0x7fec3ca8f490>.name\n +      where <juju.model.Model object at 0x7fec3ca8f490> = <pytest_operator.plugin.OpsTest object at 0x7fec3ca468c0>.model","time":{"start":1733193414184,"stop":1733193736400,"duration":322216}},{"uid":"ed29f432c8c675f9","reportUrl":"../367//#testresult/ed29f432c8c675f9","status":"failed","statusDetails":"AssertionError: None of the units are upgraded\nassert '+testupgrade' in 'Model  Controller          Cloud/Region        Version  SLA          Timestamp\\ntest   microk8s-localhost  microk8s/localhost  3.4.3    unsupported  02:43:40Z\\n\\nApp               Version                  Status   Scale  Charm             Channel      Rev  Address         Exposed  Message\\nmysql-k8s         8.0.37-0ubuntu0.22.04.3  active       1  mysql-k8s         8.0/edge     208  10.152.183.201  no       \\nmysql-router-k8s  8.0.37-0ubuntu0.22.04.3  waiting      3  mysql-router-k8s  8.0/edge       0  10.152.183.189  no       installing agent\\nmysql-test-app    0.0.2                    active       1  mysql-test-app    latest/edge   63  10.152.183.213  no       \\n\\nUnit                 Workload     Agent  Address       Ports  Message\\nmysql-k8s/0*         active       idle   10.1.211.141         Primary\\nmysql-router-k8s/0   active       idle   10.1.211.136         Router 8.0.37 running (restart pending); Charmed operator 1.2+66f7697\\nmysql-router-k8s/1*  active       idle   10.1.211.138         Router 8.0.37 running (restart pending); Charmed operator 1.2+66f7697\\nmysql-router-k8s/2   maintenance  idle   10.1.211.142         \\nmysql-test-app/0*    active       idle   10.1.211.140         \\n'\n +  where 'Model  Controller          Cloud/Region        Version  SLA          Timestamp\\ntest   microk8s-localhost  microk8s/localhost  3.4.3    unsupported  02:43:40Z\\n\\nApp               Version                  Status   Scale  Charm             Channel      Rev  Address         Exposed  Message\\nmysql-k8s         8.0.37-0ubuntu0.22.04.3  active       1  mysql-k8s         8.0/edge     208  10.152.183.201  no       \\nmysql-router-k8s  8.0.37-0ubuntu0.22.04.3  waiting      3  mysql-router-k8s  8.0/edge       0  10.152.183.189  no       installing agent\\nmysql-test-app    0.0.2                    active       1  mysql-test-app    latest/edge   63  10.152.183.213  no       \\n\\nUnit                 Workload     Agent  Address       Ports  Message\\nmysql-k8s/0*         active       idle   10.1.211.141         Primary\\nmysql-router-k8s/0   active       idle   10.1.211.136         Router 8.0.37 running (restart pending); Charmed operator 1.2+66f7697\\nmysql-router-k8s/1*  active       idle   10.1.211.138         Router 8.0.37 running (restart pending); Charmed operator 1.2+66f7697\\nmysql-router-k8s/2   maintenance  idle   10.1.211.142         \\nmysql-test-app/0*    active       idle   10.1.211.140         \\n' = get_juju_status('test')\n +    where 'test' = <juju.model.Model object at 0x7fdd8aba9de0>.name\n +      where <juju.model.Model object at 0x7fdd8aba9de0> = <pytest_operator.plugin.OpsTest object at 0x7fdd8a60d3c0>.model","time":{"start":1733107097828,"stop":1733107420584,"duration":322756}},{"uid":"5bd504c6e257ba2b","reportUrl":"../366//#testresult/5bd504c6e257ba2b","status":"failed","statusDetails":"AssertionError: None of the units are upgraded\nassert '+testupgrade' in 'Model  Controller          Cloud/Region        Version  SLA          Timestamp\\ntest   microk8s-localhost  microk8s/localhost  3.4.3    unsupported  03:02:39Z\\n\\nApp               Version                  Status   Scale  Charm             Channel      Rev  Address         Exposed  Message\\nmysql-k8s         8.0.37-0ubuntu0.22.04.3  active       1  mysql-k8s         8.0/edge     208  10.152.183.249  no       \\nmysql-router-k8s  8.0.37-0ubuntu0.22.04.3  waiting      3  mysql-router-k8s  8.0/edge       0  10.152.183.137  no       installing agent\\nmysql-test-app    0.0.2                    active       1  mysql-test-app    latest/edge   63  10.152.183.72   no       \\n\\nUnit                 Workload     Agent  Address       Ports  Message\\nmysql-k8s/0*         active       idle   10.1.202.205         Primary\\nmysql-router-k8s/0*  active       idle   10.1.202.201         Router 8.0.37 running (restart pending); Charmed operator 1.2+66f7697\\nmysql-router-k8s/1   active       idle   10.1.202.202         Router 8.0.37 running (restart pending); Charmed operator 1.2+66f7697\\nmysql-router-k8s/2   maintenance  idle   10.1.202.206         \\nmysql-test-app/0*    active       idle   10.1.202.200         \\n'\n +  where 'Model  Controller          Cloud/Region        Version  SLA          Timestamp\\ntest   microk8s-localhost  microk8s/localhost  3.4.3    unsupported  03:02:39Z\\n\\nApp               Version                  Status   Scale  Charm             Channel      Rev  Address         Exposed  Message\\nmysql-k8s         8.0.37-0ubuntu0.22.04.3  active       1  mysql-k8s         8.0/edge     208  10.152.183.249  no       \\nmysql-router-k8s  8.0.37-0ubuntu0.22.04.3  waiting      3  mysql-router-k8s  8.0/edge       0  10.152.183.137  no       installing agent\\nmysql-test-app    0.0.2                    active       1  mysql-test-app    latest/edge   63  10.152.183.72   no       \\n\\nUnit                 Workload     Agent  Address       Ports  Message\\nmysql-k8s/0*         active       idle   10.1.202.205         Primary\\nmysql-router-k8s/0*  active       idle   10.1.202.201         Router 8.0.37 running (restart pending); Charmed operator 1.2+66f7697\\nmysql-router-k8s/1   active       idle   10.1.202.202         Router 8.0.37 running (restart pending); Charmed operator 1.2+66f7697\\nmysql-router-k8s/2   maintenance  idle   10.1.202.206         \\nmysql-test-app/0*    active       idle   10.1.202.200         \\n' = get_juju_status('test')\n +    where 'test' = <juju.model.Model object at 0x7efe6320e770>.name\n +      where <juju.model.Model object at 0x7efe6320e770> = <pytest_operator.plugin.OpsTest object at 0x7efe62b71090>.model","time":{"start":1733021837529,"stop":1733022159839,"duration":322310}},{"uid":"8c40ef659b91d324","reportUrl":"../365//#testresult/8c40ef659b91d324","status":"failed","statusDetails":"AssertionError: None of the units are upgraded\nassert '+testupgrade' in 'Model  Controller          Cloud/Region        Version  SLA          Timestamp\\ntest   microk8s-localhost  microk8s/localhost  3.4.3    unsupported  02:35:55Z\\n\\nApp               Version                  Status   Scale  Charm             Channel      Rev  Address         Exposed  Message\\nmysql-k8s         8.0.37-0ubuntu0.22.04.3  active       1  mysql-k8s         8.0/edge     208  10.152.183.96   no       \\nmysql-router-k8s  8.0.37-0ubuntu0.22.04.3  waiting      3  mysql-router-k8s  8.0/edge       0  10.152.183.234  no       installing agent\\nmysql-test-app    0.0.2                    active       1  mysql-test-app    latest/edge   63  10.152.183.81   no       \\n\\nUnit                 Workload     Agent  Address      Ports  Message\\nmysql-k8s/0*         active       idle   10.1.166.13         Primary\\nmysql-router-k8s/0*  active       idle   10.1.166.9          Router 8.0.37 running (restart pending); Charmed operator 1.2+66f7697\\nmysql-router-k8s/1   active       idle   10.1.166.10         Router 8.0.37 running (restart pending); Charmed operator 1.2+66f7697\\nmysql-router-k8s/2   maintenance  idle   10.1.166.14         \\nmysql-test-app/0*    active       idle   10.1.166.8          \\n'\n +  where 'Model  Controller          Cloud/Region        Version  SLA          Timestamp\\ntest   microk8s-localhost  microk8s/localhost  3.4.3    unsupported  02:35:55Z\\n\\nApp               Version                  Status   Scale  Charm             Channel      Rev  Address         Exposed  Message\\nmysql-k8s         8.0.37-0ubuntu0.22.04.3  active       1  mysql-k8s         8.0/edge     208  10.152.183.96   no       \\nmysql-router-k8s  8.0.37-0ubuntu0.22.04.3  waiting      3  mysql-router-k8s  8.0/edge       0  10.152.183.234  no       installing agent\\nmysql-test-app    0.0.2                    active       1  mysql-test-app    latest/edge   63  10.152.183.81   no       \\n\\nUnit                 Workload     Agent  Address      Ports  Message\\nmysql-k8s/0*         active       idle   10.1.166.13         Primary\\nmysql-router-k8s/0*  active       idle   10.1.166.9          Router 8.0.37 running (restart pending); Charmed operator 1.2+66f7697\\nmysql-router-k8s/1   active       idle   10.1.166.10         Router 8.0.37 running (restart pending); Charmed operator 1.2+66f7697\\nmysql-router-k8s/2   maintenance  idle   10.1.166.14         \\nmysql-test-app/0*    active       idle   10.1.166.8          \\n' = get_juju_status('test')\n +    where 'test' = <juju.model.Model object at 0x7ff048b917b0>.name\n +      where <juju.model.Model object at 0x7ff048b917b0> = <pytest_operator.plugin.OpsTest object at 0x7ff048207430>.model","time":{"start":1732933832548,"stop":1732934155461,"duration":322913}},{"uid":"4afe268af878706","reportUrl":"../364//#testresult/4afe268af878706","status":"failed","statusDetails":"AssertionError: None of the units are upgraded\nassert '+testupgrade' in 'Model  Controller          Cloud/Region        Version  SLA          Timestamp\\ntest   microk8s-localhost  microk8s/localhost  3.4.3    unsupported  02:40:40Z\\n\\nApp               Version                  Status   Scale  Charm             Channel      Rev  Address         Exposed  Message\\nmysql-k8s         8.0.37-0ubuntu0.22.04.3  active       1  mysql-k8s         8.0/edge     208  10.152.183.214  no       \\nmysql-router-k8s  8.0.37-0ubuntu0.22.04.3  waiting      3  mysql-router-k8s  8.0/edge       0  10.152.183.101  no       installing agent\\nmysql-test-app    0.0.2                    active       1  mysql-test-app    latest/edge   63  10.152.183.140  no       Last written value=25749\\n\\nUnit                 Workload     Agent  Address       Ports  Message\\nmysql-k8s/0*         active       idle   10.1.120.141         Primary\\nmysql-router-k8s/0*  active       idle   10.1.120.136         Router 8.0.37 running (restart pending); Charmed operator 1.2+66f7697\\nmysql-router-k8s/1   active       idle   10.1.120.138         Router 8.0.37 running (restart pending); Charmed operator 1.2+66f7697\\nmysql-router-k8s/2   maintenance  idle   10.1.120.142         \\nmysql-test-app/0*    active       idle   10.1.120.140         Last written value=25749\\n'\n +  where 'Model  Controller          Cloud/Region        Version  SLA          Timestamp\\ntest   microk8s-localhost  microk8s/localhost  3.4.3    unsupported  02:40:40Z\\n\\nApp               Version                  Status   Scale  Charm             Channel      Rev  Address         Exposed  Message\\nmysql-k8s         8.0.37-0ubuntu0.22.04.3  active       1  mysql-k8s         8.0/edge     208  10.152.183.214  no       \\nmysql-router-k8s  8.0.37-0ubuntu0.22.04.3  waiting      3  mysql-router-k8s  8.0/edge       0  10.152.183.101  no       installing agent\\nmysql-test-app    0.0.2                    active       1  mysql-test-app    latest/edge   63  10.152.183.140  no       Last written value=25749\\n\\nUnit                 Workload     Agent  Address       Ports  Message\\nmysql-k8s/0*         active       idle   10.1.120.141         Primary\\nmysql-router-k8s/0*  active       idle   10.1.120.136         Router 8.0.37 running (restart pending); Charmed operator 1.2+66f7697\\nmysql-router-k8s/1   active       idle   10.1.120.138         Router 8.0.37 running (restart pending); Charmed operator 1.2+66f7697\\nmysql-router-k8s/2   maintenance  idle   10.1.120.142         \\nmysql-test-app/0*    active       idle   10.1.120.140         Last written value=25749\\n' = get_juju_status('test')\n +    where 'test' = <juju.model.Model object at 0x7fb73d3c7ca0>.name\n +      where <juju.model.Model object at 0x7fb73d3c7ca0> = <pytest_operator.plugin.OpsTest object at 0x7fb73cfef130>.model","time":{"start":1732847717868,"stop":1732848040094,"duration":322226}},{"uid":"99cf74b4fb21ed12","reportUrl":"../363//#testresult/99cf74b4fb21ed12","status":"failed","statusDetails":"AssertionError: None of the units are upgraded\nassert '+testupgrade' in 'Model  Controller          Cloud/Region        Version  SLA          Timestamp\\ntest   microk8s-localhost  microk8s/localhost  3.4.3    unsupported  02:40:18Z\\n\\nApp               Version                  Status   Scale  Charm             Channel      Rev  Address         Exposed  Message\\nmysql-k8s         8.0.37-0ubuntu0.22.04.3  active       1  mysql-k8s         8.0/edge     208  10.152.183.100  no       \\nmysql-router-k8s  8.0.37-0ubuntu0.22.04.3  waiting      3  mysql-router-k8s  8.0/edge       0  10.152.183.156  no       installing agent\\nmysql-test-app    0.0.2                    active       1  mysql-test-app    latest/edge   63  10.152.183.139  no       \\n\\nUnit                 Workload     Agent  Address       Ports  Message\\nmysql-k8s/0*         active       idle   10.1.156.201         Primary\\nmysql-router-k8s/0*  active       idle   10.1.156.202         Router 8.0.37 running (restart pending); Charmed operator 1.2+66f7697\\nmysql-router-k8s/1   active       idle   10.1.156.204         Router 8.0.37 running (restart pending); Charmed operator 1.2+66f7697\\nmysql-router-k8s/2   maintenance  idle   10.1.156.206         \\nmysql-test-app/0*    active       idle   10.1.156.205         \\n'\n +  where 'Model  Controller          Cloud/Region        Version  SLA          Timestamp\\ntest   microk8s-localhost  microk8s/localhost  3.4.3    unsupported  02:40:18Z\\n\\nApp               Version                  Status   Scale  Charm             Channel      Rev  Address         Exposed  Message\\nmysql-k8s         8.0.37-0ubuntu0.22.04.3  active       1  mysql-k8s         8.0/edge     208  10.152.183.100  no       \\nmysql-router-k8s  8.0.37-0ubuntu0.22.04.3  waiting      3  mysql-router-k8s  8.0/edge       0  10.152.183.156  no       installing agent\\nmysql-test-app    0.0.2                    active       1  mysql-test-app    latest/edge   63  10.152.183.139  no       \\n\\nUnit                 Workload     Agent  Address       Ports  Message\\nmysql-k8s/0*         active       idle   10.1.156.201         Primary\\nmysql-router-k8s/0*  active       idle   10.1.156.202         Router 8.0.37 running (restart pending); Charmed operator 1.2+66f7697\\nmysql-router-k8s/1   active       idle   10.1.156.204         Router 8.0.37 running (restart pending); Charmed operator 1.2+66f7697\\nmysql-router-k8s/2   maintenance  idle   10.1.156.206         \\nmysql-test-app/0*    active       idle   10.1.156.205         \\n' = get_juju_status('test')\n +    where 'test' = <juju.model.Model object at 0x7f039ea28160>.name\n +      where <juju.model.Model object at 0x7f039ea28160> = <pytest_operator.plugin.OpsTest object at 0x7f039e5418d0>.model","time":{"start":1732761296115,"stop":1732761618674,"duration":322559}},{"uid":"68b00e2e01b7c8fa","reportUrl":"../362//#testresult/68b00e2e01b7c8fa","status":"failed","statusDetails":"AssertionError: None of the units are upgraded\nassert '+testupgrade' in 'Model  Controller          Cloud/Region        Version  SLA          Timestamp\\ntest   microk8s-localhost  microk8s/localhost  3.4.3    unsupported  02:41:20Z\\n\\nApp               Version                  Status   Scale  Charm             Channel      Rev  Address         Exposed  Message\\nmysql-k8s         8.0.37-0ubuntu0.22.04.3  active       1  mysql-k8s         8.0/edge     208  10.152.183.138  no       \\nmysql-router-k8s  8.0.37-0ubuntu0.22.04.3  waiting      3  mysql-router-k8s  8.0/edge       0  10.152.183.224  no       installing agent\\nmysql-test-app    0.0.2                    active       1  mysql-test-app    latest/edge   63  10.152.183.65   no       \\n\\nUnit                 Workload     Agent  Address      Ports  Message\\nmysql-k8s/0*         active       idle   10.1.41.205         Primary\\nmysql-router-k8s/0*  active       idle   10.1.41.201         Router 8.0.37 running (restart pending); Charmed operator 1.2+31518a0\\nmysql-router-k8s/1   active       idle   10.1.41.202         Router 8.0.37 running (restart pending); Charmed operator 1.2+31518a0\\nmysql-router-k8s/2   maintenance  idle   10.1.41.206         \\nmysql-test-app/0*    active       idle   10.1.41.200         \\n'\n +  where 'Model  Controller          Cloud/Region        Version  SLA          Timestamp\\ntest   microk8s-localhost  microk8s/localhost  3.4.3    unsupported  02:41:20Z\\n\\nApp               Version                  Status   Scale  Charm             Channel      Rev  Address         Exposed  Message\\nmysql-k8s         8.0.37-0ubuntu0.22.04.3  active       1  mysql-k8s         8.0/edge     208  10.152.183.138  no       \\nmysql-router-k8s  8.0.37-0ubuntu0.22.04.3  waiting      3  mysql-router-k8s  8.0/edge       0  10.152.183.224  no       installing agent\\nmysql-test-app    0.0.2                    active       1  mysql-test-app    latest/edge   63  10.152.183.65   no       \\n\\nUnit                 Workload     Agent  Address      Ports  Message\\nmysql-k8s/0*         active       idle   10.1.41.205         Primary\\nmysql-router-k8s/0*  active       idle   10.1.41.201         Router 8.0.37 running (restart pending); Charmed operator 1.2+31518a0\\nmysql-router-k8s/1   active       idle   10.1.41.202         Router 8.0.37 running (restart pending); Charmed operator 1.2+31518a0\\nmysql-router-k8s/2   maintenance  idle   10.1.41.206         \\nmysql-test-app/0*    active       idle   10.1.41.200         \\n' = get_juju_status('test')\n +    where 'test' = <juju.model.Model object at 0x7f105bcbe320>.name\n +      where <juju.model.Model object at 0x7f105bcbe320> = <pytest_operator.plugin.OpsTest object at 0x7f1059651960>.model","time":{"start":1732674957601,"stop":1732675280061,"duration":322460}},{"uid":"b19ac8bca2d37513","reportUrl":"../361//#testresult/b19ac8bca2d37513","status":"broken","statusDetails":"asyncio.exceptions.TimeoutError","time":{"start":1732588416935,"stop":1732589622170,"duration":1205235}},{"uid":"e15a8344ec42d932","reportUrl":"../360//#testresult/e15a8344ec42d932","status":"broken","statusDetails":"asyncio.exceptions.TimeoutError","time":{"start":1732502057731,"stop":1732503262923,"duration":1205192}},{"uid":"226ed8956ee454d","reportUrl":"../359//#testresult/226ed8956ee454d","status":"failed","statusDetails":"AssertionError: None of the units are upgraded\nassert '+testupgrade' in 'Model  Controller          Cloud/Region        Version  SLA          Timestamp\\ntest   microk8s-localhost  microk8s/localhost  3.4.3    unsupported  02:45:05Z\\n\\nApp               Version                  Status   Scale  Charm             Channel      Rev  Address         Exposed  Message\\nmysql-k8s         8.0.37-0ubuntu0.22.04.3  active       1  mysql-k8s         8.0/edge     208  10.152.183.42   no       \\nmysql-router-k8s  8.0.37-0ubuntu0.22.04.3  waiting      3  mysql-router-k8s  8.0/edge       0  10.152.183.59   no       installing agent\\nmysql-test-app    0.0.2                    active       1  mysql-test-app    latest/edge   63  10.152.183.230  no       \\n\\nUnit                 Workload     Agent  Address      Ports  Message\\nmysql-k8s/0*         active       idle   10.1.111.74         Primary\\nmysql-router-k8s/0   active       idle   10.1.111.75         Router 8.0.37 running (restart pending); Charmed operator 1.2+31518a0\\nmysql-router-k8s/1*  active       idle   10.1.111.76         Router 8.0.37 running (restart pending); Charmed operator 1.2+31518a0\\nmysql-router-k8s/2   maintenance  idle   10.1.111.78         \\nmysql-test-app/0*    active       idle   10.1.111.72         \\n'\n +  where 'Model  Controller          Cloud/Region        Version  SLA          Timestamp\\ntest   microk8s-localhost  microk8s/localhost  3.4.3    unsupported  02:45:05Z\\n\\nApp               Version                  Status   Scale  Charm             Channel      Rev  Address         Exposed  Message\\nmysql-k8s         8.0.37-0ubuntu0.22.04.3  active       1  mysql-k8s         8.0/edge     208  10.152.183.42   no       \\nmysql-router-k8s  8.0.37-0ubuntu0.22.04.3  waiting      3  mysql-router-k8s  8.0/edge       0  10.152.183.59   no       installing agent\\nmysql-test-app    0.0.2                    active       1  mysql-test-app    latest/edge   63  10.152.183.230  no       \\n\\nUnit                 Workload     Agent  Address      Ports  Message\\nmysql-k8s/0*         active       idle   10.1.111.74         Primary\\nmysql-router-k8s/0   active       idle   10.1.111.75         Router 8.0.37 running (restart pending); Charmed operator 1.2+31518a0\\nmysql-router-k8s/1*  active       idle   10.1.111.76         Router 8.0.37 running (restart pending); Charmed operator 1.2+31518a0\\nmysql-router-k8s/2   maintenance  idle   10.1.111.78         \\nmysql-test-app/0*    active       idle   10.1.111.72         \\n' = get_juju_status('test')\n +    where 'test' = <juju.model.Model object at 0x7f3cbbcce350>.name\n +      where <juju.model.Model object at 0x7f3cbbcce350> = <pytest_operator.plugin.OpsTest object at 0x7f3cc049aad0>.model","time":{"start":1732415983008,"stop":1732416305214,"duration":322206}},{"uid":"684f4ede83971025","reportUrl":"../358//#testresult/684f4ede83971025","status":"failed","statusDetails":"AssertionError: None of the units are upgraded\nassert '+testupgrade' in 'Model  Controller          Cloud/Region        Version  SLA          Timestamp\\ntest   microk8s-localhost  microk8s/localhost  3.4.3    unsupported  02:33:40Z\\n\\nApp               Version                  Status   Scale  Charm             Channel      Rev  Address         Exposed  Message\\nmysql-k8s         8.0.37-0ubuntu0.22.04.3  active       1  mysql-k8s         8.0/edge     208  10.152.183.77   no       \\nmysql-router-k8s  8.0.37-0ubuntu0.22.04.3  waiting      3  mysql-router-k8s  8.0/edge       0  10.152.183.242  no       installing agent\\nmysql-test-app    0.0.2                    active       1  mysql-test-app    latest/edge   63  10.152.183.106  no       Last written value=25696\\n\\nUnit                 Workload     Agent  Address       Ports  Message\\nmysql-k8s/0*         active       idle   10.1.162.141         Primary\\nmysql-router-k8s/0*  active       idle   10.1.162.137         Router 8.0.37 running (restart pending); Charmed operator 1.2+31518a0\\nmysql-router-k8s/1   active       idle   10.1.162.138         Router 8.0.37 running (restart pending); Charmed operator 1.2+31518a0\\nmysql-router-k8s/2   maintenance  idle   10.1.162.142         \\nmysql-test-app/0*    active       idle   10.1.162.136         Last written value=25696\\n'\n +  where 'Model  Controller          Cloud/Region        Version  SLA          Timestamp\\ntest   microk8s-localhost  microk8s/localhost  3.4.3    unsupported  02:33:40Z\\n\\nApp               Version                  Status   Scale  Charm             Channel      Rev  Address         Exposed  Message\\nmysql-k8s         8.0.37-0ubuntu0.22.04.3  active       1  mysql-k8s         8.0/edge     208  10.152.183.77   no       \\nmysql-router-k8s  8.0.37-0ubuntu0.22.04.3  waiting      3  mysql-router-k8s  8.0/edge       0  10.152.183.242  no       installing agent\\nmysql-test-app    0.0.2                    active       1  mysql-test-app    latest/edge   63  10.152.183.106  no       Last written value=25696\\n\\nUnit                 Workload     Agent  Address       Ports  Message\\nmysql-k8s/0*         active       idle   10.1.162.141         Primary\\nmysql-router-k8s/0*  active       idle   10.1.162.137         Router 8.0.37 running (restart pending); Charmed operator 1.2+31518a0\\nmysql-router-k8s/1   active       idle   10.1.162.138         Router 8.0.37 running (restart pending); Charmed operator 1.2+31518a0\\nmysql-router-k8s/2   maintenance  idle   10.1.162.142         \\nmysql-test-app/0*    active       idle   10.1.162.136         Last written value=25696\\n' = get_juju_status('test')\n +    where 'test' = <juju.model.Model object at 0x7fbd42b898d0>.name\n +      where <juju.model.Model object at 0x7fbd42b898d0> = <pytest_operator.plugin.OpsTest object at 0x7fbd42c8b4c0>.model","time":{"start":1732328898003,"stop":1732329220319,"duration":322316}},{"uid":"e1621097d0c2921a","reportUrl":"../356//#testresult/e1621097d0c2921a","status":"failed","statusDetails":"AssertionError: None of the units are upgraded\nassert '+testupgrade' in 'Model  Controller          Cloud/Region        Version  SLA          Timestamp\\ntest   microk8s-localhost  microk8s/localhost  3.4.3    unsupported  02:37:55Z\\n\\nApp               Version                  Status   Scale  Charm             Channel      Rev  Address         Exposed  Message\\nmysql-k8s         8.0.37-0ubuntu0.22.04.3  active       1  mysql-k8s         8.0/edge     208  10.152.183.213  no       \\nmysql-router-k8s  8.0.37-0ubuntu0.22.04.3  waiting      3  mysql-router-k8s  8.0/edge       0  10.152.183.54   no       installing agent\\nmysql-test-app    0.0.2                    active       1  mysql-test-app    latest/edge   63  10.152.183.253  no       \\n\\nUnit                 Workload     Agent  Address       Ports  Message\\nmysql-k8s/0*         active       idle   10.1.234.141         Primary\\nmysql-router-k8s/0   active       idle   10.1.234.136         Router 8.0.37 running (restart pending); Charmed operator 1.2+31518a0\\nmysql-router-k8s/1*  active       idle   10.1.234.137         Router 8.0.37 running (restart pending); Charmed operator 1.2+31518a0\\nmysql-router-k8s/2   maintenance  idle   10.1.234.142         \\nmysql-test-app/0*    active       idle   10.1.234.139         \\n'\n +  where 'Model  Controller          Cloud/Region        Version  SLA          Timestamp\\ntest   microk8s-localhost  microk8s/localhost  3.4.3    unsupported  02:37:55Z\\n\\nApp               Version                  Status   Scale  Charm             Channel      Rev  Address         Exposed  Message\\nmysql-k8s         8.0.37-0ubuntu0.22.04.3  active       1  mysql-k8s         8.0/edge     208  10.152.183.213  no       \\nmysql-router-k8s  8.0.37-0ubuntu0.22.04.3  waiting      3  mysql-router-k8s  8.0/edge       0  10.152.183.54   no       installing agent\\nmysql-test-app    0.0.2                    active       1  mysql-test-app    latest/edge   63  10.152.183.253  no       \\n\\nUnit                 Workload     Agent  Address       Ports  Message\\nmysql-k8s/0*         active       idle   10.1.234.141         Primary\\nmysql-router-k8s/0   active       idle   10.1.234.136         Router 8.0.37 running (restart pending); Charmed operator 1.2+31518a0\\nmysql-router-k8s/1*  active       idle   10.1.234.137         Router 8.0.37 running (restart pending); Charmed operator 1.2+31518a0\\nmysql-router-k8s/2   maintenance  idle   10.1.234.142         \\nmysql-test-app/0*    active       idle   10.1.234.139         \\n' = get_juju_status('test')\n +    where 'test' = <juju.model.Model object at 0x7f2997193dc0>.name\n +      where <juju.model.Model object at 0x7f2997193dc0> = <pytest_operator.plugin.OpsTest object at 0x7f2996c016f0>.model","time":{"start":1732242752395,"stop":1732243075264,"duration":322869}},{"uid":"a6988aa5e509dac7","reportUrl":"../355//#testresult/a6988aa5e509dac7","status":"failed","statusDetails":"AssertionError: None of the units are upgraded\nassert '+testupgrade' in 'Model  Controller          Cloud/Region        Version  SLA          Timestamp\\ntest   microk8s-localhost  microk8s/localhost  3.4.3    unsupported  02:36:40Z\\n\\nApp               Version                  Status   Scale  Charm             Channel      Rev  Address         Exposed  Message\\nmysql-k8s         8.0.37-0ubuntu0.22.04.3  active       1  mysql-k8s         8.0/edge     208  10.152.183.23   no       \\nmysql-router-k8s  8.0.37-0ubuntu0.22.04.3  waiting      3  mysql-router-k8s  8.0/edge       0  10.152.183.248  no       installing agent\\nmysql-test-app    0.0.2                    active       1  mysql-test-app    latest/edge   63  10.152.183.126  no       Last written value=24193\\n\\nUnit                 Workload     Agent  Address      Ports  Message\\nmysql-k8s/0*         active       idle   10.1.105.77         Primary\\nmysql-router-k8s/0   active       idle   10.1.105.73         Router 8.0.37 running (restart pending); Charmed operator 1.2+31518a0\\nmysql-router-k8s/1*  active       idle   10.1.105.74         Router 8.0.37 running (restart pending); Charmed operator 1.2+31518a0\\nmysql-router-k8s/2   maintenance  idle   10.1.105.78         \\nmysql-test-app/0*    active       idle   10.1.105.75         Last written value=24193\\n'\n +  where 'Model  Controller          Cloud/Region        Version  SLA          Timestamp\\ntest   microk8s-localhost  microk8s/localhost  3.4.3    unsupported  02:36:40Z\\n\\nApp               Version                  Status   Scale  Charm             Channel      Rev  Address         Exposed  Message\\nmysql-k8s         8.0.37-0ubuntu0.22.04.3  active       1  mysql-k8s         8.0/edge     208  10.152.183.23   no       \\nmysql-router-k8s  8.0.37-0ubuntu0.22.04.3  waiting      3  mysql-router-k8s  8.0/edge       0  10.152.183.248  no       installing agent\\nmysql-test-app    0.0.2                    active       1  mysql-test-app    latest/edge   63  10.152.183.126  no       Last written value=24193\\n\\nUnit                 Workload     Agent  Address      Ports  Message\\nmysql-k8s/0*         active       idle   10.1.105.77         Primary\\nmysql-router-k8s/0   active       idle   10.1.105.73         Router 8.0.37 running (restart pending); Charmed operator 1.2+31518a0\\nmysql-router-k8s/1*  active       idle   10.1.105.74         Router 8.0.37 running (restart pending); Charmed operator 1.2+31518a0\\nmysql-router-k8s/2   maintenance  idle   10.1.105.78         \\nmysql-test-app/0*    active       idle   10.1.105.75         Last written value=24193\\n' = get_juju_status('test')\n +    where 'test' = <juju.model.Model object at 0x7f492d6a02e0>.name\n +      where <juju.model.Model object at 0x7f492d6a02e0> = <pytest_operator.plugin.OpsTest object at 0x7f492926efe0>.model","time":{"start":1732156277730,"stop":1732156600151,"duration":322421}},{"uid":"273efe9c95a68a7","reportUrl":"../354//#testresult/273efe9c95a68a7","status":"failed","statusDetails":"AssertionError: None of the units are upgraded\nassert '+testupgrade' in 'Model  Controller          Cloud/Region        Version  SLA          Timestamp\\ntest   microk8s-localhost  microk8s/localhost  3.4.3    unsupported  02:37:10Z\\n\\nApp               Version                  Status   Scale  Charm             Channel      Rev  Address         Exposed  Message\\nmysql-k8s         8.0.37-0ubuntu0.22.04.3  active       1  mysql-k8s         8.0/edge     208  10.152.183.20   no       \\nmysql-router-k8s  8.0.37-0ubuntu0.22.04.3  waiting      3  mysql-router-k8s  8.0/edge       0  10.152.183.79   no       installing agent\\nmysql-test-app    0.0.2                    active       1  mysql-test-app    latest/edge   63  10.152.183.239  no       Last written value=22546\\n\\nUnit                 Workload     Agent  Address      Ports  Message\\nmysql-k8s/0*         active       idle   10.1.152.77         Primary\\nmysql-router-k8s/0*  active       idle   10.1.152.73         Router 8.0.37 running (restart pending); Charmed operator 1.2+31518a0\\nmysql-router-k8s/1   active       idle   10.1.152.75         Router 8.0.37 running (restart pending); Charmed operator 1.2+31518a0\\nmysql-router-k8s/2   maintenance  idle   10.1.152.78         \\nmysql-test-app/0*    active       idle   10.1.152.72         Last written value=22546\\n'\n +  where 'Model  Controller          Cloud/Region        Version  SLA          Timestamp\\ntest   microk8s-localhost  microk8s/localhost  3.4.3    unsupported  02:37:10Z\\n\\nApp               Version                  Status   Scale  Charm             Channel      Rev  Address         Exposed  Message\\nmysql-k8s         8.0.37-0ubuntu0.22.04.3  active       1  mysql-k8s         8.0/edge     208  10.152.183.20   no       \\nmysql-router-k8s  8.0.37-0ubuntu0.22.04.3  waiting      3  mysql-router-k8s  8.0/edge       0  10.152.183.79   no       installing agent\\nmysql-test-app    0.0.2                    active       1  mysql-test-app    latest/edge   63  10.152.183.239  no       Last written value=22546\\n\\nUnit                 Workload     Agent  Address      Ports  Message\\nmysql-k8s/0*         active       idle   10.1.152.77         Primary\\nmysql-router-k8s/0*  active       idle   10.1.152.73         Router 8.0.37 running (restart pending); Charmed operator 1.2+31518a0\\nmysql-router-k8s/1   active       idle   10.1.152.75         Router 8.0.37 running (restart pending); Charmed operator 1.2+31518a0\\nmysql-router-k8s/2   maintenance  idle   10.1.152.78         \\nmysql-test-app/0*    active       idle   10.1.152.72         Last written value=22546\\n' = get_juju_status('test')\n +    where 'test' = <juju.model.Model object at 0x7fac49ac7430>.name\n +      where <juju.model.Model object at 0x7fac49ac7430> = <pytest_operator.plugin.OpsTest object at 0x7fac49a45870>.model","time":{"start":1732069908124,"stop":1732070230844,"duration":322720}},{"uid":"b233eb5f79194c18","reportUrl":"../353//#testresult/b233eb5f79194c18","status":"failed","statusDetails":"AssertionError: None of the units are upgraded\nassert '+testupgrade' in 'Model  Controller          Cloud/Region        Version  SLA          Timestamp\\ntest   microk8s-localhost  microk8s/localhost  3.4.3    unsupported  02:37:44Z\\n\\nApp               Version                  Status   Scale  Charm             Channel      Rev  Address         Exposed  Message\\nmysql-k8s         8.0.37-0ubuntu0.22.04.3  active       1  mysql-k8s         8.0/edge     208  10.152.183.207  no       \\nmysql-router-k8s  8.0.37-0ubuntu0.22.04.3  waiting      3  mysql-router-k8s  8.0/edge       0  10.152.183.107  no       installing agent\\nmysql-test-app    0.0.2                    active       1  mysql-test-app    latest/edge   63  10.152.183.101  no       Last written value=21421\\n\\nUnit                 Workload     Agent  Address     Ports  Message\\nmysql-k8s/0*         active       idle   10.1.78.13         Primary\\nmysql-router-k8s/0   active       idle   10.1.78.9          Router 8.0.37 running (restart pending); Charmed operator 1.2+31518a0\\nmysql-router-k8s/1*  active       idle   10.1.78.11         Router 8.0.37 running (restart pending); Charmed operator 1.2+31518a0\\nmysql-router-k8s/2   maintenance  idle   10.1.78.14         \\nmysql-test-app/0*    active       idle   10.1.78.8          Last written value=21421\\n'\n +  where 'Model  Controller          Cloud/Region        Version  SLA          Timestamp\\ntest   microk8s-localhost  microk8s/localhost  3.4.3    unsupported  02:37:44Z\\n\\nApp               Version                  Status   Scale  Charm             Channel      Rev  Address         Exposed  Message\\nmysql-k8s         8.0.37-0ubuntu0.22.04.3  active       1  mysql-k8s         8.0/edge     208  10.152.183.207  no       \\nmysql-router-k8s  8.0.37-0ubuntu0.22.04.3  waiting      3  mysql-router-k8s  8.0/edge       0  10.152.183.107  no       installing agent\\nmysql-test-app    0.0.2                    active       1  mysql-test-app    latest/edge   63  10.152.183.101  no       Last written value=21421\\n\\nUnit                 Workload     Agent  Address     Ports  Message\\nmysql-k8s/0*         active       idle   10.1.78.13         Primary\\nmysql-router-k8s/0   active       idle   10.1.78.9          Router 8.0.37 running (restart pending); Charmed operator 1.2+31518a0\\nmysql-router-k8s/1*  active       idle   10.1.78.11         Router 8.0.37 running (restart pending); Charmed operator 1.2+31518a0\\nmysql-router-k8s/2   maintenance  idle   10.1.78.14         \\nmysql-test-app/0*    active       idle   10.1.78.8          Last written value=21421\\n' = get_juju_status('test')\n +    where 'test' = <juju.model.Model object at 0x7fd13f27bbb0>.name\n +      where <juju.model.Model object at 0x7fd13f27bbb0> = <pytest_operator.plugin.OpsTest object at 0x7fd13edf96f0>.model","time":{"start":1731983540950,"stop":1731983864900,"duration":323950}}]},"tags":["asyncio","abort_on_fail","group(1)"]},"source":"766ffe640bc3d55c.json","parameterValues":[]}