{"uid":"7c87600b5d23b21f","name":"test_upgrade_from_edge","fullName":"tests.integration.test_upgrade#test_upgrade_from_edge","historyId":"59e96b2cf75bb30d0a5cbde0e5234d56","time":{"start":1728440897729,"stop":1728441220412,"duration":322683},"description":"Upgrade mysqlrouter while ensuring continuous writes incrementing.","descriptionHtml":"<p>Upgrade mysqlrouter while ensuring continuous writes incrementing.</p>\n","status":"failed","statusMessage":"AssertionError: None of the units are upgraded\nassert '+testupgrade' in 'Model  Controller          Cloud/Region        Version  SLA          Timestamp\\ntest   microk8s-localhost  microk8s/localhost  3.4.3    unsupported  02:33:40Z\\n\\nApp               Version                  Status   Scale  Charm             Channel      Rev  Address        Exposed  Message\\nmysql-k8s         8.0.37-0ubuntu0.22.04.3  active       1  mysql-k8s         8.0/edge     205  10.152.183.26  no       \\nmysql-router-k8s  8.0.37-0ubuntu0.22.04.3  waiting      3  mysql-router-k8s  8.0/edge       0  10.152.183.48  no       installing agent\\nmysql-test-app    0.0.2                    active       1  mysql-test-app    latest/edge   63  10.152.183.58  no       Last written value=25276\\n\\nUnit                 Workload     Agent  Address      Ports  Message\\nmysql-k8s/0*         active       idle   10.1.59.141         Primary\\nmysql-router-k8s/0*  active       idle   10.1.59.136         Router 8.0.37 running (restart pending); Charmed operator 1.2+31518a0\\nmysql-router-k8s/1   active       idle   10.1.59.137         Router 8.0.37 running (restart pending); Charmed operator 1.2+31518a0\\nmysql-router-k8s/2   maintenance  idle   10.1.59.142         \\nmysql-test-app/0*    active       idle   10.1.59.139         Last written value=25276\\n'\n +  where 'Model  Controller          Cloud/Region        Version  SLA          Timestamp\\ntest   microk8s-localhost  microk8s/localhost  3.4.3    unsupported  02:33:40Z\\n\\nApp               Version                  Status   Scale  Charm             Channel      Rev  Address        Exposed  Message\\nmysql-k8s         8.0.37-0ubuntu0.22.04.3  active       1  mysql-k8s         8.0/edge     205  10.152.183.26  no       \\nmysql-router-k8s  8.0.37-0ubuntu0.22.04.3  waiting      3  mysql-router-k8s  8.0/edge       0  10.152.183.48  no       installing agent\\nmysql-test-app    0.0.2                    active       1  mysql-test-app    latest/edge   63  10.152.183.58  no       Last written value=25276\\n\\nUnit                 Workload     Agent  Address      Ports  Message\\nmysql-k8s/0*         active       idle   10.1.59.141         Primary\\nmysql-router-k8s/0*  active       idle   10.1.59.136         Router 8.0.37 running (restart pending); Charmed operator 1.2+31518a0\\nmysql-router-k8s/1   active       idle   10.1.59.137         Router 8.0.37 running (restart pending); Charmed operator 1.2+31518a0\\nmysql-router-k8s/2   maintenance  idle   10.1.59.142         \\nmysql-test-app/0*    active       idle   10.1.59.139         Last written value=25276\\n' = get_juju_status('test')\n +    where 'test' = <juju.model.Model object at 0x7f9952dc4b20>.name\n +      where <juju.model.Model object at 0x7f9952dc4b20> = <pytest_operator.plugin.OpsTest object at 0x7f994e586b30>.model","statusTrace":"Traceback (most recent call last):\n  File \"/home/runner/work/mysql-router-k8s-operator/mysql-router-k8s-operator/.tox/integration/lib/python3.10/site-packages/_pytest/runner.py\", line 341, in from_call\n    result: Optional[TResult] = func()\n  File \"/home/runner/work/mysql-router-k8s-operator/mysql-router-k8s-operator/.tox/integration/lib/python3.10/site-packages/_pytest/runner.py\", line 262, in <lambda>\n    lambda: ihook(item=item, **kwds), when=when, reraise=reraise\n  File \"/home/runner/work/mysql-router-k8s-operator/mysql-router-k8s-operator/.tox/integration/lib/python3.10/site-packages/pluggy/_hooks.py\", line 493, in __call__\n    return self._hookexec(self.name, self._hookimpls, kwargs, firstresult)\n  File \"/home/runner/work/mysql-router-k8s-operator/mysql-router-k8s-operator/.tox/integration/lib/python3.10/site-packages/pluggy/_manager.py\", line 115, in _hookexec\n    return self._inner_hookexec(hook_name, methods, kwargs, firstresult)\n  File \"/home/runner/work/mysql-router-k8s-operator/mysql-router-k8s-operator/.tox/integration/lib/python3.10/site-packages/pluggy/_callers.py\", line 152, in _multicall\n    return outcome.get_result()\n  File \"/home/runner/work/mysql-router-k8s-operator/mysql-router-k8s-operator/.tox/integration/lib/python3.10/site-packages/pluggy/_result.py\", line 114, in get_result\n    raise exc.with_traceback(exc.__traceback__)\n  File \"/home/runner/work/mysql-router-k8s-operator/mysql-router-k8s-operator/.tox/integration/lib/python3.10/site-packages/pluggy/_callers.py\", line 77, in _multicall\n    res = hook_impl.function(*args)\n  File \"/home/runner/work/mysql-router-k8s-operator/mysql-router-k8s-operator/.tox/integration/lib/python3.10/site-packages/_pytest/runner.py\", line 177, in pytest_runtest_call\n    raise e\n  File \"/home/runner/work/mysql-router-k8s-operator/mysql-router-k8s-operator/.tox/integration/lib/python3.10/site-packages/_pytest/runner.py\", line 169, in pytest_runtest_call\n    item.runtest()\n  File \"/home/runner/work/mysql-router-k8s-operator/mysql-router-k8s-operator/.tox/integration/lib/python3.10/site-packages/_pytest/python.py\", line 1788, in runtest\n    self.ihook.pytest_pyfunc_call(pyfuncitem=self)\n  File \"/home/runner/work/mysql-router-k8s-operator/mysql-router-k8s-operator/.tox/integration/lib/python3.10/site-packages/pluggy/_hooks.py\", line 493, in __call__\n    return self._hookexec(self.name, self._hookimpls, kwargs, firstresult)\n  File \"/home/runner/work/mysql-router-k8s-operator/mysql-router-k8s-operator/.tox/integration/lib/python3.10/site-packages/pluggy/_manager.py\", line 115, in _hookexec\n    return self._inner_hookexec(hook_name, methods, kwargs, firstresult)\n  File \"/home/runner/work/mysql-router-k8s-operator/mysql-router-k8s-operator/.tox/integration/lib/python3.10/site-packages/pluggy/_callers.py\", line 152, in _multicall\n    return outcome.get_result()\n  File \"/home/runner/work/mysql-router-k8s-operator/mysql-router-k8s-operator/.tox/integration/lib/python3.10/site-packages/pluggy/_result.py\", line 114, in get_result\n    raise exc.with_traceback(exc.__traceback__)\n  File \"/home/runner/work/mysql-router-k8s-operator/mysql-router-k8s-operator/.tox/integration/lib/python3.10/site-packages/pluggy/_callers.py\", line 77, in _multicall\n    res = hook_impl.function(*args)\n  File \"/home/runner/work/mysql-router-k8s-operator/mysql-router-k8s-operator/.tox/integration/lib/python3.10/site-packages/_pytest/python.py\", line 194, in pytest_pyfunc_call\n    result = testfunction(**testargs)\n  File \"/home/runner/work/mysql-router-k8s-operator/mysql-router-k8s-operator/.tox/integration/lib/python3.10/site-packages/pytest_asyncio/plugin.py\", line 532, in inner\n    _loop.run_until_complete(task)\n  File \"/usr/lib/python3.10/asyncio/base_events.py\", line 649, in run_until_complete\n    return future.result()\n  File \"/home/runner/work/mysql-router-k8s-operator/mysql-router-k8s-operator/tests/integration/test_upgrade.py\", line 125, in test_upgrade_from_edge\n    for attempt in tenacity.Retrying(\n  File \"/home/runner/work/mysql-router-k8s-operator/mysql-router-k8s-operator/.tox/integration/lib/python3.10/site-packages/tenacity/__init__.py\", line 347, in __iter__\n    do = self.iter(retry_state=retry_state)\n  File \"/home/runner/work/mysql-router-k8s-operator/mysql-router-k8s-operator/.tox/integration/lib/python3.10/site-packages/tenacity/__init__.py\", line 325, in iter\n    raise retry_exc.reraise()\n  File \"/home/runner/work/mysql-router-k8s-operator/mysql-router-k8s-operator/.tox/integration/lib/python3.10/site-packages/tenacity/__init__.py\", line 158, in reraise\n    raise self.last_attempt.result()\n  File \"/usr/lib/python3.10/concurrent/futures/_base.py\", line 451, in result\n    return self.__get_result()\n  File \"/usr/lib/python3.10/concurrent/futures/_base.py\", line 403, in __get_result\n    raise self._exception\n  File \"/home/runner/work/mysql-router-k8s-operator/mysql-router-k8s-operator/tests/integration/test_upgrade.py\", line 131, in test_upgrade_from_edge\n    assert \"+testupgrade\" in get_juju_status(\nAssertionError: None of the units are upgraded\nassert '+testupgrade' in 'Model  Controller          Cloud/Region        Version  SLA          Timestamp\\ntest   microk8s-localhost  microk8s/localhost  3.4.3    unsupported  02:33:40Z\\n\\nApp               Version                  Status   Scale  Charm             Channel      Rev  Address        Exposed  Message\\nmysql-k8s         8.0.37-0ubuntu0.22.04.3  active       1  mysql-k8s         8.0/edge     205  10.152.183.26  no       \\nmysql-router-k8s  8.0.37-0ubuntu0.22.04.3  waiting      3  mysql-router-k8s  8.0/edge       0  10.152.183.48  no       installing agent\\nmysql-test-app    0.0.2                    active       1  mysql-test-app    latest/edge   63  10.152.183.58  no       Last written value=25276\\n\\nUnit                 Workload     Agent  Address      Ports  Message\\nmysql-k8s/0*         active       idle   10.1.59.141         Primary\\nmysql-router-k8s/0*  active       idle   10.1.59.136         Router 8.0.37 running (restart pending); Charmed operator 1.2+31518a0\\nmysql-router-k8s/1   active       idle   10.1.59.137         Router 8.0.37 running (restart pending); Charmed operator 1.2+31518a0\\nmysql-router-k8s/2   maintenance  idle   10.1.59.142         \\nmysql-test-app/0*    active       idle   10.1.59.139         Last written value=25276\\n'\n +  where 'Model  Controller          Cloud/Region        Version  SLA          Timestamp\\ntest   microk8s-localhost  microk8s/localhost  3.4.3    unsupported  02:33:40Z\\n\\nApp               Version                  Status   Scale  Charm             Channel      Rev  Address        Exposed  Message\\nmysql-k8s         8.0.37-0ubuntu0.22.04.3  active       1  mysql-k8s         8.0/edge     205  10.152.183.26  no       \\nmysql-router-k8s  8.0.37-0ubuntu0.22.04.3  waiting      3  mysql-router-k8s  8.0/edge       0  10.152.183.48  no       installing agent\\nmysql-test-app    0.0.2                    active       1  mysql-test-app    latest/edge   63  10.152.183.58  no       Last written value=25276\\n\\nUnit                 Workload     Agent  Address      Ports  Message\\nmysql-k8s/0*         active       idle   10.1.59.141         Primary\\nmysql-router-k8s/0*  active       idle   10.1.59.136         Router 8.0.37 running (restart pending); Charmed operator 1.2+31518a0\\nmysql-router-k8s/1   active       idle   10.1.59.137         Router 8.0.37 running (restart pending); Charmed operator 1.2+31518a0\\nmysql-router-k8s/2   maintenance  idle   10.1.59.142         \\nmysql-test-app/0*    active       idle   10.1.59.139         Last written value=25276\\n' = get_juju_status('test')\n +    where 'test' = <juju.model.Model object at 0x7f9952dc4b20>.name\n +      where <juju.model.Model object at 0x7f9952dc4b20> = <pytest_operator.plugin.OpsTest object at 0x7f994e586b30>.model","flaky":false,"newFailed":false,"newBroken":false,"newPassed":false,"retriesCount":1,"retriesStatusChange":true,"beforeStages":[{"name":"event_loop","time":{"start":1728440768368,"stop":1728440768369,"duration":1},"status":"passed","steps":[],"attachments":[],"parameters":[],"stepsCount":0,"shouldDisplayMessage":false,"attachmentsCount":0,"hasContent":false,"attachmentStep":false},{"name":"ops_test","time":{"start":1728440768369,"stop":1728440768636,"duration":267},"status":"passed","steps":[],"attachments":[],"parameters":[],"stepsCount":0,"shouldDisplayMessage":false,"attachmentsCount":0,"hasContent":false,"attachmentStep":false},{"name":"tmp_path_factory","time":{"start":1728440768369,"stop":1728440768369,"duration":0},"status":"passed","steps":[],"attachments":[],"parameters":[],"stepsCount":0,"shouldDisplayMessage":false,"attachmentsCount":0,"hasContent":false,"attachmentStep":false},{"name":"abort_on_fail","time":{"start":1728440897728,"stop":1728440897729,"duration":1},"status":"passed","steps":[],"attachments":[],"parameters":[],"stepsCount":0,"shouldDisplayMessage":false,"attachmentsCount":0,"hasContent":false,"attachmentStep":false}],"testStage":{"description":"Upgrade mysqlrouter while ensuring continuous writes incrementing.","status":"failed","statusMessage":"AssertionError: None of the units are upgraded\nassert '+testupgrade' in 'Model  Controller          Cloud/Region        Version  SLA          Timestamp\\ntest   microk8s-localhost  microk8s/localhost  3.4.3    unsupported  02:33:40Z\\n\\nApp               Version                  Status   Scale  Charm             Channel      Rev  Address        Exposed  Message\\nmysql-k8s         8.0.37-0ubuntu0.22.04.3  active       1  mysql-k8s         8.0/edge     205  10.152.183.26  no       \\nmysql-router-k8s  8.0.37-0ubuntu0.22.04.3  waiting      3  mysql-router-k8s  8.0/edge       0  10.152.183.48  no       installing agent\\nmysql-test-app    0.0.2                    active       1  mysql-test-app    latest/edge   63  10.152.183.58  no       Last written value=25276\\n\\nUnit                 Workload     Agent  Address      Ports  Message\\nmysql-k8s/0*         active       idle   10.1.59.141         Primary\\nmysql-router-k8s/0*  active       idle   10.1.59.136         Router 8.0.37 running (restart pending); Charmed operator 1.2+31518a0\\nmysql-router-k8s/1   active       idle   10.1.59.137         Router 8.0.37 running (restart pending); Charmed operator 1.2+31518a0\\nmysql-router-k8s/2   maintenance  idle   10.1.59.142         \\nmysql-test-app/0*    active       idle   10.1.59.139         Last written value=25276\\n'\n +  where 'Model  Controller          Cloud/Region        Version  SLA          Timestamp\\ntest   microk8s-localhost  microk8s/localhost  3.4.3    unsupported  02:33:40Z\\n\\nApp               Version                  Status   Scale  Charm             Channel      Rev  Address        Exposed  Message\\nmysql-k8s         8.0.37-0ubuntu0.22.04.3  active       1  mysql-k8s         8.0/edge     205  10.152.183.26  no       \\nmysql-router-k8s  8.0.37-0ubuntu0.22.04.3  waiting      3  mysql-router-k8s  8.0/edge       0  10.152.183.48  no       installing agent\\nmysql-test-app    0.0.2                    active       1  mysql-test-app    latest/edge   63  10.152.183.58  no       Last written value=25276\\n\\nUnit                 Workload     Agent  Address      Ports  Message\\nmysql-k8s/0*         active       idle   10.1.59.141         Primary\\nmysql-router-k8s/0*  active       idle   10.1.59.136         Router 8.0.37 running (restart pending); Charmed operator 1.2+31518a0\\nmysql-router-k8s/1   active       idle   10.1.59.137         Router 8.0.37 running (restart pending); Charmed operator 1.2+31518a0\\nmysql-router-k8s/2   maintenance  idle   10.1.59.142         \\nmysql-test-app/0*    active       idle   10.1.59.139         Last written value=25276\\n' = get_juju_status('test')\n +    where 'test' = <juju.model.Model object at 0x7f9952dc4b20>.name\n +      where <juju.model.Model object at 0x7f9952dc4b20> = <pytest_operator.plugin.OpsTest object at 0x7f994e586b30>.model","statusTrace":"Traceback (most recent call last):\n  File \"/home/runner/work/mysql-router-k8s-operator/mysql-router-k8s-operator/.tox/integration/lib/python3.10/site-packages/_pytest/runner.py\", line 341, in from_call\n    result: Optional[TResult] = func()\n  File \"/home/runner/work/mysql-router-k8s-operator/mysql-router-k8s-operator/.tox/integration/lib/python3.10/site-packages/_pytest/runner.py\", line 262, in <lambda>\n    lambda: ihook(item=item, **kwds), when=when, reraise=reraise\n  File \"/home/runner/work/mysql-router-k8s-operator/mysql-router-k8s-operator/.tox/integration/lib/python3.10/site-packages/pluggy/_hooks.py\", line 493, in __call__\n    return self._hookexec(self.name, self._hookimpls, kwargs, firstresult)\n  File \"/home/runner/work/mysql-router-k8s-operator/mysql-router-k8s-operator/.tox/integration/lib/python3.10/site-packages/pluggy/_manager.py\", line 115, in _hookexec\n    return self._inner_hookexec(hook_name, methods, kwargs, firstresult)\n  File \"/home/runner/work/mysql-router-k8s-operator/mysql-router-k8s-operator/.tox/integration/lib/python3.10/site-packages/pluggy/_callers.py\", line 152, in _multicall\n    return outcome.get_result()\n  File \"/home/runner/work/mysql-router-k8s-operator/mysql-router-k8s-operator/.tox/integration/lib/python3.10/site-packages/pluggy/_result.py\", line 114, in get_result\n    raise exc.with_traceback(exc.__traceback__)\n  File \"/home/runner/work/mysql-router-k8s-operator/mysql-router-k8s-operator/.tox/integration/lib/python3.10/site-packages/pluggy/_callers.py\", line 77, in _multicall\n    res = hook_impl.function(*args)\n  File \"/home/runner/work/mysql-router-k8s-operator/mysql-router-k8s-operator/.tox/integration/lib/python3.10/site-packages/_pytest/runner.py\", line 177, in pytest_runtest_call\n    raise e\n  File \"/home/runner/work/mysql-router-k8s-operator/mysql-router-k8s-operator/.tox/integration/lib/python3.10/site-packages/_pytest/runner.py\", line 169, in pytest_runtest_call\n    item.runtest()\n  File \"/home/runner/work/mysql-router-k8s-operator/mysql-router-k8s-operator/.tox/integration/lib/python3.10/site-packages/_pytest/python.py\", line 1788, in runtest\n    self.ihook.pytest_pyfunc_call(pyfuncitem=self)\n  File \"/home/runner/work/mysql-router-k8s-operator/mysql-router-k8s-operator/.tox/integration/lib/python3.10/site-packages/pluggy/_hooks.py\", line 493, in __call__\n    return self._hookexec(self.name, self._hookimpls, kwargs, firstresult)\n  File \"/home/runner/work/mysql-router-k8s-operator/mysql-router-k8s-operator/.tox/integration/lib/python3.10/site-packages/pluggy/_manager.py\", line 115, in _hookexec\n    return self._inner_hookexec(hook_name, methods, kwargs, firstresult)\n  File \"/home/runner/work/mysql-router-k8s-operator/mysql-router-k8s-operator/.tox/integration/lib/python3.10/site-packages/pluggy/_callers.py\", line 152, in _multicall\n    return outcome.get_result()\n  File \"/home/runner/work/mysql-router-k8s-operator/mysql-router-k8s-operator/.tox/integration/lib/python3.10/site-packages/pluggy/_result.py\", line 114, in get_result\n    raise exc.with_traceback(exc.__traceback__)\n  File \"/home/runner/work/mysql-router-k8s-operator/mysql-router-k8s-operator/.tox/integration/lib/python3.10/site-packages/pluggy/_callers.py\", line 77, in _multicall\n    res = hook_impl.function(*args)\n  File \"/home/runner/work/mysql-router-k8s-operator/mysql-router-k8s-operator/.tox/integration/lib/python3.10/site-packages/_pytest/python.py\", line 194, in pytest_pyfunc_call\n    result = testfunction(**testargs)\n  File \"/home/runner/work/mysql-router-k8s-operator/mysql-router-k8s-operator/.tox/integration/lib/python3.10/site-packages/pytest_asyncio/plugin.py\", line 532, in inner\n    _loop.run_until_complete(task)\n  File \"/usr/lib/python3.10/asyncio/base_events.py\", line 649, in run_until_complete\n    return future.result()\n  File \"/home/runner/work/mysql-router-k8s-operator/mysql-router-k8s-operator/tests/integration/test_upgrade.py\", line 125, in test_upgrade_from_edge\n    for attempt in tenacity.Retrying(\n  File \"/home/runner/work/mysql-router-k8s-operator/mysql-router-k8s-operator/.tox/integration/lib/python3.10/site-packages/tenacity/__init__.py\", line 347, in __iter__\n    do = self.iter(retry_state=retry_state)\n  File \"/home/runner/work/mysql-router-k8s-operator/mysql-router-k8s-operator/.tox/integration/lib/python3.10/site-packages/tenacity/__init__.py\", line 325, in iter\n    raise retry_exc.reraise()\n  File \"/home/runner/work/mysql-router-k8s-operator/mysql-router-k8s-operator/.tox/integration/lib/python3.10/site-packages/tenacity/__init__.py\", line 158, in reraise\n    raise self.last_attempt.result()\n  File \"/usr/lib/python3.10/concurrent/futures/_base.py\", line 451, in result\n    return self.__get_result()\n  File \"/usr/lib/python3.10/concurrent/futures/_base.py\", line 403, in __get_result\n    raise self._exception\n  File \"/home/runner/work/mysql-router-k8s-operator/mysql-router-k8s-operator/tests/integration/test_upgrade.py\", line 131, in test_upgrade_from_edge\n    assert \"+testupgrade\" in get_juju_status(\nAssertionError: None of the units are upgraded\nassert '+testupgrade' in 'Model  Controller          Cloud/Region        Version  SLA          Timestamp\\ntest   microk8s-localhost  microk8s/localhost  3.4.3    unsupported  02:33:40Z\\n\\nApp               Version                  Status   Scale  Charm             Channel      Rev  Address        Exposed  Message\\nmysql-k8s         8.0.37-0ubuntu0.22.04.3  active       1  mysql-k8s         8.0/edge     205  10.152.183.26  no       \\nmysql-router-k8s  8.0.37-0ubuntu0.22.04.3  waiting      3  mysql-router-k8s  8.0/edge       0  10.152.183.48  no       installing agent\\nmysql-test-app    0.0.2                    active       1  mysql-test-app    latest/edge   63  10.152.183.58  no       Last written value=25276\\n\\nUnit                 Workload     Agent  Address      Ports  Message\\nmysql-k8s/0*         active       idle   10.1.59.141         Primary\\nmysql-router-k8s/0*  active       idle   10.1.59.136         Router 8.0.37 running (restart pending); Charmed operator 1.2+31518a0\\nmysql-router-k8s/1   active       idle   10.1.59.137         Router 8.0.37 running (restart pending); Charmed operator 1.2+31518a0\\nmysql-router-k8s/2   maintenance  idle   10.1.59.142         \\nmysql-test-app/0*    active       idle   10.1.59.139         Last written value=25276\\n'\n +  where 'Model  Controller          Cloud/Region        Version  SLA          Timestamp\\ntest   microk8s-localhost  microk8s/localhost  3.4.3    unsupported  02:33:40Z\\n\\nApp               Version                  Status   Scale  Charm             Channel      Rev  Address        Exposed  Message\\nmysql-k8s         8.0.37-0ubuntu0.22.04.3  active       1  mysql-k8s         8.0/edge     205  10.152.183.26  no       \\nmysql-router-k8s  8.0.37-0ubuntu0.22.04.3  waiting      3  mysql-router-k8s  8.0/edge       0  10.152.183.48  no       installing agent\\nmysql-test-app    0.0.2                    active       1  mysql-test-app    latest/edge   63  10.152.183.58  no       Last written value=25276\\n\\nUnit                 Workload     Agent  Address      Ports  Message\\nmysql-k8s/0*         active       idle   10.1.59.141         Primary\\nmysql-router-k8s/0*  active       idle   10.1.59.136         Router 8.0.37 running (restart pending); Charmed operator 1.2+31518a0\\nmysql-router-k8s/1   active       idle   10.1.59.137         Router 8.0.37 running (restart pending); Charmed operator 1.2+31518a0\\nmysql-router-k8s/2   maintenance  idle   10.1.59.142         \\nmysql-test-app/0*    active       idle   10.1.59.139         Last written value=25276\\n' = get_juju_status('test')\n +    where 'test' = <juju.model.Model object at 0x7f9952dc4b20>.name\n +      where <juju.model.Model object at 0x7f9952dc4b20> = <pytest_operator.plugin.OpsTest object at 0x7f994e586b30>.model","steps":[],"attachments":[{"uid":"f62f91c66f7e21de","name":"log","source":"f62f91c66f7e21de.txt","type":"text/plain","size":594}],"parameters":[],"stepsCount":0,"shouldDisplayMessage":true,"attachmentsCount":1,"hasContent":true,"attachmentStep":false},"afterStages":[{"name":"abort_on_fail::0","time":{"start":1728441220415,"stop":1728441220415,"duration":0},"status":"passed","steps":[],"attachments":[],"parameters":[],"stepsCount":0,"shouldDisplayMessage":false,"attachmentsCount":0,"hasContent":false,"attachmentStep":false},{"name":"ops_test::finalizer","time":{"start":1728441220420,"stop":1728441240439,"duration":20019},"status":"passed","steps":[],"attachments":[],"parameters":[],"stepsCount":0,"shouldDisplayMessage":false,"attachmentsCount":0,"hasContent":false,"attachmentStep":false},{"name":"event_loop::2","time":{"start":1728441240440,"stop":1728441240440,"duration":0},"status":"passed","steps":[],"attachments":[],"parameters":[],"stepsCount":0,"shouldDisplayMessage":false,"attachmentsCount":0,"hasContent":false,"attachmentStep":false},{"name":"event_loop::_close_event_loop","time":{"start":1728441240440,"stop":1728441240440,"duration":0},"status":"passed","steps":[],"attachments":[],"parameters":[],"stepsCount":0,"shouldDisplayMessage":false,"attachmentsCount":0,"hasContent":false,"attachmentStep":false},{"name":"event_loop::_provide_clean_event_loop","time":{"start":1728441240440,"stop":1728441240441,"duration":1},"status":"passed","steps":[],"attachments":[],"parameters":[],"stepsCount":0,"shouldDisplayMessage":false,"attachmentsCount":0,"hasContent":false,"attachmentStep":false}],"labels":[{"name":"tag","value":"abort_on_fail"},{"name":"tag","value":"group(1)"},{"name":"tag","value":"asyncio"},{"name":"parentSuite","value":"tests.integration"},{"name":"suite","value":"test_upgrade"},{"name":"host","value":"fv-az1242-833"},{"name":"thread","value":"12149-MainThread"},{"name":"framework","value":"pytest"},{"name":"language","value":"cpython3"},{"name":"package","value":"tests.integration.test_upgrade"},{"name":"resultFormat","value":"allure2"}],"parameters":[],"links":[],"hidden":false,"retry":false,"extra":{"severity":"normal","retries":[{"uid":"ae82a120b2b17cef","status":"unknown","time":{}}],"categories":[{"name":"Product defects","matchedStatuses":[],"flaky":false}],"history":{"statistic":{"failed":71,"broken":23,"skipped":3,"passed":29,"unknown":7,"total":133},"items":[{"uid":"5700b4faab39699e","reportUrl":"../297//#testresult/5700b4faab39699e","status":"failed","statusDetails":"AssertionError: None of the units are upgraded\nassert '+testupgrade' in 'Model  Controller          Cloud/Region        Version  SLA          Timestamp\\ntest   microk8s-localhost  microk8s/localhost  3.4.3    unsupported  02:35:54Z\\n\\nApp               Version                  Status   Scale  Charm             Channel      Rev  Address         Exposed  Message\\nmysql-k8s         8.0.37-0ubuntu0.22.04.3  active       1  mysql-k8s         8.0/edge     205  10.152.183.44   no       \\nmysql-router-k8s  8.0.37-0ubuntu0.22.04.3  waiting      3  mysql-router-k8s  8.0/edge       0  10.152.183.157  no       installing agent\\nmysql-test-app    0.0.2                    active       1  mysql-test-app    latest/edge   63  10.152.183.155  no       Last written value=23604\\n\\nUnit                 Workload     Agent  Address      Ports  Message\\nmysql-k8s/0*         active       idle   10.1.235.13         Primary\\nmysql-router-k8s/0*  active       idle   10.1.235.8          Router 8.0.37 running (restart pending); Charmed operator 1.2+31518a0\\nmysql-router-k8s/1   active       idle   10.1.235.10         Router 8.0.37 running (restart pending); Charmed operator 1.2+31518a0\\nmysql-router-k8s/2   maintenance  idle   10.1.235.14         \\nmysql-test-app/0*    active       idle   10.1.235.12         Last written value=23604\\n'\n +  where 'Model  Controller          Cloud/Region        Version  SLA          Timestamp\\ntest   microk8s-localhost  microk8s/localhost  3.4.3    unsupported  02:35:54Z\\n\\nApp               Version                  Status   Scale  Charm             Channel      Rev  Address         Exposed  Message\\nmysql-k8s         8.0.37-0ubuntu0.22.04.3  active       1  mysql-k8s         8.0/edge     205  10.152.183.44   no       \\nmysql-router-k8s  8.0.37-0ubuntu0.22.04.3  waiting      3  mysql-router-k8s  8.0/edge       0  10.152.183.157  no       installing agent\\nmysql-test-app    0.0.2                    active       1  mysql-test-app    latest/edge   63  10.152.183.155  no       Last written value=23604\\n\\nUnit                 Workload     Agent  Address      Ports  Message\\nmysql-k8s/0*         active       idle   10.1.235.13         Primary\\nmysql-router-k8s/0*  active       idle   10.1.235.8          Router 8.0.37 running (restart pending); Charmed operator 1.2+31518a0\\nmysql-router-k8s/1   active       idle   10.1.235.10         Router 8.0.37 running (restart pending); Charmed operator 1.2+31518a0\\nmysql-router-k8s/2   maintenance  idle   10.1.235.14         \\nmysql-test-app/0*    active       idle   10.1.235.12         Last written value=23604\\n' = get_juju_status('test')\n +    where 'test' = <juju.model.Model object at 0x7f37abb3fdf0>.name\n +      where <juju.model.Model object at 0x7f37abb3fdf0> = <pytest_operator.plugin.OpsTest object at 0x7f37a7ba6fe0>.model","time":{"start":1728354633070,"stop":1728354954983,"duration":321913}},{"uid":"1cb6b4cd3892a30f","reportUrl":"../295//#testresult/1cb6b4cd3892a30f","status":"failed","statusDetails":"AssertionError: None of the units are upgraded\nassert '+testupgrade' in 'Model  Controller          Cloud/Region        Version  SLA          Timestamp\\ntest   microk8s-localhost  microk8s/localhost  3.4.3    unsupported  02:36:24Z\\n\\nApp               Version                  Status   Scale  Charm             Channel      Rev  Address         Exposed  Message\\nmysql-k8s         8.0.37-0ubuntu0.22.04.3  active       1  mysql-k8s         8.0/edge     201  10.152.183.148  no       \\nmysql-router-k8s  8.0.37-0ubuntu0.22.04.3  waiting      3  mysql-router-k8s  8.0/edge       0  10.152.183.166  no       installing agent\\nmysql-test-app    0.0.2                    active       1  mysql-test-app    latest/edge   63  10.152.183.205  no       \\n\\nUnit                 Workload     Agent  Address      Ports  Message\\nmysql-k8s/0*         active       idle   10.1.184.77         Primary\\nmysql-router-k8s/0*  active       idle   10.1.184.74         Router 8.0.37 running (restart pending); Charmed operator 1.2+a648a2e\\nmysql-router-k8s/1   active       idle   10.1.184.76         Router 8.0.37 running (restart pending); Charmed operator 1.2+a648a2e\\nmysql-router-k8s/2   maintenance  idle   10.1.184.78         \\nmysql-test-app/0*    active       idle   10.1.184.72         \\n'\n +  where 'Model  Controller          Cloud/Region        Version  SLA          Timestamp\\ntest   microk8s-localhost  microk8s/localhost  3.4.3    unsupported  02:36:24Z\\n\\nApp               Version                  Status   Scale  Charm             Channel      Rev  Address         Exposed  Message\\nmysql-k8s         8.0.37-0ubuntu0.22.04.3  active       1  mysql-k8s         8.0/edge     201  10.152.183.148  no       \\nmysql-router-k8s  8.0.37-0ubuntu0.22.04.3  waiting      3  mysql-router-k8s  8.0/edge       0  10.152.183.166  no       installing agent\\nmysql-test-app    0.0.2                    active       1  mysql-test-app    latest/edge   63  10.152.183.205  no       \\n\\nUnit                 Workload     Agent  Address      Ports  Message\\nmysql-k8s/0*         active       idle   10.1.184.77         Primary\\nmysql-router-k8s/0*  active       idle   10.1.184.74         Router 8.0.37 running (restart pending); Charmed operator 1.2+a648a2e\\nmysql-router-k8s/1   active       idle   10.1.184.76         Router 8.0.37 running (restart pending); Charmed operator 1.2+a648a2e\\nmysql-router-k8s/2   maintenance  idle   10.1.184.78         \\nmysql-test-app/0*    active       idle   10.1.184.72         \\n' = get_juju_status('test')\n +    where 'test' = <juju.model.Model object at 0x7fe67d742500>.name\n +      where <juju.model.Model object at 0x7fe67d742500> = <pytest_operator.plugin.OpsTest object at 0x7fe679f34ca0>.model","time":{"start":1728268259523,"stop":1728268584162,"duration":324639}},{"uid":"affa5507bf33a6cc","reportUrl":"../294//#testresult/affa5507bf33a6cc","status":"failed","statusDetails":"AssertionError: None of the units are upgraded\nassert '+testupgrade' in 'Model  Controller          Cloud/Region        Version  SLA          Timestamp\\ntest   microk8s-localhost  microk8s/localhost  3.4.3    unsupported  02:40:08Z\\n\\nApp               Version                  Status   Scale  Charm             Channel      Rev  Address         Exposed  Message\\nmysql-k8s         8.0.37-0ubuntu0.22.04.3  active       1  mysql-k8s         8.0/edge     201  10.152.183.118  no       \\nmysql-router-k8s  8.0.37-0ubuntu0.22.04.3  waiting      3  mysql-router-k8s  8.0/edge       0  10.152.183.206  no       installing agent\\nmysql-test-app    0.0.2                    active       1  mysql-test-app    latest/edge   63  10.152.183.254  no       \\n\\nUnit                 Workload     Agent  Address       Ports  Message\\nmysql-k8s/0*         active       idle   10.1.220.141         Primary\\nmysql-router-k8s/0*  active       idle   10.1.220.137         Router 8.0.37 running (restart pending); Charmed operator 1.2+a648a2e\\nmysql-router-k8s/1   active       idle   10.1.220.139         Router 8.0.37 running (restart pending); Charmed operator 1.2+a648a2e\\nmysql-router-k8s/2   maintenance  idle   10.1.220.142         \\nmysql-test-app/0*    active       idle   10.1.220.136         \\n'\n +  where 'Model  Controller          Cloud/Region        Version  SLA          Timestamp\\ntest   microk8s-localhost  microk8s/localhost  3.4.3    unsupported  02:40:08Z\\n\\nApp               Version                  Status   Scale  Charm             Channel      Rev  Address         Exposed  Message\\nmysql-k8s         8.0.37-0ubuntu0.22.04.3  active       1  mysql-k8s         8.0/edge     201  10.152.183.118  no       \\nmysql-router-k8s  8.0.37-0ubuntu0.22.04.3  waiting      3  mysql-router-k8s  8.0/edge       0  10.152.183.206  no       installing agent\\nmysql-test-app    0.0.2                    active       1  mysql-test-app    latest/edge   63  10.152.183.254  no       \\n\\nUnit                 Workload     Agent  Address       Ports  Message\\nmysql-k8s/0*         active       idle   10.1.220.141         Primary\\nmysql-router-k8s/0*  active       idle   10.1.220.137         Router 8.0.37 running (restart pending); Charmed operator 1.2+a648a2e\\nmysql-router-k8s/1   active       idle   10.1.220.139         Router 8.0.37 running (restart pending); Charmed operator 1.2+a648a2e\\nmysql-router-k8s/2   maintenance  idle   10.1.220.142         \\nmysql-test-app/0*    active       idle   10.1.220.136         \\n' = get_juju_status('test')\n +    where 'test' = <juju.model.Model object at 0x7f1457f219f0>.name\n +      where <juju.model.Model object at 0x7f1457f219f0> = <pytest_operator.plugin.OpsTest object at 0x7f1458260460>.model","time":{"start":1728182085137,"stop":1728182408172,"duration":323035}},{"uid":"323fa4b2de9b51d6","reportUrl":"../293//#testresult/323fa4b2de9b51d6","status":"failed","statusDetails":"AssertionError: None of the units are upgraded\nassert '+testupgrade' in 'Model  Controller          Cloud/Region        Version  SLA          Timestamp\\ntest   microk8s-localhost  microk8s/localhost  3.4.3    unsupported  02:31:08Z\\n\\nApp               Version                  Status   Scale  Charm             Channel      Rev  Address         Exposed  Message\\nmysql-k8s         8.0.37-0ubuntu0.22.04.3  active       1  mysql-k8s         8.0/edge     201  10.152.183.32   no       \\nmysql-router-k8s  8.0.37-0ubuntu0.22.04.3  waiting      3  mysql-router-k8s  8.0/edge       0  10.152.183.151  no       installing agent\\nmysql-test-app    0.0.2                    active       1  mysql-test-app    latest/edge   63  10.152.183.87   no       \\n\\nUnit                 Workload     Agent  Address       Ports  Message\\nmysql-k8s/0*         active       idle   10.1.173.205         Primary\\nmysql-router-k8s/0*  active       idle   10.1.173.202         Router 8.0.37 running (restart pending); Charmed operator 1.2+a648a2e\\nmysql-router-k8s/1   active       idle   10.1.173.204         Router 8.0.37 running (restart pending); Charmed operator 1.2+a648a2e\\nmysql-router-k8s/2   maintenance  idle   10.1.173.206         \\nmysql-test-app/0*    active       idle   10.1.173.200         \\n'\n +  where 'Model  Controller          Cloud/Region        Version  SLA          Timestamp\\ntest   microk8s-localhost  microk8s/localhost  3.4.3    unsupported  02:31:08Z\\n\\nApp               Version                  Status   Scale  Charm             Channel      Rev  Address         Exposed  Message\\nmysql-k8s         8.0.37-0ubuntu0.22.04.3  active       1  mysql-k8s         8.0/edge     201  10.152.183.32   no       \\nmysql-router-k8s  8.0.37-0ubuntu0.22.04.3  waiting      3  mysql-router-k8s  8.0/edge       0  10.152.183.151  no       installing agent\\nmysql-test-app    0.0.2                    active       1  mysql-test-app    latest/edge   63  10.152.183.87   no       \\n\\nUnit                 Workload     Agent  Address       Ports  Message\\nmysql-k8s/0*         active       idle   10.1.173.205         Primary\\nmysql-router-k8s/0*  active       idle   10.1.173.202         Router 8.0.37 running (restart pending); Charmed operator 1.2+a648a2e\\nmysql-router-k8s/1   active       idle   10.1.173.204         Router 8.0.37 running (restart pending); Charmed operator 1.2+a648a2e\\nmysql-router-k8s/2   maintenance  idle   10.1.173.206         \\nmysql-test-app/0*    active       idle   10.1.173.200         \\n' = get_juju_status('test')\n +    where 'test' = <juju.model.Model object at 0x7f0db2ba6830>.name\n +      where <juju.model.Model object at 0x7f0db2ba6830> = <pytest_operator.plugin.OpsTest object at 0x7f0db625d840>.model","time":{"start":1728095146479,"stop":1728095468959,"duration":322480}},{"uid":"24e83d5842394b81","reportUrl":"../291//#testresult/24e83d5842394b81","status":"failed","statusDetails":"AssertionError: None of the units are upgraded\nassert '+testupgrade' in 'Model  Controller          Cloud/Region        Version  SLA          Timestamp\\ntest   microk8s-localhost  microk8s/localhost  3.4.3    unsupported  02:33:49Z\\n\\nApp               Version                  Status   Scale  Charm             Channel      Rev  Address         Exposed  Message\\nmysql-k8s         8.0.37-0ubuntu0.22.04.3  active       1  mysql-k8s         8.0/edge     201  10.152.183.34   no       \\nmysql-router-k8s  8.0.37-0ubuntu0.22.04.3  waiting      3  mysql-router-k8s  8.0/edge       0  10.152.183.246  no       installing agent\\nmysql-test-app    0.0.2                    active       1  mysql-test-app    latest/edge   63  10.152.183.207  no       \\n\\nUnit                 Workload     Agent  Address     Ports  Message\\nmysql-k8s/0*         active       idle   10.1.81.13         Primary\\nmysql-router-k8s/0*  active       idle   10.1.81.8          Router 8.0.37 running (restart pending); Charmed operator 1.2+a648a2e\\nmysql-router-k8s/1   active       idle   10.1.81.9          Router 8.0.37 running (restart pending); Charmed operator 1.2+a648a2e\\nmysql-router-k8s/2   maintenance  idle   10.1.81.14         \\nmysql-test-app/0*    active       idle   10.1.81.11         \\n'\n +  where 'Model  Controller          Cloud/Region        Version  SLA          Timestamp\\ntest   microk8s-localhost  microk8s/localhost  3.4.3    unsupported  02:33:49Z\\n\\nApp               Version                  Status   Scale  Charm             Channel      Rev  Address         Exposed  Message\\nmysql-k8s         8.0.37-0ubuntu0.22.04.3  active       1  mysql-k8s         8.0/edge     201  10.152.183.34   no       \\nmysql-router-k8s  8.0.37-0ubuntu0.22.04.3  waiting      3  mysql-router-k8s  8.0/edge       0  10.152.183.246  no       installing agent\\nmysql-test-app    0.0.2                    active       1  mysql-test-app    latest/edge   63  10.152.183.207  no       \\n\\nUnit                 Workload     Agent  Address     Ports  Message\\nmysql-k8s/0*         active       idle   10.1.81.13         Primary\\nmysql-router-k8s/0*  active       idle   10.1.81.8          Router 8.0.37 running (restart pending); Charmed operator 1.2+a648a2e\\nmysql-router-k8s/1   active       idle   10.1.81.9          Router 8.0.37 running (restart pending); Charmed operator 1.2+a648a2e\\nmysql-router-k8s/2   maintenance  idle   10.1.81.14         \\nmysql-test-app/0*    active       idle   10.1.81.11         \\n' = get_juju_status('test')\n +    where 'test' = <juju.model.Model object at 0x7f6b6e998700>.name\n +      where <juju.model.Model object at 0x7f6b6e998700> = <pytest_operator.plugin.OpsTest object at 0x7f6b69e7ebf0>.model","time":{"start":1728008907087,"stop":1728009229554,"duration":322467}},{"uid":"eaa87f90283f1684","reportUrl":"../289//#testresult/eaa87f90283f1684","status":"broken","statusDetails":"asyncio.exceptions.TimeoutError","time":{"start":1727922499846,"stop":1727923705115,"duration":1205269}},{"uid":"229a5296b71d8c4d","reportUrl":"../287//#testresult/229a5296b71d8c4d","status":"failed","statusDetails":"AssertionError: None of the units are upgraded\nassert '+testupgrade' in 'Model  Controller          Cloud/Region        Version  SLA          Timestamp\\ntest   microk8s-localhost  microk8s/localhost  3.4.3    unsupported  02:33:17Z\\n\\nApp               Version                  Status   Scale  Charm             Channel      Rev  Address         Exposed  Message\\nmysql-k8s         8.0.37-0ubuntu0.22.04.3  active       1  mysql-k8s         8.0/edge     201  10.152.183.206  no       \\nmysql-router-k8s  8.0.37-0ubuntu0.22.04.3  waiting      3  mysql-router-k8s  8.0/edge       0  10.152.183.153  no       installing agent\\nmysql-test-app    0.0.2                    active       1  mysql-test-app    latest/edge   63  10.152.183.97   no       Last written value=25101\\n\\nUnit                 Workload     Agent  Address      Ports  Message\\nmysql-k8s/0*         active       idle   10.1.128.13         Primary\\nmysql-router-k8s/0   active       idle   10.1.128.8          Router 8.0.37 running (restart pending); Charmed operator 1.2+a648a2e\\nmysql-router-k8s/1*  active       idle   10.1.128.9          Router 8.0.37 running (restart pending); Charmed operator 1.2+a648a2e\\nmysql-router-k8s/2   maintenance  idle   10.1.128.14         \\nmysql-test-app/0*    active       idle   10.1.128.12         Last written value=25101\\n'\n +  where 'Model  Controller          Cloud/Region        Version  SLA          Timestamp\\ntest   microk8s-localhost  microk8s/localhost  3.4.3    unsupported  02:33:17Z\\n\\nApp               Version                  Status   Scale  Charm             Channel      Rev  Address         Exposed  Message\\nmysql-k8s         8.0.37-0ubuntu0.22.04.3  active       1  mysql-k8s         8.0/edge     201  10.152.183.206  no       \\nmysql-router-k8s  8.0.37-0ubuntu0.22.04.3  waiting      3  mysql-router-k8s  8.0/edge       0  10.152.183.153  no       installing agent\\nmysql-test-app    0.0.2                    active       1  mysql-test-app    latest/edge   63  10.152.183.97   no       Last written value=25101\\n\\nUnit                 Workload     Agent  Address      Ports  Message\\nmysql-k8s/0*         active       idle   10.1.128.13         Primary\\nmysql-router-k8s/0   active       idle   10.1.128.8          Router 8.0.37 running (restart pending); Charmed operator 1.2+a648a2e\\nmysql-router-k8s/1*  active       idle   10.1.128.9          Router 8.0.37 running (restart pending); Charmed operator 1.2+a648a2e\\nmysql-router-k8s/2   maintenance  idle   10.1.128.14         \\nmysql-test-app/0*    active       idle   10.1.128.12         Last written value=25101\\n' = get_juju_status('test')\n +    where 'test' = <juju.model.Model object at 0x7f2095cc42e0>.name\n +      where <juju.model.Model object at 0x7f2095cc42e0> = <pytest_operator.plugin.OpsTest object at 0x7f20922e55d0>.model","time":{"start":1727836075521,"stop":1727836398019,"duration":322498}},{"uid":"7b055aa92e350e43","reportUrl":"../286//#testresult/7b055aa92e350e43","status":"failed","statusDetails":"AssertionError: None of the units are upgraded\nassert '+testupgrade' in 'Model  Controller          Cloud/Region        Version  SLA          Timestamp\\ntest   microk8s-localhost  microk8s/localhost  3.4.3    unsupported  02:42:55Z\\n\\nApp               Version                  Status   Scale  Charm             Channel      Rev  Address         Exposed  Message\\nmysql-k8s         8.0.37-0ubuntu0.22.04.3  active       1  mysql-k8s         8.0/edge     201  10.152.183.142  no       \\nmysql-router-k8s  8.0.37-0ubuntu0.22.04.3  waiting      3  mysql-router-k8s  8.0/edge       0  10.152.183.63   no       installing agent\\nmysql-test-app    0.0.2                    active       1  mysql-test-app    latest/edge   63  10.152.183.157  no       \\n\\nUnit                 Workload     Agent  Address     Ports  Message\\nmysql-k8s/0*         active       idle   10.1.21.77         Primary\\nmysql-router-k8s/0*  active       idle   10.1.21.73         Router 8.0.37 running (restart pending); Charmed operator 1.2+a648a2e\\nmysql-router-k8s/1   active       idle   10.1.21.74         Router 8.0.37 running (restart pending); Charmed operator 1.2+a648a2e\\nmysql-router-k8s/2   maintenance  idle   10.1.21.78         \\nmysql-test-app/0*    active       idle   10.1.21.72         \\n'\n +  where 'Model  Controller          Cloud/Region        Version  SLA          Timestamp\\ntest   microk8s-localhost  microk8s/localhost  3.4.3    unsupported  02:42:55Z\\n\\nApp               Version                  Status   Scale  Charm             Channel      Rev  Address         Exposed  Message\\nmysql-k8s         8.0.37-0ubuntu0.22.04.3  active       1  mysql-k8s         8.0/edge     201  10.152.183.142  no       \\nmysql-router-k8s  8.0.37-0ubuntu0.22.04.3  waiting      3  mysql-router-k8s  8.0/edge       0  10.152.183.63   no       installing agent\\nmysql-test-app    0.0.2                    active       1  mysql-test-app    latest/edge   63  10.152.183.157  no       \\n\\nUnit                 Workload     Agent  Address     Ports  Message\\nmysql-k8s/0*         active       idle   10.1.21.77         Primary\\nmysql-router-k8s/0*  active       idle   10.1.21.73         Router 8.0.37 running (restart pending); Charmed operator 1.2+a648a2e\\nmysql-router-k8s/1   active       idle   10.1.21.74         Router 8.0.37 running (restart pending); Charmed operator 1.2+a648a2e\\nmysql-router-k8s/2   maintenance  idle   10.1.21.78         \\nmysql-test-app/0*    active       idle   10.1.21.72         \\n' = get_juju_status('test')\n +    where 'test' = <juju.model.Model object at 0x7f8af6f92830>.name\n +      where <juju.model.Model object at 0x7f8af6f92830> = <pytest_operator.plugin.OpsTest object at 0x7f8afa8c9840>.model","time":{"start":1727750251382,"stop":1727750575401,"duration":324019}},{"uid":"9321668a679306b0","reportUrl":"../284//#testresult/9321668a679306b0","status":"failed","statusDetails":"AssertionError: None of the units are upgraded\nassert '+testupgrade' in 'Model  Controller          Cloud/Region        Version  SLA          Timestamp\\ntest   microk8s-localhost  microk8s/localhost  3.4.3    unsupported  02:38:40Z\\n\\nApp               Version                  Status   Scale  Charm             Channel      Rev  Address         Exposed  Message\\nmysql-k8s         8.0.37-0ubuntu0.22.04.3  active       1  mysql-k8s         8.0/edge     201  10.152.183.171  no       \\nmysql-router-k8s  8.0.37-0ubuntu0.22.04.3  waiting      3  mysql-router-k8s  8.0/edge       0  10.152.183.19   no       installing agent\\nmysql-test-app    0.0.2                    active       1  mysql-test-app    latest/edge   63  10.152.183.179  no       Last written value=24558\\n\\nUnit                 Workload     Agent  Address     Ports  Message\\nmysql-k8s/0*         active       idle   10.1.13.77         Primary\\nmysql-router-k8s/0   active       idle   10.1.13.73         Router 8.0.37 running (restart pending); Charmed operator 1.2+a648a2e\\nmysql-router-k8s/1*  active       idle   10.1.13.75         Router 8.0.37 running (restart pending); Charmed operator 1.2+a648a2e\\nmysql-router-k8s/2   maintenance  idle   10.1.13.78         \\nmysql-test-app/0*    active       idle   10.1.13.72         Last written value=24558\\n'\n +  where 'Model  Controller          Cloud/Region        Version  SLA          Timestamp\\ntest   microk8s-localhost  microk8s/localhost  3.4.3    unsupported  02:38:40Z\\n\\nApp               Version                  Status   Scale  Charm             Channel      Rev  Address         Exposed  Message\\nmysql-k8s         8.0.37-0ubuntu0.22.04.3  active       1  mysql-k8s         8.0/edge     201  10.152.183.171  no       \\nmysql-router-k8s  8.0.37-0ubuntu0.22.04.3  waiting      3  mysql-router-k8s  8.0/edge       0  10.152.183.19   no       installing agent\\nmysql-test-app    0.0.2                    active       1  mysql-test-app    latest/edge   63  10.152.183.179  no       Last written value=24558\\n\\nUnit                 Workload     Agent  Address     Ports  Message\\nmysql-k8s/0*         active       idle   10.1.13.77         Primary\\nmysql-router-k8s/0   active       idle   10.1.13.73         Router 8.0.37 running (restart pending); Charmed operator 1.2+a648a2e\\nmysql-router-k8s/1*  active       idle   10.1.13.75         Router 8.0.37 running (restart pending); Charmed operator 1.2+a648a2e\\nmysql-router-k8s/2   maintenance  idle   10.1.13.78         \\nmysql-test-app/0*    active       idle   10.1.13.72         Last written value=24558\\n' = get_juju_status('test')\n +    where 'test' = <juju.model.Model object at 0x7f9ee4070790>.name\n +      where <juju.model.Model object at 0x7f9ee4070790> = <pytest_operator.plugin.OpsTest object at 0x7f9ee40da530>.model","time":{"start":1727663597898,"stop":1727663920527,"duration":322629}},{"uid":"d789c040c296afc3","reportUrl":"../283//#testresult/d789c040c296afc3","status":"broken","statusDetails":"asyncio.exceptions.TimeoutError","time":{"start":1727577257750,"stop":1727578462943,"duration":1205193}},{"uid":"891c99e4121cb217","reportUrl":"../282//#testresult/891c99e4121cb217","status":"failed","statusDetails":"AssertionError: None of the units are upgraded\nassert '+testupgrade' in 'Model  Controller          Cloud/Region        Version  SLA          Timestamp\\ntest   microk8s-localhost  microk8s/localhost  3.4.3    unsupported  02:32:24Z\\n\\nApp               Version                  Status   Scale  Charm             Channel      Rev  Address         Exposed  Message\\nmysql-k8s         8.0.37-0ubuntu0.22.04.3  active       1  mysql-k8s         8.0/edge     201  10.152.183.74   no       \\nmysql-router-k8s  8.0.37-0ubuntu0.22.04.3  waiting      3  mysql-router-k8s  8.0/edge       0  10.152.183.247  no       installing agent\\nmysql-test-app    0.0.2                    active       1  mysql-test-app    latest/edge   63  10.152.183.222  no       \\n\\nUnit                 Workload     Agent  Address      Ports  Message\\nmysql-k8s/0*         active       idle   10.1.116.77         Primary\\nmysql-router-k8s/0   active       idle   10.1.116.72         Router 8.0.37 running (restart pending); Charmed operator 1.2+a648a2e\\nmysql-router-k8s/1*  active       idle   10.1.116.73         Router 8.0.37 running (restart pending); Charmed operator 1.2+a648a2e\\nmysql-router-k8s/2   maintenance  idle   10.1.116.78         \\nmysql-test-app/0*    active       idle   10.1.116.76         \\n'\n +  where 'Model  Controller          Cloud/Region        Version  SLA          Timestamp\\ntest   microk8s-localhost  microk8s/localhost  3.4.3    unsupported  02:32:24Z\\n\\nApp               Version                  Status   Scale  Charm             Channel      Rev  Address         Exposed  Message\\nmysql-k8s         8.0.37-0ubuntu0.22.04.3  active       1  mysql-k8s         8.0/edge     201  10.152.183.74   no       \\nmysql-router-k8s  8.0.37-0ubuntu0.22.04.3  waiting      3  mysql-router-k8s  8.0/edge       0  10.152.183.247  no       installing agent\\nmysql-test-app    0.0.2                    active       1  mysql-test-app    latest/edge   63  10.152.183.222  no       \\n\\nUnit                 Workload     Agent  Address      Ports  Message\\nmysql-k8s/0*         active       idle   10.1.116.77         Primary\\nmysql-router-k8s/0   active       idle   10.1.116.72         Router 8.0.37 running (restart pending); Charmed operator 1.2+a648a2e\\nmysql-router-k8s/1*  active       idle   10.1.116.73         Router 8.0.37 running (restart pending); Charmed operator 1.2+a648a2e\\nmysql-router-k8s/2   maintenance  idle   10.1.116.78         \\nmysql-test-app/0*    active       idle   10.1.116.76         \\n' = get_juju_status('test')\n +    where 'test' = <juju.model.Model object at 0x7f6414dda770>.name\n +      where <juju.model.Model object at 0x7f6414dda770> = <pytest_operator.plugin.OpsTest object at 0x7f64159d15d0>.model","time":{"start":1727490420177,"stop":1727490744864,"duration":324687}},{"uid":"dacff610a9027dfd","reportUrl":"../280//#testresult/dacff610a9027dfd","status":"broken","statusDetails":"asyncio.exceptions.TimeoutError","time":{"start":1727404115292,"stop":1727405320472,"duration":1205180}},{"uid":"6cf2a098e8eace66","reportUrl":"../279//#testresult/6cf2a098e8eace66","status":"failed","statusDetails":"AssertionError: None of the units are upgraded\nassert '+testupgrade' in 'Model  Controller          Cloud/Region        Version  SLA          Timestamp\\ntest   microk8s-localhost  microk8s/localhost  3.4.3    unsupported  02:33:41Z\\n\\nApp               Version                  Status   Scale  Charm             Channel      Rev  Address        Exposed  Message\\nmysql-k8s         8.0.37-0ubuntu0.22.04.3  active       1  mysql-k8s         8.0/edge     201  10.152.183.49  no       \\nmysql-router-k8s  8.0.37-0ubuntu0.22.04.3  waiting      3  mysql-router-k8s  8.0/edge       0  10.152.183.19  no       installing agent\\nmysql-test-app    0.0.2                    active       1  mysql-test-app    latest/edge   63  10.152.183.47  no       \\n\\nUnit                 Workload     Agent  Address       Ports  Message\\nmysql-k8s/0*         active       idle   10.1.203.141         Primary\\nmysql-router-k8s/0*  active       idle   10.1.203.138         Router 8.0.37 running (restart pending); Charmed operator 1.2+a648a2e\\nmysql-router-k8s/1   active       idle   10.1.203.140         Router 8.0.37 running (restart pending); Charmed operator 1.2+a648a2e\\nmysql-router-k8s/2   maintenance  idle   10.1.203.142         \\nmysql-test-app/0*    active       idle   10.1.203.136         \\n'\n +  where 'Model  Controller          Cloud/Region        Version  SLA          Timestamp\\ntest   microk8s-localhost  microk8s/localhost  3.4.3    unsupported  02:33:41Z\\n\\nApp               Version                  Status   Scale  Charm             Channel      Rev  Address        Exposed  Message\\nmysql-k8s         8.0.37-0ubuntu0.22.04.3  active       1  mysql-k8s         8.0/edge     201  10.152.183.49  no       \\nmysql-router-k8s  8.0.37-0ubuntu0.22.04.3  waiting      3  mysql-router-k8s  8.0/edge       0  10.152.183.19  no       installing agent\\nmysql-test-app    0.0.2                    active       1  mysql-test-app    latest/edge   63  10.152.183.47  no       \\n\\nUnit                 Workload     Agent  Address       Ports  Message\\nmysql-k8s/0*         active       idle   10.1.203.141         Primary\\nmysql-router-k8s/0*  active       idle   10.1.203.138         Router 8.0.37 running (restart pending); Charmed operator 1.2+a648a2e\\nmysql-router-k8s/1   active       idle   10.1.203.140         Router 8.0.37 running (restart pending); Charmed operator 1.2+a648a2e\\nmysql-router-k8s/2   maintenance  idle   10.1.203.142         \\nmysql-test-app/0*    active       idle   10.1.203.136         \\n' = get_juju_status('test')\n +    where 'test' = <juju.model.Model object at 0x7f476e96e620>.name\n +      where <juju.model.Model object at 0x7f476e96e620> = <pytest_operator.plugin.OpsTest object at 0x7f476cb96ce0>.model","time":{"start":1727317697803,"stop":1727318021961,"duration":324158}},{"uid":"d2124017bed453c4","reportUrl":"../276//#testresult/d2124017bed453c4","status":"broken","statusDetails":"asyncio.exceptions.TimeoutError","time":{"start":1727231365431,"stop":1727232570672,"duration":1205241}},{"uid":"b63a27f1f3546a01","reportUrl":"../275//#testresult/b63a27f1f3546a01","status":"skipped","statusDetails":"XFAIL reason: aborted\n\n_pytest.outcomes.XFailed: aborted","time":{"start":1727144864525,"stop":1727144864525,"duration":0}},{"uid":"2a1ae1efe161d33a","reportUrl":"../274//#testresult/2a1ae1efe161d33a","status":"broken","statusDetails":"asyncio.exceptions.TimeoutError","time":{"start":1727058506876,"stop":1727059713110,"duration":1206234}},{"uid":"1ee5bbe1bcdc3061","reportUrl":"../273//#testresult/1ee5bbe1bcdc3061","status":"broken","statusDetails":"mysql.connector.errors.ProgrammingError: 1146 (42S02): Table 'continuous_writes_database.data' doesn't exist","time":{"start":1726972457412,"stop":1726972461508,"duration":4096}},{"uid":"f4063cba668137dd","reportUrl":"../272//#testresult/f4063cba668137dd","status":"broken","statusDetails":"asyncio.exceptions.TimeoutError","time":{"start":1726885521657,"stop":1726886727853,"duration":1206196}},{"uid":"340174504b23450e","reportUrl":"../270//#testresult/340174504b23450e","status":"failed","statusDetails":"AssertionError: None of the units are upgraded\nassert '+testupgrade' in 'Model  Controller          Cloud/Region        Version  SLA          Timestamp\\ntest   microk8s-localhost  microk8s/localhost  3.4.3    unsupported  02:30:49Z\\n\\nApp               Version                  Status   Scale  Charm             Channel      Rev  Address         Exposed  Message\\nmysql-k8s         8.0.37-0ubuntu0.22.04.3  active       1  mysql-k8s         8.0/edge     201  10.152.183.135  no       \\nmysql-router-k8s  8.0.37-0ubuntu0.22.04.3  waiting      3  mysql-router-k8s  8.0/edge       0  10.152.183.98   no       installing agent\\nmysql-test-app    0.0.2                    active       1  mysql-test-app    latest/edge   63  10.152.183.62   no       \\n\\nUnit                 Workload     Agent  Address      Ports  Message\\nmysql-k8s/0*         active       idle   10.1.156.13         Primary\\nmysql-router-k8s/0*  active       idle   10.1.156.8          Router 8.0.37 running (restart pending); Charmed operator 1.2+a648a2e\\nmysql-router-k8s/1   active       idle   10.1.156.9          Router 8.0.37 running (restart pending); Charmed operator 1.2+a648a2e\\nmysql-router-k8s/2   maintenance  idle   10.1.156.14         \\nmysql-test-app/0*    active       idle   10.1.156.11         \\n'\n +  where 'Model  Controller          Cloud/Region        Version  SLA          Timestamp\\ntest   microk8s-localhost  microk8s/localhost  3.4.3    unsupported  02:30:49Z\\n\\nApp               Version                  Status   Scale  Charm             Channel      Rev  Address         Exposed  Message\\nmysql-k8s         8.0.37-0ubuntu0.22.04.3  active       1  mysql-k8s         8.0/edge     201  10.152.183.135  no       \\nmysql-router-k8s  8.0.37-0ubuntu0.22.04.3  waiting      3  mysql-router-k8s  8.0/edge       0  10.152.183.98   no       installing agent\\nmysql-test-app    0.0.2                    active       1  mysql-test-app    latest/edge   63  10.152.183.62   no       \\n\\nUnit                 Workload     Agent  Address      Ports  Message\\nmysql-k8s/0*         active       idle   10.1.156.13         Primary\\nmysql-router-k8s/0*  active       idle   10.1.156.8          Router 8.0.37 running (restart pending); Charmed operator 1.2+a648a2e\\nmysql-router-k8s/1   active       idle   10.1.156.9          Router 8.0.37 running (restart pending); Charmed operator 1.2+a648a2e\\nmysql-router-k8s/2   maintenance  idle   10.1.156.14         \\nmysql-test-app/0*    active       idle   10.1.156.11         \\n' = get_juju_status('test')\n +    where 'test' = <juju.model.Model object at 0x7fc641b05030>.name\n +      where <juju.model.Model object at 0x7fc641b05030> = <pytest_operator.plugin.OpsTest object at 0x7fc63d10cbe0>.model","time":{"start":1726799127631,"stop":1726799449737,"duration":322106}},{"uid":"fed25020111eca48","reportUrl":"../269//#testresult/fed25020111eca48","status":"broken","statusDetails":"asyncio.exceptions.TimeoutError","time":{"start":1726712717906,"stop":1726713923153,"duration":1205247}}]},"tags":["asyncio","abort_on_fail","group(1)"]},"source":"7c87600b5d23b21f.json","parameterValues":[]}