{"uid":"4b4757e66a1912dae1a509f688f20b0f","children":[{"name":"Test defects","children":[{"name":"juju.errors.JujuAppError: App in error: mysql-k8s","children":[{"name":"test_build_and_deploy","uid":"6a60e6f639972be","parentUid":"58957a07ef4aa3b07a27f59de0c131af","status":"broken","time":{"start":1720577441794,"stop":1720577482615,"duration":40821},"flaky":false,"newFailed":false,"newPassed":false,"newBroken":true,"retriesCount":1,"retriesStatusChange":true,"parameters":[],"tags":["asyncio","abort_on_fail","@pytest.mark.skipif(False, reason='Skips juju <3.1.x as we have a dependency for self-signed-certificates')","group(1)"]}],"uid":"58957a07ef4aa3b07a27f59de0c131af"}],"uid":"bdbf199525818fae7a8651db9eafe741"},{"name":"Product defects","children":[{"name":"AssertionError: None of the units are upgraded\nassert '+testupgrade' in 'Model  Controller          Cloud/Region        Version  SLA          Timestamp\\ntest   microk8s-localhost  microk8s/localhost  3.4.3    unsupported  02:18:20Z\\n\\nApp               Version                  Status   Scale  Charm             Channel      Rev  Address         Exposed  Message\\nmysql-k8s         8.0.37-0ubuntu0.22.04.3  active       1  mysql-k8s         8.0/edge     160  10.152.183.105  no       \\nmysql-router-k8s  8.0.37-0ubuntu0.22.04.3  waiting      3  mysql-router-k8s  8.0/edge       0  10.152.183.216  no       installing agent\\nmysql-test-app    0.0.2                    active       1  mysql-test-app    latest/edge   46  10.152.183.27   no       Last written value=21908\\n\\nUnit                 Workload  Agent  Address       Ports  Message\\nmysql-k8s/0*         active    idle   10.1.166.205         Primary\\nmysql-router-k8s/0*  active    idle   10.1.166.201         Router 8.0.37 running (restart pending); Charmed operator 1.2+11080d8\\nmysql-router-k8s/1   active    idle   10.1.166.202         Router 8.0.37 running (restart pending); Charmed operator 1.2+11080d8\\nmysql-router-k8s/2   blocked   idle   10.1.166.206         Upgrade incompatible. Rollback to previous revision with `juju refresh`\\nmysql-test-app/0*    active    idle   10.1.166.200         Last written value=21908\\n'\n +  where 'Model  Controller          Cloud/Region        Version  SLA          Timestamp\\ntest   microk8s-localhost  microk8s/localhost  3.4.3    unsupported  02:18:20Z\\n\\nApp               Version                  Status   Scale  Charm             Channel      Rev  Address         Exposed  Message\\nmysql-k8s         8.0.37-0ubuntu0.22.04.3  active       1  mysql-k8s         8.0/edge     160  10.152.183.105  no       \\nmysql-router-k8s  8.0.37-0ubuntu0.22.04.3  waiting      3  mysql-router-k8s  8.0/edge       0  10.152.183.216  no       installing agent\\nmysql-test-app    0.0.2                    active       1  mysql-test-app    latest/edge   46  10.152.183.27   no       Last written value=21908\\n\\nUnit                 Workload  Agent  Address       Ports  Message\\nmysql-k8s/0*         active    idle   10.1.166.205         Primary\\nmysql-router-k8s/0*  active    idle   10.1.166.201         Router 8.0.37 running (restart pending); Charmed operator 1.2+11080d8\\nmysql-router-k8s/1   active    idle   10.1.166.202         Router 8.0.37 running (restart pending); Charmed operator 1.2+11080d8\\nmysql-router-k8s/2   blocked   idle   10.1.166.206         Upgrade incompatible. Rollback to previous revision with `juju refresh`\\nmysql-test-app/0*    active    idle   10.1.166.200         Last written value=21908\\n' = get_juju_status('test')\n +    where 'test' = <juju.model.Model object at 0x7f08e95d1480>.name\n +      where <juju.model.Model object at 0x7f08e95d1480> = <pytest_operator.plugin.OpsTest object at 0x7f08e94868f0>.model","children":[{"name":"test_upgrade_from_edge","uid":"a1cb3065ebbbbb95","parentUid":"c239bdcb753050d7e363d601e1dda572","status":"failed","time":{"start":1720577573687,"stop":1720577900186,"duration":326499},"flaky":false,"newFailed":false,"newPassed":false,"newBroken":false,"retriesCount":1,"retriesStatusChange":true,"parameters":[],"tags":["asyncio","abort_on_fail","group(1)"]}],"uid":"c239bdcb753050d7e363d601e1dda572"},{"name":"AssertionError: Expected mysqlrouter certificate from self-signed-certificates\nassert 'CN = Test CA' in '        Issuer: CN = MySQL_Router_Auto_Generated_CA_Certificate\\n'","children":[{"name":"test_exporter_endpoint_with_tls","uid":"6b44c07aa558936f","parentUid":"93b60757449d4fd57cf74ed78176af75","status":"failed","time":{"start":1720577617880,"stop":1720577665729,"duration":47849},"flaky":true,"newFailed":true,"newPassed":false,"newBroken":false,"retriesCount":1,"retriesStatusChange":true,"parameters":[],"tags":["asyncio","abort_on_fail","group(1)"]}],"uid":"93b60757449d4fd57cf74ed78176af75"}],"uid":"8fb3a91ba5aaf9de24cc8a92edc82b5d"}],"name":"categories"}