{"uid":"cbb979957e933ecb","name":"test_upgrade_from_edge","fullName":"tests.integration.test_upgrade#test_upgrade_from_edge","historyId":"59e96b2cf75bb30d0a5cbde0e5234d56","time":{"start":1724725237501,"stop":1724725560229,"duration":322728},"description":"Upgrade mysqlrouter while ensuring continuous writes incrementing.","descriptionHtml":"<p>Upgrade mysqlrouter while ensuring continuous writes incrementing.</p>\n","status":"failed","statusMessage":"AssertionError: None of the units are upgraded\nassert '+testupgrade' in 'Model  Controller          Cloud/Region        Version  SLA          Timestamp\\ntest   microk8s-localhost  microk8s/localhost  3.4.3    unsupported  02:26:00Z\\n\\nApp               Version                  Status   Scale  Charm             Channel      Rev  Address         Exposed  Message\\nmysql-k8s         8.0.37-0ubuntu0.22.04.3  active       1  mysql-k8s         8.0/edge     182  10.152.183.39   no       \\nmysql-router-k8s  8.0.37-0ubuntu0.22.04.3  waiting      3  mysql-router-k8s  8.0/edge       0  10.152.183.178  no       installing agent\\nmysql-test-app    0.0.2                    active       1  mysql-test-app    latest/edge   51  10.152.183.42   no       \\n\\nUnit                 Workload     Agent      Address       Ports  Message\\nmysql-k8s/0*         active       executing  10.1.212.141         Primary\\nmysql-router-k8s/0   active       idle       10.1.212.138         Router 8.0.37 running (restart pending); Charmed operator 1.2+70d6969\\nmysql-router-k8s/1*  active       idle       10.1.212.139         Router 8.0.37 running (restart pending); Charmed operator 1.2+70d6969\\nmysql-router-k8s/2   maintenance  idle       10.1.212.142         \\nmysql-test-app/0*    active       idle       10.1.212.136         \\n'\n +  where 'Model  Controller          Cloud/Region        Version  SLA          Timestamp\\ntest   microk8s-localhost  microk8s/localhost  3.4.3    unsupported  02:26:00Z\\n\\nApp               Version                  Status   Scale  Charm             Channel      Rev  Address         Exposed  Message\\nmysql-k8s         8.0.37-0ubuntu0.22.04.3  active       1  mysql-k8s         8.0/edge     182  10.152.183.39   no       \\nmysql-router-k8s  8.0.37-0ubuntu0.22.04.3  waiting      3  mysql-router-k8s  8.0/edge       0  10.152.183.178  no       installing agent\\nmysql-test-app    0.0.2                    active       1  mysql-test-app    latest/edge   51  10.152.183.42   no       \\n\\nUnit                 Workload     Agent      Address       Ports  Message\\nmysql-k8s/0*         active       executing  10.1.212.141         Primary\\nmysql-router-k8s/0   active       idle       10.1.212.138         Router 8.0.37 running (restart pending); Charmed operator 1.2+70d6969\\nmysql-router-k8s/1*  active       idle       10.1.212.139         Router 8.0.37 running (restart pending); Charmed operator 1.2+70d6969\\nmysql-router-k8s/2   maintenance  idle       10.1.212.142         \\nmysql-test-app/0*    active       idle       10.1.212.136         \\n' = get_juju_status('test')\n +    where 'test' = <juju.model.Model object at 0x7fbc9c8af610>.name\n +      where <juju.model.Model object at 0x7fbc9c8af610> = <pytest_operator.plugin.OpsTest object at 0x7fbc9ce7ad10>.model","statusTrace":"Traceback (most recent call last):\n  File \"/home/runner/work/mysql-router-k8s-operator/mysql-router-k8s-operator/.tox/integration/lib/python3.10/site-packages/_pytest/runner.py\", line 341, in from_call\n    result: Optional[TResult] = func()\n  File \"/home/runner/work/mysql-router-k8s-operator/mysql-router-k8s-operator/.tox/integration/lib/python3.10/site-packages/_pytest/runner.py\", line 262, in <lambda>\n    lambda: ihook(item=item, **kwds), when=when, reraise=reraise\n  File \"/home/runner/work/mysql-router-k8s-operator/mysql-router-k8s-operator/.tox/integration/lib/python3.10/site-packages/pluggy/_hooks.py\", line 493, in __call__\n    return self._hookexec(self.name, self._hookimpls, kwargs, firstresult)\n  File \"/home/runner/work/mysql-router-k8s-operator/mysql-router-k8s-operator/.tox/integration/lib/python3.10/site-packages/pluggy/_manager.py\", line 115, in _hookexec\n    return self._inner_hookexec(hook_name, methods, kwargs, firstresult)\n  File \"/home/runner/work/mysql-router-k8s-operator/mysql-router-k8s-operator/.tox/integration/lib/python3.10/site-packages/pluggy/_callers.py\", line 152, in _multicall\n    return outcome.get_result()\n  File \"/home/runner/work/mysql-router-k8s-operator/mysql-router-k8s-operator/.tox/integration/lib/python3.10/site-packages/pluggy/_result.py\", line 114, in get_result\n    raise exc.with_traceback(exc.__traceback__)\n  File \"/home/runner/work/mysql-router-k8s-operator/mysql-router-k8s-operator/.tox/integration/lib/python3.10/site-packages/pluggy/_callers.py\", line 77, in _multicall\n    res = hook_impl.function(*args)\n  File \"/home/runner/work/mysql-router-k8s-operator/mysql-router-k8s-operator/.tox/integration/lib/python3.10/site-packages/_pytest/runner.py\", line 177, in pytest_runtest_call\n    raise e\n  File \"/home/runner/work/mysql-router-k8s-operator/mysql-router-k8s-operator/.tox/integration/lib/python3.10/site-packages/_pytest/runner.py\", line 169, in pytest_runtest_call\n    item.runtest()\n  File \"/home/runner/work/mysql-router-k8s-operator/mysql-router-k8s-operator/.tox/integration/lib/python3.10/site-packages/_pytest/python.py\", line 1788, in runtest\n    self.ihook.pytest_pyfunc_call(pyfuncitem=self)\n  File \"/home/runner/work/mysql-router-k8s-operator/mysql-router-k8s-operator/.tox/integration/lib/python3.10/site-packages/pluggy/_hooks.py\", line 493, in __call__\n    return self._hookexec(self.name, self._hookimpls, kwargs, firstresult)\n  File \"/home/runner/work/mysql-router-k8s-operator/mysql-router-k8s-operator/.tox/integration/lib/python3.10/site-packages/pluggy/_manager.py\", line 115, in _hookexec\n    return self._inner_hookexec(hook_name, methods, kwargs, firstresult)\n  File \"/home/runner/work/mysql-router-k8s-operator/mysql-router-k8s-operator/.tox/integration/lib/python3.10/site-packages/pluggy/_callers.py\", line 152, in _multicall\n    return outcome.get_result()\n  File \"/home/runner/work/mysql-router-k8s-operator/mysql-router-k8s-operator/.tox/integration/lib/python3.10/site-packages/pluggy/_result.py\", line 114, in get_result\n    raise exc.with_traceback(exc.__traceback__)\n  File \"/home/runner/work/mysql-router-k8s-operator/mysql-router-k8s-operator/.tox/integration/lib/python3.10/site-packages/pluggy/_callers.py\", line 77, in _multicall\n    res = hook_impl.function(*args)\n  File \"/home/runner/work/mysql-router-k8s-operator/mysql-router-k8s-operator/.tox/integration/lib/python3.10/site-packages/_pytest/python.py\", line 194, in pytest_pyfunc_call\n    result = testfunction(**testargs)\n  File \"/home/runner/work/mysql-router-k8s-operator/mysql-router-k8s-operator/.tox/integration/lib/python3.10/site-packages/pytest_asyncio/plugin.py\", line 532, in inner\n    _loop.run_until_complete(task)\n  File \"/usr/lib/python3.10/asyncio/base_events.py\", line 649, in run_until_complete\n    return future.result()\n  File \"/home/runner/work/mysql-router-k8s-operator/mysql-router-k8s-operator/tests/integration/test_upgrade.py\", line 125, in test_upgrade_from_edge\n    for attempt in tenacity.Retrying(\n  File \"/home/runner/work/mysql-router-k8s-operator/mysql-router-k8s-operator/.tox/integration/lib/python3.10/site-packages/tenacity/__init__.py\", line 347, in __iter__\n    do = self.iter(retry_state=retry_state)\n  File \"/home/runner/work/mysql-router-k8s-operator/mysql-router-k8s-operator/.tox/integration/lib/python3.10/site-packages/tenacity/__init__.py\", line 325, in iter\n    raise retry_exc.reraise()\n  File \"/home/runner/work/mysql-router-k8s-operator/mysql-router-k8s-operator/.tox/integration/lib/python3.10/site-packages/tenacity/__init__.py\", line 158, in reraise\n    raise self.last_attempt.result()\n  File \"/usr/lib/python3.10/concurrent/futures/_base.py\", line 451, in result\n    return self.__get_result()\n  File \"/usr/lib/python3.10/concurrent/futures/_base.py\", line 403, in __get_result\n    raise self._exception\n  File \"/home/runner/work/mysql-router-k8s-operator/mysql-router-k8s-operator/tests/integration/test_upgrade.py\", line 131, in test_upgrade_from_edge\n    assert \"+testupgrade\" in get_juju_status(\nAssertionError: None of the units are upgraded\nassert '+testupgrade' in 'Model  Controller          Cloud/Region        Version  SLA          Timestamp\\ntest   microk8s-localhost  microk8s/localhost  3.4.3    unsupported  02:26:00Z\\n\\nApp               Version                  Status   Scale  Charm             Channel      Rev  Address         Exposed  Message\\nmysql-k8s         8.0.37-0ubuntu0.22.04.3  active       1  mysql-k8s         8.0/edge     182  10.152.183.39   no       \\nmysql-router-k8s  8.0.37-0ubuntu0.22.04.3  waiting      3  mysql-router-k8s  8.0/edge       0  10.152.183.178  no       installing agent\\nmysql-test-app    0.0.2                    active       1  mysql-test-app    latest/edge   51  10.152.183.42   no       \\n\\nUnit                 Workload     Agent      Address       Ports  Message\\nmysql-k8s/0*         active       executing  10.1.212.141         Primary\\nmysql-router-k8s/0   active       idle       10.1.212.138         Router 8.0.37 running (restart pending); Charmed operator 1.2+70d6969\\nmysql-router-k8s/1*  active       idle       10.1.212.139         Router 8.0.37 running (restart pending); Charmed operator 1.2+70d6969\\nmysql-router-k8s/2   maintenance  idle       10.1.212.142         \\nmysql-test-app/0*    active       idle       10.1.212.136         \\n'\n +  where 'Model  Controller          Cloud/Region        Version  SLA          Timestamp\\ntest   microk8s-localhost  microk8s/localhost  3.4.3    unsupported  02:26:00Z\\n\\nApp               Version                  Status   Scale  Charm             Channel      Rev  Address         Exposed  Message\\nmysql-k8s         8.0.37-0ubuntu0.22.04.3  active       1  mysql-k8s         8.0/edge     182  10.152.183.39   no       \\nmysql-router-k8s  8.0.37-0ubuntu0.22.04.3  waiting      3  mysql-router-k8s  8.0/edge       0  10.152.183.178  no       installing agent\\nmysql-test-app    0.0.2                    active       1  mysql-test-app    latest/edge   51  10.152.183.42   no       \\n\\nUnit                 Workload     Agent      Address       Ports  Message\\nmysql-k8s/0*         active       executing  10.1.212.141         Primary\\nmysql-router-k8s/0   active       idle       10.1.212.138         Router 8.0.37 running (restart pending); Charmed operator 1.2+70d6969\\nmysql-router-k8s/1*  active       idle       10.1.212.139         Router 8.0.37 running (restart pending); Charmed operator 1.2+70d6969\\nmysql-router-k8s/2   maintenance  idle       10.1.212.142         \\nmysql-test-app/0*    active       idle       10.1.212.136         \\n' = get_juju_status('test')\n +    where 'test' = <juju.model.Model object at 0x7fbc9c8af610>.name\n +      where <juju.model.Model object at 0x7fbc9c8af610> = <pytest_operator.plugin.OpsTest object at 0x7fbc9ce7ad10>.model","flaky":false,"newFailed":false,"newBroken":false,"newPassed":false,"retriesCount":1,"retriesStatusChange":true,"beforeStages":[{"name":"event_loop","time":{"start":1724725109729,"stop":1724725109730,"duration":1},"status":"passed","steps":[],"attachments":[],"parameters":[],"stepsCount":0,"shouldDisplayMessage":false,"attachmentsCount":0,"hasContent":false,"attachmentStep":false},{"name":"ops_test","time":{"start":1724725109730,"stop":1724725109975,"duration":245},"status":"passed","steps":[],"attachments":[],"parameters":[],"stepsCount":0,"shouldDisplayMessage":false,"attachmentsCount":0,"hasContent":false,"attachmentStep":false},{"name":"tmp_path_factory","time":{"start":1724725109730,"stop":1724725109730,"duration":0},"status":"passed","steps":[],"attachments":[],"parameters":[],"stepsCount":0,"shouldDisplayMessage":false,"attachmentsCount":0,"hasContent":false,"attachmentStep":false},{"name":"abort_on_fail","time":{"start":1724725237501,"stop":1724725237501,"duration":0},"status":"passed","steps":[],"attachments":[],"parameters":[],"stepsCount":0,"shouldDisplayMessage":false,"attachmentsCount":0,"hasContent":false,"attachmentStep":false}],"testStage":{"description":"Upgrade mysqlrouter while ensuring continuous writes incrementing.","status":"failed","statusMessage":"AssertionError: None of the units are upgraded\nassert '+testupgrade' in 'Model  Controller          Cloud/Region        Version  SLA          Timestamp\\ntest   microk8s-localhost  microk8s/localhost  3.4.3    unsupported  02:26:00Z\\n\\nApp               Version                  Status   Scale  Charm             Channel      Rev  Address         Exposed  Message\\nmysql-k8s         8.0.37-0ubuntu0.22.04.3  active       1  mysql-k8s         8.0/edge     182  10.152.183.39   no       \\nmysql-router-k8s  8.0.37-0ubuntu0.22.04.3  waiting      3  mysql-router-k8s  8.0/edge       0  10.152.183.178  no       installing agent\\nmysql-test-app    0.0.2                    active       1  mysql-test-app    latest/edge   51  10.152.183.42   no       \\n\\nUnit                 Workload     Agent      Address       Ports  Message\\nmysql-k8s/0*         active       executing  10.1.212.141         Primary\\nmysql-router-k8s/0   active       idle       10.1.212.138         Router 8.0.37 running (restart pending); Charmed operator 1.2+70d6969\\nmysql-router-k8s/1*  active       idle       10.1.212.139         Router 8.0.37 running (restart pending); Charmed operator 1.2+70d6969\\nmysql-router-k8s/2   maintenance  idle       10.1.212.142         \\nmysql-test-app/0*    active       idle       10.1.212.136         \\n'\n +  where 'Model  Controller          Cloud/Region        Version  SLA          Timestamp\\ntest   microk8s-localhost  microk8s/localhost  3.4.3    unsupported  02:26:00Z\\n\\nApp               Version                  Status   Scale  Charm             Channel      Rev  Address         Exposed  Message\\nmysql-k8s         8.0.37-0ubuntu0.22.04.3  active       1  mysql-k8s         8.0/edge     182  10.152.183.39   no       \\nmysql-router-k8s  8.0.37-0ubuntu0.22.04.3  waiting      3  mysql-router-k8s  8.0/edge       0  10.152.183.178  no       installing agent\\nmysql-test-app    0.0.2                    active       1  mysql-test-app    latest/edge   51  10.152.183.42   no       \\n\\nUnit                 Workload     Agent      Address       Ports  Message\\nmysql-k8s/0*         active       executing  10.1.212.141         Primary\\nmysql-router-k8s/0   active       idle       10.1.212.138         Router 8.0.37 running (restart pending); Charmed operator 1.2+70d6969\\nmysql-router-k8s/1*  active       idle       10.1.212.139         Router 8.0.37 running (restart pending); Charmed operator 1.2+70d6969\\nmysql-router-k8s/2   maintenance  idle       10.1.212.142         \\nmysql-test-app/0*    active       idle       10.1.212.136         \\n' = get_juju_status('test')\n +    where 'test' = <juju.model.Model object at 0x7fbc9c8af610>.name\n +      where <juju.model.Model object at 0x7fbc9c8af610> = <pytest_operator.plugin.OpsTest object at 0x7fbc9ce7ad10>.model","statusTrace":"Traceback (most recent call last):\n  File \"/home/runner/work/mysql-router-k8s-operator/mysql-router-k8s-operator/.tox/integration/lib/python3.10/site-packages/_pytest/runner.py\", line 341, in from_call\n    result: Optional[TResult] = func()\n  File \"/home/runner/work/mysql-router-k8s-operator/mysql-router-k8s-operator/.tox/integration/lib/python3.10/site-packages/_pytest/runner.py\", line 262, in <lambda>\n    lambda: ihook(item=item, **kwds), when=when, reraise=reraise\n  File \"/home/runner/work/mysql-router-k8s-operator/mysql-router-k8s-operator/.tox/integration/lib/python3.10/site-packages/pluggy/_hooks.py\", line 493, in __call__\n    return self._hookexec(self.name, self._hookimpls, kwargs, firstresult)\n  File \"/home/runner/work/mysql-router-k8s-operator/mysql-router-k8s-operator/.tox/integration/lib/python3.10/site-packages/pluggy/_manager.py\", line 115, in _hookexec\n    return self._inner_hookexec(hook_name, methods, kwargs, firstresult)\n  File \"/home/runner/work/mysql-router-k8s-operator/mysql-router-k8s-operator/.tox/integration/lib/python3.10/site-packages/pluggy/_callers.py\", line 152, in _multicall\n    return outcome.get_result()\n  File \"/home/runner/work/mysql-router-k8s-operator/mysql-router-k8s-operator/.tox/integration/lib/python3.10/site-packages/pluggy/_result.py\", line 114, in get_result\n    raise exc.with_traceback(exc.__traceback__)\n  File \"/home/runner/work/mysql-router-k8s-operator/mysql-router-k8s-operator/.tox/integration/lib/python3.10/site-packages/pluggy/_callers.py\", line 77, in _multicall\n    res = hook_impl.function(*args)\n  File \"/home/runner/work/mysql-router-k8s-operator/mysql-router-k8s-operator/.tox/integration/lib/python3.10/site-packages/_pytest/runner.py\", line 177, in pytest_runtest_call\n    raise e\n  File \"/home/runner/work/mysql-router-k8s-operator/mysql-router-k8s-operator/.tox/integration/lib/python3.10/site-packages/_pytest/runner.py\", line 169, in pytest_runtest_call\n    item.runtest()\n  File \"/home/runner/work/mysql-router-k8s-operator/mysql-router-k8s-operator/.tox/integration/lib/python3.10/site-packages/_pytest/python.py\", line 1788, in runtest\n    self.ihook.pytest_pyfunc_call(pyfuncitem=self)\n  File \"/home/runner/work/mysql-router-k8s-operator/mysql-router-k8s-operator/.tox/integration/lib/python3.10/site-packages/pluggy/_hooks.py\", line 493, in __call__\n    return self._hookexec(self.name, self._hookimpls, kwargs, firstresult)\n  File \"/home/runner/work/mysql-router-k8s-operator/mysql-router-k8s-operator/.tox/integration/lib/python3.10/site-packages/pluggy/_manager.py\", line 115, in _hookexec\n    return self._inner_hookexec(hook_name, methods, kwargs, firstresult)\n  File \"/home/runner/work/mysql-router-k8s-operator/mysql-router-k8s-operator/.tox/integration/lib/python3.10/site-packages/pluggy/_callers.py\", line 152, in _multicall\n    return outcome.get_result()\n  File \"/home/runner/work/mysql-router-k8s-operator/mysql-router-k8s-operator/.tox/integration/lib/python3.10/site-packages/pluggy/_result.py\", line 114, in get_result\n    raise exc.with_traceback(exc.__traceback__)\n  File \"/home/runner/work/mysql-router-k8s-operator/mysql-router-k8s-operator/.tox/integration/lib/python3.10/site-packages/pluggy/_callers.py\", line 77, in _multicall\n    res = hook_impl.function(*args)\n  File \"/home/runner/work/mysql-router-k8s-operator/mysql-router-k8s-operator/.tox/integration/lib/python3.10/site-packages/_pytest/python.py\", line 194, in pytest_pyfunc_call\n    result = testfunction(**testargs)\n  File \"/home/runner/work/mysql-router-k8s-operator/mysql-router-k8s-operator/.tox/integration/lib/python3.10/site-packages/pytest_asyncio/plugin.py\", line 532, in inner\n    _loop.run_until_complete(task)\n  File \"/usr/lib/python3.10/asyncio/base_events.py\", line 649, in run_until_complete\n    return future.result()\n  File \"/home/runner/work/mysql-router-k8s-operator/mysql-router-k8s-operator/tests/integration/test_upgrade.py\", line 125, in test_upgrade_from_edge\n    for attempt in tenacity.Retrying(\n  File \"/home/runner/work/mysql-router-k8s-operator/mysql-router-k8s-operator/.tox/integration/lib/python3.10/site-packages/tenacity/__init__.py\", line 347, in __iter__\n    do = self.iter(retry_state=retry_state)\n  File \"/home/runner/work/mysql-router-k8s-operator/mysql-router-k8s-operator/.tox/integration/lib/python3.10/site-packages/tenacity/__init__.py\", line 325, in iter\n    raise retry_exc.reraise()\n  File \"/home/runner/work/mysql-router-k8s-operator/mysql-router-k8s-operator/.tox/integration/lib/python3.10/site-packages/tenacity/__init__.py\", line 158, in reraise\n    raise self.last_attempt.result()\n  File \"/usr/lib/python3.10/concurrent/futures/_base.py\", line 451, in result\n    return self.__get_result()\n  File \"/usr/lib/python3.10/concurrent/futures/_base.py\", line 403, in __get_result\n    raise self._exception\n  File \"/home/runner/work/mysql-router-k8s-operator/mysql-router-k8s-operator/tests/integration/test_upgrade.py\", line 131, in test_upgrade_from_edge\n    assert \"+testupgrade\" in get_juju_status(\nAssertionError: None of the units are upgraded\nassert '+testupgrade' in 'Model  Controller          Cloud/Region        Version  SLA          Timestamp\\ntest   microk8s-localhost  microk8s/localhost  3.4.3    unsupported  02:26:00Z\\n\\nApp               Version                  Status   Scale  Charm             Channel      Rev  Address         Exposed  Message\\nmysql-k8s         8.0.37-0ubuntu0.22.04.3  active       1  mysql-k8s         8.0/edge     182  10.152.183.39   no       \\nmysql-router-k8s  8.0.37-0ubuntu0.22.04.3  waiting      3  mysql-router-k8s  8.0/edge       0  10.152.183.178  no       installing agent\\nmysql-test-app    0.0.2                    active       1  mysql-test-app    latest/edge   51  10.152.183.42   no       \\n\\nUnit                 Workload     Agent      Address       Ports  Message\\nmysql-k8s/0*         active       executing  10.1.212.141         Primary\\nmysql-router-k8s/0   active       idle       10.1.212.138         Router 8.0.37 running (restart pending); Charmed operator 1.2+70d6969\\nmysql-router-k8s/1*  active       idle       10.1.212.139         Router 8.0.37 running (restart pending); Charmed operator 1.2+70d6969\\nmysql-router-k8s/2   maintenance  idle       10.1.212.142         \\nmysql-test-app/0*    active       idle       10.1.212.136         \\n'\n +  where 'Model  Controller          Cloud/Region        Version  SLA          Timestamp\\ntest   microk8s-localhost  microk8s/localhost  3.4.3    unsupported  02:26:00Z\\n\\nApp               Version                  Status   Scale  Charm             Channel      Rev  Address         Exposed  Message\\nmysql-k8s         8.0.37-0ubuntu0.22.04.3  active       1  mysql-k8s         8.0/edge     182  10.152.183.39   no       \\nmysql-router-k8s  8.0.37-0ubuntu0.22.04.3  waiting      3  mysql-router-k8s  8.0/edge       0  10.152.183.178  no       installing agent\\nmysql-test-app    0.0.2                    active       1  mysql-test-app    latest/edge   51  10.152.183.42   no       \\n\\nUnit                 Workload     Agent      Address       Ports  Message\\nmysql-k8s/0*         active       executing  10.1.212.141         Primary\\nmysql-router-k8s/0   active       idle       10.1.212.138         Router 8.0.37 running (restart pending); Charmed operator 1.2+70d6969\\nmysql-router-k8s/1*  active       idle       10.1.212.139         Router 8.0.37 running (restart pending); Charmed operator 1.2+70d6969\\nmysql-router-k8s/2   maintenance  idle       10.1.212.142         \\nmysql-test-app/0*    active       idle       10.1.212.136         \\n' = get_juju_status('test')\n +    where 'test' = <juju.model.Model object at 0x7fbc9c8af610>.name\n +      where <juju.model.Model object at 0x7fbc9c8af610> = <pytest_operator.plugin.OpsTest object at 0x7fbc9ce7ad10>.model","steps":[],"attachments":[{"uid":"4e1bb9f2f26c6682","name":"log","source":"4e1bb9f2f26c6682.txt","type":"text/plain","size":594}],"parameters":[],"stepsCount":0,"shouldDisplayMessage":true,"attachmentsCount":1,"hasContent":true,"attachmentStep":false},"afterStages":[{"name":"abort_on_fail::0","time":{"start":1724725560233,"stop":1724725560233,"duration":0},"status":"passed","steps":[],"attachments":[],"parameters":[],"stepsCount":0,"shouldDisplayMessage":false,"attachmentsCount":0,"hasContent":false,"attachmentStep":false},{"name":"ops_test::finalizer","time":{"start":1724725560238,"stop":1724725580254,"duration":20016},"status":"passed","steps":[],"attachments":[],"parameters":[],"stepsCount":0,"shouldDisplayMessage":false,"attachmentsCount":0,"hasContent":false,"attachmentStep":false},{"name":"event_loop::2","time":{"start":1724725580254,"stop":1724725580255,"duration":1},"status":"passed","steps":[],"attachments":[],"parameters":[],"stepsCount":0,"shouldDisplayMessage":false,"attachmentsCount":0,"hasContent":false,"attachmentStep":false},{"name":"event_loop::_close_event_loop","time":{"start":1724725580255,"stop":1724725580255,"duration":0},"status":"passed","steps":[],"attachments":[],"parameters":[],"stepsCount":0,"shouldDisplayMessage":false,"attachmentsCount":0,"hasContent":false,"attachmentStep":false},{"name":"event_loop::_provide_clean_event_loop","time":{"start":1724725580255,"stop":1724725580255,"duration":0},"status":"passed","steps":[],"attachments":[],"parameters":[],"stepsCount":0,"shouldDisplayMessage":false,"attachmentsCount":0,"hasContent":false,"attachmentStep":false}],"labels":[{"name":"tag","value":"abort_on_fail"},{"name":"tag","value":"group(1)"},{"name":"tag","value":"asyncio"},{"name":"parentSuite","value":"tests.integration"},{"name":"suite","value":"test_upgrade"},{"name":"host","value":"fv-az979-156"},{"name":"thread","value":"12362-MainThread"},{"name":"framework","value":"pytest"},{"name":"language","value":"cpython3"},{"name":"package","value":"tests.integration.test_upgrade"},{"name":"resultFormat","value":"allure2"}],"parameters":[],"links":[],"hidden":false,"retry":false,"extra":{"severity":"normal","retries":[{"uid":"c449547061a18f51","status":"unknown","time":{}}],"categories":[{"name":"Product defects","matchedStatuses":[],"flaky":false}],"history":{"statistic":{"failed":46,"broken":6,"skipped":2,"passed":29,"unknown":7,"total":90},"items":[{"uid":"c4939e3637397033","reportUrl":"../227//#testresult/c4939e3637397033","status":"failed","statusDetails":"AssertionError: None of the units are upgraded\nassert '+testupgrade' in 'Model  Controller          Cloud/Region        Version  SLA          Timestamp\\ntest   microk8s-localhost  microk8s/localhost  3.4.3    unsupported  02:25:11Z\\n\\nApp               Version                  Status   Scale  Charm             Channel      Rev  Address         Exposed  Message\\nmysql-k8s         8.0.37-0ubuntu0.22.04.3  active       1  mysql-k8s         8.0/edge     180  10.152.183.240  no       \\nmysql-router-k8s  8.0.37-0ubuntu0.22.04.3  waiting      3  mysql-router-k8s  8.0/edge       0  10.152.183.128  no       installing agent\\nmysql-test-app    0.0.2                    active       1  mysql-test-app    latest/edge   46  10.152.183.30   no       \\n\\nUnit                 Workload     Agent  Address      Ports  Message\\nmysql-k8s/0*         active       idle   10.1.189.13         Primary\\nmysql-router-k8s/0*  active       idle   10.1.189.9          Router 8.0.37 running (restart pending); Charmed operator 1.2+70d6969\\nmysql-router-k8s/1   active       idle   10.1.189.10         Router 8.0.37 running (restart pending); Charmed operator 1.2+70d6969\\nmysql-router-k8s/2   maintenance  idle   10.1.189.14         \\nmysql-test-app/0*    active       idle   10.1.189.8          \\n'\n +  where 'Model  Controller          Cloud/Region        Version  SLA          Timestamp\\ntest   microk8s-localhost  microk8s/localhost  3.4.3    unsupported  02:25:11Z\\n\\nApp               Version                  Status   Scale  Charm             Channel      Rev  Address         Exposed  Message\\nmysql-k8s         8.0.37-0ubuntu0.22.04.3  active       1  mysql-k8s         8.0/edge     180  10.152.183.240  no       \\nmysql-router-k8s  8.0.37-0ubuntu0.22.04.3  waiting      3  mysql-router-k8s  8.0/edge       0  10.152.183.128  no       installing agent\\nmysql-test-app    0.0.2                    active       1  mysql-test-app    latest/edge   46  10.152.183.30   no       \\n\\nUnit                 Workload     Agent  Address      Ports  Message\\nmysql-k8s/0*         active       idle   10.1.189.13         Primary\\nmysql-router-k8s/0*  active       idle   10.1.189.9          Router 8.0.37 running (restart pending); Charmed operator 1.2+70d6969\\nmysql-router-k8s/1   active       idle   10.1.189.10         Router 8.0.37 running (restart pending); Charmed operator 1.2+70d6969\\nmysql-router-k8s/2   maintenance  idle   10.1.189.14         \\nmysql-test-app/0*    active       idle   10.1.189.8          \\n' = get_juju_status('test')\n +    where 'test' = <juju.model.Model object at 0x7f6179bd30d0>.name\n +      where <juju.model.Model object at 0x7f6179bd30d0> = <pytest_operator.plugin.OpsTest object at 0x7f6179f99db0>.model","time":{"start":1724638788541,"stop":1724639111608,"duration":323067}},{"uid":"56c0064edcfee76e","reportUrl":"../226//#testresult/56c0064edcfee76e","status":"broken","statusDetails":"asyncio.exceptions.TimeoutError","time":{"start":1724552657411,"stop":1724553862626,"duration":1205215}},{"uid":"72af79501148745b","reportUrl":"../225//#testresult/72af79501148745b","status":"failed","statusDetails":"AssertionError: None of the units are upgraded\nassert '+testupgrade' in 'Model  Controller          Cloud/Region        Version  SLA          Timestamp\\ntest   microk8s-localhost  microk8s/localhost  3.4.3    unsupported  02:23:05Z\\n\\nApp               Version                  Status   Scale  Charm             Channel      Rev  Address         Exposed  Message\\nmysql-k8s         8.0.37-0ubuntu0.22.04.3  active       1  mysql-k8s         8.0/edge     180  10.152.183.240  no       \\nmysql-router-k8s  8.0.37-0ubuntu0.22.04.3  waiting      3  mysql-router-k8s  8.0/edge       0  10.152.183.19   no       installing agent\\nmysql-test-app    0.0.2                    active       1  mysql-test-app    latest/edge   46  10.152.183.39   no       Last written value=24857\\n\\nUnit                 Workload     Agent  Address     Ports  Message\\nmysql-k8s/0*         active       idle   10.1.53.77         Primary\\nmysql-router-k8s/0   active       idle   10.1.53.72         Router 8.0.37 running (restart pending); Charmed operator 1.2+70d6969\\nmysql-router-k8s/1*  active       idle   10.1.53.73         Router 8.0.37 running (restart pending); Charmed operator 1.2+70d6969\\nmysql-router-k8s/2   maintenance  idle   10.1.53.78         \\nmysql-test-app/0*    active       idle   10.1.53.76         Last written value=24857\\n'\n +  where 'Model  Controller          Cloud/Region        Version  SLA          Timestamp\\ntest   microk8s-localhost  microk8s/localhost  3.4.3    unsupported  02:23:05Z\\n\\nApp               Version                  Status   Scale  Charm             Channel      Rev  Address         Exposed  Message\\nmysql-k8s         8.0.37-0ubuntu0.22.04.3  active       1  mysql-k8s         8.0/edge     180  10.152.183.240  no       \\nmysql-router-k8s  8.0.37-0ubuntu0.22.04.3  waiting      3  mysql-router-k8s  8.0/edge       0  10.152.183.19   no       installing agent\\nmysql-test-app    0.0.2                    active       1  mysql-test-app    latest/edge   46  10.152.183.39   no       Last written value=24857\\n\\nUnit                 Workload     Agent  Address     Ports  Message\\nmysql-k8s/0*         active       idle   10.1.53.77         Primary\\nmysql-router-k8s/0   active       idle   10.1.53.72         Router 8.0.37 running (restart pending); Charmed operator 1.2+70d6969\\nmysql-router-k8s/1*  active       idle   10.1.53.73         Router 8.0.37 running (restart pending); Charmed operator 1.2+70d6969\\nmysql-router-k8s/2   maintenance  idle   10.1.53.78         \\nmysql-test-app/0*    active       idle   10.1.53.76         Last written value=24857\\n' = get_juju_status('test')\n +    where 'test' = <juju.model.Model object at 0x7fe7f34c6170>.name\n +      where <juju.model.Model object at 0x7fe7f34c6170> = <pytest_operator.plugin.OpsTest object at 0x7fe7f3a4ec80>.model","time":{"start":1724465863011,"stop":1724466185229,"duration":322218}},{"uid":"6155d145671bf56d","reportUrl":"../224//#testresult/6155d145671bf56d","status":"broken","statusDetails":"asyncio.exceptions.TimeoutError","time":{"start":1724379654355,"stop":1724380859636,"duration":1205281}},{"uid":"ddc2ce757931853f","reportUrl":"../222//#testresult/ddc2ce757931853f","status":"failed","statusDetails":"AssertionError: None of the units are upgraded\nassert '+testupgrade' in 'Model  Controller          Cloud/Region        Version  SLA          Timestamp\\ntest   microk8s-localhost  microk8s/localhost  3.4.3    unsupported  02:25:57Z\\n\\nApp               Version                  Status   Scale  Charm             Channel      Rev  Address         Exposed  Message\\nmysql-k8s         8.0.37-0ubuntu0.22.04.3  active       1  mysql-k8s         8.0/edge     180  10.152.183.66   no       \\nmysql-router-k8s  8.0.37-0ubuntu0.22.04.3  waiting      3  mysql-router-k8s  8.0/edge       0  10.152.183.209  no       installing agent\\nmysql-test-app    0.0.2                    active       1  mysql-test-app    latest/edge   46  10.152.183.117  no       Last written value=26460\\n\\nUnit                 Workload     Agent  Address      Ports  Message\\nmysql-k8s/0*         active       idle   10.1.24.137         Primary\\nmysql-router-k8s/0   active       idle   10.1.24.138         Router 8.0.37 running (restart pending); Charmed operator 1.2+70d6969\\nmysql-router-k8s/1*  active       idle   10.1.24.140         Router 8.0.37 running (restart pending); Charmed operator 1.2+70d6969\\nmysql-router-k8s/2   maintenance  idle   10.1.24.142         \\nmysql-test-app/0*    active       idle   10.1.24.141         Last written value=26460\\n'\n +  where 'Model  Controller          Cloud/Region        Version  SLA          Timestamp\\ntest   microk8s-localhost  microk8s/localhost  3.4.3    unsupported  02:25:57Z\\n\\nApp               Version                  Status   Scale  Charm             Channel      Rev  Address         Exposed  Message\\nmysql-k8s         8.0.37-0ubuntu0.22.04.3  active       1  mysql-k8s         8.0/edge     180  10.152.183.66   no       \\nmysql-router-k8s  8.0.37-0ubuntu0.22.04.3  waiting      3  mysql-router-k8s  8.0/edge       0  10.152.183.209  no       installing agent\\nmysql-test-app    0.0.2                    active       1  mysql-test-app    latest/edge   46  10.152.183.117  no       Last written value=26460\\n\\nUnit                 Workload     Agent  Address      Ports  Message\\nmysql-k8s/0*         active       idle   10.1.24.137         Primary\\nmysql-router-k8s/0   active       idle   10.1.24.138         Router 8.0.37 running (restart pending); Charmed operator 1.2+70d6969\\nmysql-router-k8s/1*  active       idle   10.1.24.140         Router 8.0.37 running (restart pending); Charmed operator 1.2+70d6969\\nmysql-router-k8s/2   maintenance  idle   10.1.24.142         \\nmysql-test-app/0*    active       idle   10.1.24.141         Last written value=26460\\n' = get_juju_status('test')\n +    where 'test' = <juju.model.Model object at 0x7f1ab7ccf610>.name\n +      where <juju.model.Model object at 0x7f1ab7ccf610> = <pytest_operator.plugin.OpsTest object at 0x7f1ab865c310>.model","time":{"start":1724293234671,"stop":1724293557496,"duration":322825}},{"uid":"ea5dc80a64acfb1b","reportUrl":"../219//#testresult/ea5dc80a64acfb1b","status":"failed","statusDetails":"AssertionError: None of the units are upgraded\nassert '+testupgrade' in 'Model  Controller          Cloud/Region        Version  SLA          Timestamp\\ntest   microk8s-localhost  microk8s/localhost  3.4.3    unsupported  02:24:44Z\\n\\nApp               Version                  Status   Scale  Charm             Channel      Rev  Address         Exposed  Message\\nmysql-k8s         8.0.37-0ubuntu0.22.04.3  active       1  mysql-k8s         8.0/edge     180  10.152.183.207  no       \\nmysql-router-k8s  8.0.37-0ubuntu0.22.04.3  waiting      3  mysql-router-k8s  8.0/edge       0  10.152.183.46   no       installing agent\\nmysql-test-app    0.0.2                    active       1  mysql-test-app    latest/edge   46  10.152.183.104  no       \\n\\nUnit                 Workload     Agent  Address    Ports  Message\\nmysql-k8s/0*         active       idle   10.1.8.13         Primary\\nmysql-router-k8s/0*  active       idle   10.1.8.12         Router 8.0.37 running (restart pending); Charmed operator 1.2+70d6969\\nmysql-router-k8s/1   active       idle   10.1.8.11         Router 8.0.37 running (restart pending); Charmed operator 1.2+70d6969\\nmysql-router-k8s/2   maintenance  idle   10.1.8.14         \\nmysql-test-app/0*    active       idle   10.1.8.8          \\n'\n +  where 'Model  Controller          Cloud/Region        Version  SLA          Timestamp\\ntest   microk8s-localhost  microk8s/localhost  3.4.3    unsupported  02:24:44Z\\n\\nApp               Version                  Status   Scale  Charm             Channel      Rev  Address         Exposed  Message\\nmysql-k8s         8.0.37-0ubuntu0.22.04.3  active       1  mysql-k8s         8.0/edge     180  10.152.183.207  no       \\nmysql-router-k8s  8.0.37-0ubuntu0.22.04.3  waiting      3  mysql-router-k8s  8.0/edge       0  10.152.183.46   no       installing agent\\nmysql-test-app    0.0.2                    active       1  mysql-test-app    latest/edge   46  10.152.183.104  no       \\n\\nUnit                 Workload     Agent  Address    Ports  Message\\nmysql-k8s/0*         active       idle   10.1.8.13         Primary\\nmysql-router-k8s/0*  active       idle   10.1.8.12         Router 8.0.37 running (restart pending); Charmed operator 1.2+70d6969\\nmysql-router-k8s/1   active       idle   10.1.8.11         Router 8.0.37 running (restart pending); Charmed operator 1.2+70d6969\\nmysql-router-k8s/2   maintenance  idle   10.1.8.14         \\nmysql-test-app/0*    active       idle   10.1.8.8          \\n' = get_juju_status('test')\n +    where 'test' = <juju.model.Model object at 0x7f7694ff7790>.name\n +      where <juju.model.Model object at 0x7f7694ff7790> = <pytest_operator.plugin.OpsTest object at 0x7f7695843880>.model","time":{"start":1724206757802,"stop":1724207084624,"duration":326822}},{"uid":"8c7f9bafc69d1fed","reportUrl":"../216//#testresult/8c7f9bafc69d1fed","status":"failed","statusDetails":"AssertionError: None of the units are upgraded\nassert '+testupgrade' in 'Model  Controller          Cloud/Region        Version  SLA          Timestamp\\ntest   microk8s-localhost  microk8s/localhost  3.4.3    unsupported  02:23:06Z\\n\\nApp               Version                  Status   Scale  Charm             Channel      Rev  Address         Exposed  Message\\nmysql-k8s         8.0.37-0ubuntu0.22.04.3  active       1  mysql-k8s         8.0/edge     180  10.152.183.137  no       \\nmysql-router-k8s  8.0.37-0ubuntu0.22.04.3  waiting      3  mysql-router-k8s  8.0/edge       0  10.152.183.183  no       installing agent\\nmysql-test-app    0.0.2                    active       1  mysql-test-app    latest/edge   46  10.152.183.177  no       \\n\\nUnit                 Workload     Agent  Address     Ports  Message\\nmysql-k8s/0*         active       idle   10.1.49.10         Primary\\nmysql-router-k8s/0*  active       idle   10.1.49.11         Router 8.0.37 running (restart pending); Charmed operator 1.2+755273d\\nmysql-router-k8s/1   active       idle   10.1.49.13         Router 8.0.37 running (restart pending); Charmed operator 1.2+755273d\\nmysql-router-k8s/2   maintenance  idle   10.1.49.14         \\nmysql-test-app/0*    active       idle   10.1.49.8          \\n'\n +  where 'Model  Controller          Cloud/Region        Version  SLA          Timestamp\\ntest   microk8s-localhost  microk8s/localhost  3.4.3    unsupported  02:23:06Z\\n\\nApp               Version                  Status   Scale  Charm             Channel      Rev  Address         Exposed  Message\\nmysql-k8s         8.0.37-0ubuntu0.22.04.3  active       1  mysql-k8s         8.0/edge     180  10.152.183.137  no       \\nmysql-router-k8s  8.0.37-0ubuntu0.22.04.3  waiting      3  mysql-router-k8s  8.0/edge       0  10.152.183.183  no       installing agent\\nmysql-test-app    0.0.2                    active       1  mysql-test-app    latest/edge   46  10.152.183.177  no       \\n\\nUnit                 Workload     Agent  Address     Ports  Message\\nmysql-k8s/0*         active       idle   10.1.49.10         Primary\\nmysql-router-k8s/0*  active       idle   10.1.49.11         Router 8.0.37 running (restart pending); Charmed operator 1.2+755273d\\nmysql-router-k8s/1   active       idle   10.1.49.13         Router 8.0.37 running (restart pending); Charmed operator 1.2+755273d\\nmysql-router-k8s/2   maintenance  idle   10.1.49.14         \\nmysql-test-app/0*    active       idle   10.1.49.8          \\n' = get_juju_status('test')\n +    where 'test' = <juju.model.Model object at 0x7f26899199f0>.name\n +      where <juju.model.Model object at 0x7f26899199f0> = <pytest_operator.plugin.OpsTest object at 0x7f2687487ac0>.model","time":{"start":1724120264188,"stop":1724120586595,"duration":322407}},{"uid":"98c6fdf3c54e4f6f","reportUrl":"../214//#testresult/98c6fdf3c54e4f6f","status":"broken","statusDetails":"asyncio.exceptions.TimeoutError","time":{"start":1724034058043,"stop":1724035265242,"duration":1207199}},{"uid":"3dc272f991dab379","reportUrl":"../213//#testresult/3dc272f991dab379","status":"broken","statusDetails":"asyncio.exceptions.TimeoutError","time":{"start":1723947719045,"stop":1723948926261,"duration":1207216}},{"uid":"cd7fe798ee77d01c","reportUrl":"../212//#testresult/cd7fe798ee77d01c","status":"unknown","time":{}},{"uid":"eec325bd20551fe0","reportUrl":"../210//#testresult/eec325bd20551fe0","status":"broken","statusDetails":"asyncio.exceptions.TimeoutError","time":{"start":1723774666472,"stop":1723775871706,"duration":1205234}},{"uid":"562a9a5203c4725d","reportUrl":"../209//#testresult/562a9a5203c4725d","status":"unknown","time":{}},{"uid":"497ba2d2b85f393a","reportUrl":"../207//#testresult/497ba2d2b85f393a","status":"failed","statusDetails":"AssertionError: None of the units are upgraded\nassert '+testupgrade' in 'Model  Controller          Cloud/Region        Version  SLA          Timestamp\\ntest   microk8s-localhost  microk8s/localhost  3.4.3    unsupported  02:26:57Z\\n\\nApp               Version                  Status   Scale  Charm             Channel      Rev  Address         Exposed  Message\\nmysql-k8s         8.0.37-0ubuntu0.22.04.3  active       1  mysql-k8s         8.0/edge     172  10.152.183.89   no       \\nmysql-router-k8s  8.0.37-0ubuntu0.22.04.3  waiting      3  mysql-router-k8s  8.0/edge       0  10.152.183.133  no       installing agent\\nmysql-test-app    0.0.2                    active       1  mysql-test-app    latest/edge   46  10.152.183.55   no       Last written value=19941\\n\\nUnit                 Workload     Agent  Address      Ports  Message\\nmysql-k8s/0*         active       idle   10.1.159.13         Primary\\nmysql-router-k8s/0   active       idle   10.1.159.8          Router 8.0.37 running (restart pending); Charmed operator 1.2+cd85a84\\nmysql-router-k8s/1*  active       idle   10.1.159.10         Router 8.0.37 running (restart pending); Charmed operator 1.2+cd85a84\\nmysql-router-k8s/2   maintenance  idle   10.1.159.14         \\nmysql-test-app/0*    active       idle   10.1.159.11         Last written value=19941\\n'\n +  where 'Model  Controller          Cloud/Region        Version  SLA          Timestamp\\ntest   microk8s-localhost  microk8s/localhost  3.4.3    unsupported  02:26:57Z\\n\\nApp               Version                  Status   Scale  Charm             Channel      Rev  Address         Exposed  Message\\nmysql-k8s         8.0.37-0ubuntu0.22.04.3  active       1  mysql-k8s         8.0/edge     172  10.152.183.89   no       \\nmysql-router-k8s  8.0.37-0ubuntu0.22.04.3  waiting      3  mysql-router-k8s  8.0/edge       0  10.152.183.133  no       installing agent\\nmysql-test-app    0.0.2                    active       1  mysql-test-app    latest/edge   46  10.152.183.55   no       Last written value=19941\\n\\nUnit                 Workload     Agent  Address      Ports  Message\\nmysql-k8s/0*         active       idle   10.1.159.13         Primary\\nmysql-router-k8s/0   active       idle   10.1.159.8          Router 8.0.37 running (restart pending); Charmed operator 1.2+cd85a84\\nmysql-router-k8s/1*  active       idle   10.1.159.10         Router 8.0.37 running (restart pending); Charmed operator 1.2+cd85a84\\nmysql-router-k8s/2   maintenance  idle   10.1.159.14         \\nmysql-test-app/0*    active       idle   10.1.159.11         Last written value=19941\\n' = get_juju_status('test')\n +    where 'test' = <juju.model.Model object at 0x7f4c4d1a4760>.name\n +      where <juju.model.Model object at 0x7f4c4d1a4760> = <pytest_operator.plugin.OpsTest object at 0x7f4c4ce7d6c0>.model","time":{"start":1723602094374,"stop":1723602417284,"duration":322910}},{"uid":"e92f0fe7aee277ee","reportUrl":"../205//#testresult/e92f0fe7aee277ee","status":"failed","statusDetails":"AssertionError: None of the units are upgraded\nassert '+testupgrade' in 'Model  Controller          Cloud/Region        Version  SLA          Timestamp\\ntest   microk8s-localhost  microk8s/localhost  3.4.3    unsupported  02:29:24Z\\n\\nApp               Version                  Status   Scale  Charm             Channel      Rev  Address         Exposed  Message\\nmysql-k8s         8.0.37-0ubuntu0.22.04.3  active       1  mysql-k8s         8.0/edge     171  10.152.183.155  no       \\nmysql-router-k8s  8.0.37-0ubuntu0.22.04.3  waiting      3  mysql-router-k8s  8.0/edge       0  10.152.183.138  no       installing agent\\nmysql-test-app    0.0.2                    active       1  mysql-test-app    latest/edge   46  10.152.183.161  no       Last written value=24321\\n\\nUnit                 Workload     Agent  Address       Ports  Message\\nmysql-k8s/0*         active       idle   10.1.106.141         Primary\\nmysql-router-k8s/0   active       idle   10.1.106.137         Router 8.0.37 running (restart pending); Charmed operator 1.2+266066c\\nmysql-router-k8s/1*  active       idle   10.1.106.138         Router 8.0.37 running (restart pending); Charmed operator 1.2+266066c\\nmysql-router-k8s/2   maintenance  idle   10.1.106.142         \\nmysql-test-app/0*    active       idle   10.1.106.136         Last written value=24321\\n'\n +  where 'Model  Controller          Cloud/Region        Version  SLA          Timestamp\\ntest   microk8s-localhost  microk8s/localhost  3.4.3    unsupported  02:29:24Z\\n\\nApp               Version                  Status   Scale  Charm             Channel      Rev  Address         Exposed  Message\\nmysql-k8s         8.0.37-0ubuntu0.22.04.3  active       1  mysql-k8s         8.0/edge     171  10.152.183.155  no       \\nmysql-router-k8s  8.0.37-0ubuntu0.22.04.3  waiting      3  mysql-router-k8s  8.0/edge       0  10.152.183.138  no       installing agent\\nmysql-test-app    0.0.2                    active       1  mysql-test-app    latest/edge   46  10.152.183.161  no       Last written value=24321\\n\\nUnit                 Workload     Agent  Address       Ports  Message\\nmysql-k8s/0*         active       idle   10.1.106.141         Primary\\nmysql-router-k8s/0   active       idle   10.1.106.137         Router 8.0.37 running (restart pending); Charmed operator 1.2+266066c\\nmysql-router-k8s/1*  active       idle   10.1.106.138         Router 8.0.37 running (restart pending); Charmed operator 1.2+266066c\\nmysql-router-k8s/2   maintenance  idle   10.1.106.142         \\nmysql-test-app/0*    active       idle   10.1.106.136         Last written value=24321\\n' = get_juju_status('test')\n +    where 'test' = <juju.model.Model object at 0x7f57b8294d90>.name\n +      where <juju.model.Model object at 0x7f57b8294d90> = <pytest_operator.plugin.OpsTest object at 0x7f57b7d44100>.model","time":{"start":1723515839661,"stop":1723516164555,"duration":324894}},{"uid":"c8c79427a0603596","reportUrl":"../204//#testresult/c8c79427a0603596","status":"broken","statusDetails":"asyncio.exceptions.TimeoutError","time":{"start":1723429438733,"stop":1723430646036,"duration":1207303}},{"uid":"b5d5fa8f0fe78658","reportUrl":"../203//#testresult/b5d5fa8f0fe78658","status":"failed","statusDetails":"AssertionError: None of the units are upgraded\nassert '+testupgrade' in 'Model  Controller          Cloud/Region        Version  SLA          Timestamp\\ntest   microk8s-localhost  microk8s/localhost  3.4.3    unsupported  02:32:40Z\\n\\nApp               Version                  Status   Scale  Charm             Channel      Rev  Address         Exposed  Message\\nmysql-k8s         8.0.37-0ubuntu0.22.04.3  active       1  mysql-k8s         8.0/edge     171  10.152.183.146  no       \\nmysql-router-k8s  8.0.37-0ubuntu0.22.04.3  waiting      3  mysql-router-k8s  8.0/edge       0  10.152.183.198  no       installing agent\\nmysql-test-app    0.0.2                    active       1  mysql-test-app    latest/edge   46  10.152.183.109  no       Last written value=24937\\n\\nUnit                 Workload     Agent  Address      Ports  Message\\nmysql-k8s/0*         active       idle   10.1.28.141         Primary\\nmysql-router-k8s/0*  active       idle   10.1.28.136         Router 8.0.37 running (restart pending); Charmed operator 1.2+266066c\\nmysql-router-k8s/1   active       idle   10.1.28.138         Router 8.0.37 running (restart pending); Charmed operator 1.2+266066c\\nmysql-router-k8s/2   maintenance  idle   10.1.28.142         \\nmysql-test-app/0*    active       idle   10.1.28.140         Last written value=24937\\n'\n +  where 'Model  Controller          Cloud/Region        Version  SLA          Timestamp\\ntest   microk8s-localhost  microk8s/localhost  3.4.3    unsupported  02:32:40Z\\n\\nApp               Version                  Status   Scale  Charm             Channel      Rev  Address         Exposed  Message\\nmysql-k8s         8.0.37-0ubuntu0.22.04.3  active       1  mysql-k8s         8.0/edge     171  10.152.183.146  no       \\nmysql-router-k8s  8.0.37-0ubuntu0.22.04.3  waiting      3  mysql-router-k8s  8.0/edge       0  10.152.183.198  no       installing agent\\nmysql-test-app    0.0.2                    active       1  mysql-test-app    latest/edge   46  10.152.183.109  no       Last written value=24937\\n\\nUnit                 Workload     Agent  Address      Ports  Message\\nmysql-k8s/0*         active       idle   10.1.28.141         Primary\\nmysql-router-k8s/0*  active       idle   10.1.28.136         Router 8.0.37 running (restart pending); Charmed operator 1.2+266066c\\nmysql-router-k8s/1   active       idle   10.1.28.138         Router 8.0.37 running (restart pending); Charmed operator 1.2+266066c\\nmysql-router-k8s/2   maintenance  idle   10.1.28.142         \\nmysql-test-app/0*    active       idle   10.1.28.140         Last written value=24937\\n' = get_juju_status('test')\n +    where 'test' = <juju.model.Model object at 0x7febd6dfb9a0>.name\n +      where <juju.model.Model object at 0x7febd6dfb9a0> = <pytest_operator.plugin.OpsTest object at 0x7febd7259570>.model","time":{"start":1723343237798,"stop":1723343560063,"duration":322265}},{"uid":"5079394c431db9f5","reportUrl":"../202//#testresult/5079394c431db9f5","status":"failed","statusDetails":"AssertionError: None of the units are upgraded\nassert '+testupgrade' in 'Model  Controller          Cloud/Region        Version  SLA          Timestamp\\ntest   microk8s-localhost  microk8s/localhost  3.4.3    unsupported  02:26:10Z\\n\\nApp               Version                  Status   Scale  Charm             Channel      Rev  Address         Exposed  Message\\nmysql-k8s         8.0.37-0ubuntu0.22.04.3  active       1  mysql-k8s         8.0/edge     171  10.152.183.227  no       \\nmysql-router-k8s  8.0.37-0ubuntu0.22.04.3  waiting      3  mysql-router-k8s  8.0/edge       0  10.152.183.222  no       installing agent\\nmysql-test-app    0.0.2                    active       1  mysql-test-app    latest/edge   46  10.152.183.141  no       Last written value=22909\\n\\nUnit                 Workload     Agent  Address       Ports  Message\\nmysql-k8s/0*         active       idle   10.1.242.205         Primary\\nmysql-router-k8s/0   active       idle   10.1.242.202         Router 8.0.37 running (restart pending); Charmed operator 1.2+266066c\\nmysql-router-k8s/1*  active       idle   10.1.242.203         Router 8.0.37 running (restart pending); Charmed operator 1.2+266066c\\nmysql-router-k8s/2   maintenance  idle   10.1.242.206         \\nmysql-test-app/0*    active       idle   10.1.242.200         Last written value=22909\\n'\n +  where 'Model  Controller          Cloud/Region        Version  SLA          Timestamp\\ntest   microk8s-localhost  microk8s/localhost  3.4.3    unsupported  02:26:10Z\\n\\nApp               Version                  Status   Scale  Charm             Channel      Rev  Address         Exposed  Message\\nmysql-k8s         8.0.37-0ubuntu0.22.04.3  active       1  mysql-k8s         8.0/edge     171  10.152.183.227  no       \\nmysql-router-k8s  8.0.37-0ubuntu0.22.04.3  waiting      3  mysql-router-k8s  8.0/edge       0  10.152.183.222  no       installing agent\\nmysql-test-app    0.0.2                    active       1  mysql-test-app    latest/edge   46  10.152.183.141  no       Last written value=22909\\n\\nUnit                 Workload     Agent  Address       Ports  Message\\nmysql-k8s/0*         active       idle   10.1.242.205         Primary\\nmysql-router-k8s/0   active       idle   10.1.242.202         Router 8.0.37 running (restart pending); Charmed operator 1.2+266066c\\nmysql-router-k8s/1*  active       idle   10.1.242.203         Router 8.0.37 running (restart pending); Charmed operator 1.2+266066c\\nmysql-router-k8s/2   maintenance  idle   10.1.242.206         \\nmysql-test-app/0*    active       idle   10.1.242.200         Last written value=22909\\n' = get_juju_status('test')\n +    where 'test' = <juju.model.Model object at 0x7fa2d6303190>.name\n +      where <juju.model.Model object at 0x7fa2d6303190> = <pytest_operator.plugin.OpsTest object at 0x7fa2d6341ae0>.model","time":{"start":1723256447462,"stop":1723256770186,"duration":322724}},{"uid":"9eac5cdea5e9f03d","reportUrl":"../200//#testresult/9eac5cdea5e9f03d","status":"failed","statusDetails":"AssertionError: None of the units are upgraded\nassert '+testupgrade' in 'Model  Controller          Cloud/Region        Version  SLA          Timestamp\\ntest   microk8s-localhost  microk8s/localhost  3.4.3    unsupported  02:24:40Z\\n\\nApp               Version                  Status   Scale  Charm             Channel      Rev  Address         Exposed  Message\\nmysql-k8s         8.0.37-0ubuntu0.22.04.3  active       1  mysql-k8s         8.0/edge     171  10.152.183.134  no       \\nmysql-router-k8s  8.0.37-0ubuntu0.22.04.3  waiting      3  mysql-router-k8s  8.0/edge       0  10.152.183.127  no       installing agent\\nmysql-test-app    0.0.2                    active       1  mysql-test-app    latest/edge   46  10.152.183.155  no       \\n\\nUnit                 Workload     Agent  Address       Ports  Message\\nmysql-k8s/0*         active       idle   10.1.253.205         Primary\\nmysql-router-k8s/0   active       idle   10.1.253.200         Router 8.0.37 running (restart pending); Charmed operator 1.2+266066c\\nmysql-router-k8s/1*  active       idle   10.1.253.201         Router 8.0.37 running (restart pending); Charmed operator 1.2+266066c\\nmysql-router-k8s/2   maintenance  idle   10.1.253.206         \\nmysql-test-app/0*    active       idle   10.1.253.203         \\n'\n +  where 'Model  Controller          Cloud/Region        Version  SLA          Timestamp\\ntest   microk8s-localhost  microk8s/localhost  3.4.3    unsupported  02:24:40Z\\n\\nApp               Version                  Status   Scale  Charm             Channel      Rev  Address         Exposed  Message\\nmysql-k8s         8.0.37-0ubuntu0.22.04.3  active       1  mysql-k8s         8.0/edge     171  10.152.183.134  no       \\nmysql-router-k8s  8.0.37-0ubuntu0.22.04.3  waiting      3  mysql-router-k8s  8.0/edge       0  10.152.183.127  no       installing agent\\nmysql-test-app    0.0.2                    active       1  mysql-test-app    latest/edge   46  10.152.183.155  no       \\n\\nUnit                 Workload     Agent  Address       Ports  Message\\nmysql-k8s/0*         active       idle   10.1.253.205         Primary\\nmysql-router-k8s/0   active       idle   10.1.253.200         Router 8.0.37 running (restart pending); Charmed operator 1.2+266066c\\nmysql-router-k8s/1*  active       idle   10.1.253.201         Router 8.0.37 running (restart pending); Charmed operator 1.2+266066c\\nmysql-router-k8s/2   maintenance  idle   10.1.253.206         \\nmysql-test-app/0*    active       idle   10.1.253.203         \\n' = get_juju_status('test')\n +    where 'test' = <juju.model.Model object at 0x7f7e15c9c7f0>.name\n +      where <juju.model.Model object at 0x7f7e15c9c7f0> = <pytest_operator.plugin.OpsTest object at 0x7f7e161cb340>.model","time":{"start":1723169958024,"stop":1723170280896,"duration":322872}},{"uid":"21d3117dccdb40b7","reportUrl":"../198//#testresult/21d3117dccdb40b7","status":"failed","statusDetails":"AssertionError: None of the units are upgraded\nassert '+testupgrade' in 'Model  Controller          Cloud/Region        Version  SLA          Timestamp\\ntest   microk8s-localhost  microk8s/localhost  3.4.3    unsupported  02:23:40Z\\n\\nApp               Version                  Status   Scale  Charm             Channel      Rev  Address         Exposed  Message\\nmysql-k8s         8.0.37-0ubuntu0.22.04.3  active       1  mysql-k8s         8.0/edge     171  10.152.183.129  no       \\nmysql-router-k8s  8.0.37-0ubuntu0.22.04.3  waiting      3  mysql-router-k8s  8.0/edge       0  10.152.183.164  no       installing agent\\nmysql-test-app    0.0.2                    active       1  mysql-test-app    latest/edge   46  10.152.183.148  no       \\n\\nUnit                 Workload     Agent  Address      Ports  Message\\nmysql-k8s/0*         active       idle   10.1.110.74         Primary\\nmysql-router-k8s/0*  active       idle   10.1.110.75         Router 8.0.37 running (restart pending); Charmed operator 1.2+266066c\\nmysql-router-k8s/1   active       idle   10.1.110.76         Router 8.0.37 running (restart pending); Charmed operator 1.2+266066c\\nmysql-router-k8s/2   maintenance  idle   10.1.110.78         \\nmysql-test-app/0*    active       idle   10.1.110.72         \\n'\n +  where 'Model  Controller          Cloud/Region        Version  SLA          Timestamp\\ntest   microk8s-localhost  microk8s/localhost  3.4.3    unsupported  02:23:40Z\\n\\nApp               Version                  Status   Scale  Charm             Channel      Rev  Address         Exposed  Message\\nmysql-k8s         8.0.37-0ubuntu0.22.04.3  active       1  mysql-k8s         8.0/edge     171  10.152.183.129  no       \\nmysql-router-k8s  8.0.37-0ubuntu0.22.04.3  waiting      3  mysql-router-k8s  8.0/edge       0  10.152.183.164  no       installing agent\\nmysql-test-app    0.0.2                    active       1  mysql-test-app    latest/edge   46  10.152.183.148  no       \\n\\nUnit                 Workload     Agent  Address      Ports  Message\\nmysql-k8s/0*         active       idle   10.1.110.74         Primary\\nmysql-router-k8s/0*  active       idle   10.1.110.75         Router 8.0.37 running (restart pending); Charmed operator 1.2+266066c\\nmysql-router-k8s/1   active       idle   10.1.110.76         Router 8.0.37 running (restart pending); Charmed operator 1.2+266066c\\nmysql-router-k8s/2   maintenance  idle   10.1.110.78         \\nmysql-test-app/0*    active       idle   10.1.110.72         \\n' = get_juju_status('test')\n +    where 'test' = <juju.model.Model object at 0x7f9519f5a170>.name\n +      where <juju.model.Model object at 0x7f9519f5a170> = <pytest_operator.plugin.OpsTest object at 0x7f9519f89180>.model","time":{"start":1723083497780,"stop":1723083820178,"duration":322398}},{"uid":"b517c34d9c0858c0","reportUrl":"../194//#testresult/b517c34d9c0858c0","status":"failed","statusDetails":"AssertionError: None of the units are upgraded\nassert '+testupgrade' in 'Model  Controller          Cloud/Region        Version  SLA          Timestamp\\ntest   microk8s-localhost  microk8s/localhost  3.4.3    unsupported  02:30:11Z\\n\\nApp               Version                  Status   Scale  Charm             Channel      Rev  Address         Exposed  Message\\nmysql-k8s         8.0.37-0ubuntu0.22.04.3  active       1  mysql-k8s         8.0/edge     171  10.152.183.142  no       \\nmysql-router-k8s  8.0.37-0ubuntu0.22.04.3  waiting      3  mysql-router-k8s  8.0/edge       0  10.152.183.189  no       installing agent\\nmysql-test-app    0.0.2                    active       1  mysql-test-app    latest/edge   46  10.152.183.82   no       Last written value=26011\\n\\nUnit                 Workload     Agent  Address       Ports  Message\\nmysql-k8s/0*         active       idle   10.1.196.141         Primary\\nmysql-router-k8s/0   active       idle   10.1.196.137         Router 8.0.37 running (restart pending); Charmed operator 1.2+266066c\\nmysql-router-k8s/1*  active       idle   10.1.196.139         Router 8.0.37 running (restart pending); Charmed operator 1.2+266066c\\nmysql-router-k8s/2   maintenance  idle   10.1.196.142         \\nmysql-test-app/0*    active       idle   10.1.196.136         Last written value=26011\\n'\n +  where 'Model  Controller          Cloud/Region        Version  SLA          Timestamp\\ntest   microk8s-localhost  microk8s/localhost  3.4.3    unsupported  02:30:11Z\\n\\nApp               Version                  Status   Scale  Charm             Channel      Rev  Address         Exposed  Message\\nmysql-k8s         8.0.37-0ubuntu0.22.04.3  active       1  mysql-k8s         8.0/edge     171  10.152.183.142  no       \\nmysql-router-k8s  8.0.37-0ubuntu0.22.04.3  waiting      3  mysql-router-k8s  8.0/edge       0  10.152.183.189  no       installing agent\\nmysql-test-app    0.0.2                    active       1  mysql-test-app    latest/edge   46  10.152.183.82   no       Last written value=26011\\n\\nUnit                 Workload     Agent  Address       Ports  Message\\nmysql-k8s/0*         active       idle   10.1.196.141         Primary\\nmysql-router-k8s/0   active       idle   10.1.196.137         Router 8.0.37 running (restart pending); Charmed operator 1.2+266066c\\nmysql-router-k8s/1*  active       idle   10.1.196.139         Router 8.0.37 running (restart pending); Charmed operator 1.2+266066c\\nmysql-router-k8s/2   maintenance  idle   10.1.196.142         \\nmysql-test-app/0*    active       idle   10.1.196.136         Last written value=26011\\n' = get_juju_status('test')\n +    where 'test' = <juju.model.Model object at 0x7f1dd0d30e80>.name\n +      where <juju.model.Model object at 0x7f1dd0d30e80> = <pytest_operator.plugin.OpsTest object at 0x7f1dd0c96140>.model","time":{"start":1722997488110,"stop":1722997811062,"duration":322952}}]},"tags":["asyncio","abort_on_fail","group(1)"]},"source":"cbb979957e933ecb.json","parameterValues":[]}