{"uid":"21d3117dccdb40b7","name":"test_upgrade_from_edge","fullName":"tests.integration.test_upgrade#test_upgrade_from_edge","historyId":"59e96b2cf75bb30d0a5cbde0e5234d56","time":{"start":1723083497780,"stop":1723083820178,"duration":322398},"description":"Upgrade mysqlrouter while ensuring continuous writes incrementing.","descriptionHtml":"<p>Upgrade mysqlrouter while ensuring continuous writes incrementing.</p>\n","status":"failed","statusMessage":"AssertionError: None of the units are upgraded\nassert '+testupgrade' in 'Model  Controller          Cloud/Region        Version  SLA          Timestamp\\ntest   microk8s-localhost  microk8s/localhost  3.4.3    unsupported  02:23:40Z\\n\\nApp               Version                  Status   Scale  Charm             Channel      Rev  Address         Exposed  Message\\nmysql-k8s         8.0.37-0ubuntu0.22.04.3  active       1  mysql-k8s         8.0/edge     171  10.152.183.129  no       \\nmysql-router-k8s  8.0.37-0ubuntu0.22.04.3  waiting      3  mysql-router-k8s  8.0/edge       0  10.152.183.164  no       installing agent\\nmysql-test-app    0.0.2                    active       1  mysql-test-app    latest/edge   46  10.152.183.148  no       \\n\\nUnit                 Workload     Agent  Address      Ports  Message\\nmysql-k8s/0*         active       idle   10.1.110.74         Primary\\nmysql-router-k8s/0*  active       idle   10.1.110.75         Router 8.0.37 running (restart pending); Charmed operator 1.2+266066c\\nmysql-router-k8s/1   active       idle   10.1.110.76         Router 8.0.37 running (restart pending); Charmed operator 1.2+266066c\\nmysql-router-k8s/2   maintenance  idle   10.1.110.78         \\nmysql-test-app/0*    active       idle   10.1.110.72         \\n'\n +  where 'Model  Controller          Cloud/Region        Version  SLA          Timestamp\\ntest   microk8s-localhost  microk8s/localhost  3.4.3    unsupported  02:23:40Z\\n\\nApp               Version                  Status   Scale  Charm             Channel      Rev  Address         Exposed  Message\\nmysql-k8s         8.0.37-0ubuntu0.22.04.3  active       1  mysql-k8s         8.0/edge     171  10.152.183.129  no       \\nmysql-router-k8s  8.0.37-0ubuntu0.22.04.3  waiting      3  mysql-router-k8s  8.0/edge       0  10.152.183.164  no       installing agent\\nmysql-test-app    0.0.2                    active       1  mysql-test-app    latest/edge   46  10.152.183.148  no       \\n\\nUnit                 Workload     Agent  Address      Ports  Message\\nmysql-k8s/0*         active       idle   10.1.110.74         Primary\\nmysql-router-k8s/0*  active       idle   10.1.110.75         Router 8.0.37 running (restart pending); Charmed operator 1.2+266066c\\nmysql-router-k8s/1   active       idle   10.1.110.76         Router 8.0.37 running (restart pending); Charmed operator 1.2+266066c\\nmysql-router-k8s/2   maintenance  idle   10.1.110.78         \\nmysql-test-app/0*    active       idle   10.1.110.72         \\n' = get_juju_status('test')\n +    where 'test' = <juju.model.Model object at 0x7f9519f5a170>.name\n +      where <juju.model.Model object at 0x7f9519f5a170> = <pytest_operator.plugin.OpsTest object at 0x7f9519f89180>.model","statusTrace":"Traceback (most recent call last):\n  File \"/home/runner/work/mysql-router-k8s-operator/mysql-router-k8s-operator/.tox/integration/lib/python3.10/site-packages/_pytest/runner.py\", line 341, in from_call\n    result: Optional[TResult] = func()\n  File \"/home/runner/work/mysql-router-k8s-operator/mysql-router-k8s-operator/.tox/integration/lib/python3.10/site-packages/_pytest/runner.py\", line 262, in <lambda>\n    lambda: ihook(item=item, **kwds), when=when, reraise=reraise\n  File \"/home/runner/work/mysql-router-k8s-operator/mysql-router-k8s-operator/.tox/integration/lib/python3.10/site-packages/pluggy/_hooks.py\", line 493, in __call__\n    return self._hookexec(self.name, self._hookimpls, kwargs, firstresult)\n  File \"/home/runner/work/mysql-router-k8s-operator/mysql-router-k8s-operator/.tox/integration/lib/python3.10/site-packages/pluggy/_manager.py\", line 115, in _hookexec\n    return self._inner_hookexec(hook_name, methods, kwargs, firstresult)\n  File \"/home/runner/work/mysql-router-k8s-operator/mysql-router-k8s-operator/.tox/integration/lib/python3.10/site-packages/pluggy/_callers.py\", line 152, in _multicall\n    return outcome.get_result()\n  File \"/home/runner/work/mysql-router-k8s-operator/mysql-router-k8s-operator/.tox/integration/lib/python3.10/site-packages/pluggy/_result.py\", line 114, in get_result\n    raise exc.with_traceback(exc.__traceback__)\n  File \"/home/runner/work/mysql-router-k8s-operator/mysql-router-k8s-operator/.tox/integration/lib/python3.10/site-packages/pluggy/_callers.py\", line 77, in _multicall\n    res = hook_impl.function(*args)\n  File \"/home/runner/work/mysql-router-k8s-operator/mysql-router-k8s-operator/.tox/integration/lib/python3.10/site-packages/_pytest/runner.py\", line 177, in pytest_runtest_call\n    raise e\n  File \"/home/runner/work/mysql-router-k8s-operator/mysql-router-k8s-operator/.tox/integration/lib/python3.10/site-packages/_pytest/runner.py\", line 169, in pytest_runtest_call\n    item.runtest()\n  File \"/home/runner/work/mysql-router-k8s-operator/mysql-router-k8s-operator/.tox/integration/lib/python3.10/site-packages/_pytest/python.py\", line 1788, in runtest\n    self.ihook.pytest_pyfunc_call(pyfuncitem=self)\n  File \"/home/runner/work/mysql-router-k8s-operator/mysql-router-k8s-operator/.tox/integration/lib/python3.10/site-packages/pluggy/_hooks.py\", line 493, in __call__\n    return self._hookexec(self.name, self._hookimpls, kwargs, firstresult)\n  File \"/home/runner/work/mysql-router-k8s-operator/mysql-router-k8s-operator/.tox/integration/lib/python3.10/site-packages/pluggy/_manager.py\", line 115, in _hookexec\n    return self._inner_hookexec(hook_name, methods, kwargs, firstresult)\n  File \"/home/runner/work/mysql-router-k8s-operator/mysql-router-k8s-operator/.tox/integration/lib/python3.10/site-packages/pluggy/_callers.py\", line 152, in _multicall\n    return outcome.get_result()\n  File \"/home/runner/work/mysql-router-k8s-operator/mysql-router-k8s-operator/.tox/integration/lib/python3.10/site-packages/pluggy/_result.py\", line 114, in get_result\n    raise exc.with_traceback(exc.__traceback__)\n  File \"/home/runner/work/mysql-router-k8s-operator/mysql-router-k8s-operator/.tox/integration/lib/python3.10/site-packages/pluggy/_callers.py\", line 77, in _multicall\n    res = hook_impl.function(*args)\n  File \"/home/runner/work/mysql-router-k8s-operator/mysql-router-k8s-operator/.tox/integration/lib/python3.10/site-packages/_pytest/python.py\", line 194, in pytest_pyfunc_call\n    result = testfunction(**testargs)\n  File \"/home/runner/work/mysql-router-k8s-operator/mysql-router-k8s-operator/.tox/integration/lib/python3.10/site-packages/pytest_asyncio/plugin.py\", line 532, in inner\n    _loop.run_until_complete(task)\n  File \"/usr/lib/python3.10/asyncio/base_events.py\", line 649, in run_until_complete\n    return future.result()\n  File \"/home/runner/work/mysql-router-k8s-operator/mysql-router-k8s-operator/tests/integration/test_upgrade.py\", line 125, in test_upgrade_from_edge\n    for attempt in tenacity.Retrying(\n  File \"/home/runner/work/mysql-router-k8s-operator/mysql-router-k8s-operator/.tox/integration/lib/python3.10/site-packages/tenacity/__init__.py\", line 347, in __iter__\n    do = self.iter(retry_state=retry_state)\n  File \"/home/runner/work/mysql-router-k8s-operator/mysql-router-k8s-operator/.tox/integration/lib/python3.10/site-packages/tenacity/__init__.py\", line 325, in iter\n    raise retry_exc.reraise()\n  File \"/home/runner/work/mysql-router-k8s-operator/mysql-router-k8s-operator/.tox/integration/lib/python3.10/site-packages/tenacity/__init__.py\", line 158, in reraise\n    raise self.last_attempt.result()\n  File \"/usr/lib/python3.10/concurrent/futures/_base.py\", line 451, in result\n    return self.__get_result()\n  File \"/usr/lib/python3.10/concurrent/futures/_base.py\", line 403, in __get_result\n    raise self._exception\n  File \"/home/runner/work/mysql-router-k8s-operator/mysql-router-k8s-operator/tests/integration/test_upgrade.py\", line 131, in test_upgrade_from_edge\n    assert \"+testupgrade\" in get_juju_status(\nAssertionError: None of the units are upgraded\nassert '+testupgrade' in 'Model  Controller          Cloud/Region        Version  SLA          Timestamp\\ntest   microk8s-localhost  microk8s/localhost  3.4.3    unsupported  02:23:40Z\\n\\nApp               Version                  Status   Scale  Charm             Channel      Rev  Address         Exposed  Message\\nmysql-k8s         8.0.37-0ubuntu0.22.04.3  active       1  mysql-k8s         8.0/edge     171  10.152.183.129  no       \\nmysql-router-k8s  8.0.37-0ubuntu0.22.04.3  waiting      3  mysql-router-k8s  8.0/edge       0  10.152.183.164  no       installing agent\\nmysql-test-app    0.0.2                    active       1  mysql-test-app    latest/edge   46  10.152.183.148  no       \\n\\nUnit                 Workload     Agent  Address      Ports  Message\\nmysql-k8s/0*         active       idle   10.1.110.74         Primary\\nmysql-router-k8s/0*  active       idle   10.1.110.75         Router 8.0.37 running (restart pending); Charmed operator 1.2+266066c\\nmysql-router-k8s/1   active       idle   10.1.110.76         Router 8.0.37 running (restart pending); Charmed operator 1.2+266066c\\nmysql-router-k8s/2   maintenance  idle   10.1.110.78         \\nmysql-test-app/0*    active       idle   10.1.110.72         \\n'\n +  where 'Model  Controller          Cloud/Region        Version  SLA          Timestamp\\ntest   microk8s-localhost  microk8s/localhost  3.4.3    unsupported  02:23:40Z\\n\\nApp               Version                  Status   Scale  Charm             Channel      Rev  Address         Exposed  Message\\nmysql-k8s         8.0.37-0ubuntu0.22.04.3  active       1  mysql-k8s         8.0/edge     171  10.152.183.129  no       \\nmysql-router-k8s  8.0.37-0ubuntu0.22.04.3  waiting      3  mysql-router-k8s  8.0/edge       0  10.152.183.164  no       installing agent\\nmysql-test-app    0.0.2                    active       1  mysql-test-app    latest/edge   46  10.152.183.148  no       \\n\\nUnit                 Workload     Agent  Address      Ports  Message\\nmysql-k8s/0*         active       idle   10.1.110.74         Primary\\nmysql-router-k8s/0*  active       idle   10.1.110.75         Router 8.0.37 running (restart pending); Charmed operator 1.2+266066c\\nmysql-router-k8s/1   active       idle   10.1.110.76         Router 8.0.37 running (restart pending); Charmed operator 1.2+266066c\\nmysql-router-k8s/2   maintenance  idle   10.1.110.78         \\nmysql-test-app/0*    active       idle   10.1.110.72         \\n' = get_juju_status('test')\n +    where 'test' = <juju.model.Model object at 0x7f9519f5a170>.name\n +      where <juju.model.Model object at 0x7f9519f5a170> = <pytest_operator.plugin.OpsTest object at 0x7f9519f89180>.model","flaky":false,"newFailed":false,"newBroken":false,"newPassed":false,"retriesCount":1,"retriesStatusChange":true,"beforeStages":[{"name":"tmp_path_factory","time":{"start":1723083371670,"stop":1723083371670,"duration":0},"status":"passed","steps":[],"attachments":[],"parameters":[],"stepsCount":0,"shouldDisplayMessage":false,"attachmentsCount":0,"hasContent":false,"attachmentStep":false},{"name":"event_loop","time":{"start":1723083371670,"stop":1723083371670,"duration":0},"status":"passed","steps":[],"attachments":[],"parameters":[],"stepsCount":0,"shouldDisplayMessage":false,"attachmentsCount":0,"hasContent":false,"attachmentStep":false},{"name":"ops_test","time":{"start":1723083371670,"stop":1723083371951,"duration":281},"status":"passed","steps":[],"attachments":[],"parameters":[],"stepsCount":0,"shouldDisplayMessage":false,"attachmentsCount":0,"hasContent":false,"attachmentStep":false},{"name":"abort_on_fail","time":{"start":1723083497779,"stop":1723083497779,"duration":0},"status":"passed","steps":[],"attachments":[],"parameters":[],"stepsCount":0,"shouldDisplayMessage":false,"attachmentsCount":0,"hasContent":false,"attachmentStep":false}],"testStage":{"description":"Upgrade mysqlrouter while ensuring continuous writes incrementing.","status":"failed","statusMessage":"AssertionError: None of the units are upgraded\nassert '+testupgrade' in 'Model  Controller          Cloud/Region        Version  SLA          Timestamp\\ntest   microk8s-localhost  microk8s/localhost  3.4.3    unsupported  02:23:40Z\\n\\nApp               Version                  Status   Scale  Charm             Channel      Rev  Address         Exposed  Message\\nmysql-k8s         8.0.37-0ubuntu0.22.04.3  active       1  mysql-k8s         8.0/edge     171  10.152.183.129  no       \\nmysql-router-k8s  8.0.37-0ubuntu0.22.04.3  waiting      3  mysql-router-k8s  8.0/edge       0  10.152.183.164  no       installing agent\\nmysql-test-app    0.0.2                    active       1  mysql-test-app    latest/edge   46  10.152.183.148  no       \\n\\nUnit                 Workload     Agent  Address      Ports  Message\\nmysql-k8s/0*         active       idle   10.1.110.74         Primary\\nmysql-router-k8s/0*  active       idle   10.1.110.75         Router 8.0.37 running (restart pending); Charmed operator 1.2+266066c\\nmysql-router-k8s/1   active       idle   10.1.110.76         Router 8.0.37 running (restart pending); Charmed operator 1.2+266066c\\nmysql-router-k8s/2   maintenance  idle   10.1.110.78         \\nmysql-test-app/0*    active       idle   10.1.110.72         \\n'\n +  where 'Model  Controller          Cloud/Region        Version  SLA          Timestamp\\ntest   microk8s-localhost  microk8s/localhost  3.4.3    unsupported  02:23:40Z\\n\\nApp               Version                  Status   Scale  Charm             Channel      Rev  Address         Exposed  Message\\nmysql-k8s         8.0.37-0ubuntu0.22.04.3  active       1  mysql-k8s         8.0/edge     171  10.152.183.129  no       \\nmysql-router-k8s  8.0.37-0ubuntu0.22.04.3  waiting      3  mysql-router-k8s  8.0/edge       0  10.152.183.164  no       installing agent\\nmysql-test-app    0.0.2                    active       1  mysql-test-app    latest/edge   46  10.152.183.148  no       \\n\\nUnit                 Workload     Agent  Address      Ports  Message\\nmysql-k8s/0*         active       idle   10.1.110.74         Primary\\nmysql-router-k8s/0*  active       idle   10.1.110.75         Router 8.0.37 running (restart pending); Charmed operator 1.2+266066c\\nmysql-router-k8s/1   active       idle   10.1.110.76         Router 8.0.37 running (restart pending); Charmed operator 1.2+266066c\\nmysql-router-k8s/2   maintenance  idle   10.1.110.78         \\nmysql-test-app/0*    active       idle   10.1.110.72         \\n' = get_juju_status('test')\n +    where 'test' = <juju.model.Model object at 0x7f9519f5a170>.name\n +      where <juju.model.Model object at 0x7f9519f5a170> = <pytest_operator.plugin.OpsTest object at 0x7f9519f89180>.model","statusTrace":"Traceback (most recent call last):\n  File \"/home/runner/work/mysql-router-k8s-operator/mysql-router-k8s-operator/.tox/integration/lib/python3.10/site-packages/_pytest/runner.py\", line 341, in from_call\n    result: Optional[TResult] = func()\n  File \"/home/runner/work/mysql-router-k8s-operator/mysql-router-k8s-operator/.tox/integration/lib/python3.10/site-packages/_pytest/runner.py\", line 262, in <lambda>\n    lambda: ihook(item=item, **kwds), when=when, reraise=reraise\n  File \"/home/runner/work/mysql-router-k8s-operator/mysql-router-k8s-operator/.tox/integration/lib/python3.10/site-packages/pluggy/_hooks.py\", line 493, in __call__\n    return self._hookexec(self.name, self._hookimpls, kwargs, firstresult)\n  File \"/home/runner/work/mysql-router-k8s-operator/mysql-router-k8s-operator/.tox/integration/lib/python3.10/site-packages/pluggy/_manager.py\", line 115, in _hookexec\n    return self._inner_hookexec(hook_name, methods, kwargs, firstresult)\n  File \"/home/runner/work/mysql-router-k8s-operator/mysql-router-k8s-operator/.tox/integration/lib/python3.10/site-packages/pluggy/_callers.py\", line 152, in _multicall\n    return outcome.get_result()\n  File \"/home/runner/work/mysql-router-k8s-operator/mysql-router-k8s-operator/.tox/integration/lib/python3.10/site-packages/pluggy/_result.py\", line 114, in get_result\n    raise exc.with_traceback(exc.__traceback__)\n  File \"/home/runner/work/mysql-router-k8s-operator/mysql-router-k8s-operator/.tox/integration/lib/python3.10/site-packages/pluggy/_callers.py\", line 77, in _multicall\n    res = hook_impl.function(*args)\n  File \"/home/runner/work/mysql-router-k8s-operator/mysql-router-k8s-operator/.tox/integration/lib/python3.10/site-packages/_pytest/runner.py\", line 177, in pytest_runtest_call\n    raise e\n  File \"/home/runner/work/mysql-router-k8s-operator/mysql-router-k8s-operator/.tox/integration/lib/python3.10/site-packages/_pytest/runner.py\", line 169, in pytest_runtest_call\n    item.runtest()\n  File \"/home/runner/work/mysql-router-k8s-operator/mysql-router-k8s-operator/.tox/integration/lib/python3.10/site-packages/_pytest/python.py\", line 1788, in runtest\n    self.ihook.pytest_pyfunc_call(pyfuncitem=self)\n  File \"/home/runner/work/mysql-router-k8s-operator/mysql-router-k8s-operator/.tox/integration/lib/python3.10/site-packages/pluggy/_hooks.py\", line 493, in __call__\n    return self._hookexec(self.name, self._hookimpls, kwargs, firstresult)\n  File \"/home/runner/work/mysql-router-k8s-operator/mysql-router-k8s-operator/.tox/integration/lib/python3.10/site-packages/pluggy/_manager.py\", line 115, in _hookexec\n    return self._inner_hookexec(hook_name, methods, kwargs, firstresult)\n  File \"/home/runner/work/mysql-router-k8s-operator/mysql-router-k8s-operator/.tox/integration/lib/python3.10/site-packages/pluggy/_callers.py\", line 152, in _multicall\n    return outcome.get_result()\n  File \"/home/runner/work/mysql-router-k8s-operator/mysql-router-k8s-operator/.tox/integration/lib/python3.10/site-packages/pluggy/_result.py\", line 114, in get_result\n    raise exc.with_traceback(exc.__traceback__)\n  File \"/home/runner/work/mysql-router-k8s-operator/mysql-router-k8s-operator/.tox/integration/lib/python3.10/site-packages/pluggy/_callers.py\", line 77, in _multicall\n    res = hook_impl.function(*args)\n  File \"/home/runner/work/mysql-router-k8s-operator/mysql-router-k8s-operator/.tox/integration/lib/python3.10/site-packages/_pytest/python.py\", line 194, in pytest_pyfunc_call\n    result = testfunction(**testargs)\n  File \"/home/runner/work/mysql-router-k8s-operator/mysql-router-k8s-operator/.tox/integration/lib/python3.10/site-packages/pytest_asyncio/plugin.py\", line 532, in inner\n    _loop.run_until_complete(task)\n  File \"/usr/lib/python3.10/asyncio/base_events.py\", line 649, in run_until_complete\n    return future.result()\n  File \"/home/runner/work/mysql-router-k8s-operator/mysql-router-k8s-operator/tests/integration/test_upgrade.py\", line 125, in test_upgrade_from_edge\n    for attempt in tenacity.Retrying(\n  File \"/home/runner/work/mysql-router-k8s-operator/mysql-router-k8s-operator/.tox/integration/lib/python3.10/site-packages/tenacity/__init__.py\", line 347, in __iter__\n    do = self.iter(retry_state=retry_state)\n  File \"/home/runner/work/mysql-router-k8s-operator/mysql-router-k8s-operator/.tox/integration/lib/python3.10/site-packages/tenacity/__init__.py\", line 325, in iter\n    raise retry_exc.reraise()\n  File \"/home/runner/work/mysql-router-k8s-operator/mysql-router-k8s-operator/.tox/integration/lib/python3.10/site-packages/tenacity/__init__.py\", line 158, in reraise\n    raise self.last_attempt.result()\n  File \"/usr/lib/python3.10/concurrent/futures/_base.py\", line 451, in result\n    return self.__get_result()\n  File \"/usr/lib/python3.10/concurrent/futures/_base.py\", line 403, in __get_result\n    raise self._exception\n  File \"/home/runner/work/mysql-router-k8s-operator/mysql-router-k8s-operator/tests/integration/test_upgrade.py\", line 131, in test_upgrade_from_edge\n    assert \"+testupgrade\" in get_juju_status(\nAssertionError: None of the units are upgraded\nassert '+testupgrade' in 'Model  Controller          Cloud/Region        Version  SLA          Timestamp\\ntest   microk8s-localhost  microk8s/localhost  3.4.3    unsupported  02:23:40Z\\n\\nApp               Version                  Status   Scale  Charm             Channel      Rev  Address         Exposed  Message\\nmysql-k8s         8.0.37-0ubuntu0.22.04.3  active       1  mysql-k8s         8.0/edge     171  10.152.183.129  no       \\nmysql-router-k8s  8.0.37-0ubuntu0.22.04.3  waiting      3  mysql-router-k8s  8.0/edge       0  10.152.183.164  no       installing agent\\nmysql-test-app    0.0.2                    active       1  mysql-test-app    latest/edge   46  10.152.183.148  no       \\n\\nUnit                 Workload     Agent  Address      Ports  Message\\nmysql-k8s/0*         active       idle   10.1.110.74         Primary\\nmysql-router-k8s/0*  active       idle   10.1.110.75         Router 8.0.37 running (restart pending); Charmed operator 1.2+266066c\\nmysql-router-k8s/1   active       idle   10.1.110.76         Router 8.0.37 running (restart pending); Charmed operator 1.2+266066c\\nmysql-router-k8s/2   maintenance  idle   10.1.110.78         \\nmysql-test-app/0*    active       idle   10.1.110.72         \\n'\n +  where 'Model  Controller          Cloud/Region        Version  SLA          Timestamp\\ntest   microk8s-localhost  microk8s/localhost  3.4.3    unsupported  02:23:40Z\\n\\nApp               Version                  Status   Scale  Charm             Channel      Rev  Address         Exposed  Message\\nmysql-k8s         8.0.37-0ubuntu0.22.04.3  active       1  mysql-k8s         8.0/edge     171  10.152.183.129  no       \\nmysql-router-k8s  8.0.37-0ubuntu0.22.04.3  waiting      3  mysql-router-k8s  8.0/edge       0  10.152.183.164  no       installing agent\\nmysql-test-app    0.0.2                    active       1  mysql-test-app    latest/edge   46  10.152.183.148  no       \\n\\nUnit                 Workload     Agent  Address      Ports  Message\\nmysql-k8s/0*         active       idle   10.1.110.74         Primary\\nmysql-router-k8s/0*  active       idle   10.1.110.75         Router 8.0.37 running (restart pending); Charmed operator 1.2+266066c\\nmysql-router-k8s/1   active       idle   10.1.110.76         Router 8.0.37 running (restart pending); Charmed operator 1.2+266066c\\nmysql-router-k8s/2   maintenance  idle   10.1.110.78         \\nmysql-test-app/0*    active       idle   10.1.110.72         \\n' = get_juju_status('test')\n +    where 'test' = <juju.model.Model object at 0x7f9519f5a170>.name\n +      where <juju.model.Model object at 0x7f9519f5a170> = <pytest_operator.plugin.OpsTest object at 0x7f9519f89180>.model","steps":[],"attachments":[{"uid":"80c5cb3f3ca34c8d","name":"log","source":"80c5cb3f3ca34c8d.txt","type":"text/plain","size":594}],"parameters":[],"stepsCount":0,"shouldDisplayMessage":true,"attachmentsCount":1,"hasContent":true,"attachmentStep":false},"afterStages":[{"name":"abort_on_fail::0","time":{"start":1723083820227,"stop":1723083820227,"duration":0},"status":"passed","steps":[],"attachments":[],"parameters":[],"stepsCount":0,"shouldDisplayMessage":false,"attachmentsCount":0,"hasContent":false,"attachmentStep":false},{"name":"ops_test::finalizer","time":{"start":1723083820231,"stop":1723083840260,"duration":20029},"status":"passed","steps":[],"attachments":[],"parameters":[],"stepsCount":0,"shouldDisplayMessage":false,"attachmentsCount":0,"hasContent":false,"attachmentStep":false},{"name":"event_loop::2","time":{"start":1723083840260,"stop":1723083840260,"duration":0},"status":"passed","steps":[],"attachments":[],"parameters":[],"stepsCount":0,"shouldDisplayMessage":false,"attachmentsCount":0,"hasContent":false,"attachmentStep":false},{"name":"event_loop::_close_event_loop","time":{"start":1723083840261,"stop":1723083840261,"duration":0},"status":"passed","steps":[],"attachments":[],"parameters":[],"stepsCount":0,"shouldDisplayMessage":false,"attachmentsCount":0,"hasContent":false,"attachmentStep":false},{"name":"event_loop::_provide_clean_event_loop","time":{"start":1723083840261,"stop":1723083840261,"duration":0},"status":"passed","steps":[],"attachments":[],"parameters":[],"stepsCount":0,"shouldDisplayMessage":false,"attachmentsCount":0,"hasContent":false,"attachmentStep":false}],"labels":[{"name":"tag","value":"abort_on_fail"},{"name":"tag","value":"group(1)"},{"name":"tag","value":"asyncio"},{"name":"parentSuite","value":"tests.integration"},{"name":"suite","value":"test_upgrade"},{"name":"host","value":"fv-az1532-209"},{"name":"thread","value":"12347-MainThread"},{"name":"framework","value":"pytest"},{"name":"language","value":"cpython3"},{"name":"package","value":"tests.integration.test_upgrade"},{"name":"resultFormat","value":"allure2"}],"parameters":[],"links":[],"hidden":false,"retry":false,"extra":{"severity":"normal","retries":[{"uid":"89fd6f8500069166","status":"unknown","time":{}}],"categories":[{"name":"Product defects","matchedStatuses":[],"flaky":false}],"history":{"statistic":{"failed":35,"broken":0,"skipped":2,"passed":29,"unknown":5,"total":71},"items":[{"uid":"b517c34d9c0858c0","reportUrl":"../194//#testresult/b517c34d9c0858c0","status":"failed","statusDetails":"AssertionError: None of the units are upgraded\nassert '+testupgrade' in 'Model  Controller          Cloud/Region        Version  SLA          Timestamp\\ntest   microk8s-localhost  microk8s/localhost  3.4.3    unsupported  02:30:11Z\\n\\nApp               Version                  Status   Scale  Charm             Channel      Rev  Address         Exposed  Message\\nmysql-k8s         8.0.37-0ubuntu0.22.04.3  active       1  mysql-k8s         8.0/edge     171  10.152.183.142  no       \\nmysql-router-k8s  8.0.37-0ubuntu0.22.04.3  waiting      3  mysql-router-k8s  8.0/edge       0  10.152.183.189  no       installing agent\\nmysql-test-app    0.0.2                    active       1  mysql-test-app    latest/edge   46  10.152.183.82   no       Last written value=26011\\n\\nUnit                 Workload     Agent  Address       Ports  Message\\nmysql-k8s/0*         active       idle   10.1.196.141         Primary\\nmysql-router-k8s/0   active       idle   10.1.196.137         Router 8.0.37 running (restart pending); Charmed operator 1.2+266066c\\nmysql-router-k8s/1*  active       idle   10.1.196.139         Router 8.0.37 running (restart pending); Charmed operator 1.2+266066c\\nmysql-router-k8s/2   maintenance  idle   10.1.196.142         \\nmysql-test-app/0*    active       idle   10.1.196.136         Last written value=26011\\n'\n +  where 'Model  Controller          Cloud/Region        Version  SLA          Timestamp\\ntest   microk8s-localhost  microk8s/localhost  3.4.3    unsupported  02:30:11Z\\n\\nApp               Version                  Status   Scale  Charm             Channel      Rev  Address         Exposed  Message\\nmysql-k8s         8.0.37-0ubuntu0.22.04.3  active       1  mysql-k8s         8.0/edge     171  10.152.183.142  no       \\nmysql-router-k8s  8.0.37-0ubuntu0.22.04.3  waiting      3  mysql-router-k8s  8.0/edge       0  10.152.183.189  no       installing agent\\nmysql-test-app    0.0.2                    active       1  mysql-test-app    latest/edge   46  10.152.183.82   no       Last written value=26011\\n\\nUnit                 Workload     Agent  Address       Ports  Message\\nmysql-k8s/0*         active       idle   10.1.196.141         Primary\\nmysql-router-k8s/0   active       idle   10.1.196.137         Router 8.0.37 running (restart pending); Charmed operator 1.2+266066c\\nmysql-router-k8s/1*  active       idle   10.1.196.139         Router 8.0.37 running (restart pending); Charmed operator 1.2+266066c\\nmysql-router-k8s/2   maintenance  idle   10.1.196.142         \\nmysql-test-app/0*    active       idle   10.1.196.136         Last written value=26011\\n' = get_juju_status('test')\n +    where 'test' = <juju.model.Model object at 0x7f1dd0d30e80>.name\n +      where <juju.model.Model object at 0x7f1dd0d30e80> = <pytest_operator.plugin.OpsTest object at 0x7f1dd0c96140>.model","time":{"start":1722997488110,"stop":1722997811062,"duration":322952}},{"uid":"88fcb5a0384013ef","reportUrl":"../193//#testresult/88fcb5a0384013ef","status":"failed","statusDetails":"AssertionError: None of the units are upgraded\nassert '+testupgrade' in 'Model  Controller          Cloud/Region        Version  SLA          Timestamp\\ntest   microk8s-localhost  microk8s/localhost  3.4.3    unsupported  02:26:16Z\\n\\nApp               Version                  Status   Scale  Charm             Channel      Rev  Address         Exposed  Message\\nmysql-k8s         8.0.37-0ubuntu0.22.04.3  active       1  mysql-k8s         8.0/edge     171  10.152.183.65   no       \\nmysql-router-k8s  8.0.37-0ubuntu0.22.04.3  waiting      3  mysql-router-k8s  8.0/edge       0  10.152.183.183  no       installing agent\\nmysql-test-app    0.0.2                    active       1  mysql-test-app    latest/edge   46  10.152.183.39   no       \\n\\nUnit                 Workload     Agent  Address      Ports  Message\\nmysql-k8s/0*         active       idle   10.1.219.13         Primary\\nmysql-router-k8s/0*  active       idle   10.1.219.9          Router 8.0.37 running (restart pending); Charmed operator 1.2+266066c\\nmysql-router-k8s/1   active       idle   10.1.219.10         Router 8.0.37 running (restart pending); Charmed operator 1.2+266066c\\nmysql-router-k8s/2   maintenance  idle   10.1.219.14         \\nmysql-test-app/0*    active       idle   10.1.219.8          \\n'\n +  where 'Model  Controller          Cloud/Region        Version  SLA          Timestamp\\ntest   microk8s-localhost  microk8s/localhost  3.4.3    unsupported  02:26:16Z\\n\\nApp               Version                  Status   Scale  Charm             Channel      Rev  Address         Exposed  Message\\nmysql-k8s         8.0.37-0ubuntu0.22.04.3  active       1  mysql-k8s         8.0/edge     171  10.152.183.65   no       \\nmysql-router-k8s  8.0.37-0ubuntu0.22.04.3  waiting      3  mysql-router-k8s  8.0/edge       0  10.152.183.183  no       installing agent\\nmysql-test-app    0.0.2                    active       1  mysql-test-app    latest/edge   46  10.152.183.39   no       \\n\\nUnit                 Workload     Agent  Address      Ports  Message\\nmysql-k8s/0*         active       idle   10.1.219.13         Primary\\nmysql-router-k8s/0*  active       idle   10.1.219.9          Router 8.0.37 running (restart pending); Charmed operator 1.2+266066c\\nmysql-router-k8s/1   active       idle   10.1.219.10         Router 8.0.37 running (restart pending); Charmed operator 1.2+266066c\\nmysql-router-k8s/2   maintenance  idle   10.1.219.14         \\nmysql-test-app/0*    active       idle   10.1.219.8          \\n' = get_juju_status('test')\n +    where 'test' = <juju.model.Model object at 0x7f9e51d1b820>.name\n +      where <juju.model.Model object at 0x7f9e51d1b820> = <pytest_operator.plugin.OpsTest object at 0x7f9e51bb23e0>.model","time":{"start":1722910854052,"stop":1722911176403,"duration":322351}},{"uid":"eaa9f657b51c1de2","reportUrl":"../192//#testresult/eaa9f657b51c1de2","status":"failed","statusDetails":"AssertionError: None of the units are upgraded\nassert '+testupgrade' in 'Model  Controller          Cloud/Region        Version  SLA          Timestamp\\ntest   microk8s-localhost  microk8s/localhost  3.4.3    unsupported  02:25:40Z\\n\\nApp               Version                  Status   Scale  Charm             Channel      Rev  Address         Exposed  Message\\nmysql-k8s         8.0.37-0ubuntu0.22.04.3  active       1  mysql-k8s         8.0/edge     169  10.152.183.101  no       \\nmysql-router-k8s  8.0.37-0ubuntu0.22.04.3  waiting      3  mysql-router-k8s  8.0/edge       0  10.152.183.81   no       installing agent\\nmysql-test-app    0.0.2                    active       1  mysql-test-app    latest/edge   46  10.152.183.240  no       Last written value=25804\\n\\nUnit                 Workload     Agent  Address     Ports  Message\\nmysql-k8s/0*         active       idle   10.1.4.141         Primary\\nmysql-router-k8s/0   active       idle   10.1.4.136         Router 8.0.37 running (restart pending); Charmed operator 1.2+266066c\\nmysql-router-k8s/1*  active       idle   10.1.4.137         Router 8.0.37 running (restart pending); Charmed operator 1.2+266066c\\nmysql-router-k8s/2   maintenance  idle   10.1.4.142         \\nmysql-test-app/0*    active       idle   10.1.4.140         Last written value=25804\\n'\n +  where 'Model  Controller          Cloud/Region        Version  SLA          Timestamp\\ntest   microk8s-localhost  microk8s/localhost  3.4.3    unsupported  02:25:40Z\\n\\nApp               Version                  Status   Scale  Charm             Channel      Rev  Address         Exposed  Message\\nmysql-k8s         8.0.37-0ubuntu0.22.04.3  active       1  mysql-k8s         8.0/edge     169  10.152.183.101  no       \\nmysql-router-k8s  8.0.37-0ubuntu0.22.04.3  waiting      3  mysql-router-k8s  8.0/edge       0  10.152.183.81   no       installing agent\\nmysql-test-app    0.0.2                    active       1  mysql-test-app    latest/edge   46  10.152.183.240  no       Last written value=25804\\n\\nUnit                 Workload     Agent  Address     Ports  Message\\nmysql-k8s/0*         active       idle   10.1.4.141         Primary\\nmysql-router-k8s/0   active       idle   10.1.4.136         Router 8.0.37 running (restart pending); Charmed operator 1.2+266066c\\nmysql-router-k8s/1*  active       idle   10.1.4.137         Router 8.0.37 running (restart pending); Charmed operator 1.2+266066c\\nmysql-router-k8s/2   maintenance  idle   10.1.4.142         \\nmysql-test-app/0*    active       idle   10.1.4.140         Last written value=25804\\n' = get_juju_status('test')\n +    where 'test' = <juju.model.Model object at 0x7f73061ef4f0>.name\n +      where <juju.model.Model object at 0x7f73061ef4f0> = <pytest_operator.plugin.OpsTest object at 0x7f73065aefb0>.model","time":{"start":1722824417736,"stop":1722824740436,"duration":322700}},{"uid":"5a6115ac7c5c2ce4","reportUrl":"../191//#testresult/5a6115ac7c5c2ce4","status":"skipped","statusDetails":"XFAIL reason: aborted\n\n_pytest.outcomes.XFailed: aborted","time":{"start":1722737909458,"stop":1722737909458,"duration":0}},{"uid":"54b6d7007202a7e2","reportUrl":"../190//#testresult/54b6d7007202a7e2","status":"failed","statusDetails":"AssertionError: None of the units are upgraded\nassert '+testupgrade' in 'Model  Controller          Cloud/Region        Version  SLA          Timestamp\\ntest   microk8s-localhost  microk8s/localhost  3.4.3    unsupported  02:18:53Z\\n\\nApp               Version                  Status   Scale  Charm             Channel      Rev  Address         Exposed  Message\\nmysql-k8s         8.0.37-0ubuntu0.22.04.3  active       1  mysql-k8s         8.0/edge     169  10.152.183.162  no       \\nmysql-router-k8s  8.0.37-0ubuntu0.22.04.3  waiting      3  mysql-router-k8s  8.0/edge       0  10.152.183.134  no       installing agent\\nmysql-test-app    0.0.2                    active       1  mysql-test-app    latest/edge   46  10.152.183.50   no       \\n\\nUnit                 Workload     Agent  Address      Ports  Message\\nmysql-k8s/0*         active       idle   10.1.82.139         Primary\\nmysql-router-k8s/0   active       idle   10.1.82.137         Router 8.0.37 running (restart pending); Charmed operator 1.2+266066c\\nmysql-router-k8s/1*  active       idle   10.1.82.140         Router 8.0.37 running (restart pending); Charmed operator 1.2+266066c\\nmysql-router-k8s/2   maintenance  idle   10.1.82.142         \\nmysql-test-app/0*    active       idle   10.1.82.141         \\n'\n +  where 'Model  Controller          Cloud/Region        Version  SLA          Timestamp\\ntest   microk8s-localhost  microk8s/localhost  3.4.3    unsupported  02:18:53Z\\n\\nApp               Version                  Status   Scale  Charm             Channel      Rev  Address         Exposed  Message\\nmysql-k8s         8.0.37-0ubuntu0.22.04.3  active       1  mysql-k8s         8.0/edge     169  10.152.183.162  no       \\nmysql-router-k8s  8.0.37-0ubuntu0.22.04.3  waiting      3  mysql-router-k8s  8.0/edge       0  10.152.183.134  no       installing agent\\nmysql-test-app    0.0.2                    active       1  mysql-test-app    latest/edge   46  10.152.183.50   no       \\n\\nUnit                 Workload     Agent  Address      Ports  Message\\nmysql-k8s/0*         active       idle   10.1.82.139         Primary\\nmysql-router-k8s/0   active       idle   10.1.82.137         Router 8.0.37 running (restart pending); Charmed operator 1.2+266066c\\nmysql-router-k8s/1*  active       idle   10.1.82.140         Router 8.0.37 running (restart pending); Charmed operator 1.2+266066c\\nmysql-router-k8s/2   maintenance  idle   10.1.82.142         \\nmysql-test-app/0*    active       idle   10.1.82.141         \\n' = get_juju_status('test')\n +    where 'test' = <juju.model.Model object at 0x7fda10765d20>.name\n +      where <juju.model.Model object at 0x7fda10765d20> = <pytest_operator.plugin.OpsTest object at 0x7fda0ff708b0>.model","time":{"start":1722651210322,"stop":1722651533102,"duration":322780}},{"uid":"1f7a41820b14087b","reportUrl":"../188//#testresult/1f7a41820b14087b","status":"failed","statusDetails":"AssertionError: None of the units are upgraded\nassert '+testupgrade' in 'Model  Controller          Cloud/Region        Version  SLA          Timestamp\\ntest   microk8s-localhost  microk8s/localhost  3.4.3    unsupported  02:19:53Z\\n\\nApp               Version                  Status   Scale  Charm             Channel      Rev  Address         Exposed  Message\\nmysql-k8s         8.0.37-0ubuntu0.22.04.3  active       1  mysql-k8s         8.0/edge     169  10.152.183.180  no       \\nmysql-router-k8s  8.0.37-0ubuntu0.22.04.3  waiting      3  mysql-router-k8s  8.0/edge       0  10.152.183.184  no       installing agent\\nmysql-test-app    0.0.2                    active       1  mysql-test-app    latest/edge   46  10.152.183.86   no       Last written value=25369\\n\\nUnit                 Workload     Agent  Address     Ports  Message\\nmysql-k8s/0*         active       idle   10.1.89.77         Primary\\nmysql-router-k8s/0*  active       idle   10.1.89.72         Router 8.0.37 running (restart pending); Charmed operator 1.2+266066c\\nmysql-router-k8s/1   active       idle   10.1.89.73         Router 8.0.37 running (restart pending); Charmed operator 1.2+266066c\\nmysql-router-k8s/2   maintenance  idle   10.1.89.78         \\nmysql-test-app/0*    active       idle   10.1.89.76         Last written value=25369\\n'\n +  where 'Model  Controller          Cloud/Region        Version  SLA          Timestamp\\ntest   microk8s-localhost  microk8s/localhost  3.4.3    unsupported  02:19:53Z\\n\\nApp               Version                  Status   Scale  Charm             Channel      Rev  Address         Exposed  Message\\nmysql-k8s         8.0.37-0ubuntu0.22.04.3  active       1  mysql-k8s         8.0/edge     169  10.152.183.180  no       \\nmysql-router-k8s  8.0.37-0ubuntu0.22.04.3  waiting      3  mysql-router-k8s  8.0/edge       0  10.152.183.184  no       installing agent\\nmysql-test-app    0.0.2                    active       1  mysql-test-app    latest/edge   46  10.152.183.86   no       Last written value=25369\\n\\nUnit                 Workload     Agent  Address     Ports  Message\\nmysql-k8s/0*         active       idle   10.1.89.77         Primary\\nmysql-router-k8s/0*  active       idle   10.1.89.72         Router 8.0.37 running (restart pending); Charmed operator 1.2+266066c\\nmysql-router-k8s/1   active       idle   10.1.89.73         Router 8.0.37 running (restart pending); Charmed operator 1.2+266066c\\nmysql-router-k8s/2   maintenance  idle   10.1.89.78         \\nmysql-test-app/0*    active       idle   10.1.89.76         Last written value=25369\\n' = get_juju_status('test')\n +    where 'test' = <juju.model.Model object at 0x7f4a547b6740>.name\n +      where <juju.model.Model object at 0x7f4a547b6740> = <pytest_operator.plugin.OpsTest object at 0x7f4a54727520>.model","time":{"start":1722564870823,"stop":1722565193281,"duration":322458}},{"uid":"afefa3193cf76e4f","reportUrl":"../186//#testresult/afefa3193cf76e4f","status":"failed","statusDetails":"AssertionError: None of the units are upgraded\nassert '+testupgrade' in 'Model  Controller          Cloud/Region        Version  SLA          Timestamp\\ntest   microk8s-localhost  microk8s/localhost  3.4.3    unsupported  02:25:23Z\\n\\nApp               Version                  Status   Scale  Charm             Channel      Rev  Address         Exposed  Message\\nmysql-k8s         8.0.37-0ubuntu0.22.04.3  active       1  mysql-k8s         8.0/edge     169  10.152.183.176  no       \\nmysql-router-k8s  8.0.37-0ubuntu0.22.04.3  waiting      3  mysql-router-k8s  8.0/edge       0  10.152.183.108  no       installing agent\\nmysql-test-app    0.0.2                    active       1  mysql-test-app    latest/edge   46  10.152.183.158  no       Last written value=21644\\n\\nUnit                 Workload  Agent  Address      Ports  Message\\nmysql-k8s/0*         active    idle   10.1.97.205         Primary\\nmysql-router-k8s/0*  active    idle   10.1.97.202         Router 8.0.37 running (restart pending); Charmed operator 1.2+266066c\\nmysql-router-k8s/1   active    idle   10.1.97.203         Router 8.0.37 running (restart pending); Charmed operator 1.2+266066c\\nmysql-router-k8s/2   blocked   idle   10.1.97.206         Upgrade incompatible. Rollback to previous revision with `juju refresh`\\nmysql-test-app/0*    active    idle   10.1.97.200         Last written value=21644\\n'\n +  where 'Model  Controller          Cloud/Region        Version  SLA          Timestamp\\ntest   microk8s-localhost  microk8s/localhost  3.4.3    unsupported  02:25:23Z\\n\\nApp               Version                  Status   Scale  Charm             Channel      Rev  Address         Exposed  Message\\nmysql-k8s         8.0.37-0ubuntu0.22.04.3  active       1  mysql-k8s         8.0/edge     169  10.152.183.176  no       \\nmysql-router-k8s  8.0.37-0ubuntu0.22.04.3  waiting      3  mysql-router-k8s  8.0/edge       0  10.152.183.108  no       installing agent\\nmysql-test-app    0.0.2                    active       1  mysql-test-app    latest/edge   46  10.152.183.158  no       Last written value=21644\\n\\nUnit                 Workload  Agent  Address      Ports  Message\\nmysql-k8s/0*         active    idle   10.1.97.205         Primary\\nmysql-router-k8s/0*  active    idle   10.1.97.202         Router 8.0.37 running (restart pending); Charmed operator 1.2+266066c\\nmysql-router-k8s/1   active    idle   10.1.97.203         Router 8.0.37 running (restart pending); Charmed operator 1.2+266066c\\nmysql-router-k8s/2   blocked   idle   10.1.97.206         Upgrade incompatible. Rollback to previous revision with `juju refresh`\\nmysql-test-app/0*    active    idle   10.1.97.200         Last written value=21644\\n' = get_juju_status('test')\n +    where 'test' = <juju.model.Model object at 0x7f2fc187c1f0>.name\n +      where <juju.model.Model object at 0x7f2fc187c1f0> = <pytest_operator.plugin.OpsTest object at 0x7f2fc1c2c310>.model","time":{"start":1722478797795,"stop":1722479123724,"duration":325929}},{"uid":"ddfed238cfd47834","reportUrl":"../184//#testresult/ddfed238cfd47834","status":"failed","statusDetails":"AssertionError: None of the units are upgraded\nassert '+testupgrade' in 'Model  Controller          Cloud/Region        Version  SLA          Timestamp\\ntest   microk8s-localhost  microk8s/localhost  3.4.3    unsupported  01:56:55Z\\n\\nApp               Version                  Status   Scale  Charm             Channel      Rev  Address         Exposed  Message\\nmysql-k8s         8.0.37-0ubuntu0.22.04.3  active       1  mysql-k8s         8.0/edge     167  10.152.183.99   no       \\nmysql-router-k8s  8.0.37-0ubuntu0.22.04.3  waiting      3  mysql-router-k8s  8.0/edge       0  10.152.183.84   no       installing agent\\nmysql-test-app    0.0.2                    active       1  mysql-test-app    latest/edge   46  10.152.183.217  no       \\n\\nUnit                 Workload  Agent  Address       Ports  Message\\nmysql-k8s/0*         active    idle   10.1.113.141         Primary\\nmysql-router-k8s/0   active    idle   10.1.113.137         Router 8.0.37 running (restart pending); Charmed operator 1.2+266066c\\nmysql-router-k8s/1*  active    idle   10.1.113.139         Router 8.0.37 running (restart pending); Charmed operator 1.2+266066c\\nmysql-router-k8s/2   blocked   idle   10.1.113.142         Upgrade incompatible. Rollback to previous revision with `juju refresh`\\nmysql-test-app/0*    active    idle   10.1.113.136         \\n'\n +  where 'Model  Controller          Cloud/Region        Version  SLA          Timestamp\\ntest   microk8s-localhost  microk8s/localhost  3.4.3    unsupported  01:56:55Z\\n\\nApp               Version                  Status   Scale  Charm             Channel      Rev  Address         Exposed  Message\\nmysql-k8s         8.0.37-0ubuntu0.22.04.3  active       1  mysql-k8s         8.0/edge     167  10.152.183.99   no       \\nmysql-router-k8s  8.0.37-0ubuntu0.22.04.3  waiting      3  mysql-router-k8s  8.0/edge       0  10.152.183.84   no       installing agent\\nmysql-test-app    0.0.2                    active       1  mysql-test-app    latest/edge   46  10.152.183.217  no       \\n\\nUnit                 Workload  Agent  Address       Ports  Message\\nmysql-k8s/0*         active    idle   10.1.113.141         Primary\\nmysql-router-k8s/0   active    idle   10.1.113.137         Router 8.0.37 running (restart pending); Charmed operator 1.2+266066c\\nmysql-router-k8s/1*  active    idle   10.1.113.139         Router 8.0.37 running (restart pending); Charmed operator 1.2+266066c\\nmysql-router-k8s/2   blocked   idle   10.1.113.142         Upgrade incompatible. Rollback to previous revision with `juju refresh`\\nmysql-test-app/0*    active    idle   10.1.113.136         \\n' = get_juju_status('test')\n +    where 'test' = <juju.model.Model object at 0x7f0478e16020>.name\n +      where <juju.model.Model object at 0x7f0478e16020> = <pytest_operator.plugin.OpsTest object at 0x7f0478e95330>.model","time":{"start":1722390688856,"stop":1722391015724,"duration":326868}},{"uid":"5ae4864a5653c84","reportUrl":"../181//#testresult/5ae4864a5653c84","status":"failed","statusDetails":"AssertionError: None of the units are upgraded\nassert '+testupgrade' in 'Model  Controller          Cloud/Region        Version  SLA          Timestamp\\ntest   microk8s-localhost  microk8s/localhost  3.4.3    unsupported  02:21:34Z\\n\\nApp               Version                  Status   Scale  Charm             Channel      Rev  Address         Exposed  Message\\nmysql-k8s         8.0.37-0ubuntu0.22.04.3  active       1  mysql-k8s         8.0/edge     164  10.152.183.96   no       \\nmysql-router-k8s  8.0.37-0ubuntu0.22.04.3  waiting      3  mysql-router-k8s  8.0/edge       0  10.152.183.170  no       waiting for units to settle down\\nmysql-test-app    0.0.2                    active       1  mysql-test-app    latest/edge   46  10.152.183.218  no       Last written value=26558\\n\\nUnit                 Workload  Agent  Address      Ports  Message\\nmysql-k8s/0*         active    idle   10.1.122.77         Primary\\nmysql-router-k8s/0   active    idle   10.1.122.72         Router 8.0.37 running (restart pending); Charmed operator 1.2+266066c\\nmysql-router-k8s/1   active    idle   10.1.122.73         Router 8.0.37 running (restart pending); Charmed operator 1.2+266066c\\nmysql-router-k8s/2*  blocked   idle   10.1.122.78         Upgrade incompatible. Rollback to previous revision with `juju refresh`\\nmysql-test-app/0*    active    idle   10.1.122.76         Last written value=26558\\n'\n +  where 'Model  Controller          Cloud/Region        Version  SLA          Timestamp\\ntest   microk8s-localhost  microk8s/localhost  3.4.3    unsupported  02:21:34Z\\n\\nApp               Version                  Status   Scale  Charm             Channel      Rev  Address         Exposed  Message\\nmysql-k8s         8.0.37-0ubuntu0.22.04.3  active       1  mysql-k8s         8.0/edge     164  10.152.183.96   no       \\nmysql-router-k8s  8.0.37-0ubuntu0.22.04.3  waiting      3  mysql-router-k8s  8.0/edge       0  10.152.183.170  no       waiting for units to settle down\\nmysql-test-app    0.0.2                    active       1  mysql-test-app    latest/edge   46  10.152.183.218  no       Last written value=26558\\n\\nUnit                 Workload  Agent  Address      Ports  Message\\nmysql-k8s/0*         active    idle   10.1.122.77         Primary\\nmysql-router-k8s/0   active    idle   10.1.122.72         Router 8.0.37 running (restart pending); Charmed operator 1.2+266066c\\nmysql-router-k8s/1   active    idle   10.1.122.73         Router 8.0.37 running (restart pending); Charmed operator 1.2+266066c\\nmysql-router-k8s/2*  blocked   idle   10.1.122.78         Upgrade incompatible. Rollback to previous revision with `juju refresh`\\nmysql-test-app/0*    active    idle   10.1.122.76         Last written value=26558\\n' = get_juju_status('test')\n +    where 'test' = <juju.model.Model object at 0x7fa5e843dfc0>.name\n +      where <juju.model.Model object at 0x7fa5e843dfc0> = <pytest_operator.plugin.OpsTest object at 0x7fa5e843d4e0>.model","time":{"start":1722305757500,"stop":1722306094836,"duration":337336}},{"uid":"b4862ea76969fefd","reportUrl":"../177//#testresult/b4862ea76969fefd","status":"failed","statusDetails":"AssertionError: None of the units are upgraded\nassert '+testupgrade' in 'Model  Controller          Cloud/Region        Version  SLA          Timestamp\\ntest   microk8s-localhost  microk8s/localhost  3.4.3    unsupported  02:20:44Z\\n\\nApp               Version                  Status   Scale  Charm             Channel      Rev  Address         Exposed  Message\\nmysql-k8s         8.0.37-0ubuntu0.22.04.3  active       1  mysql-k8s         8.0/edge     164  10.152.183.215  no       \\nmysql-router-k8s  8.0.37-0ubuntu0.22.04.3  waiting      3  mysql-router-k8s  8.0/edge       0  10.152.183.234  no       installing agent\\nmysql-test-app    0.0.2                    active       1  mysql-test-app    latest/edge   46  10.152.183.83   no       \\n\\nUnit                 Workload  Agent  Address      Ports  Message\\nmysql-k8s/0*         active    idle   10.1.184.13         Primary\\nmysql-router-k8s/0   active    idle   10.1.184.10         Router 8.0.37 running (restart pending); Charmed operator 1.2+266066c\\nmysql-router-k8s/1*  active    idle   10.1.184.11         Router 8.0.37 running (restart pending); Charmed operator 1.2+266066c\\nmysql-router-k8s/2   blocked   idle   10.1.184.14         Upgrade incompatible. Rollback to previous revision with `juju refresh`\\nmysql-test-app/0*    active    idle   10.1.184.8          \\n'\n +  where 'Model  Controller          Cloud/Region        Version  SLA          Timestamp\\ntest   microk8s-localhost  microk8s/localhost  3.4.3    unsupported  02:20:44Z\\n\\nApp               Version                  Status   Scale  Charm             Channel      Rev  Address         Exposed  Message\\nmysql-k8s         8.0.37-0ubuntu0.22.04.3  active       1  mysql-k8s         8.0/edge     164  10.152.183.215  no       \\nmysql-router-k8s  8.0.37-0ubuntu0.22.04.3  waiting      3  mysql-router-k8s  8.0/edge       0  10.152.183.234  no       installing agent\\nmysql-test-app    0.0.2                    active       1  mysql-test-app    latest/edge   46  10.152.183.83   no       \\n\\nUnit                 Workload  Agent  Address      Ports  Message\\nmysql-k8s/0*         active    idle   10.1.184.13         Primary\\nmysql-router-k8s/0   active    idle   10.1.184.10         Router 8.0.37 running (restart pending); Charmed operator 1.2+266066c\\nmysql-router-k8s/1*  active    idle   10.1.184.11         Router 8.0.37 running (restart pending); Charmed operator 1.2+266066c\\nmysql-router-k8s/2   blocked   idle   10.1.184.14         Upgrade incompatible. Rollback to previous revision with `juju refresh`\\nmysql-test-app/0*    active    idle   10.1.184.8          \\n' = get_juju_status('test')\n +    where 'test' = <juju.model.Model object at 0x7f70125377c0>.name\n +      where <juju.model.Model object at 0x7f70125377c0> = <pytest_operator.plugin.OpsTest object at 0x7f70123f7130>.model","time":{"start":1722219317728,"stop":1722219644576,"duration":326848}},{"uid":"58c0cdcb9cbcc4b6","reportUrl":"../176//#testresult/58c0cdcb9cbcc4b6","status":"failed","statusDetails":"AssertionError: None of the units are upgraded\nassert '+testupgrade' in 'Model  Controller          Cloud/Region        Version  SLA          Timestamp\\ntest   microk8s-localhost  microk8s/localhost  3.4.3    unsupported  02:23:06Z\\n\\nApp               Version                  Status   Scale  Charm             Channel      Rev  Address         Exposed  Message\\nmysql-k8s         8.0.37-0ubuntu0.22.04.3  active       1  mysql-k8s         8.0/edge     164  10.152.183.21   no       \\nmysql-router-k8s  8.0.37-0ubuntu0.22.04.3  waiting      3  mysql-router-k8s  8.0/edge       0  10.152.183.221  no       waiting for units to settle down\\nmysql-test-app    0.0.2                    active       1  mysql-test-app    latest/edge   46  10.152.183.210  no       Last written value=27178\\n\\nUnit                 Workload  Agent  Address      Ports  Message\\nmysql-k8s/0*         active    idle   10.1.33.205         Primary\\nmysql-router-k8s/0   active    idle   10.1.33.200         Router 8.0.37 running (restart pending); Charmed operator 1.2+266066c\\nmysql-router-k8s/1   active    idle   10.1.33.201         Router 8.0.37 running (restart pending); Charmed operator 1.2+266066c\\nmysql-router-k8s/2*  blocked   idle   10.1.33.206         Upgrade incompatible. Rollback to previous revision with `juju refresh`\\nmysql-test-app/0*    active    idle   10.1.33.203         Last written value=27178\\n'\n +  where 'Model  Controller          Cloud/Region        Version  SLA          Timestamp\\ntest   microk8s-localhost  microk8s/localhost  3.4.3    unsupported  02:23:06Z\\n\\nApp               Version                  Status   Scale  Charm             Channel      Rev  Address         Exposed  Message\\nmysql-k8s         8.0.37-0ubuntu0.22.04.3  active       1  mysql-k8s         8.0/edge     164  10.152.183.21   no       \\nmysql-router-k8s  8.0.37-0ubuntu0.22.04.3  waiting      3  mysql-router-k8s  8.0/edge       0  10.152.183.221  no       waiting for units to settle down\\nmysql-test-app    0.0.2                    active       1  mysql-test-app    latest/edge   46  10.152.183.210  no       Last written value=27178\\n\\nUnit                 Workload  Agent  Address      Ports  Message\\nmysql-k8s/0*         active    idle   10.1.33.205         Primary\\nmysql-router-k8s/0   active    idle   10.1.33.200         Router 8.0.37 running (restart pending); Charmed operator 1.2+266066c\\nmysql-router-k8s/1   active    idle   10.1.33.201         Router 8.0.37 running (restart pending); Charmed operator 1.2+266066c\\nmysql-router-k8s/2*  blocked   idle   10.1.33.206         Upgrade incompatible. Rollback to previous revision with `juju refresh`\\nmysql-test-app/0*    active    idle   10.1.33.203         Last written value=27178\\n' = get_juju_status('test')\n +    where 'test' = <juju.model.Model object at 0x7fcfe7848f40>.name\n +      where <juju.model.Model object at 0x7fcfe7848f40> = <pytest_operator.plugin.OpsTest object at 0x7fcfe3087460>.model","time":{"start":1722133049221,"stop":1722133386975,"duration":337754}},{"uid":"ea7bde0389c44f41","reportUrl":"../175//#testresult/ea7bde0389c44f41","status":"failed","statusDetails":"AssertionError: None of the units are upgraded\nassert '+testupgrade' in 'Model  Controller          Cloud/Region        Version  SLA          Timestamp\\ntest   microk8s-localhost  microk8s/localhost  3.4.3    unsupported  02:16:00Z\\n\\nApp               Version                  Status   Scale  Charm             Channel      Rev  Address         Exposed  Message\\nmysql-k8s         8.0.37-0ubuntu0.22.04.3  active       1  mysql-k8s         8.0/edge     164  10.152.183.74   no       \\nmysql-router-k8s  8.0.37-0ubuntu0.22.04.3  waiting      3  mysql-router-k8s  8.0/edge       0  10.152.183.122  no       installing agent\\nmysql-test-app    0.0.2                    active       1  mysql-test-app    latest/edge   46  10.152.183.130  no       \\n\\nUnit                 Workload  Agent      Address       Ports  Message\\nmysql-k8s/0*         active    executing  10.1.203.205         Primary\\nmysql-router-k8s/0   active    idle       10.1.203.201         Router 8.0.37 running (restart pending); Charmed operator 1.2+266066c\\nmysql-router-k8s/1*  active    idle       10.1.203.203         Router 8.0.37 running (restart pending); Charmed operator 1.2+266066c\\nmysql-router-k8s/2   blocked   idle       10.1.203.206         Upgrade incompatible. Rollback to previous revision with `juju refresh`\\nmysql-test-app/0*    active    idle       10.1.203.200         \\n'\n +  where 'Model  Controller          Cloud/Region        Version  SLA          Timestamp\\ntest   microk8s-localhost  microk8s/localhost  3.4.3    unsupported  02:16:00Z\\n\\nApp               Version                  Status   Scale  Charm             Channel      Rev  Address         Exposed  Message\\nmysql-k8s         8.0.37-0ubuntu0.22.04.3  active       1  mysql-k8s         8.0/edge     164  10.152.183.74   no       \\nmysql-router-k8s  8.0.37-0ubuntu0.22.04.3  waiting      3  mysql-router-k8s  8.0/edge       0  10.152.183.122  no       installing agent\\nmysql-test-app    0.0.2                    active       1  mysql-test-app    latest/edge   46  10.152.183.130  no       \\n\\nUnit                 Workload  Agent      Address       Ports  Message\\nmysql-k8s/0*         active    executing  10.1.203.205         Primary\\nmysql-router-k8s/0   active    idle       10.1.203.201         Router 8.0.37 running (restart pending); Charmed operator 1.2+266066c\\nmysql-router-k8s/1*  active    idle       10.1.203.203         Router 8.0.37 running (restart pending); Charmed operator 1.2+266066c\\nmysql-router-k8s/2   blocked   idle       10.1.203.206         Upgrade incompatible. Rollback to previous revision with `juju refresh`\\nmysql-test-app/0*    active    idle       10.1.203.200         \\n' = get_juju_status('test')\n +    where 'test' = <juju.model.Model object at 0x7fbc9c14b730>.name\n +      where <juju.model.Model object at 0x7fbc9c14b730> = <pytest_operator.plugin.OpsTest object at 0x7fbca0457670>.model","time":{"start":1722046234173,"stop":1722046560335,"duration":326162}},{"uid":"44e99098c48bd83c","reportUrl":"../174//#testresult/44e99098c48bd83c","status":"failed","statusDetails":"AssertionError: None of the units are upgraded\nassert '+testupgrade' in 'Model  Controller          Cloud/Region        Version  SLA          Timestamp\\ntest   microk8s-localhost  microk8s/localhost  3.4.3    unsupported  02:18:12Z\\n\\nApp               Version                  Status   Scale  Charm             Channel      Rev  Address         Exposed  Message\\nmysql-k8s         8.0.37-0ubuntu0.22.04.3  active       1  mysql-k8s         8.0/edge     164  10.152.183.158  no       \\nmysql-router-k8s  8.0.37-0ubuntu0.22.04.3  waiting      3  mysql-router-k8s  8.0/edge       0  10.152.183.50   no       waiting for units to settle down\\nmysql-test-app    0.0.2                    active       1  mysql-test-app    latest/edge   46  10.152.183.96   no       \\n\\nUnit                 Workload  Agent  Address      Ports  Message\\nmysql-k8s/0*         active    idle   10.1.195.77         Primary\\nmysql-router-k8s/0   active    idle   10.1.195.73         Router 8.0.37 running (restart pending); Charmed operator 1.2+266066c\\nmysql-router-k8s/1   active    idle   10.1.195.75         Router 8.0.37 running (restart pending); Charmed operator 1.2+266066c\\nmysql-router-k8s/2*  blocked   idle   10.1.195.78         Upgrade incompatible. Rollback to previous revision with `juju refresh`\\nmysql-test-app/0*    active    idle   10.1.195.72         \\n'\n +  where 'Model  Controller          Cloud/Region        Version  SLA          Timestamp\\ntest   microk8s-localhost  microk8s/localhost  3.4.3    unsupported  02:18:12Z\\n\\nApp               Version                  Status   Scale  Charm             Channel      Rev  Address         Exposed  Message\\nmysql-k8s         8.0.37-0ubuntu0.22.04.3  active       1  mysql-k8s         8.0/edge     164  10.152.183.158  no       \\nmysql-router-k8s  8.0.37-0ubuntu0.22.04.3  waiting      3  mysql-router-k8s  8.0/edge       0  10.152.183.50   no       waiting for units to settle down\\nmysql-test-app    0.0.2                    active       1  mysql-test-app    latest/edge   46  10.152.183.96   no       \\n\\nUnit                 Workload  Agent  Address      Ports  Message\\nmysql-k8s/0*         active    idle   10.1.195.77         Primary\\nmysql-router-k8s/0   active    idle   10.1.195.73         Router 8.0.37 running (restart pending); Charmed operator 1.2+266066c\\nmysql-router-k8s/1   active    idle   10.1.195.75         Router 8.0.37 running (restart pending); Charmed operator 1.2+266066c\\nmysql-router-k8s/2*  blocked   idle   10.1.195.78         Upgrade incompatible. Rollback to previous revision with `juju refresh`\\nmysql-test-app/0*    active    idle   10.1.195.72         \\n' = get_juju_status('test')\n +    where 'test' = <juju.model.Model object at 0x7f1a92c3b7c0>.name\n +      where <juju.model.Model object at 0x7f1a92c3b7c0> = <pytest_operator.plugin.OpsTest object at 0x7f1a92a50ee0>.model","time":{"start":1721959955175,"stop":1721960292354,"duration":337179}},{"uid":"46e3a5798f7ac403","reportUrl":"../172//#testresult/46e3a5798f7ac403","status":"skipped","statusDetails":"XFAIL reason: aborted\n\n_pytest.outcomes.XFailed: aborted","time":{"start":1721787471623,"stop":1721787471623,"duration":0}},{"uid":"91d4fe65644bed02","reportUrl":"../169//#testresult/91d4fe65644bed02","status":"failed","statusDetails":"AssertionError: None of the units are upgraded\nassert '+testupgrade' in 'Model  Controller          Cloud/Region        Version  SLA          Timestamp\\ntest   microk8s-localhost  microk8s/localhost  3.4.3    unsupported  02:18:07Z\\n\\nApp               Version                  Status   Scale  Charm             Channel      Rev  Address        Exposed  Message\\nmysql-k8s         8.0.37-0ubuntu0.22.04.3  active       1  mysql-k8s         8.0/edge     162  10.152.183.60  no       \\nmysql-router-k8s  8.0.37-0ubuntu0.22.04.3  waiting      3  mysql-router-k8s  8.0/edge       0  10.152.183.59  no       waiting for units to settle down\\nmysql-test-app    0.0.2                    active       1  mysql-test-app    latest/edge   46  10.152.183.45  no       Last written value=22923\\n\\nUnit                 Workload  Agent  Address      Ports  Message\\nmysql-k8s/0*         active    idle   10.1.204.13         Primary\\nmysql-router-k8s/0   active    idle   10.1.204.8          Router 8.0.37 running (restart pending); Charmed operator 1.2+266066c\\nmysql-router-k8s/1   active    idle   10.1.204.9          Router 8.0.37 running (restart pending); Charmed operator 1.2+266066c\\nmysql-router-k8s/2*  blocked   idle   10.1.204.14         Upgrade incompatible. Rollback to previous revision with `juju refresh`\\nmysql-test-app/0*    active    idle   10.1.204.12         Last written value=22923\\n'\n +  where 'Model  Controller          Cloud/Region        Version  SLA          Timestamp\\ntest   microk8s-localhost  microk8s/localhost  3.4.3    unsupported  02:18:07Z\\n\\nApp               Version                  Status   Scale  Charm             Channel      Rev  Address        Exposed  Message\\nmysql-k8s         8.0.37-0ubuntu0.22.04.3  active       1  mysql-k8s         8.0/edge     162  10.152.183.60  no       \\nmysql-router-k8s  8.0.37-0ubuntu0.22.04.3  waiting      3  mysql-router-k8s  8.0/edge       0  10.152.183.59  no       waiting for units to settle down\\nmysql-test-app    0.0.2                    active       1  mysql-test-app    latest/edge   46  10.152.183.45  no       Last written value=22923\\n\\nUnit                 Workload  Agent  Address      Ports  Message\\nmysql-k8s/0*         active    idle   10.1.204.13         Primary\\nmysql-router-k8s/0   active    idle   10.1.204.8          Router 8.0.37 running (restart pending); Charmed operator 1.2+266066c\\nmysql-router-k8s/1   active    idle   10.1.204.9          Router 8.0.37 running (restart pending); Charmed operator 1.2+266066c\\nmysql-router-k8s/2*  blocked   idle   10.1.204.14         Upgrade incompatible. Rollback to previous revision with `juju refresh`\\nmysql-test-app/0*    active    idle   10.1.204.12         Last written value=22923\\n' = get_juju_status('test')\n +    where 'test' = <juju.model.Model object at 0x7fa91daa9930>.name\n +      where <juju.model.Model object at 0x7fa91daa9930> = <pytest_operator.plugin.OpsTest object at 0x7fa91e3fdcc0>.model","time":{"start":1721700751479,"stop":1721701087349,"duration":335870}},{"uid":"1326405dd4514cf4","reportUrl":"../166//#testresult/1326405dd4514cf4","status":"failed","statusDetails":"AssertionError: None of the units are upgraded\nassert '+testupgrade' in 'Model  Controller          Cloud/Region        Version  SLA          Timestamp\\ntest   microk8s-localhost  microk8s/localhost  3.4.3    unsupported  02:22:11Z\\n\\nApp               Version                  Status   Scale  Charm             Channel      Rev  Address         Exposed  Message\\nmysql-k8s         8.0.37-0ubuntu0.22.04.3  active       1  mysql-k8s         8.0/edge     162  10.152.183.72   no       \\nmysql-router-k8s  8.0.37-0ubuntu0.22.04.3  waiting      3  mysql-router-k8s  8.0/edge       0  10.152.183.62   no       waiting for units to settle down\\nmysql-test-app    0.0.2                    active       1  mysql-test-app    latest/edge   46  10.152.183.247  no       \\n\\nUnit                 Workload  Agent  Address    Ports  Message\\nmysql-k8s/0*         active    idle   10.1.5.77         Primary\\nmysql-router-k8s/0   active    idle   10.1.5.73         Router 8.0.37 running (restart pending); Charmed operator 1.2+266066c\\nmysql-router-k8s/1   active    idle   10.1.5.74         Router 8.0.37 running (restart pending); Charmed operator 1.2+266066c\\nmysql-router-k8s/2*  blocked   idle   10.1.5.78         Upgrade incompatible. Rollback to previous revision with `juju refresh`\\nmysql-test-app/0*    active    idle   10.1.5.72         \\n'\n +  where 'Model  Controller          Cloud/Region        Version  SLA          Timestamp\\ntest   microk8s-localhost  microk8s/localhost  3.4.3    unsupported  02:22:11Z\\n\\nApp               Version                  Status   Scale  Charm             Channel      Rev  Address         Exposed  Message\\nmysql-k8s         8.0.37-0ubuntu0.22.04.3  active       1  mysql-k8s         8.0/edge     162  10.152.183.72   no       \\nmysql-router-k8s  8.0.37-0ubuntu0.22.04.3  waiting      3  mysql-router-k8s  8.0/edge       0  10.152.183.62   no       waiting for units to settle down\\nmysql-test-app    0.0.2                    active       1  mysql-test-app    latest/edge   46  10.152.183.247  no       \\n\\nUnit                 Workload  Agent  Address    Ports  Message\\nmysql-k8s/0*         active    idle   10.1.5.77         Primary\\nmysql-router-k8s/0   active    idle   10.1.5.73         Router 8.0.37 running (restart pending); Charmed operator 1.2+266066c\\nmysql-router-k8s/1   active    idle   10.1.5.74         Router 8.0.37 running (restart pending); Charmed operator 1.2+266066c\\nmysql-router-k8s/2*  blocked   idle   10.1.5.78         Upgrade incompatible. Rollback to previous revision with `juju refresh`\\nmysql-test-app/0*    active    idle   10.1.5.72         \\n' = get_juju_status('test')\n +    where 'test' = <juju.model.Model object at 0x7fa2aef97730>.name\n +      where <juju.model.Model object at 0x7fa2aef97730> = <pytest_operator.plugin.OpsTest object at 0x7fa2aec8db40>.model","time":{"start":1721614592387,"stop":1721614931989,"duration":339602}},{"uid":"e5946944b1b4cd47","reportUrl":"../165//#testresult/e5946944b1b4cd47","status":"failed","statusDetails":"AssertionError: None of the units are upgraded\nassert '+testupgrade' in 'Model  Controller          Cloud/Region        Version  SLA          Timestamp\\ntest   microk8s-localhost  microk8s/localhost  3.4.3    unsupported  02:22:10Z\\n\\nApp               Version                  Status   Scale  Charm             Channel      Rev  Address         Exposed  Message\\nmysql-k8s         8.0.37-0ubuntu0.22.04.3  active       1  mysql-k8s         8.0/edge     162  10.152.183.191  no       \\nmysql-router-k8s  8.0.37-0ubuntu0.22.04.3  waiting      3  mysql-router-k8s  8.0/edge       0  10.152.183.141  no       installing agent\\nmysql-test-app    0.0.2                    active       1  mysql-test-app    latest/edge   46  10.152.183.128  no       Last written value=26474\\n\\nUnit                 Workload  Agent  Address      Ports  Message\\nmysql-k8s/0*         active    idle   10.1.85.141         Primary\\nmysql-router-k8s/0*  active    idle   10.1.85.136         Router 8.0.37 running (restart pending); Charmed operator 1.2+266066c\\nmysql-router-k8s/1   active    idle   10.1.85.137         Router 8.0.37 running (restart pending); Charmed operator 1.2+266066c\\nmysql-router-k8s/2   blocked   idle   10.1.85.142         Upgrade incompatible. Rollback to previous revision with `juju refresh`\\nmysql-test-app/0*    active    idle   10.1.85.139         Last written value=26474\\n'\n +  where 'Model  Controller          Cloud/Region        Version  SLA          Timestamp\\ntest   microk8s-localhost  microk8s/localhost  3.4.3    unsupported  02:22:10Z\\n\\nApp               Version                  Status   Scale  Charm             Channel      Rev  Address         Exposed  Message\\nmysql-k8s         8.0.37-0ubuntu0.22.04.3  active       1  mysql-k8s         8.0/edge     162  10.152.183.191  no       \\nmysql-router-k8s  8.0.37-0ubuntu0.22.04.3  waiting      3  mysql-router-k8s  8.0/edge       0  10.152.183.141  no       installing agent\\nmysql-test-app    0.0.2                    active       1  mysql-test-app    latest/edge   46  10.152.183.128  no       Last written value=26474\\n\\nUnit                 Workload  Agent  Address      Ports  Message\\nmysql-k8s/0*         active    idle   10.1.85.141         Primary\\nmysql-router-k8s/0*  active    idle   10.1.85.136         Router 8.0.37 running (restart pending); Charmed operator 1.2+266066c\\nmysql-router-k8s/1   active    idle   10.1.85.137         Router 8.0.37 running (restart pending); Charmed operator 1.2+266066c\\nmysql-router-k8s/2   blocked   idle   10.1.85.142         Upgrade incompatible. Rollback to previous revision with `juju refresh`\\nmysql-test-app/0*    active    idle   10.1.85.139         Last written value=26474\\n' = get_juju_status('test')\n +    where 'test' = <juju.model.Model object at 0x7fcdfc359750>.name\n +      where <juju.model.Model object at 0x7fcdfc359750> = <pytest_operator.plugin.OpsTest object at 0x7fce007baef0>.model","time":{"start":1721528203626,"stop":1721528530850,"duration":327224}},{"uid":"b55cc5a776d05764","reportUrl":"../164//#testresult/b55cc5a776d05764","status":"failed","statusDetails":"AssertionError: None of the units are upgraded\nassert '+testupgrade' in 'Model  Controller          Cloud/Region        Version  SLA          Timestamp\\ntest   microk8s-localhost  microk8s/localhost  3.4.3    unsupported  02:15:02Z\\n\\nApp               Version                  Status   Scale  Charm             Channel      Rev  Address         Exposed  Message\\nmysql-k8s         8.0.37-0ubuntu0.22.04.3  active       1  mysql-k8s         8.0/edge     162  10.152.183.31   no       \\nmysql-router-k8s  8.0.37-0ubuntu0.22.04.3  waiting      3  mysql-router-k8s  8.0/edge       0  10.152.183.160  no       waiting for units to settle down\\nmysql-test-app    0.0.2                    active       1  mysql-test-app    latest/edge   46  10.152.183.125  no       \\n\\nUnit                 Workload  Agent  Address       Ports  Message\\nmysql-k8s/0*         active    idle   10.1.191.205         Primary\\nmysql-router-k8s/0   active    idle   10.1.191.200         Router 8.0.37 running (restart pending); Charmed operator 1.2+266066c\\nmysql-router-k8s/1   active    idle   10.1.191.202         Router 8.0.37 running (restart pending); Charmed operator 1.2+266066c\\nmysql-router-k8s/2*  blocked   idle   10.1.191.206         Upgrade incompatible. Rollback to previous revision with `juju refresh`\\nmysql-test-app/0*    active    idle   10.1.191.204         \\n'\n +  where 'Model  Controller          Cloud/Region        Version  SLA          Timestamp\\ntest   microk8s-localhost  microk8s/localhost  3.4.3    unsupported  02:15:02Z\\n\\nApp               Version                  Status   Scale  Charm             Channel      Rev  Address         Exposed  Message\\nmysql-k8s         8.0.37-0ubuntu0.22.04.3  active       1  mysql-k8s         8.0/edge     162  10.152.183.31   no       \\nmysql-router-k8s  8.0.37-0ubuntu0.22.04.3  waiting      3  mysql-router-k8s  8.0/edge       0  10.152.183.160  no       waiting for units to settle down\\nmysql-test-app    0.0.2                    active       1  mysql-test-app    latest/edge   46  10.152.183.125  no       \\n\\nUnit                 Workload  Agent  Address       Ports  Message\\nmysql-k8s/0*         active    idle   10.1.191.205         Primary\\nmysql-router-k8s/0   active    idle   10.1.191.200         Router 8.0.37 running (restart pending); Charmed operator 1.2+266066c\\nmysql-router-k8s/1   active    idle   10.1.191.202         Router 8.0.37 running (restart pending); Charmed operator 1.2+266066c\\nmysql-router-k8s/2*  blocked   idle   10.1.191.206         Upgrade incompatible. Rollback to previous revision with `juju refresh`\\nmysql-test-app/0*    active    idle   10.1.191.204         \\n' = get_juju_status('test')\n +    where 'test' = <juju.model.Model object at 0x7f43a2b64100>.name\n +      where <juju.model.Model object at 0x7f43a2b64100> = <pytest_operator.plugin.OpsTest object at 0x7f43a2b83910>.model","time":{"start":1721441365679,"stop":1721441702904,"duration":337225}},{"uid":"c2e481a0e40bfaea","reportUrl":"../163//#testresult/c2e481a0e40bfaea","status":"failed","statusDetails":"AssertionError: None of the units are upgraded\nassert '+testupgrade' in 'Model  Controller          Cloud/Region        Version  SLA          Timestamp\\ntest   microk8s-localhost  microk8s/localhost  3.4.3    unsupported  02:17:24Z\\n\\nApp               Version                  Status   Scale  Charm             Channel      Rev  Address         Exposed  Message\\nmysql-k8s         8.0.37-0ubuntu0.22.04.3  active       1  mysql-k8s         8.0/edge     162  10.152.183.201  no       \\nmysql-router-k8s  8.0.37-0ubuntu0.22.04.3  waiting      3  mysql-router-k8s  8.0/edge       0  10.152.183.96   no       installing agent\\nmysql-test-app    0.0.2                    active       1  mysql-test-app    latest/edge   46  10.152.183.119  no       \\n\\nUnit                 Workload  Agent  Address      Ports  Message\\nmysql-k8s/0*         active    idle   10.1.124.74         Primary\\nmysql-router-k8s/0   active    idle   10.1.124.73         Router 8.0.37 running (restart pending); Charmed operator 1.2+92ba15a\\nmysql-router-k8s/1*  active    idle   10.1.124.76         Router 8.0.37 running (restart pending); Charmed operator 1.2+92ba15a\\nmysql-router-k8s/2   blocked   idle   10.1.124.78         Upgrade incompatible. Rollback to previous revision with `juju refresh`\\nmysql-test-app/0*    active    idle   10.1.124.77         \\n'\n +  where 'Model  Controller          Cloud/Region        Version  SLA          Timestamp\\ntest   microk8s-localhost  microk8s/localhost  3.4.3    unsupported  02:17:24Z\\n\\nApp               Version                  Status   Scale  Charm             Channel      Rev  Address         Exposed  Message\\nmysql-k8s         8.0.37-0ubuntu0.22.04.3  active       1  mysql-k8s         8.0/edge     162  10.152.183.201  no       \\nmysql-router-k8s  8.0.37-0ubuntu0.22.04.3  waiting      3  mysql-router-k8s  8.0/edge       0  10.152.183.96   no       installing agent\\nmysql-test-app    0.0.2                    active       1  mysql-test-app    latest/edge   46  10.152.183.119  no       \\n\\nUnit                 Workload  Agent  Address      Ports  Message\\nmysql-k8s/0*         active    idle   10.1.124.74         Primary\\nmysql-router-k8s/0   active    idle   10.1.124.73         Router 8.0.37 running (restart pending); Charmed operator 1.2+92ba15a\\nmysql-router-k8s/1*  active    idle   10.1.124.76         Router 8.0.37 running (restart pending); Charmed operator 1.2+92ba15a\\nmysql-router-k8s/2   blocked   idle   10.1.124.78         Upgrade incompatible. Rollback to previous revision with `juju refresh`\\nmysql-test-app/0*    active    idle   10.1.124.77         \\n' = get_juju_status('test')\n +    where 'test' = <juju.model.Model object at 0x7f5d4a175720>.name\n +      where <juju.model.Model object at 0x7f5d4a175720> = <pytest_operator.plugin.OpsTest object at 0x7f5d4a191240>.model","time":{"start":1721355117135,"stop":1721355444139,"duration":327004}},{"uid":"ae28a4355a2e2bca","reportUrl":"../161//#testresult/ae28a4355a2e2bca","status":"failed","statusDetails":"AssertionError: None of the units are upgraded\nassert '+testupgrade' in 'Model  Controller          Cloud/Region        Version  SLA          Timestamp\\ntest   microk8s-localhost  microk8s/localhost  3.4.3    unsupported  02:22:18Z\\n\\nApp               Version                  Status   Scale  Charm             Channel      Rev  Address         Exposed  Message\\nmysql-k8s         8.0.37-0ubuntu0.22.04.3  active       1  mysql-k8s         8.0/edge     160  10.152.183.154  no       \\nmysql-router-k8s  8.0.37-0ubuntu0.22.04.3  waiting      3  mysql-router-k8s  8.0/edge       0  10.152.183.60   no       installing agent\\nmysql-test-app    0.0.2                    active       1  mysql-test-app    latest/edge   46  10.152.183.227  no       \\n\\nUnit                 Workload  Agent  Address     Ports  Message\\nmysql-k8s/0*         active    idle   10.1.39.10         Primary\\nmysql-router-k8s/0   active    idle   10.1.39.11         Router 8.0.37 running (restart pending); Charmed operator 1.2+92ba15a\\nmysql-router-k8s/1*  active    idle   10.1.39.13         Router 8.0.37 running (restart pending); Charmed operator 1.2+92ba15a\\nmysql-router-k8s/2   blocked   idle   10.1.39.14         Upgrade incompatible. Rollback to previous revision with `juju refresh`\\nmysql-test-app/0*    active    idle   10.1.39.9          \\n'\n +  where 'Model  Controller          Cloud/Region        Version  SLA          Timestamp\\ntest   microk8s-localhost  microk8s/localhost  3.4.3    unsupported  02:22:18Z\\n\\nApp               Version                  Status   Scale  Charm             Channel      Rev  Address         Exposed  Message\\nmysql-k8s         8.0.37-0ubuntu0.22.04.3  active       1  mysql-k8s         8.0/edge     160  10.152.183.154  no       \\nmysql-router-k8s  8.0.37-0ubuntu0.22.04.3  waiting      3  mysql-router-k8s  8.0/edge       0  10.152.183.60   no       installing agent\\nmysql-test-app    0.0.2                    active       1  mysql-test-app    latest/edge   46  10.152.183.227  no       \\n\\nUnit                 Workload  Agent  Address     Ports  Message\\nmysql-k8s/0*         active    idle   10.1.39.10         Primary\\nmysql-router-k8s/0   active    idle   10.1.39.11         Router 8.0.37 running (restart pending); Charmed operator 1.2+92ba15a\\nmysql-router-k8s/1*  active    idle   10.1.39.13         Router 8.0.37 running (restart pending); Charmed operator 1.2+92ba15a\\nmysql-router-k8s/2   blocked   idle   10.1.39.14         Upgrade incompatible. Rollback to previous revision with `juju refresh`\\nmysql-test-app/0*    active    idle   10.1.39.9          \\n' = get_juju_status('test')\n +    where 'test' = <juju.model.Model object at 0x7fa9659670a0>.name\n +      where <juju.model.Model object at 0x7fa9659670a0> = <pytest_operator.plugin.OpsTest object at 0x7fa964d76ec0>.model","time":{"start":1721269011906,"stop":1721269338594,"duration":326688}}]},"tags":["asyncio","abort_on_fail","group(1)"]},"source":"21d3117dccdb40b7.json","parameterValues":[]}