{"uid":"87ff12e7fdb3ddf0","name":"test_upgrade_from_edge","fullName":"tests.integration.test_upgrade#test_upgrade_from_edge","historyId":"59e96b2cf75bb30d0a5cbde0e5234d56","time":{"start":1729218592879,"stop":1729218915103,"duration":322224},"description":"Upgrade mysqlrouter while ensuring continuous writes incrementing.","descriptionHtml":"<p>Upgrade mysqlrouter while ensuring continuous writes incrementing.</p>\n","status":"failed","statusMessage":"AssertionError: None of the units are upgraded\nassert '+testupgrade' in 'Model  Controller          Cloud/Region        Version  SLA          Timestamp\\ntest   microk8s-localhost  microk8s/localhost  3.4.3    unsupported  02:35:15Z\\n\\nApp               Version                  Status   Scale  Charm             Channel      Rev  Address         Exposed  Message\\nmysql-k8s         8.0.37-0ubuntu0.22.04.3  active       1  mysql-k8s         8.0/edge     206  10.152.183.132  no       \\nmysql-router-k8s  8.0.37-0ubuntu0.22.04.3  waiting      3  mysql-router-k8s  8.0/edge       0  10.152.183.27   no       installing agent\\nmysql-test-app    0.0.2                    active       1  mysql-test-app    latest/edge   63  10.152.183.156  no       \\n\\nUnit                 Workload     Agent  Address    Ports  Message\\nmysql-k8s/0*         active       idle   10.1.7.77         Primary\\nmysql-router-k8s/0   active       idle   10.1.7.73         Router 8.0.37 running (restart pending); Charmed operator 1.2+31518a0\\nmysql-router-k8s/1*  active       idle   10.1.7.74         Router 8.0.37 running (restart pending); Charmed operator 1.2+31518a0\\nmysql-router-k8s/2   maintenance  idle   10.1.7.78         \\nmysql-test-app/0*    active       idle   10.1.7.72         \\n'\n +  where 'Model  Controller          Cloud/Region        Version  SLA          Timestamp\\ntest   microk8s-localhost  microk8s/localhost  3.4.3    unsupported  02:35:15Z\\n\\nApp               Version                  Status   Scale  Charm             Channel      Rev  Address         Exposed  Message\\nmysql-k8s         8.0.37-0ubuntu0.22.04.3  active       1  mysql-k8s         8.0/edge     206  10.152.183.132  no       \\nmysql-router-k8s  8.0.37-0ubuntu0.22.04.3  waiting      3  mysql-router-k8s  8.0/edge       0  10.152.183.27   no       installing agent\\nmysql-test-app    0.0.2                    active       1  mysql-test-app    latest/edge   63  10.152.183.156  no       \\n\\nUnit                 Workload     Agent  Address    Ports  Message\\nmysql-k8s/0*         active       idle   10.1.7.77         Primary\\nmysql-router-k8s/0   active       idle   10.1.7.73         Router 8.0.37 running (restart pending); Charmed operator 1.2+31518a0\\nmysql-router-k8s/1*  active       idle   10.1.7.74         Router 8.0.37 running (restart pending); Charmed operator 1.2+31518a0\\nmysql-router-k8s/2   maintenance  idle   10.1.7.78         \\nmysql-test-app/0*    active       idle   10.1.7.72         \\n' = get_juju_status('test')\n +    where 'test' = <juju.model.Model object at 0x7fc640babd00>.name\n +      where <juju.model.Model object at 0x7fc640babd00> = <pytest_operator.plugin.OpsTest object at 0x7fc64029e0e0>.model","statusTrace":"Traceback (most recent call last):\n  File \"/home/runner/work/mysql-router-k8s-operator/mysql-router-k8s-operator/.tox/integration/lib/python3.10/site-packages/_pytest/runner.py\", line 341, in from_call\n    result: Optional[TResult] = func()\n  File \"/home/runner/work/mysql-router-k8s-operator/mysql-router-k8s-operator/.tox/integration/lib/python3.10/site-packages/_pytest/runner.py\", line 262, in <lambda>\n    lambda: ihook(item=item, **kwds), when=when, reraise=reraise\n  File \"/home/runner/work/mysql-router-k8s-operator/mysql-router-k8s-operator/.tox/integration/lib/python3.10/site-packages/pluggy/_hooks.py\", line 493, in __call__\n    return self._hookexec(self.name, self._hookimpls, kwargs, firstresult)\n  File \"/home/runner/work/mysql-router-k8s-operator/mysql-router-k8s-operator/.tox/integration/lib/python3.10/site-packages/pluggy/_manager.py\", line 115, in _hookexec\n    return self._inner_hookexec(hook_name, methods, kwargs, firstresult)\n  File \"/home/runner/work/mysql-router-k8s-operator/mysql-router-k8s-operator/.tox/integration/lib/python3.10/site-packages/pluggy/_callers.py\", line 152, in _multicall\n    return outcome.get_result()\n  File \"/home/runner/work/mysql-router-k8s-operator/mysql-router-k8s-operator/.tox/integration/lib/python3.10/site-packages/pluggy/_result.py\", line 114, in get_result\n    raise exc.with_traceback(exc.__traceback__)\n  File \"/home/runner/work/mysql-router-k8s-operator/mysql-router-k8s-operator/.tox/integration/lib/python3.10/site-packages/pluggy/_callers.py\", line 77, in _multicall\n    res = hook_impl.function(*args)\n  File \"/home/runner/work/mysql-router-k8s-operator/mysql-router-k8s-operator/.tox/integration/lib/python3.10/site-packages/_pytest/runner.py\", line 177, in pytest_runtest_call\n    raise e\n  File \"/home/runner/work/mysql-router-k8s-operator/mysql-router-k8s-operator/.tox/integration/lib/python3.10/site-packages/_pytest/runner.py\", line 169, in pytest_runtest_call\n    item.runtest()\n  File \"/home/runner/work/mysql-router-k8s-operator/mysql-router-k8s-operator/.tox/integration/lib/python3.10/site-packages/_pytest/python.py\", line 1788, in runtest\n    self.ihook.pytest_pyfunc_call(pyfuncitem=self)\n  File \"/home/runner/work/mysql-router-k8s-operator/mysql-router-k8s-operator/.tox/integration/lib/python3.10/site-packages/pluggy/_hooks.py\", line 493, in __call__\n    return self._hookexec(self.name, self._hookimpls, kwargs, firstresult)\n  File \"/home/runner/work/mysql-router-k8s-operator/mysql-router-k8s-operator/.tox/integration/lib/python3.10/site-packages/pluggy/_manager.py\", line 115, in _hookexec\n    return self._inner_hookexec(hook_name, methods, kwargs, firstresult)\n  File \"/home/runner/work/mysql-router-k8s-operator/mysql-router-k8s-operator/.tox/integration/lib/python3.10/site-packages/pluggy/_callers.py\", line 152, in _multicall\n    return outcome.get_result()\n  File \"/home/runner/work/mysql-router-k8s-operator/mysql-router-k8s-operator/.tox/integration/lib/python3.10/site-packages/pluggy/_result.py\", line 114, in get_result\n    raise exc.with_traceback(exc.__traceback__)\n  File \"/home/runner/work/mysql-router-k8s-operator/mysql-router-k8s-operator/.tox/integration/lib/python3.10/site-packages/pluggy/_callers.py\", line 77, in _multicall\n    res = hook_impl.function(*args)\n  File \"/home/runner/work/mysql-router-k8s-operator/mysql-router-k8s-operator/.tox/integration/lib/python3.10/site-packages/_pytest/python.py\", line 194, in pytest_pyfunc_call\n    result = testfunction(**testargs)\n  File \"/home/runner/work/mysql-router-k8s-operator/mysql-router-k8s-operator/.tox/integration/lib/python3.10/site-packages/pytest_asyncio/plugin.py\", line 532, in inner\n    _loop.run_until_complete(task)\n  File \"/usr/lib/python3.10/asyncio/base_events.py\", line 649, in run_until_complete\n    return future.result()\n  File \"/home/runner/work/mysql-router-k8s-operator/mysql-router-k8s-operator/tests/integration/test_upgrade.py\", line 125, in test_upgrade_from_edge\n    for attempt in tenacity.Retrying(\n  File \"/home/runner/work/mysql-router-k8s-operator/mysql-router-k8s-operator/.tox/integration/lib/python3.10/site-packages/tenacity/__init__.py\", line 347, in __iter__\n    do = self.iter(retry_state=retry_state)\n  File \"/home/runner/work/mysql-router-k8s-operator/mysql-router-k8s-operator/.tox/integration/lib/python3.10/site-packages/tenacity/__init__.py\", line 325, in iter\n    raise retry_exc.reraise()\n  File \"/home/runner/work/mysql-router-k8s-operator/mysql-router-k8s-operator/.tox/integration/lib/python3.10/site-packages/tenacity/__init__.py\", line 158, in reraise\n    raise self.last_attempt.result()\n  File \"/usr/lib/python3.10/concurrent/futures/_base.py\", line 451, in result\n    return self.__get_result()\n  File \"/usr/lib/python3.10/concurrent/futures/_base.py\", line 403, in __get_result\n    raise self._exception\n  File \"/home/runner/work/mysql-router-k8s-operator/mysql-router-k8s-operator/tests/integration/test_upgrade.py\", line 131, in test_upgrade_from_edge\n    assert \"+testupgrade\" in get_juju_status(\nAssertionError: None of the units are upgraded\nassert '+testupgrade' in 'Model  Controller          Cloud/Region        Version  SLA          Timestamp\\ntest   microk8s-localhost  microk8s/localhost  3.4.3    unsupported  02:35:15Z\\n\\nApp               Version                  Status   Scale  Charm             Channel      Rev  Address         Exposed  Message\\nmysql-k8s         8.0.37-0ubuntu0.22.04.3  active       1  mysql-k8s         8.0/edge     206  10.152.183.132  no       \\nmysql-router-k8s  8.0.37-0ubuntu0.22.04.3  waiting      3  mysql-router-k8s  8.0/edge       0  10.152.183.27   no       installing agent\\nmysql-test-app    0.0.2                    active       1  mysql-test-app    latest/edge   63  10.152.183.156  no       \\n\\nUnit                 Workload     Agent  Address    Ports  Message\\nmysql-k8s/0*         active       idle   10.1.7.77         Primary\\nmysql-router-k8s/0   active       idle   10.1.7.73         Router 8.0.37 running (restart pending); Charmed operator 1.2+31518a0\\nmysql-router-k8s/1*  active       idle   10.1.7.74         Router 8.0.37 running (restart pending); Charmed operator 1.2+31518a0\\nmysql-router-k8s/2   maintenance  idle   10.1.7.78         \\nmysql-test-app/0*    active       idle   10.1.7.72         \\n'\n +  where 'Model  Controller          Cloud/Region        Version  SLA          Timestamp\\ntest   microk8s-localhost  microk8s/localhost  3.4.3    unsupported  02:35:15Z\\n\\nApp               Version                  Status   Scale  Charm             Channel      Rev  Address         Exposed  Message\\nmysql-k8s         8.0.37-0ubuntu0.22.04.3  active       1  mysql-k8s         8.0/edge     206  10.152.183.132  no       \\nmysql-router-k8s  8.0.37-0ubuntu0.22.04.3  waiting      3  mysql-router-k8s  8.0/edge       0  10.152.183.27   no       installing agent\\nmysql-test-app    0.0.2                    active       1  mysql-test-app    latest/edge   63  10.152.183.156  no       \\n\\nUnit                 Workload     Agent  Address    Ports  Message\\nmysql-k8s/0*         active       idle   10.1.7.77         Primary\\nmysql-router-k8s/0   active       idle   10.1.7.73         Router 8.0.37 running (restart pending); Charmed operator 1.2+31518a0\\nmysql-router-k8s/1*  active       idle   10.1.7.74         Router 8.0.37 running (restart pending); Charmed operator 1.2+31518a0\\nmysql-router-k8s/2   maintenance  idle   10.1.7.78         \\nmysql-test-app/0*    active       idle   10.1.7.72         \\n' = get_juju_status('test')\n +    where 'test' = <juju.model.Model object at 0x7fc640babd00>.name\n +      where <juju.model.Model object at 0x7fc640babd00> = <pytest_operator.plugin.OpsTest object at 0x7fc64029e0e0>.model","flaky":false,"newFailed":true,"newBroken":false,"newPassed":false,"retriesCount":1,"retriesStatusChange":true,"beforeStages":[{"name":"event_loop","time":{"start":1729218465604,"stop":1729218465605,"duration":1},"status":"passed","steps":[],"attachments":[],"parameters":[],"stepsCount":0,"shouldDisplayMessage":false,"attachmentsCount":0,"hasContent":false,"attachmentStep":false},{"name":"ops_test","time":{"start":1729218465605,"stop":1729218465935,"duration":330},"status":"passed","steps":[],"attachments":[],"parameters":[],"stepsCount":0,"shouldDisplayMessage":false,"attachmentsCount":0,"hasContent":false,"attachmentStep":false},{"name":"tmp_path_factory","time":{"start":1729218465605,"stop":1729218465605,"duration":0},"status":"passed","steps":[],"attachments":[],"parameters":[],"stepsCount":0,"shouldDisplayMessage":false,"attachmentsCount":0,"hasContent":false,"attachmentStep":false},{"name":"abort_on_fail","time":{"start":1729218592879,"stop":1729218592879,"duration":0},"status":"passed","steps":[],"attachments":[],"parameters":[],"stepsCount":0,"shouldDisplayMessage":false,"attachmentsCount":0,"hasContent":false,"attachmentStep":false}],"testStage":{"description":"Upgrade mysqlrouter while ensuring continuous writes incrementing.","status":"failed","statusMessage":"AssertionError: None of the units are upgraded\nassert '+testupgrade' in 'Model  Controller          Cloud/Region        Version  SLA          Timestamp\\ntest   microk8s-localhost  microk8s/localhost  3.4.3    unsupported  02:35:15Z\\n\\nApp               Version                  Status   Scale  Charm             Channel      Rev  Address         Exposed  Message\\nmysql-k8s         8.0.37-0ubuntu0.22.04.3  active       1  mysql-k8s         8.0/edge     206  10.152.183.132  no       \\nmysql-router-k8s  8.0.37-0ubuntu0.22.04.3  waiting      3  mysql-router-k8s  8.0/edge       0  10.152.183.27   no       installing agent\\nmysql-test-app    0.0.2                    active       1  mysql-test-app    latest/edge   63  10.152.183.156  no       \\n\\nUnit                 Workload     Agent  Address    Ports  Message\\nmysql-k8s/0*         active       idle   10.1.7.77         Primary\\nmysql-router-k8s/0   active       idle   10.1.7.73         Router 8.0.37 running (restart pending); Charmed operator 1.2+31518a0\\nmysql-router-k8s/1*  active       idle   10.1.7.74         Router 8.0.37 running (restart pending); Charmed operator 1.2+31518a0\\nmysql-router-k8s/2   maintenance  idle   10.1.7.78         \\nmysql-test-app/0*    active       idle   10.1.7.72         \\n'\n +  where 'Model  Controller          Cloud/Region        Version  SLA          Timestamp\\ntest   microk8s-localhost  microk8s/localhost  3.4.3    unsupported  02:35:15Z\\n\\nApp               Version                  Status   Scale  Charm             Channel      Rev  Address         Exposed  Message\\nmysql-k8s         8.0.37-0ubuntu0.22.04.3  active       1  mysql-k8s         8.0/edge     206  10.152.183.132  no       \\nmysql-router-k8s  8.0.37-0ubuntu0.22.04.3  waiting      3  mysql-router-k8s  8.0/edge       0  10.152.183.27   no       installing agent\\nmysql-test-app    0.0.2                    active       1  mysql-test-app    latest/edge   63  10.152.183.156  no       \\n\\nUnit                 Workload     Agent  Address    Ports  Message\\nmysql-k8s/0*         active       idle   10.1.7.77         Primary\\nmysql-router-k8s/0   active       idle   10.1.7.73         Router 8.0.37 running (restart pending); Charmed operator 1.2+31518a0\\nmysql-router-k8s/1*  active       idle   10.1.7.74         Router 8.0.37 running (restart pending); Charmed operator 1.2+31518a0\\nmysql-router-k8s/2   maintenance  idle   10.1.7.78         \\nmysql-test-app/0*    active       idle   10.1.7.72         \\n' = get_juju_status('test')\n +    where 'test' = <juju.model.Model object at 0x7fc640babd00>.name\n +      where <juju.model.Model object at 0x7fc640babd00> = <pytest_operator.plugin.OpsTest object at 0x7fc64029e0e0>.model","statusTrace":"Traceback (most recent call last):\n  File \"/home/runner/work/mysql-router-k8s-operator/mysql-router-k8s-operator/.tox/integration/lib/python3.10/site-packages/_pytest/runner.py\", line 341, in from_call\n    result: Optional[TResult] = func()\n  File \"/home/runner/work/mysql-router-k8s-operator/mysql-router-k8s-operator/.tox/integration/lib/python3.10/site-packages/_pytest/runner.py\", line 262, in <lambda>\n    lambda: ihook(item=item, **kwds), when=when, reraise=reraise\n  File \"/home/runner/work/mysql-router-k8s-operator/mysql-router-k8s-operator/.tox/integration/lib/python3.10/site-packages/pluggy/_hooks.py\", line 493, in __call__\n    return self._hookexec(self.name, self._hookimpls, kwargs, firstresult)\n  File \"/home/runner/work/mysql-router-k8s-operator/mysql-router-k8s-operator/.tox/integration/lib/python3.10/site-packages/pluggy/_manager.py\", line 115, in _hookexec\n    return self._inner_hookexec(hook_name, methods, kwargs, firstresult)\n  File \"/home/runner/work/mysql-router-k8s-operator/mysql-router-k8s-operator/.tox/integration/lib/python3.10/site-packages/pluggy/_callers.py\", line 152, in _multicall\n    return outcome.get_result()\n  File \"/home/runner/work/mysql-router-k8s-operator/mysql-router-k8s-operator/.tox/integration/lib/python3.10/site-packages/pluggy/_result.py\", line 114, in get_result\n    raise exc.with_traceback(exc.__traceback__)\n  File \"/home/runner/work/mysql-router-k8s-operator/mysql-router-k8s-operator/.tox/integration/lib/python3.10/site-packages/pluggy/_callers.py\", line 77, in _multicall\n    res = hook_impl.function(*args)\n  File \"/home/runner/work/mysql-router-k8s-operator/mysql-router-k8s-operator/.tox/integration/lib/python3.10/site-packages/_pytest/runner.py\", line 177, in pytest_runtest_call\n    raise e\n  File \"/home/runner/work/mysql-router-k8s-operator/mysql-router-k8s-operator/.tox/integration/lib/python3.10/site-packages/_pytest/runner.py\", line 169, in pytest_runtest_call\n    item.runtest()\n  File \"/home/runner/work/mysql-router-k8s-operator/mysql-router-k8s-operator/.tox/integration/lib/python3.10/site-packages/_pytest/python.py\", line 1788, in runtest\n    self.ihook.pytest_pyfunc_call(pyfuncitem=self)\n  File \"/home/runner/work/mysql-router-k8s-operator/mysql-router-k8s-operator/.tox/integration/lib/python3.10/site-packages/pluggy/_hooks.py\", line 493, in __call__\n    return self._hookexec(self.name, self._hookimpls, kwargs, firstresult)\n  File \"/home/runner/work/mysql-router-k8s-operator/mysql-router-k8s-operator/.tox/integration/lib/python3.10/site-packages/pluggy/_manager.py\", line 115, in _hookexec\n    return self._inner_hookexec(hook_name, methods, kwargs, firstresult)\n  File \"/home/runner/work/mysql-router-k8s-operator/mysql-router-k8s-operator/.tox/integration/lib/python3.10/site-packages/pluggy/_callers.py\", line 152, in _multicall\n    return outcome.get_result()\n  File \"/home/runner/work/mysql-router-k8s-operator/mysql-router-k8s-operator/.tox/integration/lib/python3.10/site-packages/pluggy/_result.py\", line 114, in get_result\n    raise exc.with_traceback(exc.__traceback__)\n  File \"/home/runner/work/mysql-router-k8s-operator/mysql-router-k8s-operator/.tox/integration/lib/python3.10/site-packages/pluggy/_callers.py\", line 77, in _multicall\n    res = hook_impl.function(*args)\n  File \"/home/runner/work/mysql-router-k8s-operator/mysql-router-k8s-operator/.tox/integration/lib/python3.10/site-packages/_pytest/python.py\", line 194, in pytest_pyfunc_call\n    result = testfunction(**testargs)\n  File \"/home/runner/work/mysql-router-k8s-operator/mysql-router-k8s-operator/.tox/integration/lib/python3.10/site-packages/pytest_asyncio/plugin.py\", line 532, in inner\n    _loop.run_until_complete(task)\n  File \"/usr/lib/python3.10/asyncio/base_events.py\", line 649, in run_until_complete\n    return future.result()\n  File \"/home/runner/work/mysql-router-k8s-operator/mysql-router-k8s-operator/tests/integration/test_upgrade.py\", line 125, in test_upgrade_from_edge\n    for attempt in tenacity.Retrying(\n  File \"/home/runner/work/mysql-router-k8s-operator/mysql-router-k8s-operator/.tox/integration/lib/python3.10/site-packages/tenacity/__init__.py\", line 347, in __iter__\n    do = self.iter(retry_state=retry_state)\n  File \"/home/runner/work/mysql-router-k8s-operator/mysql-router-k8s-operator/.tox/integration/lib/python3.10/site-packages/tenacity/__init__.py\", line 325, in iter\n    raise retry_exc.reraise()\n  File \"/home/runner/work/mysql-router-k8s-operator/mysql-router-k8s-operator/.tox/integration/lib/python3.10/site-packages/tenacity/__init__.py\", line 158, in reraise\n    raise self.last_attempt.result()\n  File \"/usr/lib/python3.10/concurrent/futures/_base.py\", line 451, in result\n    return self.__get_result()\n  File \"/usr/lib/python3.10/concurrent/futures/_base.py\", line 403, in __get_result\n    raise self._exception\n  File \"/home/runner/work/mysql-router-k8s-operator/mysql-router-k8s-operator/tests/integration/test_upgrade.py\", line 131, in test_upgrade_from_edge\n    assert \"+testupgrade\" in get_juju_status(\nAssertionError: None of the units are upgraded\nassert '+testupgrade' in 'Model  Controller          Cloud/Region        Version  SLA          Timestamp\\ntest   microk8s-localhost  microk8s/localhost  3.4.3    unsupported  02:35:15Z\\n\\nApp               Version                  Status   Scale  Charm             Channel      Rev  Address         Exposed  Message\\nmysql-k8s         8.0.37-0ubuntu0.22.04.3  active       1  mysql-k8s         8.0/edge     206  10.152.183.132  no       \\nmysql-router-k8s  8.0.37-0ubuntu0.22.04.3  waiting      3  mysql-router-k8s  8.0/edge       0  10.152.183.27   no       installing agent\\nmysql-test-app    0.0.2                    active       1  mysql-test-app    latest/edge   63  10.152.183.156  no       \\n\\nUnit                 Workload     Agent  Address    Ports  Message\\nmysql-k8s/0*         active       idle   10.1.7.77         Primary\\nmysql-router-k8s/0   active       idle   10.1.7.73         Router 8.0.37 running (restart pending); Charmed operator 1.2+31518a0\\nmysql-router-k8s/1*  active       idle   10.1.7.74         Router 8.0.37 running (restart pending); Charmed operator 1.2+31518a0\\nmysql-router-k8s/2   maintenance  idle   10.1.7.78         \\nmysql-test-app/0*    active       idle   10.1.7.72         \\n'\n +  where 'Model  Controller          Cloud/Region        Version  SLA          Timestamp\\ntest   microk8s-localhost  microk8s/localhost  3.4.3    unsupported  02:35:15Z\\n\\nApp               Version                  Status   Scale  Charm             Channel      Rev  Address         Exposed  Message\\nmysql-k8s         8.0.37-0ubuntu0.22.04.3  active       1  mysql-k8s         8.0/edge     206  10.152.183.132  no       \\nmysql-router-k8s  8.0.37-0ubuntu0.22.04.3  waiting      3  mysql-router-k8s  8.0/edge       0  10.152.183.27   no       installing agent\\nmysql-test-app    0.0.2                    active       1  mysql-test-app    latest/edge   63  10.152.183.156  no       \\n\\nUnit                 Workload     Agent  Address    Ports  Message\\nmysql-k8s/0*         active       idle   10.1.7.77         Primary\\nmysql-router-k8s/0   active       idle   10.1.7.73         Router 8.0.37 running (restart pending); Charmed operator 1.2+31518a0\\nmysql-router-k8s/1*  active       idle   10.1.7.74         Router 8.0.37 running (restart pending); Charmed operator 1.2+31518a0\\nmysql-router-k8s/2   maintenance  idle   10.1.7.78         \\nmysql-test-app/0*    active       idle   10.1.7.72         \\n' = get_juju_status('test')\n +    where 'test' = <juju.model.Model object at 0x7fc640babd00>.name\n +      where <juju.model.Model object at 0x7fc640babd00> = <pytest_operator.plugin.OpsTest object at 0x7fc64029e0e0>.model","steps":[],"attachments":[{"uid":"446aca7644dc6e91","name":"log","source":"446aca7644dc6e91.txt","type":"text/plain","size":594}],"parameters":[],"stepsCount":0,"shouldDisplayMessage":true,"attachmentsCount":1,"hasContent":true,"attachmentStep":false},"afterStages":[{"name":"abort_on_fail::0","time":{"start":1729218915116,"stop":1729218915116,"duration":0},"status":"passed","steps":[],"attachments":[],"parameters":[],"stepsCount":0,"shouldDisplayMessage":false,"attachmentsCount":0,"hasContent":false,"attachmentStep":false},{"name":"ops_test::finalizer","time":{"start":1729218915121,"stop":1729218925143,"duration":10022},"status":"passed","steps":[],"attachments":[],"parameters":[],"stepsCount":0,"shouldDisplayMessage":false,"attachmentsCount":0,"hasContent":false,"attachmentStep":false},{"name":"event_loop::2","time":{"start":1729218925143,"stop":1729218925144,"duration":1},"status":"passed","steps":[],"attachments":[],"parameters":[],"stepsCount":0,"shouldDisplayMessage":false,"attachmentsCount":0,"hasContent":false,"attachmentStep":false},{"name":"event_loop::_close_event_loop","time":{"start":1729218925144,"stop":1729218925144,"duration":0},"status":"passed","steps":[],"attachments":[],"parameters":[],"stepsCount":0,"shouldDisplayMessage":false,"attachmentsCount":0,"hasContent":false,"attachmentStep":false},{"name":"event_loop::_provide_clean_event_loop","time":{"start":1729218925144,"stop":1729218925144,"duration":0},"status":"passed","steps":[],"attachments":[],"parameters":[],"stepsCount":0,"shouldDisplayMessage":false,"attachmentsCount":0,"hasContent":false,"attachmentStep":false}],"labels":[{"name":"tag","value":"abort_on_fail"},{"name":"tag","value":"group(1)"},{"name":"tag","value":"asyncio"},{"name":"parentSuite","value":"tests.integration"},{"name":"suite","value":"test_upgrade"},{"name":"host","value":"fv-az1108-856"},{"name":"thread","value":"12371-MainThread"},{"name":"framework","value":"pytest"},{"name":"language","value":"cpython3"},{"name":"package","value":"tests.integration.test_upgrade"},{"name":"resultFormat","value":"allure2"}],"parameters":[],"links":[],"hidden":false,"retry":false,"extra":{"severity":"normal","retries":[{"uid":"f7ae333f8261bebb","status":"unknown","time":{}}],"categories":[{"name":"Product defects","matchedStatuses":[],"flaky":false}],"history":{"statistic":{"failed":76,"broken":27,"skipped":3,"passed":29,"unknown":7,"total":142},"items":[{"uid":"97336aa0458d04cb","reportUrl":"../312//#testresult/97336aa0458d04cb","status":"broken","statusDetails":"asyncio.exceptions.TimeoutError","time":{"start":1729132185030,"stop":1729133390215,"duration":1205185}},{"uid":"76436a1ecbae1b31","reportUrl":"../310//#testresult/76436a1ecbae1b31","status":"broken","statusDetails":"asyncio.exceptions.TimeoutError","time":{"start":1729045877923,"stop":1729047083112,"duration":1205189}},{"uid":"5c7facb42b60b22f","reportUrl":"../309//#testresult/5c7facb42b60b22f","status":"failed","statusDetails":"AssertionError: None of the units are upgraded\nassert '+testupgrade' in 'Model  Controller          Cloud/Region        Version  SLA          Timestamp\\ntest   microk8s-localhost  microk8s/localhost  3.4.3    unsupported  02:35:42Z\\n\\nApp               Version                  Status   Scale  Charm             Channel      Rev  Address         Exposed  Message\\nmysql-k8s         8.0.37-0ubuntu0.22.04.3  active       1  mysql-k8s         8.0/edge     206  10.152.183.186  no       \\nmysql-router-k8s  8.0.37-0ubuntu0.22.04.3  waiting      3  mysql-router-k8s  8.0/edge       0  10.152.183.38   no       installing agent\\nmysql-test-app    0.0.2                    active       1  mysql-test-app    latest/edge   63  10.152.183.164  no       \\n\\nUnit                 Workload     Agent  Address       Ports  Message\\nmysql-k8s/0*         active       idle   10.1.139.205         Primary\\nmysql-router-k8s/0*  active       idle   10.1.139.202         Router 8.0.37 running (restart pending); Charmed operator 1.2+31518a0\\nmysql-router-k8s/1   active       idle   10.1.139.204         Router 8.0.37 running (restart pending); Charmed operator 1.2+31518a0\\nmysql-router-k8s/2   maintenance  idle   10.1.139.206         \\nmysql-test-app/0*    active       idle   10.1.139.200         \\n'\n +  where 'Model  Controller          Cloud/Region        Version  SLA          Timestamp\\ntest   microk8s-localhost  microk8s/localhost  3.4.3    unsupported  02:35:42Z\\n\\nApp               Version                  Status   Scale  Charm             Channel      Rev  Address         Exposed  Message\\nmysql-k8s         8.0.37-0ubuntu0.22.04.3  active       1  mysql-k8s         8.0/edge     206  10.152.183.186  no       \\nmysql-router-k8s  8.0.37-0ubuntu0.22.04.3  waiting      3  mysql-router-k8s  8.0/edge       0  10.152.183.38   no       installing agent\\nmysql-test-app    0.0.2                    active       1  mysql-test-app    latest/edge   63  10.152.183.164  no       \\n\\nUnit                 Workload     Agent  Address       Ports  Message\\nmysql-k8s/0*         active       idle   10.1.139.205         Primary\\nmysql-router-k8s/0*  active       idle   10.1.139.202         Router 8.0.37 running (restart pending); Charmed operator 1.2+31518a0\\nmysql-router-k8s/1   active       idle   10.1.139.204         Router 8.0.37 running (restart pending); Charmed operator 1.2+31518a0\\nmysql-router-k8s/2   maintenance  idle   10.1.139.206         \\nmysql-test-app/0*    active       idle   10.1.139.200         \\n' = get_juju_status('test')\n +    where 'test' = <juju.model.Model object at 0x7f9e495cfcd0>.name\n +      where <juju.model.Model object at 0x7f9e495cfcd0> = <pytest_operator.plugin.OpsTest object at 0x7f9e491f8d60>.model","time":{"start":1728959417851,"stop":1728959742035,"duration":324184}},{"uid":"2d616c7da37ce880","reportUrl":"../307//#testresult/2d616c7da37ce880","status":"broken","statusDetails":"asyncio.exceptions.TimeoutError","time":{"start":1728873056457,"stop":1728874261793,"duration":1205336}},{"uid":"5b99db3edd1057c","reportUrl":"../306//#testresult/5b99db3edd1057c","status":"failed","statusDetails":"AssertionError: None of the units are upgraded\nassert '+testupgrade' in 'Model  Controller          Cloud/Region        Version  SLA          Timestamp\\ntest   microk8s-localhost  microk8s/localhost  3.4.3    unsupported  02:38:49Z\\n\\nApp               Version                  Status   Scale  Charm             Channel      Rev  Address         Exposed  Message\\nmysql-k8s         8.0.37-0ubuntu0.22.04.3  active       1  mysql-k8s         8.0/edge     206  10.152.183.90   no       \\nmysql-router-k8s  8.0.37-0ubuntu0.22.04.3  waiting      3  mysql-router-k8s  8.0/edge       0  10.152.183.237  no       installing agent\\nmysql-test-app    0.0.2                    active       1  mysql-test-app    latest/edge   63  10.152.183.103  no       Last written value=25310\\n\\nUnit                 Workload     Agent  Address      Ports  Message\\nmysql-k8s/0*         active       idle   10.1.182.13         Primary\\nmysql-router-k8s/0   active       idle   10.1.182.9          Router 8.0.37 running (restart pending); Charmed operator 1.2+31518a0\\nmysql-router-k8s/1*  active       idle   10.1.182.10         Router 8.0.37 running (restart pending); Charmed operator 1.2+31518a0\\nmysql-router-k8s/2   maintenance  idle   10.1.182.14         \\nmysql-test-app/0*    active       idle   10.1.182.8          Last written value=25310\\n'\n +  where 'Model  Controller          Cloud/Region        Version  SLA          Timestamp\\ntest   microk8s-localhost  microk8s/localhost  3.4.3    unsupported  02:38:49Z\\n\\nApp               Version                  Status   Scale  Charm             Channel      Rev  Address         Exposed  Message\\nmysql-k8s         8.0.37-0ubuntu0.22.04.3  active       1  mysql-k8s         8.0/edge     206  10.152.183.90   no       \\nmysql-router-k8s  8.0.37-0ubuntu0.22.04.3  waiting      3  mysql-router-k8s  8.0/edge       0  10.152.183.237  no       installing agent\\nmysql-test-app    0.0.2                    active       1  mysql-test-app    latest/edge   63  10.152.183.103  no       Last written value=25310\\n\\nUnit                 Workload     Agent  Address      Ports  Message\\nmysql-k8s/0*         active       idle   10.1.182.13         Primary\\nmysql-router-k8s/0   active       idle   10.1.182.9          Router 8.0.37 running (restart pending); Charmed operator 1.2+31518a0\\nmysql-router-k8s/1*  active       idle   10.1.182.10         Router 8.0.37 running (restart pending); Charmed operator 1.2+31518a0\\nmysql-router-k8s/2   maintenance  idle   10.1.182.14         \\nmysql-test-app/0*    active       idle   10.1.182.8          Last written value=25310\\n' = get_juju_status('test')\n +    where 'test' = <juju.model.Model object at 0x7f3c03c3fa60>.name\n +      where <juju.model.Model object at 0x7f3c03c3fa60> = <pytest_operator.plugin.OpsTest object at 0x7f3c033ae650>.model","time":{"start":1728786807335,"stop":1728787129745,"duration":322410}},{"uid":"80708dd0cd0d9eab","reportUrl":"../305//#testresult/80708dd0cd0d9eab","status":"broken","statusDetails":"asyncio.exceptions.TimeoutError","time":{"start":1728699990182,"stop":1728701195380,"duration":1205198}},{"uid":"ba6fd38dcb81d2b8","reportUrl":"../304//#testresult/ba6fd38dcb81d2b8","status":"failed","statusDetails":"AssertionError: None of the units are upgraded\nassert '+testupgrade' in 'Model  Controller          Cloud/Region        Version  SLA          Timestamp\\ntest   microk8s-localhost  microk8s/localhost  3.4.3    unsupported  02:37:56Z\\n\\nApp               Version                  Status   Scale  Charm             Channel      Rev  Address         Exposed  Message\\nmysql-k8s         8.0.37-0ubuntu0.22.04.3  active       1  mysql-k8s         8.0/edge     206  10.152.183.57   no       \\nmysql-router-k8s  8.0.37-0ubuntu0.22.04.3  waiting      3  mysql-router-k8s  8.0/edge       0  10.152.183.42   no       installing agent\\nmysql-test-app    0.0.2                    active       1  mysql-test-app    latest/edge   63  10.152.183.199  no       Last written value=26002\\n\\nUnit                 Workload     Agent  Address      Ports  Message\\nmysql-k8s/0*         active       idle   10.1.182.13         Primary\\nmysql-router-k8s/0*  active       idle   10.1.182.10         Router 8.0.37 running (restart pending); Charmed operator 1.2+31518a0\\nmysql-router-k8s/1   active       idle   10.1.182.12         Router 8.0.37 running (restart pending); Charmed operator 1.2+31518a0\\nmysql-router-k8s/2   maintenance  idle   10.1.182.14         \\nmysql-test-app/0*    active       idle   10.1.182.8          Last written value=26002\\n'\n +  where 'Model  Controller          Cloud/Region        Version  SLA          Timestamp\\ntest   microk8s-localhost  microk8s/localhost  3.4.3    unsupported  02:37:56Z\\n\\nApp               Version                  Status   Scale  Charm             Channel      Rev  Address         Exposed  Message\\nmysql-k8s         8.0.37-0ubuntu0.22.04.3  active       1  mysql-k8s         8.0/edge     206  10.152.183.57   no       \\nmysql-router-k8s  8.0.37-0ubuntu0.22.04.3  waiting      3  mysql-router-k8s  8.0/edge       0  10.152.183.42   no       installing agent\\nmysql-test-app    0.0.2                    active       1  mysql-test-app    latest/edge   63  10.152.183.199  no       Last written value=26002\\n\\nUnit                 Workload     Agent  Address      Ports  Message\\nmysql-k8s/0*         active       idle   10.1.182.13         Primary\\nmysql-router-k8s/0*  active       idle   10.1.182.10         Router 8.0.37 running (restart pending); Charmed operator 1.2+31518a0\\nmysql-router-k8s/1   active       idle   10.1.182.12         Router 8.0.37 running (restart pending); Charmed operator 1.2+31518a0\\nmysql-router-k8s/2   maintenance  idle   10.1.182.14         \\nmysql-test-app/0*    active       idle   10.1.182.8          Last written value=26002\\n' = get_juju_status('test')\n +    where 'test' = <juju.model.Model object at 0x7f05376436a0>.name\n +      where <juju.model.Model object at 0x7f05376436a0> = <pytest_operator.plugin.OpsTest object at 0x7f0537aaef50>.model","time":{"start":1728613952384,"stop":1728614276140,"duration":323756}},{"uid":"ca8501bf0227cf08","reportUrl":"../302//#testresult/ca8501bf0227cf08","status":"failed","statusDetails":"AssertionError: None of the units are upgraded\nassert '+testupgrade' in 'Model  Controller          Cloud/Region        Version  SLA          Timestamp\\ntest   microk8s-localhost  microk8s/localhost  3.4.3    unsupported  02:34:19Z\\n\\nApp               Version                  Status   Scale  Charm             Channel      Rev  Address         Exposed  Message\\nmysql-k8s         8.0.37-0ubuntu0.22.04.3  active       1  mysql-k8s         8.0/edge     206  10.152.183.21   no       \\nmysql-router-k8s  8.0.37-0ubuntu0.22.04.3  waiting      3  mysql-router-k8s  8.0/edge       0  10.152.183.127  no       installing agent\\nmysql-test-app    0.0.2                    active       1  mysql-test-app    latest/edge   63  10.152.183.194  no       Last written value=23825\\n\\nUnit                 Workload     Agent  Address    Ports  Message\\nmysql-k8s/0*         active       idle   10.1.3.77         Primary\\nmysql-router-k8s/0   active       idle   10.1.3.73         Router 8.0.37 running (restart pending); Charmed operator 1.2+31518a0\\nmysql-router-k8s/1*  active       idle   10.1.3.75         Router 8.0.37 running (restart pending); Charmed operator 1.2+31518a0\\nmysql-router-k8s/2   maintenance  idle   10.1.3.78         \\nmysql-test-app/0*    active       idle   10.1.3.72         Last written value=23825\\n'\n +  where 'Model  Controller          Cloud/Region        Version  SLA          Timestamp\\ntest   microk8s-localhost  microk8s/localhost  3.4.3    unsupported  02:34:19Z\\n\\nApp               Version                  Status   Scale  Charm             Channel      Rev  Address         Exposed  Message\\nmysql-k8s         8.0.37-0ubuntu0.22.04.3  active       1  mysql-k8s         8.0/edge     206  10.152.183.21   no       \\nmysql-router-k8s  8.0.37-0ubuntu0.22.04.3  waiting      3  mysql-router-k8s  8.0/edge       0  10.152.183.127  no       installing agent\\nmysql-test-app    0.0.2                    active       1  mysql-test-app    latest/edge   63  10.152.183.194  no       Last written value=23825\\n\\nUnit                 Workload     Agent  Address    Ports  Message\\nmysql-k8s/0*         active       idle   10.1.3.77         Primary\\nmysql-router-k8s/0   active       idle   10.1.3.73         Router 8.0.37 running (restart pending); Charmed operator 1.2+31518a0\\nmysql-router-k8s/1*  active       idle   10.1.3.75         Router 8.0.37 running (restart pending); Charmed operator 1.2+31518a0\\nmysql-router-k8s/2   maintenance  idle   10.1.3.78         \\nmysql-test-app/0*    active       idle   10.1.3.72         Last written value=23825\\n' = get_juju_status('test')\n +    where 'test' = <juju.model.Model object at 0x7fd735b3b790>.name\n +      where <juju.model.Model object at 0x7fd735b3b790> = <pytest_operator.plugin.OpsTest object at 0x7fd735658a60>.model","time":{"start":1728527335116,"stop":1728527659628,"duration":324512}},{"uid":"7c87600b5d23b21f","reportUrl":"../300//#testresult/7c87600b5d23b21f","status":"failed","statusDetails":"AssertionError: None of the units are upgraded\nassert '+testupgrade' in 'Model  Controller          Cloud/Region        Version  SLA          Timestamp\\ntest   microk8s-localhost  microk8s/localhost  3.4.3    unsupported  02:33:40Z\\n\\nApp               Version                  Status   Scale  Charm             Channel      Rev  Address        Exposed  Message\\nmysql-k8s         8.0.37-0ubuntu0.22.04.3  active       1  mysql-k8s         8.0/edge     205  10.152.183.26  no       \\nmysql-router-k8s  8.0.37-0ubuntu0.22.04.3  waiting      3  mysql-router-k8s  8.0/edge       0  10.152.183.48  no       installing agent\\nmysql-test-app    0.0.2                    active       1  mysql-test-app    latest/edge   63  10.152.183.58  no       Last written value=25276\\n\\nUnit                 Workload     Agent  Address      Ports  Message\\nmysql-k8s/0*         active       idle   10.1.59.141         Primary\\nmysql-router-k8s/0*  active       idle   10.1.59.136         Router 8.0.37 running (restart pending); Charmed operator 1.2+31518a0\\nmysql-router-k8s/1   active       idle   10.1.59.137         Router 8.0.37 running (restart pending); Charmed operator 1.2+31518a0\\nmysql-router-k8s/2   maintenance  idle   10.1.59.142         \\nmysql-test-app/0*    active       idle   10.1.59.139         Last written value=25276\\n'\n +  where 'Model  Controller          Cloud/Region        Version  SLA          Timestamp\\ntest   microk8s-localhost  microk8s/localhost  3.4.3    unsupported  02:33:40Z\\n\\nApp               Version                  Status   Scale  Charm             Channel      Rev  Address        Exposed  Message\\nmysql-k8s         8.0.37-0ubuntu0.22.04.3  active       1  mysql-k8s         8.0/edge     205  10.152.183.26  no       \\nmysql-router-k8s  8.0.37-0ubuntu0.22.04.3  waiting      3  mysql-router-k8s  8.0/edge       0  10.152.183.48  no       installing agent\\nmysql-test-app    0.0.2                    active       1  mysql-test-app    latest/edge   63  10.152.183.58  no       Last written value=25276\\n\\nUnit                 Workload     Agent  Address      Ports  Message\\nmysql-k8s/0*         active       idle   10.1.59.141         Primary\\nmysql-router-k8s/0*  active       idle   10.1.59.136         Router 8.0.37 running (restart pending); Charmed operator 1.2+31518a0\\nmysql-router-k8s/1   active       idle   10.1.59.137         Router 8.0.37 running (restart pending); Charmed operator 1.2+31518a0\\nmysql-router-k8s/2   maintenance  idle   10.1.59.142         \\nmysql-test-app/0*    active       idle   10.1.59.139         Last written value=25276\\n' = get_juju_status('test')\n +    where 'test' = <juju.model.Model object at 0x7f9952dc4b20>.name\n +      where <juju.model.Model object at 0x7f9952dc4b20> = <pytest_operator.plugin.OpsTest object at 0x7f994e586b30>.model","time":{"start":1728440897729,"stop":1728441220412,"duration":322683}},{"uid":"5700b4faab39699e","reportUrl":"../297//#testresult/5700b4faab39699e","status":"failed","statusDetails":"AssertionError: None of the units are upgraded\nassert '+testupgrade' in 'Model  Controller          Cloud/Region        Version  SLA          Timestamp\\ntest   microk8s-localhost  microk8s/localhost  3.4.3    unsupported  02:35:54Z\\n\\nApp               Version                  Status   Scale  Charm             Channel      Rev  Address         Exposed  Message\\nmysql-k8s         8.0.37-0ubuntu0.22.04.3  active       1  mysql-k8s         8.0/edge     205  10.152.183.44   no       \\nmysql-router-k8s  8.0.37-0ubuntu0.22.04.3  waiting      3  mysql-router-k8s  8.0/edge       0  10.152.183.157  no       installing agent\\nmysql-test-app    0.0.2                    active       1  mysql-test-app    latest/edge   63  10.152.183.155  no       Last written value=23604\\n\\nUnit                 Workload     Agent  Address      Ports  Message\\nmysql-k8s/0*         active       idle   10.1.235.13         Primary\\nmysql-router-k8s/0*  active       idle   10.1.235.8          Router 8.0.37 running (restart pending); Charmed operator 1.2+31518a0\\nmysql-router-k8s/1   active       idle   10.1.235.10         Router 8.0.37 running (restart pending); Charmed operator 1.2+31518a0\\nmysql-router-k8s/2   maintenance  idle   10.1.235.14         \\nmysql-test-app/0*    active       idle   10.1.235.12         Last written value=23604\\n'\n +  where 'Model  Controller          Cloud/Region        Version  SLA          Timestamp\\ntest   microk8s-localhost  microk8s/localhost  3.4.3    unsupported  02:35:54Z\\n\\nApp               Version                  Status   Scale  Charm             Channel      Rev  Address         Exposed  Message\\nmysql-k8s         8.0.37-0ubuntu0.22.04.3  active       1  mysql-k8s         8.0/edge     205  10.152.183.44   no       \\nmysql-router-k8s  8.0.37-0ubuntu0.22.04.3  waiting      3  mysql-router-k8s  8.0/edge       0  10.152.183.157  no       installing agent\\nmysql-test-app    0.0.2                    active       1  mysql-test-app    latest/edge   63  10.152.183.155  no       Last written value=23604\\n\\nUnit                 Workload     Agent  Address      Ports  Message\\nmysql-k8s/0*         active       idle   10.1.235.13         Primary\\nmysql-router-k8s/0*  active       idle   10.1.235.8          Router 8.0.37 running (restart pending); Charmed operator 1.2+31518a0\\nmysql-router-k8s/1   active       idle   10.1.235.10         Router 8.0.37 running (restart pending); Charmed operator 1.2+31518a0\\nmysql-router-k8s/2   maintenance  idle   10.1.235.14         \\nmysql-test-app/0*    active       idle   10.1.235.12         Last written value=23604\\n' = get_juju_status('test')\n +    where 'test' = <juju.model.Model object at 0x7f37abb3fdf0>.name\n +      where <juju.model.Model object at 0x7f37abb3fdf0> = <pytest_operator.plugin.OpsTest object at 0x7f37a7ba6fe0>.model","time":{"start":1728354633070,"stop":1728354954983,"duration":321913}},{"uid":"1cb6b4cd3892a30f","reportUrl":"../295//#testresult/1cb6b4cd3892a30f","status":"failed","statusDetails":"AssertionError: None of the units are upgraded\nassert '+testupgrade' in 'Model  Controller          Cloud/Region        Version  SLA          Timestamp\\ntest   microk8s-localhost  microk8s/localhost  3.4.3    unsupported  02:36:24Z\\n\\nApp               Version                  Status   Scale  Charm             Channel      Rev  Address         Exposed  Message\\nmysql-k8s         8.0.37-0ubuntu0.22.04.3  active       1  mysql-k8s         8.0/edge     201  10.152.183.148  no       \\nmysql-router-k8s  8.0.37-0ubuntu0.22.04.3  waiting      3  mysql-router-k8s  8.0/edge       0  10.152.183.166  no       installing agent\\nmysql-test-app    0.0.2                    active       1  mysql-test-app    latest/edge   63  10.152.183.205  no       \\n\\nUnit                 Workload     Agent  Address      Ports  Message\\nmysql-k8s/0*         active       idle   10.1.184.77         Primary\\nmysql-router-k8s/0*  active       idle   10.1.184.74         Router 8.0.37 running (restart pending); Charmed operator 1.2+a648a2e\\nmysql-router-k8s/1   active       idle   10.1.184.76         Router 8.0.37 running (restart pending); Charmed operator 1.2+a648a2e\\nmysql-router-k8s/2   maintenance  idle   10.1.184.78         \\nmysql-test-app/0*    active       idle   10.1.184.72         \\n'\n +  where 'Model  Controller          Cloud/Region        Version  SLA          Timestamp\\ntest   microk8s-localhost  microk8s/localhost  3.4.3    unsupported  02:36:24Z\\n\\nApp               Version                  Status   Scale  Charm             Channel      Rev  Address         Exposed  Message\\nmysql-k8s         8.0.37-0ubuntu0.22.04.3  active       1  mysql-k8s         8.0/edge     201  10.152.183.148  no       \\nmysql-router-k8s  8.0.37-0ubuntu0.22.04.3  waiting      3  mysql-router-k8s  8.0/edge       0  10.152.183.166  no       installing agent\\nmysql-test-app    0.0.2                    active       1  mysql-test-app    latest/edge   63  10.152.183.205  no       \\n\\nUnit                 Workload     Agent  Address      Ports  Message\\nmysql-k8s/0*         active       idle   10.1.184.77         Primary\\nmysql-router-k8s/0*  active       idle   10.1.184.74         Router 8.0.37 running (restart pending); Charmed operator 1.2+a648a2e\\nmysql-router-k8s/1   active       idle   10.1.184.76         Router 8.0.37 running (restart pending); Charmed operator 1.2+a648a2e\\nmysql-router-k8s/2   maintenance  idle   10.1.184.78         \\nmysql-test-app/0*    active       idle   10.1.184.72         \\n' = get_juju_status('test')\n +    where 'test' = <juju.model.Model object at 0x7fe67d742500>.name\n +      where <juju.model.Model object at 0x7fe67d742500> = <pytest_operator.plugin.OpsTest object at 0x7fe679f34ca0>.model","time":{"start":1728268259523,"stop":1728268584162,"duration":324639}},{"uid":"affa5507bf33a6cc","reportUrl":"../294//#testresult/affa5507bf33a6cc","status":"failed","statusDetails":"AssertionError: None of the units are upgraded\nassert '+testupgrade' in 'Model  Controller          Cloud/Region        Version  SLA          Timestamp\\ntest   microk8s-localhost  microk8s/localhost  3.4.3    unsupported  02:40:08Z\\n\\nApp               Version                  Status   Scale  Charm             Channel      Rev  Address         Exposed  Message\\nmysql-k8s         8.0.37-0ubuntu0.22.04.3  active       1  mysql-k8s         8.0/edge     201  10.152.183.118  no       \\nmysql-router-k8s  8.0.37-0ubuntu0.22.04.3  waiting      3  mysql-router-k8s  8.0/edge       0  10.152.183.206  no       installing agent\\nmysql-test-app    0.0.2                    active       1  mysql-test-app    latest/edge   63  10.152.183.254  no       \\n\\nUnit                 Workload     Agent  Address       Ports  Message\\nmysql-k8s/0*         active       idle   10.1.220.141         Primary\\nmysql-router-k8s/0*  active       idle   10.1.220.137         Router 8.0.37 running (restart pending); Charmed operator 1.2+a648a2e\\nmysql-router-k8s/1   active       idle   10.1.220.139         Router 8.0.37 running (restart pending); Charmed operator 1.2+a648a2e\\nmysql-router-k8s/2   maintenance  idle   10.1.220.142         \\nmysql-test-app/0*    active       idle   10.1.220.136         \\n'\n +  where 'Model  Controller          Cloud/Region        Version  SLA          Timestamp\\ntest   microk8s-localhost  microk8s/localhost  3.4.3    unsupported  02:40:08Z\\n\\nApp               Version                  Status   Scale  Charm             Channel      Rev  Address         Exposed  Message\\nmysql-k8s         8.0.37-0ubuntu0.22.04.3  active       1  mysql-k8s         8.0/edge     201  10.152.183.118  no       \\nmysql-router-k8s  8.0.37-0ubuntu0.22.04.3  waiting      3  mysql-router-k8s  8.0/edge       0  10.152.183.206  no       installing agent\\nmysql-test-app    0.0.2                    active       1  mysql-test-app    latest/edge   63  10.152.183.254  no       \\n\\nUnit                 Workload     Agent  Address       Ports  Message\\nmysql-k8s/0*         active       idle   10.1.220.141         Primary\\nmysql-router-k8s/0*  active       idle   10.1.220.137         Router 8.0.37 running (restart pending); Charmed operator 1.2+a648a2e\\nmysql-router-k8s/1   active       idle   10.1.220.139         Router 8.0.37 running (restart pending); Charmed operator 1.2+a648a2e\\nmysql-router-k8s/2   maintenance  idle   10.1.220.142         \\nmysql-test-app/0*    active       idle   10.1.220.136         \\n' = get_juju_status('test')\n +    where 'test' = <juju.model.Model object at 0x7f1457f219f0>.name\n +      where <juju.model.Model object at 0x7f1457f219f0> = <pytest_operator.plugin.OpsTest object at 0x7f1458260460>.model","time":{"start":1728182085137,"stop":1728182408172,"duration":323035}},{"uid":"323fa4b2de9b51d6","reportUrl":"../293//#testresult/323fa4b2de9b51d6","status":"failed","statusDetails":"AssertionError: None of the units are upgraded\nassert '+testupgrade' in 'Model  Controller          Cloud/Region        Version  SLA          Timestamp\\ntest   microk8s-localhost  microk8s/localhost  3.4.3    unsupported  02:31:08Z\\n\\nApp               Version                  Status   Scale  Charm             Channel      Rev  Address         Exposed  Message\\nmysql-k8s         8.0.37-0ubuntu0.22.04.3  active       1  mysql-k8s         8.0/edge     201  10.152.183.32   no       \\nmysql-router-k8s  8.0.37-0ubuntu0.22.04.3  waiting      3  mysql-router-k8s  8.0/edge       0  10.152.183.151  no       installing agent\\nmysql-test-app    0.0.2                    active       1  mysql-test-app    latest/edge   63  10.152.183.87   no       \\n\\nUnit                 Workload     Agent  Address       Ports  Message\\nmysql-k8s/0*         active       idle   10.1.173.205         Primary\\nmysql-router-k8s/0*  active       idle   10.1.173.202         Router 8.0.37 running (restart pending); Charmed operator 1.2+a648a2e\\nmysql-router-k8s/1   active       idle   10.1.173.204         Router 8.0.37 running (restart pending); Charmed operator 1.2+a648a2e\\nmysql-router-k8s/2   maintenance  idle   10.1.173.206         \\nmysql-test-app/0*    active       idle   10.1.173.200         \\n'\n +  where 'Model  Controller          Cloud/Region        Version  SLA          Timestamp\\ntest   microk8s-localhost  microk8s/localhost  3.4.3    unsupported  02:31:08Z\\n\\nApp               Version                  Status   Scale  Charm             Channel      Rev  Address         Exposed  Message\\nmysql-k8s         8.0.37-0ubuntu0.22.04.3  active       1  mysql-k8s         8.0/edge     201  10.152.183.32   no       \\nmysql-router-k8s  8.0.37-0ubuntu0.22.04.3  waiting      3  mysql-router-k8s  8.0/edge       0  10.152.183.151  no       installing agent\\nmysql-test-app    0.0.2                    active       1  mysql-test-app    latest/edge   63  10.152.183.87   no       \\n\\nUnit                 Workload     Agent  Address       Ports  Message\\nmysql-k8s/0*         active       idle   10.1.173.205         Primary\\nmysql-router-k8s/0*  active       idle   10.1.173.202         Router 8.0.37 running (restart pending); Charmed operator 1.2+a648a2e\\nmysql-router-k8s/1   active       idle   10.1.173.204         Router 8.0.37 running (restart pending); Charmed operator 1.2+a648a2e\\nmysql-router-k8s/2   maintenance  idle   10.1.173.206         \\nmysql-test-app/0*    active       idle   10.1.173.200         \\n' = get_juju_status('test')\n +    where 'test' = <juju.model.Model object at 0x7f0db2ba6830>.name\n +      where <juju.model.Model object at 0x7f0db2ba6830> = <pytest_operator.plugin.OpsTest object at 0x7f0db625d840>.model","time":{"start":1728095146479,"stop":1728095468959,"duration":322480}},{"uid":"24e83d5842394b81","reportUrl":"../291//#testresult/24e83d5842394b81","status":"failed","statusDetails":"AssertionError: None of the units are upgraded\nassert '+testupgrade' in 'Model  Controller          Cloud/Region        Version  SLA          Timestamp\\ntest   microk8s-localhost  microk8s/localhost  3.4.3    unsupported  02:33:49Z\\n\\nApp               Version                  Status   Scale  Charm             Channel      Rev  Address         Exposed  Message\\nmysql-k8s         8.0.37-0ubuntu0.22.04.3  active       1  mysql-k8s         8.0/edge     201  10.152.183.34   no       \\nmysql-router-k8s  8.0.37-0ubuntu0.22.04.3  waiting      3  mysql-router-k8s  8.0/edge       0  10.152.183.246  no       installing agent\\nmysql-test-app    0.0.2                    active       1  mysql-test-app    latest/edge   63  10.152.183.207  no       \\n\\nUnit                 Workload     Agent  Address     Ports  Message\\nmysql-k8s/0*         active       idle   10.1.81.13         Primary\\nmysql-router-k8s/0*  active       idle   10.1.81.8          Router 8.0.37 running (restart pending); Charmed operator 1.2+a648a2e\\nmysql-router-k8s/1   active       idle   10.1.81.9          Router 8.0.37 running (restart pending); Charmed operator 1.2+a648a2e\\nmysql-router-k8s/2   maintenance  idle   10.1.81.14         \\nmysql-test-app/0*    active       idle   10.1.81.11         \\n'\n +  where 'Model  Controller          Cloud/Region        Version  SLA          Timestamp\\ntest   microk8s-localhost  microk8s/localhost  3.4.3    unsupported  02:33:49Z\\n\\nApp               Version                  Status   Scale  Charm             Channel      Rev  Address         Exposed  Message\\nmysql-k8s         8.0.37-0ubuntu0.22.04.3  active       1  mysql-k8s         8.0/edge     201  10.152.183.34   no       \\nmysql-router-k8s  8.0.37-0ubuntu0.22.04.3  waiting      3  mysql-router-k8s  8.0/edge       0  10.152.183.246  no       installing agent\\nmysql-test-app    0.0.2                    active       1  mysql-test-app    latest/edge   63  10.152.183.207  no       \\n\\nUnit                 Workload     Agent  Address     Ports  Message\\nmysql-k8s/0*         active       idle   10.1.81.13         Primary\\nmysql-router-k8s/0*  active       idle   10.1.81.8          Router 8.0.37 running (restart pending); Charmed operator 1.2+a648a2e\\nmysql-router-k8s/1   active       idle   10.1.81.9          Router 8.0.37 running (restart pending); Charmed operator 1.2+a648a2e\\nmysql-router-k8s/2   maintenance  idle   10.1.81.14         \\nmysql-test-app/0*    active       idle   10.1.81.11         \\n' = get_juju_status('test')\n +    where 'test' = <juju.model.Model object at 0x7f6b6e998700>.name\n +      where <juju.model.Model object at 0x7f6b6e998700> = <pytest_operator.plugin.OpsTest object at 0x7f6b69e7ebf0>.model","time":{"start":1728008907087,"stop":1728009229554,"duration":322467}},{"uid":"eaa87f90283f1684","reportUrl":"../289//#testresult/eaa87f90283f1684","status":"broken","statusDetails":"asyncio.exceptions.TimeoutError","time":{"start":1727922499846,"stop":1727923705115,"duration":1205269}},{"uid":"229a5296b71d8c4d","reportUrl":"../287//#testresult/229a5296b71d8c4d","status":"failed","statusDetails":"AssertionError: None of the units are upgraded\nassert '+testupgrade' in 'Model  Controller          Cloud/Region        Version  SLA          Timestamp\\ntest   microk8s-localhost  microk8s/localhost  3.4.3    unsupported  02:33:17Z\\n\\nApp               Version                  Status   Scale  Charm             Channel      Rev  Address         Exposed  Message\\nmysql-k8s         8.0.37-0ubuntu0.22.04.3  active       1  mysql-k8s         8.0/edge     201  10.152.183.206  no       \\nmysql-router-k8s  8.0.37-0ubuntu0.22.04.3  waiting      3  mysql-router-k8s  8.0/edge       0  10.152.183.153  no       installing agent\\nmysql-test-app    0.0.2                    active       1  mysql-test-app    latest/edge   63  10.152.183.97   no       Last written value=25101\\n\\nUnit                 Workload     Agent  Address      Ports  Message\\nmysql-k8s/0*         active       idle   10.1.128.13         Primary\\nmysql-router-k8s/0   active       idle   10.1.128.8          Router 8.0.37 running (restart pending); Charmed operator 1.2+a648a2e\\nmysql-router-k8s/1*  active       idle   10.1.128.9          Router 8.0.37 running (restart pending); Charmed operator 1.2+a648a2e\\nmysql-router-k8s/2   maintenance  idle   10.1.128.14         \\nmysql-test-app/0*    active       idle   10.1.128.12         Last written value=25101\\n'\n +  where 'Model  Controller          Cloud/Region        Version  SLA          Timestamp\\ntest   microk8s-localhost  microk8s/localhost  3.4.3    unsupported  02:33:17Z\\n\\nApp               Version                  Status   Scale  Charm             Channel      Rev  Address         Exposed  Message\\nmysql-k8s         8.0.37-0ubuntu0.22.04.3  active       1  mysql-k8s         8.0/edge     201  10.152.183.206  no       \\nmysql-router-k8s  8.0.37-0ubuntu0.22.04.3  waiting      3  mysql-router-k8s  8.0/edge       0  10.152.183.153  no       installing agent\\nmysql-test-app    0.0.2                    active       1  mysql-test-app    latest/edge   63  10.152.183.97   no       Last written value=25101\\n\\nUnit                 Workload     Agent  Address      Ports  Message\\nmysql-k8s/0*         active       idle   10.1.128.13         Primary\\nmysql-router-k8s/0   active       idle   10.1.128.8          Router 8.0.37 running (restart pending); Charmed operator 1.2+a648a2e\\nmysql-router-k8s/1*  active       idle   10.1.128.9          Router 8.0.37 running (restart pending); Charmed operator 1.2+a648a2e\\nmysql-router-k8s/2   maintenance  idle   10.1.128.14         \\nmysql-test-app/0*    active       idle   10.1.128.12         Last written value=25101\\n' = get_juju_status('test')\n +    where 'test' = <juju.model.Model object at 0x7f2095cc42e0>.name\n +      where <juju.model.Model object at 0x7f2095cc42e0> = <pytest_operator.plugin.OpsTest object at 0x7f20922e55d0>.model","time":{"start":1727836075521,"stop":1727836398019,"duration":322498}},{"uid":"7b055aa92e350e43","reportUrl":"../286//#testresult/7b055aa92e350e43","status":"failed","statusDetails":"AssertionError: None of the units are upgraded\nassert '+testupgrade' in 'Model  Controller          Cloud/Region        Version  SLA          Timestamp\\ntest   microk8s-localhost  microk8s/localhost  3.4.3    unsupported  02:42:55Z\\n\\nApp               Version                  Status   Scale  Charm             Channel      Rev  Address         Exposed  Message\\nmysql-k8s         8.0.37-0ubuntu0.22.04.3  active       1  mysql-k8s         8.0/edge     201  10.152.183.142  no       \\nmysql-router-k8s  8.0.37-0ubuntu0.22.04.3  waiting      3  mysql-router-k8s  8.0/edge       0  10.152.183.63   no       installing agent\\nmysql-test-app    0.0.2                    active       1  mysql-test-app    latest/edge   63  10.152.183.157  no       \\n\\nUnit                 Workload     Agent  Address     Ports  Message\\nmysql-k8s/0*         active       idle   10.1.21.77         Primary\\nmysql-router-k8s/0*  active       idle   10.1.21.73         Router 8.0.37 running (restart pending); Charmed operator 1.2+a648a2e\\nmysql-router-k8s/1   active       idle   10.1.21.74         Router 8.0.37 running (restart pending); Charmed operator 1.2+a648a2e\\nmysql-router-k8s/2   maintenance  idle   10.1.21.78         \\nmysql-test-app/0*    active       idle   10.1.21.72         \\n'\n +  where 'Model  Controller          Cloud/Region        Version  SLA          Timestamp\\ntest   microk8s-localhost  microk8s/localhost  3.4.3    unsupported  02:42:55Z\\n\\nApp               Version                  Status   Scale  Charm             Channel      Rev  Address         Exposed  Message\\nmysql-k8s         8.0.37-0ubuntu0.22.04.3  active       1  mysql-k8s         8.0/edge     201  10.152.183.142  no       \\nmysql-router-k8s  8.0.37-0ubuntu0.22.04.3  waiting      3  mysql-router-k8s  8.0/edge       0  10.152.183.63   no       installing agent\\nmysql-test-app    0.0.2                    active       1  mysql-test-app    latest/edge   63  10.152.183.157  no       \\n\\nUnit                 Workload     Agent  Address     Ports  Message\\nmysql-k8s/0*         active       idle   10.1.21.77         Primary\\nmysql-router-k8s/0*  active       idle   10.1.21.73         Router 8.0.37 running (restart pending); Charmed operator 1.2+a648a2e\\nmysql-router-k8s/1   active       idle   10.1.21.74         Router 8.0.37 running (restart pending); Charmed operator 1.2+a648a2e\\nmysql-router-k8s/2   maintenance  idle   10.1.21.78         \\nmysql-test-app/0*    active       idle   10.1.21.72         \\n' = get_juju_status('test')\n +    where 'test' = <juju.model.Model object at 0x7f8af6f92830>.name\n +      where <juju.model.Model object at 0x7f8af6f92830> = <pytest_operator.plugin.OpsTest object at 0x7f8afa8c9840>.model","time":{"start":1727750251382,"stop":1727750575401,"duration":324019}},{"uid":"9321668a679306b0","reportUrl":"../284//#testresult/9321668a679306b0","status":"failed","statusDetails":"AssertionError: None of the units are upgraded\nassert '+testupgrade' in 'Model  Controller          Cloud/Region        Version  SLA          Timestamp\\ntest   microk8s-localhost  microk8s/localhost  3.4.3    unsupported  02:38:40Z\\n\\nApp               Version                  Status   Scale  Charm             Channel      Rev  Address         Exposed  Message\\nmysql-k8s         8.0.37-0ubuntu0.22.04.3  active       1  mysql-k8s         8.0/edge     201  10.152.183.171  no       \\nmysql-router-k8s  8.0.37-0ubuntu0.22.04.3  waiting      3  mysql-router-k8s  8.0/edge       0  10.152.183.19   no       installing agent\\nmysql-test-app    0.0.2                    active       1  mysql-test-app    latest/edge   63  10.152.183.179  no       Last written value=24558\\n\\nUnit                 Workload     Agent  Address     Ports  Message\\nmysql-k8s/0*         active       idle   10.1.13.77         Primary\\nmysql-router-k8s/0   active       idle   10.1.13.73         Router 8.0.37 running (restart pending); Charmed operator 1.2+a648a2e\\nmysql-router-k8s/1*  active       idle   10.1.13.75         Router 8.0.37 running (restart pending); Charmed operator 1.2+a648a2e\\nmysql-router-k8s/2   maintenance  idle   10.1.13.78         \\nmysql-test-app/0*    active       idle   10.1.13.72         Last written value=24558\\n'\n +  where 'Model  Controller          Cloud/Region        Version  SLA          Timestamp\\ntest   microk8s-localhost  microk8s/localhost  3.4.3    unsupported  02:38:40Z\\n\\nApp               Version                  Status   Scale  Charm             Channel      Rev  Address         Exposed  Message\\nmysql-k8s         8.0.37-0ubuntu0.22.04.3  active       1  mysql-k8s         8.0/edge     201  10.152.183.171  no       \\nmysql-router-k8s  8.0.37-0ubuntu0.22.04.3  waiting      3  mysql-router-k8s  8.0/edge       0  10.152.183.19   no       installing agent\\nmysql-test-app    0.0.2                    active       1  mysql-test-app    latest/edge   63  10.152.183.179  no       Last written value=24558\\n\\nUnit                 Workload     Agent  Address     Ports  Message\\nmysql-k8s/0*         active       idle   10.1.13.77         Primary\\nmysql-router-k8s/0   active       idle   10.1.13.73         Router 8.0.37 running (restart pending); Charmed operator 1.2+a648a2e\\nmysql-router-k8s/1*  active       idle   10.1.13.75         Router 8.0.37 running (restart pending); Charmed operator 1.2+a648a2e\\nmysql-router-k8s/2   maintenance  idle   10.1.13.78         \\nmysql-test-app/0*    active       idle   10.1.13.72         Last written value=24558\\n' = get_juju_status('test')\n +    where 'test' = <juju.model.Model object at 0x7f9ee4070790>.name\n +      where <juju.model.Model object at 0x7f9ee4070790> = <pytest_operator.plugin.OpsTest object at 0x7f9ee40da530>.model","time":{"start":1727663597898,"stop":1727663920527,"duration":322629}},{"uid":"d789c040c296afc3","reportUrl":"../283//#testresult/d789c040c296afc3","status":"broken","statusDetails":"asyncio.exceptions.TimeoutError","time":{"start":1727577257750,"stop":1727578462943,"duration":1205193}},{"uid":"891c99e4121cb217","reportUrl":"../282//#testresult/891c99e4121cb217","status":"failed","statusDetails":"AssertionError: None of the units are upgraded\nassert '+testupgrade' in 'Model  Controller          Cloud/Region        Version  SLA          Timestamp\\ntest   microk8s-localhost  microk8s/localhost  3.4.3    unsupported  02:32:24Z\\n\\nApp               Version                  Status   Scale  Charm             Channel      Rev  Address         Exposed  Message\\nmysql-k8s         8.0.37-0ubuntu0.22.04.3  active       1  mysql-k8s         8.0/edge     201  10.152.183.74   no       \\nmysql-router-k8s  8.0.37-0ubuntu0.22.04.3  waiting      3  mysql-router-k8s  8.0/edge       0  10.152.183.247  no       installing agent\\nmysql-test-app    0.0.2                    active       1  mysql-test-app    latest/edge   63  10.152.183.222  no       \\n\\nUnit                 Workload     Agent  Address      Ports  Message\\nmysql-k8s/0*         active       idle   10.1.116.77         Primary\\nmysql-router-k8s/0   active       idle   10.1.116.72         Router 8.0.37 running (restart pending); Charmed operator 1.2+a648a2e\\nmysql-router-k8s/1*  active       idle   10.1.116.73         Router 8.0.37 running (restart pending); Charmed operator 1.2+a648a2e\\nmysql-router-k8s/2   maintenance  idle   10.1.116.78         \\nmysql-test-app/0*    active       idle   10.1.116.76         \\n'\n +  where 'Model  Controller          Cloud/Region        Version  SLA          Timestamp\\ntest   microk8s-localhost  microk8s/localhost  3.4.3    unsupported  02:32:24Z\\n\\nApp               Version                  Status   Scale  Charm             Channel      Rev  Address         Exposed  Message\\nmysql-k8s         8.0.37-0ubuntu0.22.04.3  active       1  mysql-k8s         8.0/edge     201  10.152.183.74   no       \\nmysql-router-k8s  8.0.37-0ubuntu0.22.04.3  waiting      3  mysql-router-k8s  8.0/edge       0  10.152.183.247  no       installing agent\\nmysql-test-app    0.0.2                    active       1  mysql-test-app    latest/edge   63  10.152.183.222  no       \\n\\nUnit                 Workload     Agent  Address      Ports  Message\\nmysql-k8s/0*         active       idle   10.1.116.77         Primary\\nmysql-router-k8s/0   active       idle   10.1.116.72         Router 8.0.37 running (restart pending); Charmed operator 1.2+a648a2e\\nmysql-router-k8s/1*  active       idle   10.1.116.73         Router 8.0.37 running (restart pending); Charmed operator 1.2+a648a2e\\nmysql-router-k8s/2   maintenance  idle   10.1.116.78         \\nmysql-test-app/0*    active       idle   10.1.116.76         \\n' = get_juju_status('test')\n +    where 'test' = <juju.model.Model object at 0x7f6414dda770>.name\n +      where <juju.model.Model object at 0x7f6414dda770> = <pytest_operator.plugin.OpsTest object at 0x7f64159d15d0>.model","time":{"start":1727490420177,"stop":1727490744864,"duration":324687}}]},"tags":["asyncio","abort_on_fail","group(1)"]},"source":"87ff12e7fdb3ddf0.json","parameterValues":[]}