{"uid":"4b4757e66a1912dae1a509f688f20b0f","children":[{"name":"Product defects","children":[{"name":"AssertionError: None of the units are upgraded\nassert '+testupgrade' in 'Model  Controller          Cloud/Region        Version  SLA          Timestamp\\ntest   microk8s-localhost  microk8s/localhost  3.4.3    unsupported  02:20:44Z\\n\\nApp               Version                  Status   Scale  Charm             Channel      Rev  Address         Exposed  Message\\nmysql-k8s         8.0.37-0ubuntu0.22.04.3  active       1  mysql-k8s         8.0/edge     164  10.152.183.215  no       \\nmysql-router-k8s  8.0.37-0ubuntu0.22.04.3  waiting      3  mysql-router-k8s  8.0/edge       0  10.152.183.234  no       installing agent\\nmysql-test-app    0.0.2                    active       1  mysql-test-app    latest/edge   46  10.152.183.83   no       \\n\\nUnit                 Workload  Agent  Address      Ports  Message\\nmysql-k8s/0*         active    idle   10.1.184.13         Primary\\nmysql-router-k8s/0   active    idle   10.1.184.10         Router 8.0.37 running (restart pending); Charmed operator 1.2+266066c\\nmysql-router-k8s/1*  active    idle   10.1.184.11         Router 8.0.37 running (restart pending); Charmed operator 1.2+266066c\\nmysql-router-k8s/2   blocked   idle   10.1.184.14         Upgrade incompatible. Rollback to previous revision with `juju refresh`\\nmysql-test-app/0*    active    idle   10.1.184.8          \\n'\n +  where 'Model  Controller          Cloud/Region        Version  SLA          Timestamp\\ntest   microk8s-localhost  microk8s/localhost  3.4.3    unsupported  02:20:44Z\\n\\nApp               Version                  Status   Scale  Charm             Channel      Rev  Address         Exposed  Message\\nmysql-k8s         8.0.37-0ubuntu0.22.04.3  active       1  mysql-k8s         8.0/edge     164  10.152.183.215  no       \\nmysql-router-k8s  8.0.37-0ubuntu0.22.04.3  waiting      3  mysql-router-k8s  8.0/edge       0  10.152.183.234  no       installing agent\\nmysql-test-app    0.0.2                    active       1  mysql-test-app    latest/edge   46  10.152.183.83   no       \\n\\nUnit                 Workload  Agent  Address      Ports  Message\\nmysql-k8s/0*         active    idle   10.1.184.13         Primary\\nmysql-router-k8s/0   active    idle   10.1.184.10         Router 8.0.37 running (restart pending); Charmed operator 1.2+266066c\\nmysql-router-k8s/1*  active    idle   10.1.184.11         Router 8.0.37 running (restart pending); Charmed operator 1.2+266066c\\nmysql-router-k8s/2   blocked   idle   10.1.184.14         Upgrade incompatible. Rollback to previous revision with `juju refresh`\\nmysql-test-app/0*    active    idle   10.1.184.8          \\n' = get_juju_status('test')\n +    where 'test' = <juju.model.Model object at 0x7f70125377c0>.name\n +      where <juju.model.Model object at 0x7f70125377c0> = <pytest_operator.plugin.OpsTest object at 0x7f70123f7130>.model","children":[{"name":"test_upgrade_from_edge","uid":"b4862ea76969fefd","parentUid":"8e11ff768c7403c8386917803ba89752","status":"failed","time":{"start":1722219317728,"stop":1722219644576,"duration":326848},"flaky":false,"newFailed":false,"newPassed":false,"newBroken":false,"retriesCount":1,"retriesStatusChange":true,"parameters":[],"tags":["asyncio","abort_on_fail","group(1)"]}],"uid":"8e11ff768c7403c8386917803ba89752"},{"name":"AssertionError: Expected mysqlrouter certificate from self-signed-certificates\nassert 'CN = Test CA' in '        Issuer: CN = MySQL_Router_Auto_Generated_CA_Certificate\\n'","children":[{"name":"test_exporter_endpoint_with_tls","uid":"23c8226538f633f4","parentUid":"93b60757449d4fd57cf74ed78176af75","status":"failed","time":{"start":1722219337397,"stop":1722219379125,"duration":41728},"flaky":false,"newFailed":false,"newPassed":false,"newBroken":false,"retriesCount":1,"retriesStatusChange":true,"parameters":[],"tags":["asyncio","abort_on_fail","group(1)"]}],"uid":"93b60757449d4fd57cf74ed78176af75"}],"uid":"8fb3a91ba5aaf9de24cc8a92edc82b5d"}],"name":"categories"}