{"uid":"f56c1321cf879471","name":"test_upgrade_from_edge","fullName":"tests.integration.test_upgrade#test_upgrade_from_edge","historyId":"59e96b2cf75bb30d0a5cbde0e5234d56","time":{"start":1729996459990,"stop":1729996782144,"duration":322154},"description":"Upgrade mysqlrouter while ensuring continuous writes incrementing.","descriptionHtml":"<p>Upgrade mysqlrouter while ensuring continuous writes incrementing.</p>\n","status":"failed","statusMessage":"AssertionError: None of the units are upgraded\nassert '+testupgrade' in 'Model  Controller          Cloud/Region        Version  SLA          Timestamp\\ntest   microk8s-localhost  microk8s/localhost  3.4.3    unsupported  02:39:42Z\\n\\nApp               Version                  Status   Scale  Charm             Channel      Rev  Address         Exposed  Message\\nmysql-k8s         8.0.37-0ubuntu0.22.04.3  active       1  mysql-k8s         8.0/edge     206  10.152.183.31   no       \\nmysql-router-k8s  8.0.37-0ubuntu0.22.04.3  waiting      3  mysql-router-k8s  8.0/edge       0  10.152.183.188  no       installing agent\\nmysql-test-app    0.0.2                    active       1  mysql-test-app    latest/edge   63  10.152.183.225  no       Last written value=25734\\n\\nUnit                 Workload     Agent  Address      Ports  Message\\nmysql-k8s/0*         active       idle   10.1.239.13         Primary\\nmysql-router-k8s/0*  active       idle   10.1.239.10         Router 8.0.37 running (restart pending); Charmed operator 1.2+31518a0\\nmysql-router-k8s/1   active       idle   10.1.239.12         Router 8.0.37 running (restart pending); Charmed operator 1.2+31518a0\\nmysql-router-k8s/2   maintenance  idle   10.1.239.14         \\nmysql-test-app/0*    active       idle   10.1.239.8          Last written value=25734\\n'\n +  where 'Model  Controller          Cloud/Region        Version  SLA          Timestamp\\ntest   microk8s-localhost  microk8s/localhost  3.4.3    unsupported  02:39:42Z\\n\\nApp               Version                  Status   Scale  Charm             Channel      Rev  Address         Exposed  Message\\nmysql-k8s         8.0.37-0ubuntu0.22.04.3  active       1  mysql-k8s         8.0/edge     206  10.152.183.31   no       \\nmysql-router-k8s  8.0.37-0ubuntu0.22.04.3  waiting      3  mysql-router-k8s  8.0/edge       0  10.152.183.188  no       installing agent\\nmysql-test-app    0.0.2                    active       1  mysql-test-app    latest/edge   63  10.152.183.225  no       Last written value=25734\\n\\nUnit                 Workload     Agent  Address      Ports  Message\\nmysql-k8s/0*         active       idle   10.1.239.13         Primary\\nmysql-router-k8s/0*  active       idle   10.1.239.10         Router 8.0.37 running (restart pending); Charmed operator 1.2+31518a0\\nmysql-router-k8s/1   active       idle   10.1.239.12         Router 8.0.37 running (restart pending); Charmed operator 1.2+31518a0\\nmysql-router-k8s/2   maintenance  idle   10.1.239.14         \\nmysql-test-app/0*    active       idle   10.1.239.8          Last written value=25734\\n' = get_juju_status('test')\n +    where 'test' = <juju.model.Model object at 0x7f5082bbe980>.name\n +      where <juju.model.Model object at 0x7f5082bbe980> = <pytest_operator.plugin.OpsTest object at 0x7f50827b11e0>.model","statusTrace":"Traceback (most recent call last):\n  File \"/home/runner/work/mysql-router-k8s-operator/mysql-router-k8s-operator/.tox/integration/lib/python3.10/site-packages/_pytest/runner.py\", line 341, in from_call\n    result: Optional[TResult] = func()\n  File \"/home/runner/work/mysql-router-k8s-operator/mysql-router-k8s-operator/.tox/integration/lib/python3.10/site-packages/_pytest/runner.py\", line 262, in <lambda>\n    lambda: ihook(item=item, **kwds), when=when, reraise=reraise\n  File \"/home/runner/work/mysql-router-k8s-operator/mysql-router-k8s-operator/.tox/integration/lib/python3.10/site-packages/pluggy/_hooks.py\", line 493, in __call__\n    return self._hookexec(self.name, self._hookimpls, kwargs, firstresult)\n  File \"/home/runner/work/mysql-router-k8s-operator/mysql-router-k8s-operator/.tox/integration/lib/python3.10/site-packages/pluggy/_manager.py\", line 115, in _hookexec\n    return self._inner_hookexec(hook_name, methods, kwargs, firstresult)\n  File \"/home/runner/work/mysql-router-k8s-operator/mysql-router-k8s-operator/.tox/integration/lib/python3.10/site-packages/pluggy/_callers.py\", line 152, in _multicall\n    return outcome.get_result()\n  File \"/home/runner/work/mysql-router-k8s-operator/mysql-router-k8s-operator/.tox/integration/lib/python3.10/site-packages/pluggy/_result.py\", line 114, in get_result\n    raise exc.with_traceback(exc.__traceback__)\n  File \"/home/runner/work/mysql-router-k8s-operator/mysql-router-k8s-operator/.tox/integration/lib/python3.10/site-packages/pluggy/_callers.py\", line 77, in _multicall\n    res = hook_impl.function(*args)\n  File \"/home/runner/work/mysql-router-k8s-operator/mysql-router-k8s-operator/.tox/integration/lib/python3.10/site-packages/_pytest/runner.py\", line 177, in pytest_runtest_call\n    raise e\n  File \"/home/runner/work/mysql-router-k8s-operator/mysql-router-k8s-operator/.tox/integration/lib/python3.10/site-packages/_pytest/runner.py\", line 169, in pytest_runtest_call\n    item.runtest()\n  File \"/home/runner/work/mysql-router-k8s-operator/mysql-router-k8s-operator/.tox/integration/lib/python3.10/site-packages/_pytest/python.py\", line 1788, in runtest\n    self.ihook.pytest_pyfunc_call(pyfuncitem=self)\n  File \"/home/runner/work/mysql-router-k8s-operator/mysql-router-k8s-operator/.tox/integration/lib/python3.10/site-packages/pluggy/_hooks.py\", line 493, in __call__\n    return self._hookexec(self.name, self._hookimpls, kwargs, firstresult)\n  File \"/home/runner/work/mysql-router-k8s-operator/mysql-router-k8s-operator/.tox/integration/lib/python3.10/site-packages/pluggy/_manager.py\", line 115, in _hookexec\n    return self._inner_hookexec(hook_name, methods, kwargs, firstresult)\n  File \"/home/runner/work/mysql-router-k8s-operator/mysql-router-k8s-operator/.tox/integration/lib/python3.10/site-packages/pluggy/_callers.py\", line 152, in _multicall\n    return outcome.get_result()\n  File \"/home/runner/work/mysql-router-k8s-operator/mysql-router-k8s-operator/.tox/integration/lib/python3.10/site-packages/pluggy/_result.py\", line 114, in get_result\n    raise exc.with_traceback(exc.__traceback__)\n  File \"/home/runner/work/mysql-router-k8s-operator/mysql-router-k8s-operator/.tox/integration/lib/python3.10/site-packages/pluggy/_callers.py\", line 77, in _multicall\n    res = hook_impl.function(*args)\n  File \"/home/runner/work/mysql-router-k8s-operator/mysql-router-k8s-operator/.tox/integration/lib/python3.10/site-packages/_pytest/python.py\", line 194, in pytest_pyfunc_call\n    result = testfunction(**testargs)\n  File \"/home/runner/work/mysql-router-k8s-operator/mysql-router-k8s-operator/.tox/integration/lib/python3.10/site-packages/pytest_asyncio/plugin.py\", line 532, in inner\n    _loop.run_until_complete(task)\n  File \"/usr/lib/python3.10/asyncio/base_events.py\", line 649, in run_until_complete\n    return future.result()\n  File \"/home/runner/work/mysql-router-k8s-operator/mysql-router-k8s-operator/tests/integration/test_upgrade.py\", line 125, in test_upgrade_from_edge\n    for attempt in tenacity.Retrying(\n  File \"/home/runner/work/mysql-router-k8s-operator/mysql-router-k8s-operator/.tox/integration/lib/python3.10/site-packages/tenacity/__init__.py\", line 347, in __iter__\n    do = self.iter(retry_state=retry_state)\n  File \"/home/runner/work/mysql-router-k8s-operator/mysql-router-k8s-operator/.tox/integration/lib/python3.10/site-packages/tenacity/__init__.py\", line 325, in iter\n    raise retry_exc.reraise()\n  File \"/home/runner/work/mysql-router-k8s-operator/mysql-router-k8s-operator/.tox/integration/lib/python3.10/site-packages/tenacity/__init__.py\", line 158, in reraise\n    raise self.last_attempt.result()\n  File \"/usr/lib/python3.10/concurrent/futures/_base.py\", line 451, in result\n    return self.__get_result()\n  File \"/usr/lib/python3.10/concurrent/futures/_base.py\", line 403, in __get_result\n    raise self._exception\n  File \"/home/runner/work/mysql-router-k8s-operator/mysql-router-k8s-operator/tests/integration/test_upgrade.py\", line 131, in test_upgrade_from_edge\n    assert \"+testupgrade\" in get_juju_status(\nAssertionError: None of the units are upgraded\nassert '+testupgrade' in 'Model  Controller          Cloud/Region        Version  SLA          Timestamp\\ntest   microk8s-localhost  microk8s/localhost  3.4.3    unsupported  02:39:42Z\\n\\nApp               Version                  Status   Scale  Charm             Channel      Rev  Address         Exposed  Message\\nmysql-k8s         8.0.37-0ubuntu0.22.04.3  active       1  mysql-k8s         8.0/edge     206  10.152.183.31   no       \\nmysql-router-k8s  8.0.37-0ubuntu0.22.04.3  waiting      3  mysql-router-k8s  8.0/edge       0  10.152.183.188  no       installing agent\\nmysql-test-app    0.0.2                    active       1  mysql-test-app    latest/edge   63  10.152.183.225  no       Last written value=25734\\n\\nUnit                 Workload     Agent  Address      Ports  Message\\nmysql-k8s/0*         active       idle   10.1.239.13         Primary\\nmysql-router-k8s/0*  active       idle   10.1.239.10         Router 8.0.37 running (restart pending); Charmed operator 1.2+31518a0\\nmysql-router-k8s/1   active       idle   10.1.239.12         Router 8.0.37 running (restart pending); Charmed operator 1.2+31518a0\\nmysql-router-k8s/2   maintenance  idle   10.1.239.14         \\nmysql-test-app/0*    active       idle   10.1.239.8          Last written value=25734\\n'\n +  where 'Model  Controller          Cloud/Region        Version  SLA          Timestamp\\ntest   microk8s-localhost  microk8s/localhost  3.4.3    unsupported  02:39:42Z\\n\\nApp               Version                  Status   Scale  Charm             Channel      Rev  Address         Exposed  Message\\nmysql-k8s         8.0.37-0ubuntu0.22.04.3  active       1  mysql-k8s         8.0/edge     206  10.152.183.31   no       \\nmysql-router-k8s  8.0.37-0ubuntu0.22.04.3  waiting      3  mysql-router-k8s  8.0/edge       0  10.152.183.188  no       installing agent\\nmysql-test-app    0.0.2                    active       1  mysql-test-app    latest/edge   63  10.152.183.225  no       Last written value=25734\\n\\nUnit                 Workload     Agent  Address      Ports  Message\\nmysql-k8s/0*         active       idle   10.1.239.13         Primary\\nmysql-router-k8s/0*  active       idle   10.1.239.10         Router 8.0.37 running (restart pending); Charmed operator 1.2+31518a0\\nmysql-router-k8s/1   active       idle   10.1.239.12         Router 8.0.37 running (restart pending); Charmed operator 1.2+31518a0\\nmysql-router-k8s/2   maintenance  idle   10.1.239.14         \\nmysql-test-app/0*    active       idle   10.1.239.8          Last written value=25734\\n' = get_juju_status('test')\n +    where 'test' = <juju.model.Model object at 0x7f5082bbe980>.name\n +      where <juju.model.Model object at 0x7f5082bbe980> = <pytest_operator.plugin.OpsTest object at 0x7f50827b11e0>.model","flaky":false,"newFailed":false,"newBroken":false,"newPassed":false,"retriesCount":1,"retriesStatusChange":true,"beforeStages":[{"name":"ops_test","time":{"start":1729996336446,"stop":1729996336712,"duration":266},"status":"passed","steps":[],"attachments":[],"parameters":[],"stepsCount":0,"shouldDisplayMessage":false,"attachmentsCount":0,"hasContent":false,"attachmentStep":false},{"name":"event_loop","time":{"start":1729996336446,"stop":1729996336446,"duration":0},"status":"passed","steps":[],"attachments":[],"parameters":[],"stepsCount":0,"shouldDisplayMessage":false,"attachmentsCount":0,"hasContent":false,"attachmentStep":false},{"name":"tmp_path_factory","time":{"start":1729996336446,"stop":1729996336446,"duration":0},"status":"passed","steps":[],"attachments":[],"parameters":[],"stepsCount":0,"shouldDisplayMessage":false,"attachmentsCount":0,"hasContent":false,"attachmentStep":false},{"name":"abort_on_fail","time":{"start":1729996459989,"stop":1729996459990,"duration":1},"status":"passed","steps":[],"attachments":[],"parameters":[],"stepsCount":0,"shouldDisplayMessage":false,"attachmentsCount":0,"hasContent":false,"attachmentStep":false}],"testStage":{"description":"Upgrade mysqlrouter while ensuring continuous writes incrementing.","status":"failed","statusMessage":"AssertionError: None of the units are upgraded\nassert '+testupgrade' in 'Model  Controller          Cloud/Region        Version  SLA          Timestamp\\ntest   microk8s-localhost  microk8s/localhost  3.4.3    unsupported  02:39:42Z\\n\\nApp               Version                  Status   Scale  Charm             Channel      Rev  Address         Exposed  Message\\nmysql-k8s         8.0.37-0ubuntu0.22.04.3  active       1  mysql-k8s         8.0/edge     206  10.152.183.31   no       \\nmysql-router-k8s  8.0.37-0ubuntu0.22.04.3  waiting      3  mysql-router-k8s  8.0/edge       0  10.152.183.188  no       installing agent\\nmysql-test-app    0.0.2                    active       1  mysql-test-app    latest/edge   63  10.152.183.225  no       Last written value=25734\\n\\nUnit                 Workload     Agent  Address      Ports  Message\\nmysql-k8s/0*         active       idle   10.1.239.13         Primary\\nmysql-router-k8s/0*  active       idle   10.1.239.10         Router 8.0.37 running (restart pending); Charmed operator 1.2+31518a0\\nmysql-router-k8s/1   active       idle   10.1.239.12         Router 8.0.37 running (restart pending); Charmed operator 1.2+31518a0\\nmysql-router-k8s/2   maintenance  idle   10.1.239.14         \\nmysql-test-app/0*    active       idle   10.1.239.8          Last written value=25734\\n'\n +  where 'Model  Controller          Cloud/Region        Version  SLA          Timestamp\\ntest   microk8s-localhost  microk8s/localhost  3.4.3    unsupported  02:39:42Z\\n\\nApp               Version                  Status   Scale  Charm             Channel      Rev  Address         Exposed  Message\\nmysql-k8s         8.0.37-0ubuntu0.22.04.3  active       1  mysql-k8s         8.0/edge     206  10.152.183.31   no       \\nmysql-router-k8s  8.0.37-0ubuntu0.22.04.3  waiting      3  mysql-router-k8s  8.0/edge       0  10.152.183.188  no       installing agent\\nmysql-test-app    0.0.2                    active       1  mysql-test-app    latest/edge   63  10.152.183.225  no       Last written value=25734\\n\\nUnit                 Workload     Agent  Address      Ports  Message\\nmysql-k8s/0*         active       idle   10.1.239.13         Primary\\nmysql-router-k8s/0*  active       idle   10.1.239.10         Router 8.0.37 running (restart pending); Charmed operator 1.2+31518a0\\nmysql-router-k8s/1   active       idle   10.1.239.12         Router 8.0.37 running (restart pending); Charmed operator 1.2+31518a0\\nmysql-router-k8s/2   maintenance  idle   10.1.239.14         \\nmysql-test-app/0*    active       idle   10.1.239.8          Last written value=25734\\n' = get_juju_status('test')\n +    where 'test' = <juju.model.Model object at 0x7f5082bbe980>.name\n +      where <juju.model.Model object at 0x7f5082bbe980> = <pytest_operator.plugin.OpsTest object at 0x7f50827b11e0>.model","statusTrace":"Traceback (most recent call last):\n  File \"/home/runner/work/mysql-router-k8s-operator/mysql-router-k8s-operator/.tox/integration/lib/python3.10/site-packages/_pytest/runner.py\", line 341, in from_call\n    result: Optional[TResult] = func()\n  File \"/home/runner/work/mysql-router-k8s-operator/mysql-router-k8s-operator/.tox/integration/lib/python3.10/site-packages/_pytest/runner.py\", line 262, in <lambda>\n    lambda: ihook(item=item, **kwds), when=when, reraise=reraise\n  File \"/home/runner/work/mysql-router-k8s-operator/mysql-router-k8s-operator/.tox/integration/lib/python3.10/site-packages/pluggy/_hooks.py\", line 493, in __call__\n    return self._hookexec(self.name, self._hookimpls, kwargs, firstresult)\n  File \"/home/runner/work/mysql-router-k8s-operator/mysql-router-k8s-operator/.tox/integration/lib/python3.10/site-packages/pluggy/_manager.py\", line 115, in _hookexec\n    return self._inner_hookexec(hook_name, methods, kwargs, firstresult)\n  File \"/home/runner/work/mysql-router-k8s-operator/mysql-router-k8s-operator/.tox/integration/lib/python3.10/site-packages/pluggy/_callers.py\", line 152, in _multicall\n    return outcome.get_result()\n  File \"/home/runner/work/mysql-router-k8s-operator/mysql-router-k8s-operator/.tox/integration/lib/python3.10/site-packages/pluggy/_result.py\", line 114, in get_result\n    raise exc.with_traceback(exc.__traceback__)\n  File \"/home/runner/work/mysql-router-k8s-operator/mysql-router-k8s-operator/.tox/integration/lib/python3.10/site-packages/pluggy/_callers.py\", line 77, in _multicall\n    res = hook_impl.function(*args)\n  File \"/home/runner/work/mysql-router-k8s-operator/mysql-router-k8s-operator/.tox/integration/lib/python3.10/site-packages/_pytest/runner.py\", line 177, in pytest_runtest_call\n    raise e\n  File \"/home/runner/work/mysql-router-k8s-operator/mysql-router-k8s-operator/.tox/integration/lib/python3.10/site-packages/_pytest/runner.py\", line 169, in pytest_runtest_call\n    item.runtest()\n  File \"/home/runner/work/mysql-router-k8s-operator/mysql-router-k8s-operator/.tox/integration/lib/python3.10/site-packages/_pytest/python.py\", line 1788, in runtest\n    self.ihook.pytest_pyfunc_call(pyfuncitem=self)\n  File \"/home/runner/work/mysql-router-k8s-operator/mysql-router-k8s-operator/.tox/integration/lib/python3.10/site-packages/pluggy/_hooks.py\", line 493, in __call__\n    return self._hookexec(self.name, self._hookimpls, kwargs, firstresult)\n  File \"/home/runner/work/mysql-router-k8s-operator/mysql-router-k8s-operator/.tox/integration/lib/python3.10/site-packages/pluggy/_manager.py\", line 115, in _hookexec\n    return self._inner_hookexec(hook_name, methods, kwargs, firstresult)\n  File \"/home/runner/work/mysql-router-k8s-operator/mysql-router-k8s-operator/.tox/integration/lib/python3.10/site-packages/pluggy/_callers.py\", line 152, in _multicall\n    return outcome.get_result()\n  File \"/home/runner/work/mysql-router-k8s-operator/mysql-router-k8s-operator/.tox/integration/lib/python3.10/site-packages/pluggy/_result.py\", line 114, in get_result\n    raise exc.with_traceback(exc.__traceback__)\n  File \"/home/runner/work/mysql-router-k8s-operator/mysql-router-k8s-operator/.tox/integration/lib/python3.10/site-packages/pluggy/_callers.py\", line 77, in _multicall\n    res = hook_impl.function(*args)\n  File \"/home/runner/work/mysql-router-k8s-operator/mysql-router-k8s-operator/.tox/integration/lib/python3.10/site-packages/_pytest/python.py\", line 194, in pytest_pyfunc_call\n    result = testfunction(**testargs)\n  File \"/home/runner/work/mysql-router-k8s-operator/mysql-router-k8s-operator/.tox/integration/lib/python3.10/site-packages/pytest_asyncio/plugin.py\", line 532, in inner\n    _loop.run_until_complete(task)\n  File \"/usr/lib/python3.10/asyncio/base_events.py\", line 649, in run_until_complete\n    return future.result()\n  File \"/home/runner/work/mysql-router-k8s-operator/mysql-router-k8s-operator/tests/integration/test_upgrade.py\", line 125, in test_upgrade_from_edge\n    for attempt in tenacity.Retrying(\n  File \"/home/runner/work/mysql-router-k8s-operator/mysql-router-k8s-operator/.tox/integration/lib/python3.10/site-packages/tenacity/__init__.py\", line 347, in __iter__\n    do = self.iter(retry_state=retry_state)\n  File \"/home/runner/work/mysql-router-k8s-operator/mysql-router-k8s-operator/.tox/integration/lib/python3.10/site-packages/tenacity/__init__.py\", line 325, in iter\n    raise retry_exc.reraise()\n  File \"/home/runner/work/mysql-router-k8s-operator/mysql-router-k8s-operator/.tox/integration/lib/python3.10/site-packages/tenacity/__init__.py\", line 158, in reraise\n    raise self.last_attempt.result()\n  File \"/usr/lib/python3.10/concurrent/futures/_base.py\", line 451, in result\n    return self.__get_result()\n  File \"/usr/lib/python3.10/concurrent/futures/_base.py\", line 403, in __get_result\n    raise self._exception\n  File \"/home/runner/work/mysql-router-k8s-operator/mysql-router-k8s-operator/tests/integration/test_upgrade.py\", line 131, in test_upgrade_from_edge\n    assert \"+testupgrade\" in get_juju_status(\nAssertionError: None of the units are upgraded\nassert '+testupgrade' in 'Model  Controller          Cloud/Region        Version  SLA          Timestamp\\ntest   microk8s-localhost  microk8s/localhost  3.4.3    unsupported  02:39:42Z\\n\\nApp               Version                  Status   Scale  Charm             Channel      Rev  Address         Exposed  Message\\nmysql-k8s         8.0.37-0ubuntu0.22.04.3  active       1  mysql-k8s         8.0/edge     206  10.152.183.31   no       \\nmysql-router-k8s  8.0.37-0ubuntu0.22.04.3  waiting      3  mysql-router-k8s  8.0/edge       0  10.152.183.188  no       installing agent\\nmysql-test-app    0.0.2                    active       1  mysql-test-app    latest/edge   63  10.152.183.225  no       Last written value=25734\\n\\nUnit                 Workload     Agent  Address      Ports  Message\\nmysql-k8s/0*         active       idle   10.1.239.13         Primary\\nmysql-router-k8s/0*  active       idle   10.1.239.10         Router 8.0.37 running (restart pending); Charmed operator 1.2+31518a0\\nmysql-router-k8s/1   active       idle   10.1.239.12         Router 8.0.37 running (restart pending); Charmed operator 1.2+31518a0\\nmysql-router-k8s/2   maintenance  idle   10.1.239.14         \\nmysql-test-app/0*    active       idle   10.1.239.8          Last written value=25734\\n'\n +  where 'Model  Controller          Cloud/Region        Version  SLA          Timestamp\\ntest   microk8s-localhost  microk8s/localhost  3.4.3    unsupported  02:39:42Z\\n\\nApp               Version                  Status   Scale  Charm             Channel      Rev  Address         Exposed  Message\\nmysql-k8s         8.0.37-0ubuntu0.22.04.3  active       1  mysql-k8s         8.0/edge     206  10.152.183.31   no       \\nmysql-router-k8s  8.0.37-0ubuntu0.22.04.3  waiting      3  mysql-router-k8s  8.0/edge       0  10.152.183.188  no       installing agent\\nmysql-test-app    0.0.2                    active       1  mysql-test-app    latest/edge   63  10.152.183.225  no       Last written value=25734\\n\\nUnit                 Workload     Agent  Address      Ports  Message\\nmysql-k8s/0*         active       idle   10.1.239.13         Primary\\nmysql-router-k8s/0*  active       idle   10.1.239.10         Router 8.0.37 running (restart pending); Charmed operator 1.2+31518a0\\nmysql-router-k8s/1   active       idle   10.1.239.12         Router 8.0.37 running (restart pending); Charmed operator 1.2+31518a0\\nmysql-router-k8s/2   maintenance  idle   10.1.239.14         \\nmysql-test-app/0*    active       idle   10.1.239.8          Last written value=25734\\n' = get_juju_status('test')\n +    where 'test' = <juju.model.Model object at 0x7f5082bbe980>.name\n +      where <juju.model.Model object at 0x7f5082bbe980> = <pytest_operator.plugin.OpsTest object at 0x7f50827b11e0>.model","steps":[],"attachments":[{"uid":"405c18c7f1733a4c","name":"log","source":"405c18c7f1733a4c.txt","type":"text/plain","size":594}],"parameters":[],"stepsCount":0,"shouldDisplayMessage":true,"attachmentsCount":1,"hasContent":true,"attachmentStep":false},"afterStages":[{"name":"abort_on_fail::0","time":{"start":1729996782186,"stop":1729996782186,"duration":0},"status":"passed","steps":[],"attachments":[],"parameters":[],"stepsCount":0,"shouldDisplayMessage":false,"attachmentsCount":0,"hasContent":false,"attachmentStep":false},{"name":"ops_test::finalizer","time":{"start":1729996782191,"stop":1729996802269,"duration":20078},"status":"passed","steps":[],"attachments":[],"parameters":[],"stepsCount":0,"shouldDisplayMessage":false,"attachmentsCount":0,"hasContent":false,"attachmentStep":false},{"name":"event_loop::2","time":{"start":1729996802269,"stop":1729996802269,"duration":0},"status":"passed","steps":[],"attachments":[],"parameters":[],"stepsCount":0,"shouldDisplayMessage":false,"attachmentsCount":0,"hasContent":false,"attachmentStep":false},{"name":"event_loop::_close_event_loop","time":{"start":1729996802270,"stop":1729996802270,"duration":0},"status":"passed","steps":[],"attachments":[],"parameters":[],"stepsCount":0,"shouldDisplayMessage":false,"attachmentsCount":0,"hasContent":false,"attachmentStep":false},{"name":"event_loop::_provide_clean_event_loop","time":{"start":1729996802270,"stop":1729996802270,"duration":0},"status":"passed","steps":[],"attachments":[],"parameters":[],"stepsCount":0,"shouldDisplayMessage":false,"attachmentsCount":0,"hasContent":false,"attachmentStep":false}],"labels":[{"name":"tag","value":"abort_on_fail"},{"name":"tag","value":"group(1)"},{"name":"tag","value":"asyncio"},{"name":"parentSuite","value":"tests.integration"},{"name":"suite","value":"test_upgrade"},{"name":"host","value":"fv-az891-303"},{"name":"thread","value":"12102-MainThread"},{"name":"framework","value":"pytest"},{"name":"language","value":"cpython3"},{"name":"package","value":"tests.integration.test_upgrade"},{"name":"resultFormat","value":"allure2"}],"parameters":[],"links":[],"hidden":false,"retry":false,"extra":{"severity":"normal","retries":[{"uid":"f221876d9952c83b","status":"unknown","time":{}}],"categories":[{"name":"Product defects","matchedStatuses":[],"flaky":false}],"history":{"statistic":{"failed":83,"broken":29,"skipped":3,"passed":29,"unknown":7,"total":151},"items":[{"uid":"eeea8ee25c280b81","reportUrl":"../323//#testresult/eeea8ee25c280b81","status":"failed","statusDetails":"AssertionError: None of the units are upgraded\nassert '+testupgrade' in 'Model  Controller          Cloud/Region        Version  SLA          Timestamp\\ntest   microk8s-localhost  microk8s/localhost  3.4.3    unsupported  02:30:57Z\\n\\nApp               Version                  Status   Scale  Charm             Channel      Rev  Address         Exposed  Message\\nmysql-k8s         8.0.37-0ubuntu0.22.04.3  active       1  mysql-k8s         8.0/edge     206  10.152.183.40   no       \\nmysql-router-k8s  8.0.37-0ubuntu0.22.04.3  waiting      3  mysql-router-k8s  8.0/edge       0  10.152.183.140  no       installing agent\\nmysql-test-app    0.0.2                    active       1  mysql-test-app    latest/edge   63  10.152.183.170  no       Last written value=23406\\n\\nUnit                 Workload     Agent  Address      Ports  Message\\nmysql-k8s/0*         active       idle   10.1.89.141         Primary\\nmysql-router-k8s/0*  active       idle   10.1.89.137         Router 8.0.37 running (restart pending); Charmed operator 1.2+31518a0\\nmysql-router-k8s/1   active       idle   10.1.89.139         Router 8.0.37 running (restart pending); Charmed operator 1.2+31518a0\\nmysql-router-k8s/2   maintenance  idle   10.1.89.142         \\nmysql-test-app/0*    active       idle   10.1.89.136         Last written value=23406\\n'\n +  where 'Model  Controller          Cloud/Region        Version  SLA          Timestamp\\ntest   microk8s-localhost  microk8s/localhost  3.4.3    unsupported  02:30:57Z\\n\\nApp               Version                  Status   Scale  Charm             Channel      Rev  Address         Exposed  Message\\nmysql-k8s         8.0.37-0ubuntu0.22.04.3  active       1  mysql-k8s         8.0/edge     206  10.152.183.40   no       \\nmysql-router-k8s  8.0.37-0ubuntu0.22.04.3  waiting      3  mysql-router-k8s  8.0/edge       0  10.152.183.140  no       installing agent\\nmysql-test-app    0.0.2                    active       1  mysql-test-app    latest/edge   63  10.152.183.170  no       Last written value=23406\\n\\nUnit                 Workload     Agent  Address      Ports  Message\\nmysql-k8s/0*         active       idle   10.1.89.141         Primary\\nmysql-router-k8s/0*  active       idle   10.1.89.137         Router 8.0.37 running (restart pending); Charmed operator 1.2+31518a0\\nmysql-router-k8s/1   active       idle   10.1.89.139         Router 8.0.37 running (restart pending); Charmed operator 1.2+31518a0\\nmysql-router-k8s/2   maintenance  idle   10.1.89.142         \\nmysql-test-app/0*    active       idle   10.1.89.136         Last written value=23406\\n' = get_juju_status('test')\n +    where 'test' = <juju.model.Model object at 0x7fbdffa5c190>.name\n +      where <juju.model.Model object at 0x7fbdffa5c190> = <pytest_operator.plugin.OpsTest object at 0x7fbdff7f2ec0>.model","time":{"start":1729909535532,"stop":1729909857728,"duration":322196}},{"uid":"fffb2f7c0911261c","reportUrl":"../322//#testresult/fffb2f7c0911261c","status":"failed","statusDetails":"AssertionError: None of the units are upgraded\nassert '+testupgrade' in 'Model  Controller          Cloud/Region        Version  SLA          Timestamp\\ntest   microk8s-localhost  microk8s/localhost  3.4.3    unsupported  02:35:59Z\\n\\nApp               Version                  Status   Scale  Charm             Channel      Rev  Address         Exposed  Message\\nmysql-k8s         8.0.37-0ubuntu0.22.04.3  active       1  mysql-k8s         8.0/edge     206  10.152.183.55   no       \\nmysql-router-k8s  8.0.37-0ubuntu0.22.04.3  waiting      3  mysql-router-k8s  8.0/edge       0  10.152.183.215  no       installing agent\\nmysql-test-app    0.0.2                    active       1  mysql-test-app    latest/edge   63  10.152.183.247  no       \\n\\nUnit                 Workload     Agent  Address       Ports  Message\\nmysql-k8s/0*         active       idle   10.1.198.205         Primary\\nmysql-router-k8s/0   active       idle   10.1.198.203         Router 8.0.37 running (restart pending); Charmed operator 1.2+31518a0\\nmysql-router-k8s/1*  active       idle   10.1.198.204         Router 8.0.37 running (restart pending); Charmed operator 1.2+31518a0\\nmysql-router-k8s/2   maintenance  idle   10.1.198.206         \\nmysql-test-app/0*    active       idle   10.1.198.200         \\n'\n +  where 'Model  Controller          Cloud/Region        Version  SLA          Timestamp\\ntest   microk8s-localhost  microk8s/localhost  3.4.3    unsupported  02:35:59Z\\n\\nApp               Version                  Status   Scale  Charm             Channel      Rev  Address         Exposed  Message\\nmysql-k8s         8.0.37-0ubuntu0.22.04.3  active       1  mysql-k8s         8.0/edge     206  10.152.183.55   no       \\nmysql-router-k8s  8.0.37-0ubuntu0.22.04.3  waiting      3  mysql-router-k8s  8.0/edge       0  10.152.183.215  no       installing agent\\nmysql-test-app    0.0.2                    active       1  mysql-test-app    latest/edge   63  10.152.183.247  no       \\n\\nUnit                 Workload     Agent  Address       Ports  Message\\nmysql-k8s/0*         active       idle   10.1.198.205         Primary\\nmysql-router-k8s/0   active       idle   10.1.198.203         Router 8.0.37 running (restart pending); Charmed operator 1.2+31518a0\\nmysql-router-k8s/1*  active       idle   10.1.198.204         Router 8.0.37 running (restart pending); Charmed operator 1.2+31518a0\\nmysql-router-k8s/2   maintenance  idle   10.1.198.206         \\nmysql-test-app/0*    active       idle   10.1.198.200         \\n' = get_juju_status('test')\n +    where 'test' = <juju.model.Model object at 0x7fd4f2256500>.name\n +      where <juju.model.Model object at 0x7fd4f2256500> = <pytest_operator.plugin.OpsTest object at 0x7fd4f1900e80>.model","time":{"start":1729823437708,"stop":1729823759797,"duration":322089}},{"uid":"f906af5fd5f257ff","reportUrl":"../321//#testresult/f906af5fd5f257ff","status":"failed","statusDetails":"AssertionError: None of the units are upgraded\nassert '+testupgrade' in 'Model  Controller          Cloud/Region        Version  SLA          Timestamp\\ntest   microk8s-localhost  microk8s/localhost  3.4.3    unsupported  02:33:55Z\\n\\nApp               Version                  Status   Scale  Charm             Channel      Rev  Address         Exposed  Message\\nmysql-k8s         8.0.37-0ubuntu0.22.04.3  active       1  mysql-k8s         8.0/edge     206  10.152.183.177  no       \\nmysql-router-k8s  8.0.37-0ubuntu0.22.04.3  waiting      3  mysql-router-k8s  8.0/edge       0  10.152.183.200  no       installing agent\\nmysql-test-app    0.0.2                    active       1  mysql-test-app    latest/edge   63  10.152.183.239  no       \\n\\nUnit                 Workload     Agent  Address      Ports  Message\\nmysql-k8s/0*         active       idle   10.1.231.77         Primary\\nmysql-router-k8s/0   active       idle   10.1.231.72         Router 8.0.37 running (restart pending); Charmed operator 1.2+31518a0\\nmysql-router-k8s/1*  active       idle   10.1.231.74         Router 8.0.37 running (restart pending); Charmed operator 1.2+31518a0\\nmysql-router-k8s/2   maintenance  idle   10.1.231.78         \\nmysql-test-app/0*    active       idle   10.1.231.75         \\n'\n +  where 'Model  Controller          Cloud/Region        Version  SLA          Timestamp\\ntest   microk8s-localhost  microk8s/localhost  3.4.3    unsupported  02:33:55Z\\n\\nApp               Version                  Status   Scale  Charm             Channel      Rev  Address         Exposed  Message\\nmysql-k8s         8.0.37-0ubuntu0.22.04.3  active       1  mysql-k8s         8.0/edge     206  10.152.183.177  no       \\nmysql-router-k8s  8.0.37-0ubuntu0.22.04.3  waiting      3  mysql-router-k8s  8.0/edge       0  10.152.183.200  no       installing agent\\nmysql-test-app    0.0.2                    active       1  mysql-test-app    latest/edge   63  10.152.183.239  no       \\n\\nUnit                 Workload     Agent  Address      Ports  Message\\nmysql-k8s/0*         active       idle   10.1.231.77         Primary\\nmysql-router-k8s/0   active       idle   10.1.231.72         Router 8.0.37 running (restart pending); Charmed operator 1.2+31518a0\\nmysql-router-k8s/1*  active       idle   10.1.231.74         Router 8.0.37 running (restart pending); Charmed operator 1.2+31518a0\\nmysql-router-k8s/2   maintenance  idle   10.1.231.78         \\nmysql-test-app/0*    active       idle   10.1.231.75         \\n' = get_juju_status('test')\n +    where 'test' = <juju.model.Model object at 0x7f7c7c25f7f0>.name\n +      where <juju.model.Model object at 0x7f7c7c25f7f0> = <pytest_operator.plugin.OpsTest object at 0x7f7c7c324f40>.model","time":{"start":1729736911854,"stop":1729737235248,"duration":323394}},{"uid":"560ad4aaed5f0f8b","reportUrl":"../320//#testresult/560ad4aaed5f0f8b","status":"broken","statusDetails":"asyncio.exceptions.TimeoutError","time":{"start":1729650521092,"stop":1729651726292,"duration":1205200}},{"uid":"21d3e3b4bf391f87","reportUrl":"../319//#testresult/21d3e3b4bf391f87","status":"failed","statusDetails":"AssertionError: None of the units are upgraded\nassert '+testupgrade' in 'Model  Controller          Cloud/Region        Version  SLA          Timestamp\\ntest   microk8s-localhost  microk8s/localhost  3.4.3    unsupported  02:41:42Z\\n\\nApp               Version                  Status   Scale  Charm             Channel      Rev  Address         Exposed  Message\\nmysql-k8s         8.0.37-0ubuntu0.22.04.3  active       1  mysql-k8s         8.0/edge     206  10.152.183.20   no       \\nmysql-router-k8s  8.0.37-0ubuntu0.22.04.3  waiting      3  mysql-router-k8s  8.0/edge       0  10.152.183.89   no       installing agent\\nmysql-test-app    0.0.2                    active       1  mysql-test-app    latest/edge   63  10.152.183.249  no       Last written value=21384\\n\\nUnit                 Workload     Agent  Address      Ports  Message\\nmysql-k8s/0*         active       idle   10.1.101.77         Primary\\nmysql-router-k8s/0   active       idle   10.1.101.72         Router 8.0.37 running (restart pending); Charmed operator 1.2+31518a0\\nmysql-router-k8s/1*  active       idle   10.1.101.73         Router 8.0.37 running (restart pending); Charmed operator 1.2+31518a0\\nmysql-router-k8s/2   maintenance  idle   10.1.101.78         \\nmysql-test-app/0*    active       idle   10.1.101.75         Last written value=21384\\n'\n +  where 'Model  Controller          Cloud/Region        Version  SLA          Timestamp\\ntest   microk8s-localhost  microk8s/localhost  3.4.3    unsupported  02:41:42Z\\n\\nApp               Version                  Status   Scale  Charm             Channel      Rev  Address         Exposed  Message\\nmysql-k8s         8.0.37-0ubuntu0.22.04.3  active       1  mysql-k8s         8.0/edge     206  10.152.183.20   no       \\nmysql-router-k8s  8.0.37-0ubuntu0.22.04.3  waiting      3  mysql-router-k8s  8.0/edge       0  10.152.183.89   no       installing agent\\nmysql-test-app    0.0.2                    active       1  mysql-test-app    latest/edge   63  10.152.183.249  no       Last written value=21384\\n\\nUnit                 Workload     Agent  Address      Ports  Message\\nmysql-k8s/0*         active       idle   10.1.101.77         Primary\\nmysql-router-k8s/0   active       idle   10.1.101.72         Router 8.0.37 running (restart pending); Charmed operator 1.2+31518a0\\nmysql-router-k8s/1*  active       idle   10.1.101.73         Router 8.0.37 running (restart pending); Charmed operator 1.2+31518a0\\nmysql-router-k8s/2   maintenance  idle   10.1.101.78         \\nmysql-test-app/0*    active       idle   10.1.101.75         Last written value=21384\\n' = get_juju_status('test')\n +    where 'test' = <juju.model.Model object at 0x7fbfec3e96f0>.name\n +      where <juju.model.Model object at 0x7fbfec3e96f0> = <pytest_operator.plugin.OpsTest object at 0x7fbfeb970df0>.model","time":{"start":1729564580331,"stop":1729564902514,"duration":322183}},{"uid":"c39200693e21f061","reportUrl":"../318//#testresult/c39200693e21f061","status":"broken","statusDetails":"asyncio.exceptions.TimeoutError","time":{"start":1729477913427,"stop":1729479118617,"duration":1205190}},{"uid":"5106b2ebd78e49a","reportUrl":"../317//#testresult/5106b2ebd78e49a","status":"failed","statusDetails":"AssertionError: None of the units are upgraded\nassert '+testupgrade' in 'Model  Controller          Cloud/Region        Version  SLA          Timestamp\\ntest   microk8s-localhost  microk8s/localhost  3.4.3    unsupported  02:41:17Z\\n\\nApp               Version                  Status   Scale  Charm             Channel      Rev  Address         Exposed  Message\\nmysql-k8s         8.0.37-0ubuntu0.22.04.3  active       1  mysql-k8s         8.0/edge     206  10.152.183.113  no       \\nmysql-router-k8s  8.0.37-0ubuntu0.22.04.3  waiting      3  mysql-router-k8s  8.0/edge       0  10.152.183.29   no       installing agent\\nmysql-test-app    0.0.2                    active       1  mysql-test-app    latest/edge   63  10.152.183.160  no       Last written value=27897\\n\\nUnit                 Workload     Agent  Address       Ports  Message\\nmysql-k8s/0*         active       idle   10.1.167.205         Primary\\nmysql-router-k8s/0   active       idle   10.1.167.202         Router 8.0.37 running (restart pending); Charmed operator 1.2+31518a0\\nmysql-router-k8s/1*  active       idle   10.1.167.203         Router 8.0.37 running (restart pending); Charmed operator 1.2+31518a0\\nmysql-router-k8s/2   maintenance  idle   10.1.167.206         \\nmysql-test-app/0*    active       idle   10.1.167.200         Last written value=27897\\n'\n +  where 'Model  Controller          Cloud/Region        Version  SLA          Timestamp\\ntest   microk8s-localhost  microk8s/localhost  3.4.3    unsupported  02:41:17Z\\n\\nApp               Version                  Status   Scale  Charm             Channel      Rev  Address         Exposed  Message\\nmysql-k8s         8.0.37-0ubuntu0.22.04.3  active       1  mysql-k8s         8.0/edge     206  10.152.183.113  no       \\nmysql-router-k8s  8.0.37-0ubuntu0.22.04.3  waiting      3  mysql-router-k8s  8.0/edge       0  10.152.183.29   no       installing agent\\nmysql-test-app    0.0.2                    active       1  mysql-test-app    latest/edge   63  10.152.183.160  no       Last written value=27897\\n\\nUnit                 Workload     Agent  Address       Ports  Message\\nmysql-k8s/0*         active       idle   10.1.167.205         Primary\\nmysql-router-k8s/0   active       idle   10.1.167.202         Router 8.0.37 running (restart pending); Charmed operator 1.2+31518a0\\nmysql-router-k8s/1*  active       idle   10.1.167.203         Router 8.0.37 running (restart pending); Charmed operator 1.2+31518a0\\nmysql-router-k8s/2   maintenance  idle   10.1.167.206         \\nmysql-test-app/0*    active       idle   10.1.167.200         Last written value=27897\\n' = get_juju_status('test')\n +    where 'test' = <juju.model.Model object at 0x7f43de860f10>.name\n +      where <juju.model.Model object at 0x7f43de860f10> = <pytest_operator.plugin.OpsTest object at 0x7f43de72d360>.model","time":{"start":1729391755234,"stop":1729392077274,"duration":322040}},{"uid":"2ca9980b511b4ac8","reportUrl":"../316//#testresult/2ca9980b511b4ac8","status":"failed","statusDetails":"AssertionError: None of the units are upgraded\nassert '+testupgrade' in 'Model  Controller          Cloud/Region        Version  SLA          Timestamp\\ntest   microk8s-localhost  microk8s/localhost  3.4.3    unsupported  02:32:39Z\\n\\nApp               Version                  Status   Scale  Charm             Channel      Rev  Address         Exposed  Message\\nmysql-k8s         8.0.37-0ubuntu0.22.04.3  active       1  mysql-k8s         8.0/edge     206  10.152.183.201  no       \\nmysql-router-k8s  8.0.37-0ubuntu0.22.04.3  waiting      3  mysql-router-k8s  8.0/edge       0  10.152.183.244  no       installing agent\\nmysql-test-app    0.0.2                    active       1  mysql-test-app    latest/edge   63  10.152.183.217  no       Last written value=28395\\n\\nUnit                 Workload     Agent  Address     Ports  Message\\nmysql-k8s/0*         active       idle   10.1.64.77         Primary\\nmysql-router-k8s/0   active       idle   10.1.64.73         Router 8.0.37 running (restart pending); Charmed operator 1.2+31518a0\\nmysql-router-k8s/1*  active       idle   10.1.64.75         Router 8.0.37 running (restart pending); Charmed operator 1.2+31518a0\\nmysql-router-k8s/2   maintenance  idle   10.1.64.78         \\nmysql-test-app/0*    active       idle   10.1.64.72         Last written value=28395\\n'\n +  where 'Model  Controller          Cloud/Region        Version  SLA          Timestamp\\ntest   microk8s-localhost  microk8s/localhost  3.4.3    unsupported  02:32:39Z\\n\\nApp               Version                  Status   Scale  Charm             Channel      Rev  Address         Exposed  Message\\nmysql-k8s         8.0.37-0ubuntu0.22.04.3  active       1  mysql-k8s         8.0/edge     206  10.152.183.201  no       \\nmysql-router-k8s  8.0.37-0ubuntu0.22.04.3  waiting      3  mysql-router-k8s  8.0/edge       0  10.152.183.244  no       installing agent\\nmysql-test-app    0.0.2                    active       1  mysql-test-app    latest/edge   63  10.152.183.217  no       Last written value=28395\\n\\nUnit                 Workload     Agent  Address     Ports  Message\\nmysql-k8s/0*         active       idle   10.1.64.77         Primary\\nmysql-router-k8s/0   active       idle   10.1.64.73         Router 8.0.37 running (restart pending); Charmed operator 1.2+31518a0\\nmysql-router-k8s/1*  active       idle   10.1.64.75         Router 8.0.37 running (restart pending); Charmed operator 1.2+31518a0\\nmysql-router-k8s/2   maintenance  idle   10.1.64.78         \\nmysql-test-app/0*    active       idle   10.1.64.72         Last written value=28395\\n' = get_juju_status('test')\n +    where 'test' = <juju.model.Model object at 0x7f60782a4910>.name\n +      where <juju.model.Model object at 0x7f60782a4910> = <pytest_operator.plugin.OpsTest object at 0x7f60752e9fc0>.model","time":{"start":1729304837569,"stop":1729305159513,"duration":321944}},{"uid":"87ff12e7fdb3ddf0","reportUrl":"../315//#testresult/87ff12e7fdb3ddf0","status":"failed","statusDetails":"AssertionError: None of the units are upgraded\nassert '+testupgrade' in 'Model  Controller          Cloud/Region        Version  SLA          Timestamp\\ntest   microk8s-localhost  microk8s/localhost  3.4.3    unsupported  02:35:15Z\\n\\nApp               Version                  Status   Scale  Charm             Channel      Rev  Address         Exposed  Message\\nmysql-k8s         8.0.37-0ubuntu0.22.04.3  active       1  mysql-k8s         8.0/edge     206  10.152.183.132  no       \\nmysql-router-k8s  8.0.37-0ubuntu0.22.04.3  waiting      3  mysql-router-k8s  8.0/edge       0  10.152.183.27   no       installing agent\\nmysql-test-app    0.0.2                    active       1  mysql-test-app    latest/edge   63  10.152.183.156  no       \\n\\nUnit                 Workload     Agent  Address    Ports  Message\\nmysql-k8s/0*         active       idle   10.1.7.77         Primary\\nmysql-router-k8s/0   active       idle   10.1.7.73         Router 8.0.37 running (restart pending); Charmed operator 1.2+31518a0\\nmysql-router-k8s/1*  active       idle   10.1.7.74         Router 8.0.37 running (restart pending); Charmed operator 1.2+31518a0\\nmysql-router-k8s/2   maintenance  idle   10.1.7.78         \\nmysql-test-app/0*    active       idle   10.1.7.72         \\n'\n +  where 'Model  Controller          Cloud/Region        Version  SLA          Timestamp\\ntest   microk8s-localhost  microk8s/localhost  3.4.3    unsupported  02:35:15Z\\n\\nApp               Version                  Status   Scale  Charm             Channel      Rev  Address         Exposed  Message\\nmysql-k8s         8.0.37-0ubuntu0.22.04.3  active       1  mysql-k8s         8.0/edge     206  10.152.183.132  no       \\nmysql-router-k8s  8.0.37-0ubuntu0.22.04.3  waiting      3  mysql-router-k8s  8.0/edge       0  10.152.183.27   no       installing agent\\nmysql-test-app    0.0.2                    active       1  mysql-test-app    latest/edge   63  10.152.183.156  no       \\n\\nUnit                 Workload     Agent  Address    Ports  Message\\nmysql-k8s/0*         active       idle   10.1.7.77         Primary\\nmysql-router-k8s/0   active       idle   10.1.7.73         Router 8.0.37 running (restart pending); Charmed operator 1.2+31518a0\\nmysql-router-k8s/1*  active       idle   10.1.7.74         Router 8.0.37 running (restart pending); Charmed operator 1.2+31518a0\\nmysql-router-k8s/2   maintenance  idle   10.1.7.78         \\nmysql-test-app/0*    active       idle   10.1.7.72         \\n' = get_juju_status('test')\n +    where 'test' = <juju.model.Model object at 0x7fc640babd00>.name\n +      where <juju.model.Model object at 0x7fc640babd00> = <pytest_operator.plugin.OpsTest object at 0x7fc64029e0e0>.model","time":{"start":1729218592879,"stop":1729218915103,"duration":322224}},{"uid":"97336aa0458d04cb","reportUrl":"../312//#testresult/97336aa0458d04cb","status":"broken","statusDetails":"asyncio.exceptions.TimeoutError","time":{"start":1729132185030,"stop":1729133390215,"duration":1205185}},{"uid":"76436a1ecbae1b31","reportUrl":"../310//#testresult/76436a1ecbae1b31","status":"broken","statusDetails":"asyncio.exceptions.TimeoutError","time":{"start":1729045877923,"stop":1729047083112,"duration":1205189}},{"uid":"5c7facb42b60b22f","reportUrl":"../309//#testresult/5c7facb42b60b22f","status":"failed","statusDetails":"AssertionError: None of the units are upgraded\nassert '+testupgrade' in 'Model  Controller          Cloud/Region        Version  SLA          Timestamp\\ntest   microk8s-localhost  microk8s/localhost  3.4.3    unsupported  02:35:42Z\\n\\nApp               Version                  Status   Scale  Charm             Channel      Rev  Address         Exposed  Message\\nmysql-k8s         8.0.37-0ubuntu0.22.04.3  active       1  mysql-k8s         8.0/edge     206  10.152.183.186  no       \\nmysql-router-k8s  8.0.37-0ubuntu0.22.04.3  waiting      3  mysql-router-k8s  8.0/edge       0  10.152.183.38   no       installing agent\\nmysql-test-app    0.0.2                    active       1  mysql-test-app    latest/edge   63  10.152.183.164  no       \\n\\nUnit                 Workload     Agent  Address       Ports  Message\\nmysql-k8s/0*         active       idle   10.1.139.205         Primary\\nmysql-router-k8s/0*  active       idle   10.1.139.202         Router 8.0.37 running (restart pending); Charmed operator 1.2+31518a0\\nmysql-router-k8s/1   active       idle   10.1.139.204         Router 8.0.37 running (restart pending); Charmed operator 1.2+31518a0\\nmysql-router-k8s/2   maintenance  idle   10.1.139.206         \\nmysql-test-app/0*    active       idle   10.1.139.200         \\n'\n +  where 'Model  Controller          Cloud/Region        Version  SLA          Timestamp\\ntest   microk8s-localhost  microk8s/localhost  3.4.3    unsupported  02:35:42Z\\n\\nApp               Version                  Status   Scale  Charm             Channel      Rev  Address         Exposed  Message\\nmysql-k8s         8.0.37-0ubuntu0.22.04.3  active       1  mysql-k8s         8.0/edge     206  10.152.183.186  no       \\nmysql-router-k8s  8.0.37-0ubuntu0.22.04.3  waiting      3  mysql-router-k8s  8.0/edge       0  10.152.183.38   no       installing agent\\nmysql-test-app    0.0.2                    active       1  mysql-test-app    latest/edge   63  10.152.183.164  no       \\n\\nUnit                 Workload     Agent  Address       Ports  Message\\nmysql-k8s/0*         active       idle   10.1.139.205         Primary\\nmysql-router-k8s/0*  active       idle   10.1.139.202         Router 8.0.37 running (restart pending); Charmed operator 1.2+31518a0\\nmysql-router-k8s/1   active       idle   10.1.139.204         Router 8.0.37 running (restart pending); Charmed operator 1.2+31518a0\\nmysql-router-k8s/2   maintenance  idle   10.1.139.206         \\nmysql-test-app/0*    active       idle   10.1.139.200         \\n' = get_juju_status('test')\n +    where 'test' = <juju.model.Model object at 0x7f9e495cfcd0>.name\n +      where <juju.model.Model object at 0x7f9e495cfcd0> = <pytest_operator.plugin.OpsTest object at 0x7f9e491f8d60>.model","time":{"start":1728959417851,"stop":1728959742035,"duration":324184}},{"uid":"2d616c7da37ce880","reportUrl":"../307//#testresult/2d616c7da37ce880","status":"broken","statusDetails":"asyncio.exceptions.TimeoutError","time":{"start":1728873056457,"stop":1728874261793,"duration":1205336}},{"uid":"5b99db3edd1057c","reportUrl":"../306//#testresult/5b99db3edd1057c","status":"failed","statusDetails":"AssertionError: None of the units are upgraded\nassert '+testupgrade' in 'Model  Controller          Cloud/Region        Version  SLA          Timestamp\\ntest   microk8s-localhost  microk8s/localhost  3.4.3    unsupported  02:38:49Z\\n\\nApp               Version                  Status   Scale  Charm             Channel      Rev  Address         Exposed  Message\\nmysql-k8s         8.0.37-0ubuntu0.22.04.3  active       1  mysql-k8s         8.0/edge     206  10.152.183.90   no       \\nmysql-router-k8s  8.0.37-0ubuntu0.22.04.3  waiting      3  mysql-router-k8s  8.0/edge       0  10.152.183.237  no       installing agent\\nmysql-test-app    0.0.2                    active       1  mysql-test-app    latest/edge   63  10.152.183.103  no       Last written value=25310\\n\\nUnit                 Workload     Agent  Address      Ports  Message\\nmysql-k8s/0*         active       idle   10.1.182.13         Primary\\nmysql-router-k8s/0   active       idle   10.1.182.9          Router 8.0.37 running (restart pending); Charmed operator 1.2+31518a0\\nmysql-router-k8s/1*  active       idle   10.1.182.10         Router 8.0.37 running (restart pending); Charmed operator 1.2+31518a0\\nmysql-router-k8s/2   maintenance  idle   10.1.182.14         \\nmysql-test-app/0*    active       idle   10.1.182.8          Last written value=25310\\n'\n +  where 'Model  Controller          Cloud/Region        Version  SLA          Timestamp\\ntest   microk8s-localhost  microk8s/localhost  3.4.3    unsupported  02:38:49Z\\n\\nApp               Version                  Status   Scale  Charm             Channel      Rev  Address         Exposed  Message\\nmysql-k8s         8.0.37-0ubuntu0.22.04.3  active       1  mysql-k8s         8.0/edge     206  10.152.183.90   no       \\nmysql-router-k8s  8.0.37-0ubuntu0.22.04.3  waiting      3  mysql-router-k8s  8.0/edge       0  10.152.183.237  no       installing agent\\nmysql-test-app    0.0.2                    active       1  mysql-test-app    latest/edge   63  10.152.183.103  no       Last written value=25310\\n\\nUnit                 Workload     Agent  Address      Ports  Message\\nmysql-k8s/0*         active       idle   10.1.182.13         Primary\\nmysql-router-k8s/0   active       idle   10.1.182.9          Router 8.0.37 running (restart pending); Charmed operator 1.2+31518a0\\nmysql-router-k8s/1*  active       idle   10.1.182.10         Router 8.0.37 running (restart pending); Charmed operator 1.2+31518a0\\nmysql-router-k8s/2   maintenance  idle   10.1.182.14         \\nmysql-test-app/0*    active       idle   10.1.182.8          Last written value=25310\\n' = get_juju_status('test')\n +    where 'test' = <juju.model.Model object at 0x7f3c03c3fa60>.name\n +      where <juju.model.Model object at 0x7f3c03c3fa60> = <pytest_operator.plugin.OpsTest object at 0x7f3c033ae650>.model","time":{"start":1728786807335,"stop":1728787129745,"duration":322410}},{"uid":"80708dd0cd0d9eab","reportUrl":"../305//#testresult/80708dd0cd0d9eab","status":"broken","statusDetails":"asyncio.exceptions.TimeoutError","time":{"start":1728699990182,"stop":1728701195380,"duration":1205198}},{"uid":"ba6fd38dcb81d2b8","reportUrl":"../304//#testresult/ba6fd38dcb81d2b8","status":"failed","statusDetails":"AssertionError: None of the units are upgraded\nassert '+testupgrade' in 'Model  Controller          Cloud/Region        Version  SLA          Timestamp\\ntest   microk8s-localhost  microk8s/localhost  3.4.3    unsupported  02:37:56Z\\n\\nApp               Version                  Status   Scale  Charm             Channel      Rev  Address         Exposed  Message\\nmysql-k8s         8.0.37-0ubuntu0.22.04.3  active       1  mysql-k8s         8.0/edge     206  10.152.183.57   no       \\nmysql-router-k8s  8.0.37-0ubuntu0.22.04.3  waiting      3  mysql-router-k8s  8.0/edge       0  10.152.183.42   no       installing agent\\nmysql-test-app    0.0.2                    active       1  mysql-test-app    latest/edge   63  10.152.183.199  no       Last written value=26002\\n\\nUnit                 Workload     Agent  Address      Ports  Message\\nmysql-k8s/0*         active       idle   10.1.182.13         Primary\\nmysql-router-k8s/0*  active       idle   10.1.182.10         Router 8.0.37 running (restart pending); Charmed operator 1.2+31518a0\\nmysql-router-k8s/1   active       idle   10.1.182.12         Router 8.0.37 running (restart pending); Charmed operator 1.2+31518a0\\nmysql-router-k8s/2   maintenance  idle   10.1.182.14         \\nmysql-test-app/0*    active       idle   10.1.182.8          Last written value=26002\\n'\n +  where 'Model  Controller          Cloud/Region        Version  SLA          Timestamp\\ntest   microk8s-localhost  microk8s/localhost  3.4.3    unsupported  02:37:56Z\\n\\nApp               Version                  Status   Scale  Charm             Channel      Rev  Address         Exposed  Message\\nmysql-k8s         8.0.37-0ubuntu0.22.04.3  active       1  mysql-k8s         8.0/edge     206  10.152.183.57   no       \\nmysql-router-k8s  8.0.37-0ubuntu0.22.04.3  waiting      3  mysql-router-k8s  8.0/edge       0  10.152.183.42   no       installing agent\\nmysql-test-app    0.0.2                    active       1  mysql-test-app    latest/edge   63  10.152.183.199  no       Last written value=26002\\n\\nUnit                 Workload     Agent  Address      Ports  Message\\nmysql-k8s/0*         active       idle   10.1.182.13         Primary\\nmysql-router-k8s/0*  active       idle   10.1.182.10         Router 8.0.37 running (restart pending); Charmed operator 1.2+31518a0\\nmysql-router-k8s/1   active       idle   10.1.182.12         Router 8.0.37 running (restart pending); Charmed operator 1.2+31518a0\\nmysql-router-k8s/2   maintenance  idle   10.1.182.14         \\nmysql-test-app/0*    active       idle   10.1.182.8          Last written value=26002\\n' = get_juju_status('test')\n +    where 'test' = <juju.model.Model object at 0x7f05376436a0>.name\n +      where <juju.model.Model object at 0x7f05376436a0> = <pytest_operator.plugin.OpsTest object at 0x7f0537aaef50>.model","time":{"start":1728613952384,"stop":1728614276140,"duration":323756}},{"uid":"ca8501bf0227cf08","reportUrl":"../302//#testresult/ca8501bf0227cf08","status":"failed","statusDetails":"AssertionError: None of the units are upgraded\nassert '+testupgrade' in 'Model  Controller          Cloud/Region        Version  SLA          Timestamp\\ntest   microk8s-localhost  microk8s/localhost  3.4.3    unsupported  02:34:19Z\\n\\nApp               Version                  Status   Scale  Charm             Channel      Rev  Address         Exposed  Message\\nmysql-k8s         8.0.37-0ubuntu0.22.04.3  active       1  mysql-k8s         8.0/edge     206  10.152.183.21   no       \\nmysql-router-k8s  8.0.37-0ubuntu0.22.04.3  waiting      3  mysql-router-k8s  8.0/edge       0  10.152.183.127  no       installing agent\\nmysql-test-app    0.0.2                    active       1  mysql-test-app    latest/edge   63  10.152.183.194  no       Last written value=23825\\n\\nUnit                 Workload     Agent  Address    Ports  Message\\nmysql-k8s/0*         active       idle   10.1.3.77         Primary\\nmysql-router-k8s/0   active       idle   10.1.3.73         Router 8.0.37 running (restart pending); Charmed operator 1.2+31518a0\\nmysql-router-k8s/1*  active       idle   10.1.3.75         Router 8.0.37 running (restart pending); Charmed operator 1.2+31518a0\\nmysql-router-k8s/2   maintenance  idle   10.1.3.78         \\nmysql-test-app/0*    active       idle   10.1.3.72         Last written value=23825\\n'\n +  where 'Model  Controller          Cloud/Region        Version  SLA          Timestamp\\ntest   microk8s-localhost  microk8s/localhost  3.4.3    unsupported  02:34:19Z\\n\\nApp               Version                  Status   Scale  Charm             Channel      Rev  Address         Exposed  Message\\nmysql-k8s         8.0.37-0ubuntu0.22.04.3  active       1  mysql-k8s         8.0/edge     206  10.152.183.21   no       \\nmysql-router-k8s  8.0.37-0ubuntu0.22.04.3  waiting      3  mysql-router-k8s  8.0/edge       0  10.152.183.127  no       installing agent\\nmysql-test-app    0.0.2                    active       1  mysql-test-app    latest/edge   63  10.152.183.194  no       Last written value=23825\\n\\nUnit                 Workload     Agent  Address    Ports  Message\\nmysql-k8s/0*         active       idle   10.1.3.77         Primary\\nmysql-router-k8s/0   active       idle   10.1.3.73         Router 8.0.37 running (restart pending); Charmed operator 1.2+31518a0\\nmysql-router-k8s/1*  active       idle   10.1.3.75         Router 8.0.37 running (restart pending); Charmed operator 1.2+31518a0\\nmysql-router-k8s/2   maintenance  idle   10.1.3.78         \\nmysql-test-app/0*    active       idle   10.1.3.72         Last written value=23825\\n' = get_juju_status('test')\n +    where 'test' = <juju.model.Model object at 0x7fd735b3b790>.name\n +      where <juju.model.Model object at 0x7fd735b3b790> = <pytest_operator.plugin.OpsTest object at 0x7fd735658a60>.model","time":{"start":1728527335116,"stop":1728527659628,"duration":324512}},{"uid":"7c87600b5d23b21f","reportUrl":"../300//#testresult/7c87600b5d23b21f","status":"failed","statusDetails":"AssertionError: None of the units are upgraded\nassert '+testupgrade' in 'Model  Controller          Cloud/Region        Version  SLA          Timestamp\\ntest   microk8s-localhost  microk8s/localhost  3.4.3    unsupported  02:33:40Z\\n\\nApp               Version                  Status   Scale  Charm             Channel      Rev  Address        Exposed  Message\\nmysql-k8s         8.0.37-0ubuntu0.22.04.3  active       1  mysql-k8s         8.0/edge     205  10.152.183.26  no       \\nmysql-router-k8s  8.0.37-0ubuntu0.22.04.3  waiting      3  mysql-router-k8s  8.0/edge       0  10.152.183.48  no       installing agent\\nmysql-test-app    0.0.2                    active       1  mysql-test-app    latest/edge   63  10.152.183.58  no       Last written value=25276\\n\\nUnit                 Workload     Agent  Address      Ports  Message\\nmysql-k8s/0*         active       idle   10.1.59.141         Primary\\nmysql-router-k8s/0*  active       idle   10.1.59.136         Router 8.0.37 running (restart pending); Charmed operator 1.2+31518a0\\nmysql-router-k8s/1   active       idle   10.1.59.137         Router 8.0.37 running (restart pending); Charmed operator 1.2+31518a0\\nmysql-router-k8s/2   maintenance  idle   10.1.59.142         \\nmysql-test-app/0*    active       idle   10.1.59.139         Last written value=25276\\n'\n +  where 'Model  Controller          Cloud/Region        Version  SLA          Timestamp\\ntest   microk8s-localhost  microk8s/localhost  3.4.3    unsupported  02:33:40Z\\n\\nApp               Version                  Status   Scale  Charm             Channel      Rev  Address        Exposed  Message\\nmysql-k8s         8.0.37-0ubuntu0.22.04.3  active       1  mysql-k8s         8.0/edge     205  10.152.183.26  no       \\nmysql-router-k8s  8.0.37-0ubuntu0.22.04.3  waiting      3  mysql-router-k8s  8.0/edge       0  10.152.183.48  no       installing agent\\nmysql-test-app    0.0.2                    active       1  mysql-test-app    latest/edge   63  10.152.183.58  no       Last written value=25276\\n\\nUnit                 Workload     Agent  Address      Ports  Message\\nmysql-k8s/0*         active       idle   10.1.59.141         Primary\\nmysql-router-k8s/0*  active       idle   10.1.59.136         Router 8.0.37 running (restart pending); Charmed operator 1.2+31518a0\\nmysql-router-k8s/1   active       idle   10.1.59.137         Router 8.0.37 running (restart pending); Charmed operator 1.2+31518a0\\nmysql-router-k8s/2   maintenance  idle   10.1.59.142         \\nmysql-test-app/0*    active       idle   10.1.59.139         Last written value=25276\\n' = get_juju_status('test')\n +    where 'test' = <juju.model.Model object at 0x7f9952dc4b20>.name\n +      where <juju.model.Model object at 0x7f9952dc4b20> = <pytest_operator.plugin.OpsTest object at 0x7f994e586b30>.model","time":{"start":1728440897729,"stop":1728441220412,"duration":322683}},{"uid":"5700b4faab39699e","reportUrl":"../297//#testresult/5700b4faab39699e","status":"failed","statusDetails":"AssertionError: None of the units are upgraded\nassert '+testupgrade' in 'Model  Controller          Cloud/Region        Version  SLA          Timestamp\\ntest   microk8s-localhost  microk8s/localhost  3.4.3    unsupported  02:35:54Z\\n\\nApp               Version                  Status   Scale  Charm             Channel      Rev  Address         Exposed  Message\\nmysql-k8s         8.0.37-0ubuntu0.22.04.3  active       1  mysql-k8s         8.0/edge     205  10.152.183.44   no       \\nmysql-router-k8s  8.0.37-0ubuntu0.22.04.3  waiting      3  mysql-router-k8s  8.0/edge       0  10.152.183.157  no       installing agent\\nmysql-test-app    0.0.2                    active       1  mysql-test-app    latest/edge   63  10.152.183.155  no       Last written value=23604\\n\\nUnit                 Workload     Agent  Address      Ports  Message\\nmysql-k8s/0*         active       idle   10.1.235.13         Primary\\nmysql-router-k8s/0*  active       idle   10.1.235.8          Router 8.0.37 running (restart pending); Charmed operator 1.2+31518a0\\nmysql-router-k8s/1   active       idle   10.1.235.10         Router 8.0.37 running (restart pending); Charmed operator 1.2+31518a0\\nmysql-router-k8s/2   maintenance  idle   10.1.235.14         \\nmysql-test-app/0*    active       idle   10.1.235.12         Last written value=23604\\n'\n +  where 'Model  Controller          Cloud/Region        Version  SLA          Timestamp\\ntest   microk8s-localhost  microk8s/localhost  3.4.3    unsupported  02:35:54Z\\n\\nApp               Version                  Status   Scale  Charm             Channel      Rev  Address         Exposed  Message\\nmysql-k8s         8.0.37-0ubuntu0.22.04.3  active       1  mysql-k8s         8.0/edge     205  10.152.183.44   no       \\nmysql-router-k8s  8.0.37-0ubuntu0.22.04.3  waiting      3  mysql-router-k8s  8.0/edge       0  10.152.183.157  no       installing agent\\nmysql-test-app    0.0.2                    active       1  mysql-test-app    latest/edge   63  10.152.183.155  no       Last written value=23604\\n\\nUnit                 Workload     Agent  Address      Ports  Message\\nmysql-k8s/0*         active       idle   10.1.235.13         Primary\\nmysql-router-k8s/0*  active       idle   10.1.235.8          Router 8.0.37 running (restart pending); Charmed operator 1.2+31518a0\\nmysql-router-k8s/1   active       idle   10.1.235.10         Router 8.0.37 running (restart pending); Charmed operator 1.2+31518a0\\nmysql-router-k8s/2   maintenance  idle   10.1.235.14         \\nmysql-test-app/0*    active       idle   10.1.235.12         Last written value=23604\\n' = get_juju_status('test')\n +    where 'test' = <juju.model.Model object at 0x7f37abb3fdf0>.name\n +      where <juju.model.Model object at 0x7f37abb3fdf0> = <pytest_operator.plugin.OpsTest object at 0x7f37a7ba6fe0>.model","time":{"start":1728354633070,"stop":1728354954983,"duration":321913}},{"uid":"1cb6b4cd3892a30f","reportUrl":"../295//#testresult/1cb6b4cd3892a30f","status":"failed","statusDetails":"AssertionError: None of the units are upgraded\nassert '+testupgrade' in 'Model  Controller          Cloud/Region        Version  SLA          Timestamp\\ntest   microk8s-localhost  microk8s/localhost  3.4.3    unsupported  02:36:24Z\\n\\nApp               Version                  Status   Scale  Charm             Channel      Rev  Address         Exposed  Message\\nmysql-k8s         8.0.37-0ubuntu0.22.04.3  active       1  mysql-k8s         8.0/edge     201  10.152.183.148  no       \\nmysql-router-k8s  8.0.37-0ubuntu0.22.04.3  waiting      3  mysql-router-k8s  8.0/edge       0  10.152.183.166  no       installing agent\\nmysql-test-app    0.0.2                    active       1  mysql-test-app    latest/edge   63  10.152.183.205  no       \\n\\nUnit                 Workload     Agent  Address      Ports  Message\\nmysql-k8s/0*         active       idle   10.1.184.77         Primary\\nmysql-router-k8s/0*  active       idle   10.1.184.74         Router 8.0.37 running (restart pending); Charmed operator 1.2+a648a2e\\nmysql-router-k8s/1   active       idle   10.1.184.76         Router 8.0.37 running (restart pending); Charmed operator 1.2+a648a2e\\nmysql-router-k8s/2   maintenance  idle   10.1.184.78         \\nmysql-test-app/0*    active       idle   10.1.184.72         \\n'\n +  where 'Model  Controller          Cloud/Region        Version  SLA          Timestamp\\ntest   microk8s-localhost  microk8s/localhost  3.4.3    unsupported  02:36:24Z\\n\\nApp               Version                  Status   Scale  Charm             Channel      Rev  Address         Exposed  Message\\nmysql-k8s         8.0.37-0ubuntu0.22.04.3  active       1  mysql-k8s         8.0/edge     201  10.152.183.148  no       \\nmysql-router-k8s  8.0.37-0ubuntu0.22.04.3  waiting      3  mysql-router-k8s  8.0/edge       0  10.152.183.166  no       installing agent\\nmysql-test-app    0.0.2                    active       1  mysql-test-app    latest/edge   63  10.152.183.205  no       \\n\\nUnit                 Workload     Agent  Address      Ports  Message\\nmysql-k8s/0*         active       idle   10.1.184.77         Primary\\nmysql-router-k8s/0*  active       idle   10.1.184.74         Router 8.0.37 running (restart pending); Charmed operator 1.2+a648a2e\\nmysql-router-k8s/1   active       idle   10.1.184.76         Router 8.0.37 running (restart pending); Charmed operator 1.2+a648a2e\\nmysql-router-k8s/2   maintenance  idle   10.1.184.78         \\nmysql-test-app/0*    active       idle   10.1.184.72         \\n' = get_juju_status('test')\n +    where 'test' = <juju.model.Model object at 0x7fe67d742500>.name\n +      where <juju.model.Model object at 0x7fe67d742500> = <pytest_operator.plugin.OpsTest object at 0x7fe679f34ca0>.model","time":{"start":1728268259523,"stop":1728268584162,"duration":324639}}]},"tags":["asyncio","abort_on_fail","group(1)"]},"source":"f56c1321cf879471.json","parameterValues":[]}